[0.175s] Invoking command in '/home/orin/work/build/dynamixel_sdk': CMAKE_PREFIX_PATH=${CMAKE_PREFIX_PATH}:/home/orin/work/install/turtlebot3_teleop:/home/orin/work/install/turtlebot3_example:/home/orin/work/install/object_detection:/home/orin/work/install/detect_lane:/home/orin/work/install/core:/home/orin/work/install/control:/home/orin/work/install/camera:/opt/ros/humble /usr/local/bin/cmake --build /home/orin/work/build/dynamixel_sdk -- -j12 -l12
[3.008s] [100%] Built target dynamixel_sdk
[3.263s] Invoked command in '/home/orin/work/build/dynamixel_sdk' returned '0': CMAKE_PREFIX_PATH=${CMAKE_PREFIX_PATH}:/home/orin/work/install/turtlebot3_teleop:/home/orin/work/install/turtlebot3_example:/home/orin/work/install/object_detection:/home/orin/work/install/detect_lane:/home/orin/work/install/core:/home/orin/work/install/control:/home/orin/work/install/camera:/opt/ros/humble /usr/local/bin/cmake --build /home/orin/work/build/dynamixel_sdk -- -j12 -l12
[3.263s] Invoking command in '/home/orin/work/build/dynamixel_sdk': CMAKE_PREFIX_PATH=${CMAKE_PREFIX_PATH}:/home/orin/work/install/turtlebot3_teleop:/home/orin/work/install/turtlebot3_example:/home/orin/work/install/object_detection:/home/orin/work/install/detect_lane:/home/orin/work/install/core:/home/orin/work/install/control:/home/orin/work/install/camera:/opt/ros/humble /usr/local/bin/cmake --install /home/orin/work/build/dynamixel_sdk
[3.476s] -- Install configuration: ""
[3.476s] -- Up-to-date: /home/orin/work/install/dynamixel_sdk/include/
[3.477s] -- Up-to-date: /home/orin/work/install/dynamixel_sdk/include//dynamixel_sdk
[3.477s] -- Up-to-date: /home/orin/work/install/dynamixel_sdk/include//dynamixel_sdk/group_sync_write.h
[3.477s] -- Up-to-date: /home/orin/work/install/dynamixel_sdk/include//dynamixel_sdk/port_handler_windows.h
[3.477s] -- Up-to-date: /home/orin/work/install/dynamixel_sdk/include//dynamixel_sdk/protocol2_packet_handler.h
[3.478s] -- Up-to-date: /home/orin/work/install/dynamixel_sdk/include//dynamixel_sdk/dynamixel_sdk.h
[3.478s] -- Up-to-date: /home/orin/work/install/dynamixel_sdk/include//dynamixel_sdk/port_handler.h
[3.478s] -- Up-to-date: /home/orin/work/install/dynamixel_sdk/include//dynamixel_sdk/port_handler_linux.h
[3.478s] -- Up-to-date: /home/orin/work/install/dynamixel_sdk/include//dynamixel_sdk/port_handler_mac.h
[3.478s] -- Up-to-date: /home/orin/work/install/dynamixel_sdk/include//dynamixel_sdk/protocol1_packet_handler.h
[3.479s] -- Up-to-date: /home/orin/work/install/dynamixel_sdk/include//dynamixel_sdk/group_bulk_read.h
[3.479s] -- Up-to-date: /home/orin/work/install/dynamixel_sdk/include//dynamixel_sdk/port_handler_arduino.h
[3.479s] -- Up-to-date: /home/orin/work/install/dynamixel_sdk/include//dynamixel_sdk/group_bulk_write.h
[3.479s] -- Up-to-date: /home/orin/work/install/dynamixel_sdk/include//dynamixel_sdk/group_sync_read.h
[3.479s] -- Up-to-date: /home/orin/work/install/dynamixel_sdk/include//dynamixel_sdk/packet_handler.h
[3.479s] -- Up-to-date: /home/orin/work/install/dynamixel_sdk/lib/libdynamixel_sdk.so
[3.479s] -- Up-to-date: /home/orin/work/install/dynamixel_sdk/share/dynamixel_sdk/environment/library_path.sh
[3.480s] -- Up-to-date: /home/orin/work/install/dynamixel_sdk/share/dynamixel_sdk/environment/library_path.dsv
[3.480s] -- Up-to-date: /home/orin/work/install/dynamixel_sdk/share/ament_index/resource_index/package_run_dependencies/dynamixel_sdk
[3.480s] -- Up-to-date: /home/orin/work/install/dynamixel_sdk/share/ament_index/resource_index/parent_prefix_path/dynamixel_sdk
[3.481s] -- Up-to-date: /home/orin/work/install/dynamixel_sdk/share/dynamixel_sdk/environment/ament_prefix_path.sh
[3.481s] -- Up-to-date: /home/orin/work/install/dynamixel_sdk/share/dynamixel_sdk/environment/ament_prefix_path.dsv
[3.481s] -- Up-to-date: /home/orin/work/install/dynamixel_sdk/share/dynamixel_sdk/environment/path.sh
[3.481s] -- Up-to-date: /home/orin/work/install/dynamixel_sdk/share/dynamixel_sdk/environment/path.dsv
[3.481s] -- Up-to-date: /home/orin/work/install/dynamixel_sdk/share/dynamixel_sdk/local_setup.bash
[3.481s] -- Up-to-date: /home/orin/work/install/dynamixel_sdk/share/dynamixel_sdk/local_setup.sh
[3.482s] -- Up-to-date: /home/orin/work/install/dynamixel_sdk/share/dynamixel_sdk/local_setup.zsh
[3.482s] -- Up-to-date: /home/orin/work/install/dynamixel_sdk/share/dynamixel_sdk/local_setup.dsv
[3.482s] -- Installing: /home/orin/work/install/dynamixel_sdk/share/dynamixel_sdk/package.dsv
[3.482s] -- Up-to-date: /home/orin/work/install/dynamixel_sdk/share/ament_index/resource_index/packages/dynamixel_sdk
[3.482s] -- Up-to-date: /home/orin/work/install/dynamixel_sdk/share/dynamixel_sdk/cmake/ament_cmake_export_include_directories-extras.cmake
[3.482s] -- Up-to-date: /home/orin/work/install/dynamixel_sdk/share/dynamixel_sdk/cmake/ament_cmake_export_libraries-extras.cmake
[3.483s] -- Up-to-date: /home/orin/work/install/dynamixel_sdk/share/dynamixel_sdk/cmake/dynamixel_sdkConfig.cmake
[3.483s] -- Up-to-date: /home/orin/work/install/dynamixel_sdk/share/dynamixel_sdk/cmake/dynamixel_sdkConfig-version.cmake
[3.483s] -- Up-to-date: /home/orin/work/install/dynamixel_sdk/share/dynamixel_sdk/package.xml
[3.794s] Invoked command in '/home/orin/work/build/dynamixel_sdk' returned '0': CMAKE_PREFIX_PATH=${CMAKE_PREFIX_PATH}:/home/orin/work/install/turtlebot3_teleop:/home/orin/work/install/turtlebot3_example:/home/orin/work/install/object_detection:/home/orin/work/install/detect_lane:/home/orin/work/install/core:/home/orin/work/install/control:/home/orin/work/install/camera:/opt/ros/humble /usr/local/bin/cmake --install /home/orin/work/build/dynamixel_sdk
