[5.353s] Invoking command in '/home/orin/work/src/control': PYTHONPATH=/home/orin/work/build/control/prefix_override:/usr/lib/python3/dist-packages/colcon_core/task/python/colcon_distutils_commands:/home/orin/work/install/control/lib/python3.10/site-packages:${PYTHONPATH} /usr/bin/python3 -W ignore:setup.py install is deprecated -W ignore:easy_install command is deprecated setup.py egg_info --egg-base ../../build/control build --build-base /home/orin/work/build/control/build install --record /home/orin/work/build/control/install.log --single-version-externally-managed install_data
[5.768s] /usr/local/lib/python3.10/dist-packages/setuptools/_distutils/dist.py:261: UserWarning: Unknown distribution option: 'tests_require'
[5.769s]   warnings.warn(msg)
[6.009s] running egg_info
[6.048s] writing ../../build/control/control.egg-info/PKG-INFO
[6.050s] writing dependency_links to ../../build/control/control.egg-info/dependency_links.txt
[6.051s] writing entry points to ../../build/control/control.egg-info/entry_points.txt
[6.051s] writing requirements to ../../build/control/control.egg-info/requires.txt
[6.053s] writing top-level names to ../../build/control/control.egg-info/top_level.txt
[6.137s] reading manifest file '../../build/control/control.egg-info/SOURCES.txt'
[6.142s] writing manifest file '../../build/control/control.egg-info/SOURCES.txt'
[6.142s] running build
[6.143s] running build_py
[6.143s] copying control/control_pack.py -> /home/orin/work/build/control/build/lib/control
[6.144s] copying control/control_avoidance_v2.py -> /home/orin/work/build/control/build/lib/control
[6.144s] copying control/__init__.py -> /home/orin/work/build/control/build/lib/control
[6.152s] copying control/control_auto_avoidance.py -> /home/orin/work/build/control/build/lib/control
[6.153s] copying control/control_lane.py -> /home/orin/work/build/control/build/lib/control
[6.153s] copying control/control_avoidance.py -> /home/orin/work/build/control/build/lib/control
[6.153s] copying control/control_pack_v2.py -> /home/orin/work/build/control/build/lib/control
[6.162s] running install
[6.163s] running install_lib
[6.205s] running install_data
[6.206s] copying resource/control -> /home/orin/work/install/control/share/ament_index/resource_index/packages
[6.207s] copying package.xml -> /home/orin/work/install/control/share/control
[6.208s] copying launch/avoidance_launch.py -> /home/orin/work/install/control/share/control/launch
[6.208s] copying launch/parking_launch.py -> /home/orin/work/install/control/share/control/launch
[6.209s] running install_egg_info
[6.255s] removing '/home/orin/work/install/control/lib/python3.10/site-packages/control-0.0.0-py3.10.egg-info' (and everything under it)
[6.256s] Copying ../../build/control/control.egg-info to /home/orin/work/install/control/lib/python3.10/site-packages/control-0.0.0-py3.10.egg-info
[6.259s] running install_scripts
[6.598s] Installing control_auto_avoidance script to /home/orin/work/install/control/lib/control
[6.599s] Installing control_avoidance script to /home/orin/work/install/control/lib/control
[6.600s] Installing control_avoidance_2 script to /home/orin/work/install/control/lib/control
[6.601s] Installing control_lane script to /home/orin/work/install/control/lib/control
[6.602s] Installing control_pack script to /home/orin/work/install/control/lib/control
[6.603s] Installing control_pack_2 script to /home/orin/work/install/control/lib/control
[6.603s] writing list of installed files to '/home/orin/work/build/control/install.log'
[6.698s] Invoked command in '/home/orin/work/src/control' returned '0': PYTHONPATH=/home/orin/work/build/control/prefix_override:/usr/lib/python3/dist-packages/colcon_core/task/python/colcon_distutils_commands:/home/orin/work/install/control/lib/python3.10/site-packages:${PYTHONPATH} /usr/bin/python3 -W ignore:setup.py install is deprecated -W ignore:easy_install command is deprecated setup.py egg_info --egg-base ../../build/control build --build-base /home/orin/work/build/control/build install --record /home/orin/work/build/control/install.log --single-version-externally-managed install_data
