[0.454s] Invoking command in '/home/orin/work/build/turtlebot3_description': CMAKE_PREFIX_PATH=${CMAKE_PREFIX_PATH}:/home/orin/work/install/turtlebot3_teleop:/home/orin/work/install/turtlebot3_example:/home/orin/work/install/object_detection:/home/orin/work/install/detect_lane:/home/orin/work/install/core:/home/orin/work/install/control:/home/orin/work/install/camera:/opt/ros/humble /usr/local/bin/cmake --build /home/orin/work/build/turtlebot3_description -- -j12 -l12
[4.396s] Invoked command in '/home/orin/work/build/turtlebot3_description' returned '0': CMAKE_PREFIX_PATH=${CMAKE_PREFIX_PATH}:/home/orin/work/install/turtlebot3_teleop:/home/orin/work/install/turtlebot3_example:/home/orin/work/install/object_detection:/home/orin/work/install/detect_lane:/home/orin/work/install/core:/home/orin/work/install/control:/home/orin/work/install/camera:/opt/ros/humble /usr/local/bin/cmake --build /home/orin/work/build/turtlebot3_description -- -j12 -l12
[4.397s] Invoking command in '/home/orin/work/build/turtlebot3_description': CMAKE_PREFIX_PATH=${CMAKE_PREFIX_PATH}:/home/orin/work/install/turtlebot3_teleop:/home/orin/work/install/turtlebot3_example:/home/orin/work/install/object_detection:/home/orin/work/install/detect_lane:/home/orin/work/install/core:/home/orin/work/install/control:/home/orin/work/install/camera:/opt/ros/humble /usr/local/bin/cmake --install /home/orin/work/build/turtlebot3_description
[5.237s] -- Install configuration: ""
[5.237s] -- Up-to-date: /home/orin/work/install/turtlebot3_description/share/turtlebot3_description/meshes
[5.237s] -- Up-to-date: /home/orin/work/install/turtlebot3_description/share/turtlebot3_description/meshes/wheels
[5.237s] -- Up-to-date: /home/orin/work/install/turtlebot3_description/share/turtlebot3_description/meshes/wheels/left_tire.stl
[5.237s] -- Up-to-date: /home/orin/work/install/turtlebot3_description/share/turtlebot3_description/meshes/wheels/right_tire.stl
[5.238s] -- Up-to-date: /home/orin/work/install/turtlebot3_description/share/turtlebot3_description/meshes/bases
[5.238s] -- Up-to-date: /home/orin/work/install/turtlebot3_description/share/turtlebot3_description/meshes/bases/waffle_pi_base.stl
[5.238s] -- Up-to-date: /home/orin/work/install/turtlebot3_description/share/turtlebot3_description/meshes/bases/burger_base.stl
[5.238s] -- Up-to-date: /home/orin/work/install/turtlebot3_description/share/turtlebot3_description/meshes/bases/waffle_base.stl
[5.238s] -- Up-to-date: /home/orin/work/install/turtlebot3_description/share/turtlebot3_description/meshes/sensors
[5.238s] -- Up-to-date: /home/orin/work/install/turtlebot3_description/share/turtlebot3_description/meshes/sensors/astra.jpg
[5.238s] -- Up-to-date: /home/orin/work/install/turtlebot3_description/share/turtlebot3_description/meshes/sensors/lds.stl
[5.238s] -- Up-to-date: /home/orin/work/install/turtlebot3_description/share/turtlebot3_description/meshes/sensors/astra.dae
[5.238s] -- Up-to-date: /home/orin/work/install/turtlebot3_description/share/turtlebot3_description/meshes/sensors/r200.jpg
[5.239s] -- Up-to-date: /home/orin/work/install/turtlebot3_description/share/turtlebot3_description/meshes/sensors/r200.dae
[5.239s] -- Up-to-date: /home/orin/work/install/turtlebot3_description/share/turtlebot3_description/rviz
[5.239s] -- Up-to-date: /home/orin/work/install/turtlebot3_description/share/turtlebot3_description/rviz/model.rviz
[5.239s] -- Up-to-date: /home/orin/work/install/turtlebot3_description/share/turtlebot3_description/urdf
[5.239s] -- Up-to-date: /home/orin/work/install/turtlebot3_description/share/turtlebot3_description/urdf/turtlebot3_waffle.urdf
[5.239s] -- Up-to-date: /home/orin/work/install/turtlebot3_description/share/turtlebot3_description/urdf/turtlebot3_burger.urdf
[5.239s] -- Up-to-date: /home/orin/work/install/turtlebot3_description/share/turtlebot3_description/urdf/turtlebot3_waffle_pi.urdf
[5.239s] -- Up-to-date: /home/orin/work/install/turtlebot3_description/share/turtlebot3_description/urdf/common_properties.urdf
[5.239s] -- Up-to-date: /home/orin/work/install/turtlebot3_description/share/ament_index/resource_index/package_run_dependencies/turtlebot3_description
[5.240s] -- Up-to-date: /home/orin/work/install/turtlebot3_description/share/ament_index/resource_index/parent_prefix_path/turtlebot3_description
[5.240s] -- Up-to-date: /home/orin/work/install/turtlebot3_description/share/turtlebot3_description/environment/ament_prefix_path.sh
[5.240s] -- Up-to-date: /home/orin/work/install/turtlebot3_description/share/turtlebot3_description/environment/ament_prefix_path.dsv
[5.240s] -- Up-to-date: /home/orin/work/install/turtlebot3_description/share/turtlebot3_description/environment/path.sh
[5.240s] -- Up-to-date: /home/orin/work/install/turtlebot3_description/share/turtlebot3_description/environment/path.dsv
[5.240s] -- Up-to-date: /home/orin/work/install/turtlebot3_description/share/turtlebot3_description/local_setup.bash
[5.240s] -- Up-to-date: /home/orin/work/install/turtlebot3_description/share/turtlebot3_description/local_setup.sh
[5.240s] -- Up-to-date: /home/orin/work/install/turtlebot3_description/share/turtlebot3_description/local_setup.zsh
[5.240s] -- Up-to-date: /home/orin/work/install/turtlebot3_description/share/turtlebot3_description/local_setup.dsv
[5.241s] -- Installing: /home/orin/work/install/turtlebot3_description/share/turtlebot3_description/package.dsv
[5.241s] -- Up-to-date: /home/orin/work/install/turtlebot3_description/share/ament_index/resource_index/packages/turtlebot3_description
[5.241s] -- Up-to-date: /home/orin/work/install/turtlebot3_description/share/turtlebot3_description/cmake/turtlebot3_descriptionConfig.cmake
[5.241s] -- Up-to-date: /home/orin/work/install/turtlebot3_description/share/turtlebot3_description/cmake/turtlebot3_descriptionConfig-version.cmake
[5.241s] -- Up-to-date: /home/orin/work/install/turtlebot3_description/share/turtlebot3_description/package.xml
[5.571s] Invoked command in '/home/orin/work/build/turtlebot3_description' returned '0': CMAKE_PREFIX_PATH=${CMAKE_PREFIX_PATH}:/home/orin/work/install/turtlebot3_teleop:/home/orin/work/install/turtlebot3_example:/home/orin/work/install/object_detection:/home/orin/work/install/detect_lane:/home/orin/work/install/core:/home/orin/work/install/control:/home/orin/work/install/camera:/opt/ros/humble /usr/local/bin/cmake --install /home/orin/work/build/turtlebot3_description
