[4.555s] Invoking command in '/home/orin/work/src/detect/object_detection': PYTHONPATH=/home/orin/work/build/object_detection/prefix_override:/usr/lib/python3/dist-packages/colcon_core/task/python/colcon_distutils_commands:/home/orin/work/install/object_detection/lib/python3.10/site-packages:${PYTHONPATH} /usr/bin/python3 -W ignore:setup.py install is deprecated -W ignore:easy_install command is deprecated setup.py egg_info --egg-base ../../../build/object_detection build --build-base /home/orin/work/build/object_detection/build install --record /home/orin/work/build/object_detection/install.log --single-version-externally-managed install_data
[4.924s] /usr/local/lib/python3.10/dist-packages/setuptools/_distutils/dist.py:261: UserWarning: Unknown distribution option: 'tests_require'
[4.924s]   warnings.warn(msg)
[5.156s] running egg_info
[5.193s] writing ../../../build/object_detection/object_detection.egg-info/PKG-INFO
[5.194s] writing dependency_links to ../../../build/object_detection/object_detection.egg-info/dependency_links.txt
[5.195s] writing entry points to ../../../build/object_detection/object_detection.egg-info/entry_points.txt
[5.196s] writing requirements to ../../../build/object_detection/object_detection.egg-info/requires.txt
[5.196s] writing top-level names to ../../../build/object_detection/object_detection.egg-info/top_level.txt
[5.274s] reading manifest file '../../../build/object_detection/object_detection.egg-info/SOURCES.txt'
[5.278s] writing manifest file '../../../build/object_detection/object_detection.egg-info/SOURCES.txt'
[5.278s] running build
[5.278s] running build_py
[5.279s] copying object_detection/__init__.py -> /home/orin/work/build/object_detection/build/lib/object_detection
[5.280s] copying object_detection/object_detection.py -> /home/orin/work/build/object_detection/build/lib/object_detection
[5.280s] running install
[5.290s] running install_lib
[5.329s] running install_data
[5.330s] copying resource/object_detection -> /home/orin/work/install/object_detection/share/ament_index/resource_index/packages
[5.330s] copying package.xml -> /home/orin/work/install/object_detection/share/object_detection
[5.331s] copying launch/object_detection_launch.py -> /home/orin/work/install/object_detection/share/object_detection/launch
[5.332s] copying weights/yolov7-tiny.pt -> /home/orin/work/install/object_detection/share/object_detection/weights
[5.366s] copying weights/yolov7.pt -> /home/orin/work/install/object_detection/share/object_detection/weights
[5.558s] copying weights/best.pt -> /home/orin/work/install/object_detection/share/object_detection/weights
[5.746s] copying weights/sign.pt -> /home/orin/work/install/object_detection/share/object_detection/weights
[5.940s] copying models/experimental.py -> /home/orin/work/install/object_detection/lib/object_detection/models
[5.941s] copying models/common.py -> /home/orin/work/install/object_detection/lib/object_detection/models
[5.941s] copying models/yolo.py -> /home/orin/work/install/object_detection/lib/object_detection/models
[5.942s] copying utils/general.py -> /home/orin/work/install/object_detection/lib/object_detection/utils
[5.943s] copying utils/torch_utils.py -> /home/orin/work/install/object_detection/lib/object_detection/utils
[5.943s] copying utils/plots.py -> /home/orin/work/install/object_detection/lib/object_detection/utils
[5.944s] copying utils/datasets.py -> /home/orin/work/install/object_detection/lib/object_detection/utils
[5.945s] copying utils/google_utils.py -> /home/orin/work/install/object_detection/lib/object_detection/utils
[5.945s] copying utils/activations.py -> /home/orin/work/install/object_detection/lib/object_detection/utils
[5.945s] copying utils/add_nms.py -> /home/orin/work/install/object_detection/lib/object_detection/utils
[5.946s] copying utils/autoanchor.py -> /home/orin/work/install/object_detection/lib/object_detection/utils
[5.946s] copying utils/loss.py -> /home/orin/work/install/object_detection/lib/object_detection/utils
[5.947s] copying utils/metrics.py -> /home/orin/work/install/object_detection/lib/object_detection/utils
[5.947s] running install_egg_info
[5.987s] removing '/home/orin/work/install/object_detection/lib/python3.10/site-packages/object_detection-0.0.0-py3.10.egg-info' (and everything under it)
[5.987s] Copying ../../../build/object_detection/object_detection.egg-info to /home/orin/work/install/object_detection/lib/python3.10/site-packages/object_detection-0.0.0-py3.10.egg-info
[5.990s] running install_scripts
[6.282s] Installing object_detection script to /home/orin/work/install/object_detection/lib/object_detection
[6.283s] writing list of installed files to '/home/orin/work/build/object_detection/install.log'
[6.354s] Invoked command in '/home/orin/work/src/detect/object_detection' returned '0': PYTHONPATH=/home/orin/work/build/object_detection/prefix_override:/usr/lib/python3/dist-packages/colcon_core/task/python/colcon_distutils_commands:/home/orin/work/install/object_detection/lib/python3.10/site-packages:${PYTHONPATH} /usr/bin/python3 -W ignore:setup.py install is deprecated -W ignore:easy_install command is deprecated setup.py egg_info --egg-base ../../../build/object_detection build --build-base /home/orin/work/build/object_detection/build install --record /home/orin/work/build/object_detection/install.log --single-version-externally-managed install_data
