[5.316s] Invoking command in '/home/orin/work/src/camera': PYTHONPATH=/home/orin/work/build/camera/prefix_override:/usr/lib/python3/dist-packages/colcon_core/task/python/colcon_distutils_commands:/home/orin/work/install/camera/lib/python3.10/site-packages:${PYTHONPATH} /usr/bin/python3 -W ignore:setup.py install is deprecated -W ignore:easy_install command is deprecated setup.py egg_info --egg-base ../../build/camera build --build-base /home/orin/work/build/camera/build install --record /home/orin/work/build/camera/install.log --single-version-externally-managed install_data
[5.732s] /usr/local/lib/python3.10/dist-packages/setuptools/_distutils/dist.py:261: UserWarning: Unknown distribution option: 'tests_require'
[5.733s]   warnings.warn(msg)
[6.046s] running egg_info
[6.080s] writing ../../build/camera/camera.egg-info/PKG-INFO
[6.083s] writing dependency_links to ../../build/camera/camera.egg-info/dependency_links.txt
[6.083s] writing entry points to ../../build/camera/camera.egg-info/entry_points.txt
[6.087s] writing requirements to ../../build/camera/camera.egg-info/requires.txt
[6.087s] writing top-level names to ../../build/camera/camera.egg-info/top_level.txt
[6.166s] reading manifest file '../../build/camera/camera.egg-info/SOURCES.txt'
[6.169s] writing manifest file '../../build/camera/camera.egg-info/SOURCES.txt'
[6.170s] running build
[6.170s] running build_py
[6.170s] copying camera/take_image.py -> /home/orin/work/build/camera/build/lib/camera
[6.171s] copying camera/video_pub.py -> /home/orin/work/build/camera/build/lib/camera
[6.172s] copying camera/image_pub.py -> /home/orin/work/build/camera/build/lib/camera
[6.173s] copying camera/__init__.py -> /home/orin/work/build/camera/build/lib/camera
[6.173s] copying camera/camera.py -> /home/orin/work/build/camera/build/lib/camera
[6.174s] copying camera/H65_camera.py -> /home/orin/work/build/camera/build/lib/camera
[6.176s] copying camera/camera_compress.py -> /home/orin/work/build/camera/build/lib/camera
[6.177s] running install
[6.187s] running install_lib
[6.237s] running install_data
[6.238s] copying resource/camera -> /home/orin/work/install/camera/share/ament_index/resource_index/packages
[6.238s] copying package.xml -> /home/orin/work/install/camera/share/camera
[6.239s] running install_egg_info
[6.283s] removing '/home/orin/work/install/camera/lib/python3.10/site-packages/camera-0.0.0-py3.10.egg-info' (and everything under it)
[6.284s] Copying ../../build/camera/camera.egg-info to /home/orin/work/install/camera/lib/python3.10/site-packages/camera-0.0.0-py3.10.egg-info
[6.288s] running install_scripts
[6.608s] Installing H65_camera script to /home/orin/work/install/camera/lib/camera
[6.609s] Installing camera script to /home/orin/work/install/camera/lib/camera
[6.610s] Installing camera_compress script to /home/orin/work/install/camera/lib/camera
[6.610s] Installing image_pub script to /home/orin/work/install/camera/lib/camera
[6.610s] Installing take_image script to /home/orin/work/install/camera/lib/camera
[6.611s] Installing video_pub script to /home/orin/work/install/camera/lib/camera
[6.612s] writing list of installed files to '/home/orin/work/build/camera/install.log'
[6.715s] Invoked command in '/home/orin/work/src/camera' returned '0': PYTHONPATH=/home/orin/work/build/camera/prefix_override:/usr/lib/python3/dist-packages/colcon_core/task/python/colcon_distutils_commands:/home/orin/work/install/camera/lib/python3.10/site-packages:${PYTHONPATH} /usr/bin/python3 -W ignore:setup.py install is deprecated -W ignore:easy_install command is deprecated setup.py egg_info --egg-base ../../build/camera build --build-base /home/orin/work/build/camera/build install --record /home/orin/work/build/camera/install.log --single-version-externally-managed install_data
