[0.110s] Invoking command in '/home/orin/work/build/turtlebot3_description': CMAKE_PREFIX_PATH=${CMAKE_PREFIX_PATH}:/home/orin/work/install/turtlebot3_teleop:/home/orin/work/install/turtlebot3_example:/home/orin/work/install/object_detection:/home/orin/work/install/detect_lane:/home/orin/work/install/control:/home/orin/work/install/camera:/opt/ros/humble /usr/local/bin/cmake /home/orin/work/src/turtlebot3/turtlebot3_description -DCMAKE_INSTALL_PREFIX=/home/orin/work/install/turtlebot3_description
[2.269s] -- The C compiler identification is GNU 11.4.0
[2.269s] -- The CXX compiler identification is GNU 11.4.0
[2.269s] -- Detecting C compiler ABI info
[2.270s] -- Detecting C compiler ABI info - done
[2.270s] -- Check for working C compiler: /usr/bin/cc - skipped
[2.270s] -- Detecting C compile features
[2.270s] -- Detecting C compile features - done
[2.270s] -- Detecting CXX compiler ABI info
[2.270s] -- Detecting CXX compiler ABI info - done
[2.270s] -- Check for working CXX compiler: /usr/bin/c++ - skipped
[2.270s] -- Detecting CXX compile features
[2.270s] -- Detecting CXX compile features - done
[2.271s] -- Found ament_cmake: 1.3.11 (/opt/ros/humble/share/ament_cmake/cmake)
[2.271s] -- Found Python3: /usr/local/bin/python3 (found version "3.10.12") found components: Interpreter
[2.271s] -- Found urdf: 2.6.1 (/opt/ros/humble/share/urdf/cmake)
[2.271s] -- Configuring done (1.6s)
[2.271s] -- Generating done (0.0s)
[2.271s] -- Build files have been written to: /home/orin/work/build/turtlebot3_description
[2.777s] Invoked command in '/home/orin/work/build/turtlebot3_description' returned '0': CMAKE_PREFIX_PATH=${CMAKE_PREFIX_PATH}:/home/orin/work/install/turtlebot3_teleop:/home/orin/work/install/turtlebot3_example:/home/orin/work/install/object_detection:/home/orin/work/install/detect_lane:/home/orin/work/install/control:/home/orin/work/install/camera:/opt/ros/humble /usr/local/bin/cmake /home/orin/work/src/turtlebot3/turtlebot3_description -DCMAKE_INSTALL_PREFIX=/home/orin/work/install/turtlebot3_description
[2.780s] Invoking command in '/home/orin/work/build/turtlebot3_description': CMAKE_PREFIX_PATH=${CMAKE_PREFIX_PATH}:/home/orin/work/install/turtlebot3_teleop:/home/orin/work/install/turtlebot3_example:/home/orin/work/install/object_detection:/home/orin/work/install/detect_lane:/home/orin/work/install/control:/home/orin/work/install/camera:/opt/ros/humble /usr/local/bin/cmake --build /home/orin/work/build/turtlebot3_description -- -j12 -l12
[3.512s] Invoked command in '/home/orin/work/build/turtlebot3_description' returned '0': CMAKE_PREFIX_PATH=${CMAKE_PREFIX_PATH}:/home/orin/work/install/turtlebot3_teleop:/home/orin/work/install/turtlebot3_example:/home/orin/work/install/object_detection:/home/orin/work/install/detect_lane:/home/orin/work/install/control:/home/orin/work/install/camera:/opt/ros/humble /usr/local/bin/cmake --build /home/orin/work/build/turtlebot3_description -- -j12 -l12
[3.513s] Invoking command in '/home/orin/work/build/turtlebot3_description': CMAKE_PREFIX_PATH=${CMAKE_PREFIX_PATH}:/home/orin/work/install/turtlebot3_teleop:/home/orin/work/install/turtlebot3_example:/home/orin/work/install/object_detection:/home/orin/work/install/detect_lane:/home/orin/work/install/control:/home/orin/work/install/camera:/opt/ros/humble /usr/local/bin/cmake --install /home/orin/work/build/turtlebot3_description
[3.714s] -- Install configuration: ""
[3.714s] -- Installing: /home/orin/work/install/turtlebot3_description/share/turtlebot3_description/meshes
[3.715s] -- Installing: /home/orin/work/install/turtlebot3_description/share/turtlebot3_description/meshes/wheels
[3.728s] -- Installing: /home/orin/work/install/turtlebot3_description/share/turtlebot3_description/meshes/wheels/left_tire.stl
[3.730s] -- Installing: /home/orin/work/install/turtlebot3_description/share/turtlebot3_description/meshes/wheels/right_tire.stl
[3.733s] -- Installing: /home/orin/work/install/turtlebot3_description/share/turtlebot3_description/meshes/bases
[3.733s] -- Installing: /home/orin/work/install/turtlebot3_description/share/turtlebot3_description/meshes/bases/waffle_pi_base.stl
[3.758s] -- Installing: /home/orin/work/install/turtlebot3_description/share/turtlebot3_description/meshes/bases/burger_base.stl
[3.767s] -- Installing: /home/orin/work/install/turtlebot3_description/share/turtlebot3_description/meshes/bases/waffle_base.stl
[3.812s] -- Installing: /home/orin/work/install/turtlebot3_description/share/turtlebot3_description/meshes/sensors
[3.812s] -- Installing: /home/orin/work/install/turtlebot3_description/share/turtlebot3_description/meshes/sensors/astra.jpg
[3.813s] -- Installing: /home/orin/work/install/turtlebot3_description/share/turtlebot3_description/meshes/sensors/lds.stl
[3.814s] -- Installing: /home/orin/work/install/turtlebot3_description/share/turtlebot3_description/meshes/sensors/astra.dae
[3.847s] -- Installing: /home/orin/work/install/turtlebot3_description/share/turtlebot3_description/meshes/sensors/r200.jpg
[3.847s] -- Installing: /home/orin/work/install/turtlebot3_description/share/turtlebot3_description/meshes/sensors/r200.dae
[3.848s] -- Installing: /home/orin/work/install/turtlebot3_description/share/turtlebot3_description/rviz
[3.848s] -- Installing: /home/orin/work/install/turtlebot3_description/share/turtlebot3_description/rviz/model.rviz
[3.849s] -- Installing: /home/orin/work/install/turtlebot3_description/share/turtlebot3_description/urdf
[3.849s] -- Installing: /home/orin/work/install/turtlebot3_description/share/turtlebot3_description/urdf/turtlebot3_waffle.urdf
[3.850s] -- Installing: /home/orin/work/install/turtlebot3_description/share/turtlebot3_description/urdf/turtlebot3_burger.urdf
[3.850s] -- Installing: /home/orin/work/install/turtlebot3_description/share/turtlebot3_description/urdf/turtlebot3_waffle_pi.urdf
[3.851s] -- Installing: /home/orin/work/install/turtlebot3_description/share/turtlebot3_description/urdf/common_properties.urdf
[3.852s] -- Installing: /home/orin/work/install/turtlebot3_description/share/ament_index/resource_index/package_run_dependencies/turtlebot3_description
[3.853s] -- Installing: /home/orin/work/install/turtlebot3_description/share/ament_index/resource_index/parent_prefix_path/turtlebot3_description
[3.853s] -- Installing: /home/orin/work/install/turtlebot3_description/share/turtlebot3_description/environment/ament_prefix_path.sh
[3.854s] -- Installing: /home/orin/work/install/turtlebot3_description/share/turtlebot3_description/environment/ament_prefix_path.dsv
[3.855s] -- Installing: /home/orin/work/install/turtlebot3_description/share/turtlebot3_description/environment/path.sh
[3.855s] -- Installing: /home/orin/work/install/turtlebot3_description/share/turtlebot3_description/environment/path.dsv
[3.856s] -- Installing: /home/orin/work/install/turtlebot3_description/share/turtlebot3_description/local_setup.bash
[3.857s] -- Installing: /home/orin/work/install/turtlebot3_description/share/turtlebot3_description/local_setup.sh
[3.857s] -- Installing: /home/orin/work/install/turtlebot3_description/share/turtlebot3_description/local_setup.zsh
[3.858s] -- Installing: /home/orin/work/install/turtlebot3_description/share/turtlebot3_description/local_setup.dsv
[3.858s] -- Installing: /home/orin/work/install/turtlebot3_description/share/turtlebot3_description/package.dsv
[3.859s] -- Installing: /home/orin/work/install/turtlebot3_description/share/ament_index/resource_index/packages/turtlebot3_description
[3.860s] -- Installing: /home/orin/work/install/turtlebot3_description/share/turtlebot3_description/cmake/turtlebot3_descriptionConfig.cmake
[3.861s] -- Installing: /home/orin/work/install/turtlebot3_description/share/turtlebot3_description/cmake/turtlebot3_descriptionConfig-version.cmake
[3.870s] -- Installing: /home/orin/work/install/turtlebot3_description/share/turtlebot3_description/package.xml
[3.989s] Invoked command in '/home/orin/work/build/turtlebot3_description' returned '0': CMAKE_PREFIX_PATH=${CMAKE_PREFIX_PATH}:/home/orin/work/install/turtlebot3_teleop:/home/orin/work/install/turtlebot3_example:/home/orin/work/install/object_detection:/home/orin/work/install/detect_lane:/home/orin/work/install/control:/home/orin/work/install/camera:/opt/ros/humble /usr/local/bin/cmake --install /home/orin/work/build/turtlebot3_description
