[2.389s] Invoking command in '/home/orin/work/build/detect_interfaces': CMAKE_PREFIX_PATH=${CMAKE_PREFIX_PATH}:/home/orin/work/install/turtlebot3_teleop:/home/orin/work/install/turtlebot3_example:/home/orin/work/install/object_detection:/home/orin/work/install/detect_lane:/home/orin/work/install/core:/home/orin/work/install/control:/home/orin/work/install/camera:/opt/ros/humble /usr/local/bin/cmake --build /home/orin/work/build/detect_interfaces -- -j12 -l12
[2.947s] [  3%] Built target detect_interfaces__cpp
[2.947s] [ 12%] Built target detect_interfaces__rosidl_generator_c
[2.948s] [ 12%] Built target ament_cmake_python_copy_detect_interfaces
[2.948s] [ 25%] Built target detect_interfaces__rosidl_typesupport_introspection_cpp
[2.948s] [ 32%] Built target detect_interfaces__rosidl_typesupport_fastrtps_cpp
[2.948s] [ 41%] Built target detect_interfaces__rosidl_typesupport_c
[2.948s] [ 51%] Built target detect_interfaces__rosidl_typesupport_fastrtps_c
[2.948s] [ 70%] Built target detect_interfaces__rosidl_typesupport_introspection_c
[2.948s] [ 70%] Built target detect_interfaces__rosidl_typesupport_cpp
[2.948s] [ 70%] Built target detect_interfaces
[2.949s] [ 74%] Built target detect_interfaces__py
[2.949s] [ 80%] Built target detect_interfaces__rosidl_generator_py
[2.949s] [ 90%] Built target detect_interfaces__rosidl_typesupport_fastrtps_c__pyext
[2.949s] [ 93%] Built target detect_interfaces__rosidl_typesupport_c__pyext
[2.949s] [100%] Built target detect_interfaces__rosidl_typesupport_introspection_c__pyext
[3.137s] running egg_info
[3.178s] writing detect_interfaces.egg-info/PKG-INFO
[3.180s] writing dependency_links to detect_interfaces.egg-info/dependency_links.txt
[3.180s] writing top-level names to detect_interfaces.egg-info/top_level.txt
[3.305s] reading manifest file 'detect_interfaces.egg-info/SOURCES.txt'
[3.311s] writing manifest file 'detect_interfaces.egg-info/SOURCES.txt'
[3.553s] [100%] Built target ament_cmake_python_build_detect_interfaces_egg
[3.786s] Invoked command in '/home/orin/work/build/detect_interfaces' returned '0': CMAKE_PREFIX_PATH=${CMAKE_PREFIX_PATH}:/home/orin/work/install/turtlebot3_teleop:/home/orin/work/install/turtlebot3_example:/home/orin/work/install/object_detection:/home/orin/work/install/detect_lane:/home/orin/work/install/core:/home/orin/work/install/control:/home/orin/work/install/camera:/opt/ros/humble /usr/local/bin/cmake --build /home/orin/work/build/detect_interfaces -- -j12 -l12
[3.789s] Invoking command in '/home/orin/work/build/detect_interfaces': CMAKE_PREFIX_PATH=${CMAKE_PREFIX_PATH}:/home/orin/work/install/turtlebot3_teleop:/home/orin/work/install/turtlebot3_example:/home/orin/work/install/object_detection:/home/orin/work/install/detect_lane:/home/orin/work/install/core:/home/orin/work/install/control:/home/orin/work/install/camera:/opt/ros/humble /usr/local/bin/cmake --install /home/orin/work/build/detect_interfaces
[4.380s] -- Install configuration: ""
[4.381s] -- Up-to-date: /home/orin/work/install/detect_interfaces/share/ament_index/resource_index/rosidl_interfaces/detect_interfaces
[4.381s] -- Up-to-date: /home/orin/work/install/detect_interfaces/include/detect_interfaces/detect_interfaces
[4.381s] -- Up-to-date: /home/orin/work/install/detect_interfaces/include/detect_interfaces/detect_interfaces/msg
[4.381s] -- Up-to-date: /home/orin/work/install/detect_interfaces/include/detect_interfaces/detect_interfaces/msg/rosidl_generator_c__visibility_control.h
[4.381s] -- Up-to-date: /home/orin/work/install/detect_interfaces/include/detect_interfaces/detect_interfaces/msg/detail
[4.381s] -- Up-to-date: /home/orin/work/install/detect_interfaces/include/detect_interfaces/detect_interfaces/msg/detail/bounding_box__functions.c
[4.381s] -- Up-to-date: /home/orin/work/install/detect_interfaces/include/detect_interfaces/detect_interfaces/msg/detail/bounding_box__functions.h
[4.382s] -- Up-to-date: /home/orin/work/install/detect_interfaces/include/detect_interfaces/detect_interfaces/msg/detail/bounding_box__type_support.h
[4.382s] -- Up-to-date: /home/orin/work/install/detect_interfaces/include/detect_interfaces/detect_interfaces/msg/detail/bounding_box__struct.h
[4.382s] -- Up-to-date: /home/orin/work/install/detect_interfaces/include/detect_interfaces/detect_interfaces/msg/bounding_box.h
[4.382s] -- Up-to-date: /home/orin/work/install/detect_interfaces/share/detect_interfaces/environment/library_path.sh
[4.382s] -- Up-to-date: /home/orin/work/install/detect_interfaces/share/detect_interfaces/environment/library_path.dsv
[4.382s] -- Up-to-date: /home/orin/work/install/detect_interfaces/lib/libdetect_interfaces__rosidl_generator_c.so
[4.383s] -- Up-to-date: /home/orin/work/install/detect_interfaces/include/detect_interfaces/detect_interfaces
[4.383s] -- Up-to-date: /home/orin/work/install/detect_interfaces/include/detect_interfaces/detect_interfaces/msg
[4.383s] -- Up-to-date: /home/orin/work/install/detect_interfaces/include/detect_interfaces/detect_interfaces/msg/detail
[4.383s] -- Up-to-date: /home/orin/work/install/detect_interfaces/include/detect_interfaces/detect_interfaces/msg/detail/bounding_box__rosidl_typesupport_fastrtps_c.h
[4.383s] -- Up-to-date: /home/orin/work/install/detect_interfaces/include/detect_interfaces/detect_interfaces/msg/rosidl_typesupport_fastrtps_c__visibility_control.h
[4.384s] -- Up-to-date: /home/orin/work/install/detect_interfaces/lib/libdetect_interfaces__rosidl_typesupport_fastrtps_c.so
[4.384s] -- Up-to-date: /home/orin/work/install/detect_interfaces/include/detect_interfaces/detect_interfaces
[4.384s] -- Up-to-date: /home/orin/work/install/detect_interfaces/include/detect_interfaces/detect_interfaces/msg
[4.384s] -- Up-to-date: /home/orin/work/install/detect_interfaces/include/detect_interfaces/detect_interfaces/msg/detail
[4.384s] -- Up-to-date: /home/orin/work/install/detect_interfaces/include/detect_interfaces/detect_interfaces/msg/detail/bounding_box__traits.hpp
[4.384s] -- Up-to-date: /home/orin/work/install/detect_interfaces/include/detect_interfaces/detect_interfaces/msg/detail/bounding_box__struct.hpp
[4.384s] -- Up-to-date: /home/orin/work/install/detect_interfaces/include/detect_interfaces/detect_interfaces/msg/detail/bounding_box__builder.hpp
[4.385s] -- Up-to-date: /home/orin/work/install/detect_interfaces/include/detect_interfaces/detect_interfaces/msg/detail/bounding_box__type_support.hpp
[4.385s] -- Up-to-date: /home/orin/work/install/detect_interfaces/include/detect_interfaces/detect_interfaces/msg/bounding_box.hpp
[4.385s] -- Up-to-date: /home/orin/work/install/detect_interfaces/include/detect_interfaces/detect_interfaces/msg/rosidl_generator_cpp__visibility_control.hpp
[4.385s] -- Up-to-date: /home/orin/work/install/detect_interfaces/include/detect_interfaces/detect_interfaces
[4.385s] -- Up-to-date: /home/orin/work/install/detect_interfaces/include/detect_interfaces/detect_interfaces/msg
[4.385s] -- Up-to-date: /home/orin/work/install/detect_interfaces/include/detect_interfaces/detect_interfaces/msg/detail
[4.385s] -- Up-to-date: /home/orin/work/install/detect_interfaces/include/detect_interfaces/detect_interfaces/msg/detail/bounding_box__rosidl_typesupport_fastrtps_cpp.hpp
[4.386s] -- Up-to-date: /home/orin/work/install/detect_interfaces/include/detect_interfaces/detect_interfaces/msg/detail/dds_fastrtps
[4.386s] -- Up-to-date: /home/orin/work/install/detect_interfaces/include/detect_interfaces/detect_interfaces/msg/rosidl_typesupport_fastrtps_cpp__visibility_control.h
[4.386s] -- Up-to-date: /home/orin/work/install/detect_interfaces/lib/libdetect_interfaces__rosidl_typesupport_fastrtps_cpp.so
[4.386s] -- Up-to-date: /home/orin/work/install/detect_interfaces/include/detect_interfaces/detect_interfaces
[4.386s] -- Up-to-date: /home/orin/work/install/detect_interfaces/include/detect_interfaces/detect_interfaces/msg
[4.387s] -- Up-to-date: /home/orin/work/install/detect_interfaces/include/detect_interfaces/detect_interfaces/msg/rosidl_typesupport_introspection_c__visibility_control.h
[4.387s] -- Up-to-date: /home/orin/work/install/detect_interfaces/include/detect_interfaces/detect_interfaces/msg/detail
[4.387s] -- Up-to-date: /home/orin/work/install/detect_interfaces/include/detect_interfaces/detect_interfaces/msg/detail/bounding_box__rosidl_typesupport_introspection_c.h
[4.387s] -- Up-to-date: /home/orin/work/install/detect_interfaces/include/detect_interfaces/detect_interfaces/msg/detail/bounding_box__type_support.c
[4.387s] -- Up-to-date: /home/orin/work/install/detect_interfaces/lib/libdetect_interfaces__rosidl_typesupport_introspection_c.so
[4.387s] -- Up-to-date: /home/orin/work/install/detect_interfaces/lib/libdetect_interfaces__rosidl_typesupport_c.so
[4.387s] -- Up-to-date: /home/orin/work/install/detect_interfaces/include/detect_interfaces/detect_interfaces
[4.388s] -- Up-to-date: /home/orin/work/install/detect_interfaces/include/detect_interfaces/detect_interfaces/msg
[4.388s] -- Up-to-date: /home/orin/work/install/detect_interfaces/include/detect_interfaces/detect_interfaces/msg/detail
[4.388s] -- Up-to-date: /home/orin/work/install/detect_interfaces/include/detect_interfaces/detect_interfaces/msg/detail/bounding_box__rosidl_typesupport_introspection_cpp.hpp
[4.388s] -- Up-to-date: /home/orin/work/install/detect_interfaces/include/detect_interfaces/detect_interfaces/msg/detail/bounding_box__type_support.cpp
[4.388s] -- Up-to-date: /home/orin/work/install/detect_interfaces/lib/libdetect_interfaces__rosidl_typesupport_introspection_cpp.so
[4.388s] -- Up-to-date: /home/orin/work/install/detect_interfaces/lib/libdetect_interfaces__rosidl_typesupport_cpp.so
[4.388s] -- Up-to-date: /home/orin/work/install/detect_interfaces/share/detect_interfaces/environment/pythonpath.sh
[4.388s] -- Up-to-date: /home/orin/work/install/detect_interfaces/share/detect_interfaces/environment/pythonpath.dsv
[4.389s] -- Up-to-date: /home/orin/work/install/detect_interfaces/local/lib/python3.10/dist-packages/detect_interfaces-0.0.0-py3.10.egg-info
[4.389s] -- Installing: /home/orin/work/install/detect_interfaces/local/lib/python3.10/dist-packages/detect_interfaces-0.0.0-py3.10.egg-info/PKG-INFO
[4.389s] -- Installing: /home/orin/work/install/detect_interfaces/local/lib/python3.10/dist-packages/detect_interfaces-0.0.0-py3.10.egg-info/top_level.txt
[4.389s] -- Installing: /home/orin/work/install/detect_interfaces/local/lib/python3.10/dist-packages/detect_interfaces-0.0.0-py3.10.egg-info/dependency_links.txt
[4.389s] -- Installing: /home/orin/work/install/detect_interfaces/local/lib/python3.10/dist-packages/detect_interfaces-0.0.0-py3.10.egg-info/SOURCES.txt
[4.389s] -- Up-to-date: /home/orin/work/install/detect_interfaces/local/lib/python3.10/dist-packages/detect_interfaces
[4.393s] -- Up-to-date: /home/orin/work/install/detect_interfaces/local/lib/python3.10/dist-packages/detect_interfaces/detect_interfaces_s__rosidl_typesupport_introspection_c.cpython-310-aarch64-linux-gnu.so
[4.395s] -- Up-to-date: /home/orin/work/install/detect_interfaces/local/lib/python3.10/dist-packages/detect_interfaces/detect_interfaces_s__rosidl_typesupport_fastrtps_c.cpython-310-aarch64-linux-gnu.so
[4.395s] -- Up-to-date: /home/orin/work/install/detect_interfaces/local/lib/python3.10/dist-packages/detect_interfaces/msg
[4.395s] -- Up-to-date: /home/orin/work/install/detect_interfaces/local/lib/python3.10/dist-packages/detect_interfaces/msg/_bounding_box_s.c
[4.395s] -- Up-to-date: /home/orin/work/install/detect_interfaces/local/lib/python3.10/dist-packages/detect_interfaces/msg/__init__.py
[4.396s] -- Up-to-date: /home/orin/work/install/detect_interfaces/local/lib/python3.10/dist-packages/detect_interfaces/msg/_bounding_box.py
[4.396s] -- Up-to-date: /home/orin/work/install/detect_interfaces/local/lib/python3.10/dist-packages/detect_interfaces/_detect_interfaces_s.ep.rosidl_typesupport_c.c
[4.396s] -- Up-to-date: /home/orin/work/install/detect_interfaces/local/lib/python3.10/dist-packages/detect_interfaces/__init__.py
[4.396s] -- Up-to-date: /home/orin/work/install/detect_interfaces/local/lib/python3.10/dist-packages/detect_interfaces/detect_interfaces_s__rosidl_typesupport_c.cpython-310-aarch64-linux-gnu.so
[4.396s] -- Up-to-date: /home/orin/work/install/detect_interfaces/local/lib/python3.10/dist-packages/detect_interfaces/libdetect_interfaces__rosidl_generator_py.so
[4.397s] -- Up-to-date: /home/orin/work/install/detect_interfaces/local/lib/python3.10/dist-packages/detect_interfaces/_detect_interfaces_s.ep.rosidl_typesupport_fastrtps_c.c
[4.397s] -- Up-to-date: /home/orin/work/install/detect_interfaces/local/lib/python3.10/dist-packages/detect_interfaces/_detect_interfaces_s.ep.rosidl_typesupport_introspection_c.c
[4.397s] Listing '/home/orin/work/install/detect_interfaces/local/lib/python3.10/dist-packages/detect_interfaces'...
[4.397s] Listing '/home/orin/work/install/detect_interfaces/local/lib/python3.10/dist-packages/detect_interfaces/msg'...
[4.397s] -- Up-to-date: /home/orin/work/install/detect_interfaces/local/lib/python3.10/dist-packages/detect_interfaces/detect_interfaces_s__rosidl_typesupport_fastrtps_c.cpython-310-aarch64-linux-gnu.so
[4.397s] -- Up-to-date: /home/orin/work/install/detect_interfaces/local/lib/python3.10/dist-packages/detect_interfaces/detect_interfaces_s__rosidl_typesupport_introspection_c.cpython-310-aarch64-linux-gnu.so
[4.397s] -- Up-to-date: /home/orin/work/install/detect_interfaces/local/lib/python3.10/dist-packages/detect_interfaces/detect_interfaces_s__rosidl_typesupport_c.cpython-310-aarch64-linux-gnu.so
[4.398s] -- Up-to-date: /home/orin/work/install/detect_interfaces/lib/libdetect_interfaces__rosidl_generator_py.so
[4.398s] -- Up-to-date: /home/orin/work/install/detect_interfaces/share/detect_interfaces/msg/BoundingBox.idl
[4.398s] -- Up-to-date: /home/orin/work/install/detect_interfaces/share/detect_interfaces/msg/BoundingBox.msg
[4.398s] -- Up-to-date: /home/orin/work/install/detect_interfaces/share/ament_index/resource_index/package_run_dependencies/detect_interfaces
[4.398s] -- Up-to-date: /home/orin/work/install/detect_interfaces/share/ament_index/resource_index/parent_prefix_path/detect_interfaces
[4.398s] -- Up-to-date: /home/orin/work/install/detect_interfaces/share/detect_interfaces/environment/ament_prefix_path.sh
[4.399s] -- Up-to-date: /home/orin/work/install/detect_interfaces/share/detect_interfaces/environment/ament_prefix_path.dsv
[4.399s] -- Up-to-date: /home/orin/work/install/detect_interfaces/share/detect_interfaces/environment/path.sh
[4.399s] -- Up-to-date: /home/orin/work/install/detect_interfaces/share/detect_interfaces/environment/path.dsv
[4.399s] -- Up-to-date: /home/orin/work/install/detect_interfaces/share/detect_interfaces/local_setup.bash
[4.399s] -- Up-to-date: /home/orin/work/install/detect_interfaces/share/detect_interfaces/local_setup.sh
[4.399s] -- Up-to-date: /home/orin/work/install/detect_interfaces/share/detect_interfaces/local_setup.zsh
[4.399s] -- Up-to-date: /home/orin/work/install/detect_interfaces/share/detect_interfaces/local_setup.dsv
[4.400s] -- Installing: /home/orin/work/install/detect_interfaces/share/detect_interfaces/package.dsv
[4.400s] -- Up-to-date: /home/orin/work/install/detect_interfaces/share/ament_index/resource_index/packages/detect_interfaces
[4.400s] -- Up-to-date: /home/orin/work/install/detect_interfaces/share/detect_interfaces/cmake/export_detect_interfaces__rosidl_generator_cExport.cmake
[4.400s] -- Up-to-date: /home/orin/work/install/detect_interfaces/share/detect_interfaces/cmake/export_detect_interfaces__rosidl_generator_cExport-noconfig.cmake
[4.400s] -- Up-to-date: /home/orin/work/install/detect_interfaces/share/detect_interfaces/cmake/export_detect_interfaces__rosidl_typesupport_fastrtps_cExport.cmake
[4.400s] -- Up-to-date: /home/orin/work/install/detect_interfaces/share/detect_interfaces/cmake/export_detect_interfaces__rosidl_typesupport_fastrtps_cExport-noconfig.cmake
[4.400s] -- Up-to-date: /home/orin/work/install/detect_interfaces/share/detect_interfaces/cmake/export_detect_interfaces__rosidl_generator_cppExport.cmake
[4.400s] -- Up-to-date: /home/orin/work/install/detect_interfaces/share/detect_interfaces/cmake/export_detect_interfaces__rosidl_typesupport_fastrtps_cppExport.cmake
[4.401s] -- Up-to-date: /home/orin/work/install/detect_interfaces/share/detect_interfaces/cmake/export_detect_interfaces__rosidl_typesupport_fastrtps_cppExport-noconfig.cmake
[4.401s] -- Up-to-date: /home/orin/work/install/detect_interfaces/share/detect_interfaces/cmake/detect_interfaces__rosidl_typesupport_introspection_cExport.cmake
[4.401s] -- Up-to-date: /home/orin/work/install/detect_interfaces/share/detect_interfaces/cmake/detect_interfaces__rosidl_typesupport_introspection_cExport-noconfig.cmake
[4.401s] -- Up-to-date: /home/orin/work/install/detect_interfaces/share/detect_interfaces/cmake/detect_interfaces__rosidl_typesupport_cExport.cmake
[4.401s] -- Up-to-date: /home/orin/work/install/detect_interfaces/share/detect_interfaces/cmake/detect_interfaces__rosidl_typesupport_cExport-noconfig.cmake
[4.401s] -- Up-to-date: /home/orin/work/install/detect_interfaces/share/detect_interfaces/cmake/detect_interfaces__rosidl_typesupport_introspection_cppExport.cmake
[4.401s] -- Up-to-date: /home/orin/work/install/detect_interfaces/share/detect_interfaces/cmake/detect_interfaces__rosidl_typesupport_introspection_cppExport-noconfig.cmake
[4.402s] -- Up-to-date: /home/orin/work/install/detect_interfaces/share/detect_interfaces/cmake/detect_interfaces__rosidl_typesupport_cppExport.cmake
[4.402s] -- Up-to-date: /home/orin/work/install/detect_interfaces/share/detect_interfaces/cmake/detect_interfaces__rosidl_typesupport_cppExport-noconfig.cmake
[4.402s] -- Up-to-date: /home/orin/work/install/detect_interfaces/share/detect_interfaces/cmake/export_detect_interfaces__rosidl_generator_pyExport.cmake
[4.402s] -- Up-to-date: /home/orin/work/install/detect_interfaces/share/detect_interfaces/cmake/export_detect_interfaces__rosidl_generator_pyExport-noconfig.cmake
[4.402s] -- Up-to-date: /home/orin/work/install/detect_interfaces/share/detect_interfaces/cmake/rosidl_cmake-extras.cmake
[4.402s] -- Up-to-date: /home/orin/work/install/detect_interfaces/share/detect_interfaces/cmake/ament_cmake_export_dependencies-extras.cmake
[4.402s] -- Up-to-date: /home/orin/work/install/detect_interfaces/share/detect_interfaces/cmake/ament_cmake_export_include_directories-extras.cmake
[4.402s] -- Up-to-date: /home/orin/work/install/detect_interfaces/share/detect_interfaces/cmake/ament_cmake_export_libraries-extras.cmake
[4.403s] -- Up-to-date: /home/orin/work/install/detect_interfaces/share/detect_interfaces/cmake/ament_cmake_export_targets-extras.cmake
[4.403s] -- Up-to-date: /home/orin/work/install/detect_interfaces/share/detect_interfaces/cmake/rosidl_cmake_export_typesupport_targets-extras.cmake
[4.403s] -- Up-to-date: /home/orin/work/install/detect_interfaces/share/detect_interfaces/cmake/rosidl_cmake_export_typesupport_libraries-extras.cmake
[4.403s] -- Up-to-date: /home/orin/work/install/detect_interfaces/share/detect_interfaces/cmake/detect_interfacesConfig.cmake
[4.403s] -- Up-to-date: /home/orin/work/install/detect_interfaces/share/detect_interfaces/cmake/detect_interfacesConfig-version.cmake
[4.403s] -- Up-to-date: /home/orin/work/install/detect_interfaces/share/detect_interfaces/package.xml
[4.573s] Invoked command in '/home/orin/work/build/detect_interfaces' returned '0': CMAKE_PREFIX_PATH=${CMAKE_PREFIX_PATH}:/home/orin/work/install/turtlebot3_teleop:/home/orin/work/install/turtlebot3_example:/home/orin/work/install/object_detection:/home/orin/work/install/detect_lane:/home/orin/work/install/core:/home/orin/work/install/control:/home/orin/work/install/camera:/opt/ros/humble /usr/local/bin/cmake --install /home/orin/work/build/detect_interfaces
