[0.173s] Invoking command in '/home/orin/work/build/turtlebot3_msgs': CMAKE_PREFIX_PATH=${CMAKE_PREFIX_PATH}:/home/orin/work/install/turtlebot3_teleop:/home/orin/work/install/turtlebot3_example:/home/orin/work/install/object_detection:/home/orin/work/install/detect_lane:/home/orin/work/install/core:/home/orin/work/install/control:/home/orin/work/install/camera:/opt/ros/humble /usr/local/bin/cmake --build /home/orin/work/build/turtlebot3_msgs -- -j12 -l12
[2.430s] [ 11%] Built target turtlebot3_msgs__rosidl_generator_c
[2.430s] [ 12%] Built target turtlebot3_msgs__cpp
[2.432s] [ 12%] Built target ament_cmake_python_copy_turtlebot3_msgs
[2.434s] [ 23%] Built target turtlebot3_msgs__rosidl_typesupport_introspection_c
[2.434s] [ 35%] Built target turtlebot3_msgs__rosidl_typesupport_fastrtps_c
[2.436s] [ 46%] Built target turtlebot3_msgs__rosidl_typesupport_cpp
[2.437s] [ 57%] Built target turtlebot3_msgs__rosidl_typesupport_fastrtps_cpp
[2.437s] [ 69%] Built target turtlebot3_msgs__rosidl_typesupport_c
[2.438s] [ 80%] Built target turtlebot3_msgs__rosidl_typesupport_introspection_cpp
[2.438s] [ 80%] Built target turtlebot3_msgs
[2.438s] [ 81%] Built target turtlebot3_msgs__py
[2.438s] [ 91%] Built target turtlebot3_msgs__rosidl_generator_py
[2.440s] [ 94%] Built target turtlebot3_msgs__rosidl_typesupport_fastrtps_c__pyext
[2.441s] [ 97%] Built target turtlebot3_msgs__rosidl_typesupport_introspection_c__pyext
[2.442s] [100%] Built target turtlebot3_msgs__rosidl_typesupport_c__pyext
[2.442s] running egg_info
[2.444s] writing turtlebot3_msgs.egg-info/PKG-INFO
[2.444s] writing dependency_links to turtlebot3_msgs.egg-info/dependency_links.txt
[2.445s] writing top-level names to turtlebot3_msgs.egg-info/top_level.txt
[2.445s] reading manifest file 'turtlebot3_msgs.egg-info/SOURCES.txt'
[2.445s] writing manifest file 'turtlebot3_msgs.egg-info/SOURCES.txt'
[2.445s] [100%] Built target ament_cmake_python_build_turtlebot3_msgs_egg
[3.257s] Invoked command in '/home/orin/work/build/turtlebot3_msgs' returned '0': CMAKE_PREFIX_PATH=${CMAKE_PREFIX_PATH}:/home/orin/work/install/turtlebot3_teleop:/home/orin/work/install/turtlebot3_example:/home/orin/work/install/object_detection:/home/orin/work/install/detect_lane:/home/orin/work/install/core:/home/orin/work/install/control:/home/orin/work/install/camera:/opt/ros/humble /usr/local/bin/cmake --build /home/orin/work/build/turtlebot3_msgs -- -j12 -l12
[3.259s] Invoking command in '/home/orin/work/build/turtlebot3_msgs': CMAKE_PREFIX_PATH=${CMAKE_PREFIX_PATH}:/home/orin/work/install/turtlebot3_teleop:/home/orin/work/install/turtlebot3_example:/home/orin/work/install/object_detection:/home/orin/work/install/detect_lane:/home/orin/work/install/core:/home/orin/work/install/control:/home/orin/work/install/camera:/opt/ros/humble /usr/local/bin/cmake --install /home/orin/work/build/turtlebot3_msgs
[3.571s] -- Install configuration: ""
[3.571s] -- Up-to-date: /home/orin/work/install/turtlebot3_msgs/share/ament_index/resource_index/rosidl_interfaces/turtlebot3_msgs
[3.587s] -- Up-to-date: /home/orin/work/install/turtlebot3_msgs/include/turtlebot3_msgs/turtlebot3_msgs
[3.588s] -- Up-to-date: /home/orin/work/install/turtlebot3_msgs/include/turtlebot3_msgs/turtlebot3_msgs/msg
[3.588s] -- Up-to-date: /home/orin/work/install/turtlebot3_msgs/include/turtlebot3_msgs/turtlebot3_msgs/msg/rosidl_generator_c__visibility_control.h
[3.588s] -- Up-to-date: /home/orin/work/install/turtlebot3_msgs/include/turtlebot3_msgs/turtlebot3_msgs/msg/version_info.h
[3.589s] -- Up-to-date: /home/orin/work/install/turtlebot3_msgs/include/turtlebot3_msgs/turtlebot3_msgs/msg/detail
[3.590s] -- Up-to-date: /home/orin/work/install/turtlebot3_msgs/include/turtlebot3_msgs/turtlebot3_msgs/msg/detail/version_info__type_support.h
[3.590s] -- Up-to-date: /home/orin/work/install/turtlebot3_msgs/include/turtlebot3_msgs/turtlebot3_msgs/msg/detail/sound__struct.h
[3.590s] -- Up-to-date: /home/orin/work/install/turtlebot3_msgs/include/turtlebot3_msgs/turtlebot3_msgs/msg/detail/sound__functions.h
[3.590s] -- Up-to-date: /home/orin/work/install/turtlebot3_msgs/include/turtlebot3_msgs/turtlebot3_msgs/msg/detail/sensor_state__functions.h
[3.590s] -- Up-to-date: /home/orin/work/install/turtlebot3_msgs/include/turtlebot3_msgs/turtlebot3_msgs/msg/detail/sound__functions.c
[3.592s] -- Up-to-date: /home/orin/work/install/turtlebot3_msgs/include/turtlebot3_msgs/turtlebot3_msgs/msg/detail/version_info__functions.c
[3.603s] -- Up-to-date: /home/orin/work/install/turtlebot3_msgs/include/turtlebot3_msgs/turtlebot3_msgs/msg/detail/sound__type_support.h
[3.603s] -- Up-to-date: /home/orin/work/install/turtlebot3_msgs/include/turtlebot3_msgs/turtlebot3_msgs/msg/detail/sensor_state__functions.c
[3.604s] -- Up-to-date: /home/orin/work/install/turtlebot3_msgs/include/turtlebot3_msgs/turtlebot3_msgs/msg/detail/sensor_state__struct.h
[3.604s] -- Up-to-date: /home/orin/work/install/turtlebot3_msgs/include/turtlebot3_msgs/turtlebot3_msgs/msg/detail/sensor_state__type_support.h
[3.604s] -- Up-to-date: /home/orin/work/install/turtlebot3_msgs/include/turtlebot3_msgs/turtlebot3_msgs/msg/detail/version_info__struct.h
[3.604s] -- Up-to-date: /home/orin/work/install/turtlebot3_msgs/include/turtlebot3_msgs/turtlebot3_msgs/msg/detail/version_info__functions.h
[3.604s] -- Up-to-date: /home/orin/work/install/turtlebot3_msgs/include/turtlebot3_msgs/turtlebot3_msgs/msg/sensor_state.h
[3.604s] -- Up-to-date: /home/orin/work/install/turtlebot3_msgs/include/turtlebot3_msgs/turtlebot3_msgs/msg/sound.h
[3.604s] -- Up-to-date: /home/orin/work/install/turtlebot3_msgs/include/turtlebot3_msgs/turtlebot3_msgs/action
[3.605s] -- Up-to-date: /home/orin/work/install/turtlebot3_msgs/include/turtlebot3_msgs/turtlebot3_msgs/action/patrol.h
[3.605s] -- Up-to-date: /home/orin/work/install/turtlebot3_msgs/include/turtlebot3_msgs/turtlebot3_msgs/action/detail
[3.605s] -- Up-to-date: /home/orin/work/install/turtlebot3_msgs/include/turtlebot3_msgs/turtlebot3_msgs/action/detail/patrol__functions.h
[3.606s] -- Up-to-date: /home/orin/work/install/turtlebot3_msgs/include/turtlebot3_msgs/turtlebot3_msgs/action/detail/patrol__functions.c
[3.606s] -- Up-to-date: /home/orin/work/install/turtlebot3_msgs/include/turtlebot3_msgs/turtlebot3_msgs/action/detail/patrol__struct.h
[3.606s] -- Up-to-date: /home/orin/work/install/turtlebot3_msgs/include/turtlebot3_msgs/turtlebot3_msgs/action/detail/patrol__type_support.h
[3.606s] -- Up-to-date: /home/orin/work/install/turtlebot3_msgs/include/turtlebot3_msgs/turtlebot3_msgs/srv
[3.606s] -- Up-to-date: /home/orin/work/install/turtlebot3_msgs/include/turtlebot3_msgs/turtlebot3_msgs/srv/dqn.h
[3.607s] -- Up-to-date: /home/orin/work/install/turtlebot3_msgs/include/turtlebot3_msgs/turtlebot3_msgs/srv/detail
[3.607s] -- Up-to-date: /home/orin/work/install/turtlebot3_msgs/include/turtlebot3_msgs/turtlebot3_msgs/srv/detail/dqn__functions.c
[3.607s] -- Up-to-date: /home/orin/work/install/turtlebot3_msgs/include/turtlebot3_msgs/turtlebot3_msgs/srv/detail/sound__struct.h
[3.607s] -- Up-to-date: /home/orin/work/install/turtlebot3_msgs/include/turtlebot3_msgs/turtlebot3_msgs/srv/detail/sound__functions.h
[3.607s] -- Up-to-date: /home/orin/work/install/turtlebot3_msgs/include/turtlebot3_msgs/turtlebot3_msgs/srv/detail/sound__functions.c
[3.608s] -- Up-to-date: /home/orin/work/install/turtlebot3_msgs/include/turtlebot3_msgs/turtlebot3_msgs/srv/detail/sound__type_support.h
[3.608s] -- Up-to-date: /home/orin/work/install/turtlebot3_msgs/include/turtlebot3_msgs/turtlebot3_msgs/srv/detail/dqn__struct.h
[3.608s] -- Up-to-date: /home/orin/work/install/turtlebot3_msgs/include/turtlebot3_msgs/turtlebot3_msgs/srv/detail/dqn__type_support.h
[3.608s] -- Up-to-date: /home/orin/work/install/turtlebot3_msgs/include/turtlebot3_msgs/turtlebot3_msgs/srv/detail/dqn__functions.h
[3.608s] -- Up-to-date: /home/orin/work/install/turtlebot3_msgs/include/turtlebot3_msgs/turtlebot3_msgs/srv/sound.h
[3.610s] -- Up-to-date: /home/orin/work/install/turtlebot3_msgs/share/turtlebot3_msgs/environment/library_path.sh
[3.611s] -- Up-to-date: /home/orin/work/install/turtlebot3_msgs/share/turtlebot3_msgs/environment/library_path.dsv
[3.614s] -- Up-to-date: /home/orin/work/install/turtlebot3_msgs/lib/libturtlebot3_msgs__rosidl_generator_c.so
[3.614s] -- Up-to-date: /home/orin/work/install/turtlebot3_msgs/include/turtlebot3_msgs/turtlebot3_msgs
[3.614s] -- Up-to-date: /home/orin/work/install/turtlebot3_msgs/include/turtlebot3_msgs/turtlebot3_msgs/msg
[3.615s] -- Up-to-date: /home/orin/work/install/turtlebot3_msgs/include/turtlebot3_msgs/turtlebot3_msgs/msg/detail
[3.615s] -- Up-to-date: /home/orin/work/install/turtlebot3_msgs/include/turtlebot3_msgs/turtlebot3_msgs/msg/detail/sound__rosidl_typesupport_fastrtps_c.h
[3.615s] -- Up-to-date: /home/orin/work/install/turtlebot3_msgs/include/turtlebot3_msgs/turtlebot3_msgs/msg/detail/version_info__rosidl_typesupport_fastrtps_c.h
[3.615s] -- Up-to-date: /home/orin/work/install/turtlebot3_msgs/include/turtlebot3_msgs/turtlebot3_msgs/msg/detail/sensor_state__rosidl_typesupport_fastrtps_c.h
[3.615s] -- Up-to-date: /home/orin/work/install/turtlebot3_msgs/include/turtlebot3_msgs/turtlebot3_msgs/msg/rosidl_typesupport_fastrtps_c__visibility_control.h
[3.615s] -- Up-to-date: /home/orin/work/install/turtlebot3_msgs/include/turtlebot3_msgs/turtlebot3_msgs/action
[3.616s] -- Up-to-date: /home/orin/work/install/turtlebot3_msgs/include/turtlebot3_msgs/turtlebot3_msgs/action/detail
[3.616s] -- Up-to-date: /home/orin/work/install/turtlebot3_msgs/include/turtlebot3_msgs/turtlebot3_msgs/action/detail/patrol__rosidl_typesupport_fastrtps_c.h
[3.616s] -- Up-to-date: /home/orin/work/install/turtlebot3_msgs/include/turtlebot3_msgs/turtlebot3_msgs/srv
[3.616s] -- Up-to-date: /home/orin/work/install/turtlebot3_msgs/include/turtlebot3_msgs/turtlebot3_msgs/srv/detail
[3.616s] -- Up-to-date: /home/orin/work/install/turtlebot3_msgs/include/turtlebot3_msgs/turtlebot3_msgs/srv/detail/sound__rosidl_typesupport_fastrtps_c.h
[3.616s] -- Up-to-date: /home/orin/work/install/turtlebot3_msgs/include/turtlebot3_msgs/turtlebot3_msgs/srv/detail/dqn__rosidl_typesupport_fastrtps_c.h
[3.617s] -- Up-to-date: /home/orin/work/install/turtlebot3_msgs/lib/libturtlebot3_msgs__rosidl_typesupport_fastrtps_c.so
[3.617s] -- Up-to-date: /home/orin/work/install/turtlebot3_msgs/include/turtlebot3_msgs/turtlebot3_msgs
[3.617s] -- Up-to-date: /home/orin/work/install/turtlebot3_msgs/include/turtlebot3_msgs/turtlebot3_msgs/msg
[3.617s] -- Up-to-date: /home/orin/work/install/turtlebot3_msgs/include/turtlebot3_msgs/turtlebot3_msgs/msg/sensor_state.hpp
[3.623s] -- Up-to-date: /home/orin/work/install/turtlebot3_msgs/include/turtlebot3_msgs/turtlebot3_msgs/msg/detail
[3.623s] -- Up-to-date: /home/orin/work/install/turtlebot3_msgs/include/turtlebot3_msgs/turtlebot3_msgs/msg/detail/sensor_state__builder.hpp
[3.623s] -- Up-to-date: /home/orin/work/install/turtlebot3_msgs/include/turtlebot3_msgs/turtlebot3_msgs/msg/detail/version_info__type_support.hpp
[3.623s] -- Up-to-date: /home/orin/work/install/turtlebot3_msgs/include/turtlebot3_msgs/turtlebot3_msgs/msg/detail/sound__builder.hpp
[3.623s] -- Up-to-date: /home/orin/work/install/turtlebot3_msgs/include/turtlebot3_msgs/turtlebot3_msgs/msg/detail/sensor_state__struct.hpp
[3.624s] -- Up-to-date: /home/orin/work/install/turtlebot3_msgs/include/turtlebot3_msgs/turtlebot3_msgs/msg/detail/version_info__struct.hpp
[3.624s] -- Up-to-date: /home/orin/work/install/turtlebot3_msgs/include/turtlebot3_msgs/turtlebot3_msgs/msg/detail/version_info__traits.hpp
[3.624s] -- Up-to-date: /home/orin/work/install/turtlebot3_msgs/include/turtlebot3_msgs/turtlebot3_msgs/msg/detail/version_info__builder.hpp
[3.624s] -- Up-to-date: /home/orin/work/install/turtlebot3_msgs/include/turtlebot3_msgs/turtlebot3_msgs/msg/detail/sound__struct.hpp
[3.624s] -- Up-to-date: /home/orin/work/install/turtlebot3_msgs/include/turtlebot3_msgs/turtlebot3_msgs/msg/detail/sensor_state__type_support.hpp
[3.624s] -- Up-to-date: /home/orin/work/install/turtlebot3_msgs/include/turtlebot3_msgs/turtlebot3_msgs/msg/detail/sensor_state__traits.hpp
[3.624s] -- Up-to-date: /home/orin/work/install/turtlebot3_msgs/include/turtlebot3_msgs/turtlebot3_msgs/msg/detail/sound__type_support.hpp
[3.625s] -- Up-to-date: /home/orin/work/install/turtlebot3_msgs/include/turtlebot3_msgs/turtlebot3_msgs/msg/detail/sound__traits.hpp
[3.625s] -- Up-to-date: /home/orin/work/install/turtlebot3_msgs/include/turtlebot3_msgs/turtlebot3_msgs/msg/rosidl_generator_cpp__visibility_control.hpp
[3.625s] -- Up-to-date: /home/orin/work/install/turtlebot3_msgs/include/turtlebot3_msgs/turtlebot3_msgs/msg/sound.hpp
[3.625s] -- Up-to-date: /home/orin/work/install/turtlebot3_msgs/include/turtlebot3_msgs/turtlebot3_msgs/msg/version_info.hpp
[3.625s] -- Up-to-date: /home/orin/work/install/turtlebot3_msgs/include/turtlebot3_msgs/turtlebot3_msgs/action
[3.625s] -- Up-to-date: /home/orin/work/install/turtlebot3_msgs/include/turtlebot3_msgs/turtlebot3_msgs/action/detail
[3.625s] -- Up-to-date: /home/orin/work/install/turtlebot3_msgs/include/turtlebot3_msgs/turtlebot3_msgs/action/detail/patrol__type_support.hpp
[3.625s] -- Up-to-date: /home/orin/work/install/turtlebot3_msgs/include/turtlebot3_msgs/turtlebot3_msgs/action/detail/patrol__traits.hpp
[3.626s] -- Up-to-date: /home/orin/work/install/turtlebot3_msgs/include/turtlebot3_msgs/turtlebot3_msgs/action/detail/patrol__struct.hpp
[3.626s] -- Up-to-date: /home/orin/work/install/turtlebot3_msgs/include/turtlebot3_msgs/turtlebot3_msgs/action/detail/patrol__builder.hpp
[3.626s] -- Up-to-date: /home/orin/work/install/turtlebot3_msgs/include/turtlebot3_msgs/turtlebot3_msgs/action/patrol.hpp
[3.626s] -- Up-to-date: /home/orin/work/install/turtlebot3_msgs/include/turtlebot3_msgs/turtlebot3_msgs/srv
[3.626s] -- Up-to-date: /home/orin/work/install/turtlebot3_msgs/include/turtlebot3_msgs/turtlebot3_msgs/srv/dqn.hpp
[3.626s] -- Up-to-date: /home/orin/work/install/turtlebot3_msgs/include/turtlebot3_msgs/turtlebot3_msgs/srv/detail
[3.626s] -- Up-to-date: /home/orin/work/install/turtlebot3_msgs/include/turtlebot3_msgs/turtlebot3_msgs/srv/detail/sound__builder.hpp
[3.627s] -- Up-to-date: /home/orin/work/install/turtlebot3_msgs/include/turtlebot3_msgs/turtlebot3_msgs/srv/detail/dqn__builder.hpp
[3.627s] -- Up-to-date: /home/orin/work/install/turtlebot3_msgs/include/turtlebot3_msgs/turtlebot3_msgs/srv/detail/dqn__traits.hpp
[3.627s] -- Up-to-date: /home/orin/work/install/turtlebot3_msgs/include/turtlebot3_msgs/turtlebot3_msgs/srv/detail/dqn__struct.hpp
[3.627s] -- Up-to-date: /home/orin/work/install/turtlebot3_msgs/include/turtlebot3_msgs/turtlebot3_msgs/srv/detail/sound__struct.hpp
[3.627s] -- Up-to-date: /home/orin/work/install/turtlebot3_msgs/include/turtlebot3_msgs/turtlebot3_msgs/srv/detail/dqn__type_support.hpp
[3.627s] -- Up-to-date: /home/orin/work/install/turtlebot3_msgs/include/turtlebot3_msgs/turtlebot3_msgs/srv/detail/sound__type_support.hpp
[3.627s] -- Up-to-date: /home/orin/work/install/turtlebot3_msgs/include/turtlebot3_msgs/turtlebot3_msgs/srv/detail/sound__traits.hpp
[3.628s] -- Up-to-date: /home/orin/work/install/turtlebot3_msgs/include/turtlebot3_msgs/turtlebot3_msgs/srv/sound.hpp
[3.628s] -- Up-to-date: /home/orin/work/install/turtlebot3_msgs/include/turtlebot3_msgs/turtlebot3_msgs
[3.628s] -- Up-to-date: /home/orin/work/install/turtlebot3_msgs/include/turtlebot3_msgs/turtlebot3_msgs/msg
[3.628s] -- Up-to-date: /home/orin/work/install/turtlebot3_msgs/include/turtlebot3_msgs/turtlebot3_msgs/msg/detail
[3.628s] -- Up-to-date: /home/orin/work/install/turtlebot3_msgs/include/turtlebot3_msgs/turtlebot3_msgs/msg/detail/sound__rosidl_typesupport_fastrtps_cpp.hpp
[3.628s] -- Up-to-date: /home/orin/work/install/turtlebot3_msgs/include/turtlebot3_msgs/turtlebot3_msgs/msg/detail/version_info__rosidl_typesupport_fastrtps_cpp.hpp
[3.628s] -- Up-to-date: /home/orin/work/install/turtlebot3_msgs/include/turtlebot3_msgs/turtlebot3_msgs/msg/detail/dds_fastrtps
[3.628s] -- Up-to-date: /home/orin/work/install/turtlebot3_msgs/include/turtlebot3_msgs/turtlebot3_msgs/msg/detail/sensor_state__rosidl_typesupport_fastrtps_cpp.hpp
[3.629s] -- Up-to-date: /home/orin/work/install/turtlebot3_msgs/include/turtlebot3_msgs/turtlebot3_msgs/msg/rosidl_typesupport_fastrtps_cpp__visibility_control.h
[3.629s] -- Up-to-date: /home/orin/work/install/turtlebot3_msgs/include/turtlebot3_msgs/turtlebot3_msgs/action
[3.629s] -- Up-to-date: /home/orin/work/install/turtlebot3_msgs/include/turtlebot3_msgs/turtlebot3_msgs/action/detail
[3.629s] -- Up-to-date: /home/orin/work/install/turtlebot3_msgs/include/turtlebot3_msgs/turtlebot3_msgs/action/detail/patrol__rosidl_typesupport_fastrtps_cpp.hpp
[3.629s] -- Up-to-date: /home/orin/work/install/turtlebot3_msgs/include/turtlebot3_msgs/turtlebot3_msgs/action/detail/dds_fastrtps
[3.629s] -- Up-to-date: /home/orin/work/install/turtlebot3_msgs/include/turtlebot3_msgs/turtlebot3_msgs/srv
[3.629s] -- Up-to-date: /home/orin/work/install/turtlebot3_msgs/include/turtlebot3_msgs/turtlebot3_msgs/srv/detail
[3.630s] -- Up-to-date: /home/orin/work/install/turtlebot3_msgs/include/turtlebot3_msgs/turtlebot3_msgs/srv/detail/sound__rosidl_typesupport_fastrtps_cpp.hpp
[3.630s] -- Up-to-date: /home/orin/work/install/turtlebot3_msgs/include/turtlebot3_msgs/turtlebot3_msgs/srv/detail/dds_fastrtps
[3.630s] -- Up-to-date: /home/orin/work/install/turtlebot3_msgs/include/turtlebot3_msgs/turtlebot3_msgs/srv/detail/dqn__rosidl_typesupport_fastrtps_cpp.hpp
[3.630s] -- Up-to-date: /home/orin/work/install/turtlebot3_msgs/lib/libturtlebot3_msgs__rosidl_typesupport_fastrtps_cpp.so
[3.630s] -- Up-to-date: /home/orin/work/install/turtlebot3_msgs/include/turtlebot3_msgs/turtlebot3_msgs
[3.630s] -- Up-to-date: /home/orin/work/install/turtlebot3_msgs/include/turtlebot3_msgs/turtlebot3_msgs/msg
[3.630s] -- Up-to-date: /home/orin/work/install/turtlebot3_msgs/include/turtlebot3_msgs/turtlebot3_msgs/msg/rosidl_typesupport_introspection_c__visibility_control.h
[3.630s] -- Up-to-date: /home/orin/work/install/turtlebot3_msgs/include/turtlebot3_msgs/turtlebot3_msgs/msg/detail
[3.631s] -- Up-to-date: /home/orin/work/install/turtlebot3_msgs/include/turtlebot3_msgs/turtlebot3_msgs/msg/detail/sensor_state__type_support.c
[3.631s] -- Up-to-date: /home/orin/work/install/turtlebot3_msgs/include/turtlebot3_msgs/turtlebot3_msgs/msg/detail/sensor_state__rosidl_typesupport_introspection_c.h
[3.631s] -- Up-to-date: /home/orin/work/install/turtlebot3_msgs/include/turtlebot3_msgs/turtlebot3_msgs/msg/detail/version_info__type_support.c
[3.631s] -- Up-to-date: /home/orin/work/install/turtlebot3_msgs/include/turtlebot3_msgs/turtlebot3_msgs/msg/detail/version_info__rosidl_typesupport_introspection_c.h
[3.631s] -- Up-to-date: /home/orin/work/install/turtlebot3_msgs/include/turtlebot3_msgs/turtlebot3_msgs/msg/detail/sound__rosidl_typesupport_introspection_c.h
[3.631s] -- Up-to-date: /home/orin/work/install/turtlebot3_msgs/include/turtlebot3_msgs/turtlebot3_msgs/msg/detail/sound__type_support.c
[3.631s] -- Up-to-date: /home/orin/work/install/turtlebot3_msgs/include/turtlebot3_msgs/turtlebot3_msgs/action
[3.632s] -- Up-to-date: /home/orin/work/install/turtlebot3_msgs/include/turtlebot3_msgs/turtlebot3_msgs/action/detail
[3.632s] -- Up-to-date: /home/orin/work/install/turtlebot3_msgs/include/turtlebot3_msgs/turtlebot3_msgs/action/detail/patrol__type_support.c
[3.632s] -- Up-to-date: /home/orin/work/install/turtlebot3_msgs/include/turtlebot3_msgs/turtlebot3_msgs/action/detail/patrol__rosidl_typesupport_introspection_c.h
[3.632s] -- Up-to-date: /home/orin/work/install/turtlebot3_msgs/include/turtlebot3_msgs/turtlebot3_msgs/srv
[3.632s] -- Up-to-date: /home/orin/work/install/turtlebot3_msgs/include/turtlebot3_msgs/turtlebot3_msgs/srv/detail
[3.632s] -- Up-to-date: /home/orin/work/install/turtlebot3_msgs/include/turtlebot3_msgs/turtlebot3_msgs/srv/detail/dqn__type_support.c
[3.632s] -- Up-to-date: /home/orin/work/install/turtlebot3_msgs/include/turtlebot3_msgs/turtlebot3_msgs/srv/detail/sound__rosidl_typesupport_introspection_c.h
[3.658s] -- Up-to-date: /home/orin/work/install/turtlebot3_msgs/include/turtlebot3_msgs/turtlebot3_msgs/srv/detail/dqn__rosidl_typesupport_introspection_c.h
[3.659s] -- Up-to-date: /home/orin/work/install/turtlebot3_msgs/include/turtlebot3_msgs/turtlebot3_msgs/srv/detail/sound__type_support.c
[3.659s] -- Up-to-date: /home/orin/work/install/turtlebot3_msgs/lib/libturtlebot3_msgs__rosidl_typesupport_introspection_c.so
[3.659s] -- Up-to-date: /home/orin/work/install/turtlebot3_msgs/lib/libturtlebot3_msgs__rosidl_typesupport_c.so
[3.659s] -- Up-to-date: /home/orin/work/install/turtlebot3_msgs/include/turtlebot3_msgs/turtlebot3_msgs
[3.659s] -- Up-to-date: /home/orin/work/install/turtlebot3_msgs/include/turtlebot3_msgs/turtlebot3_msgs/msg
[3.660s] -- Up-to-date: /home/orin/work/install/turtlebot3_msgs/include/turtlebot3_msgs/turtlebot3_msgs/msg/detail
[3.660s] -- Up-to-date: /home/orin/work/install/turtlebot3_msgs/include/turtlebot3_msgs/turtlebot3_msgs/msg/detail/version_info__rosidl_typesupport_introspection_cpp.hpp
[3.660s] -- Up-to-date: /home/orin/work/install/turtlebot3_msgs/include/turtlebot3_msgs/turtlebot3_msgs/msg/detail/sound__rosidl_typesupport_introspection_cpp.hpp
[3.660s] -- Up-to-date: /home/orin/work/install/turtlebot3_msgs/include/turtlebot3_msgs/turtlebot3_msgs/msg/detail/sensor_state__type_support.cpp
[3.660s] -- Up-to-date: /home/orin/work/install/turtlebot3_msgs/include/turtlebot3_msgs/turtlebot3_msgs/msg/detail/version_info__type_support.cpp
[3.660s] -- Up-to-date: /home/orin/work/install/turtlebot3_msgs/include/turtlebot3_msgs/turtlebot3_msgs/msg/detail/sensor_state__rosidl_typesupport_introspection_cpp.hpp
[3.660s] -- Up-to-date: /home/orin/work/install/turtlebot3_msgs/include/turtlebot3_msgs/turtlebot3_msgs/msg/detail/sound__type_support.cpp
[3.660s] -- Up-to-date: /home/orin/work/install/turtlebot3_msgs/include/turtlebot3_msgs/turtlebot3_msgs/action
[3.661s] -- Up-to-date: /home/orin/work/install/turtlebot3_msgs/include/turtlebot3_msgs/turtlebot3_msgs/action/detail
[3.661s] -- Up-to-date: /home/orin/work/install/turtlebot3_msgs/include/turtlebot3_msgs/turtlebot3_msgs/action/detail/patrol__type_support.cpp
[3.661s] -- Up-to-date: /home/orin/work/install/turtlebot3_msgs/include/turtlebot3_msgs/turtlebot3_msgs/action/detail/patrol__rosidl_typesupport_introspection_cpp.hpp
[3.661s] -- Up-to-date: /home/orin/work/install/turtlebot3_msgs/include/turtlebot3_msgs/turtlebot3_msgs/srv
[3.661s] -- Up-to-date: /home/orin/work/install/turtlebot3_msgs/include/turtlebot3_msgs/turtlebot3_msgs/srv/detail
[3.661s] -- Up-to-date: /home/orin/work/install/turtlebot3_msgs/include/turtlebot3_msgs/turtlebot3_msgs/srv/detail/dqn__rosidl_typesupport_introspection_cpp.hpp
[3.661s] -- Up-to-date: /home/orin/work/install/turtlebot3_msgs/include/turtlebot3_msgs/turtlebot3_msgs/srv/detail/sound__rosidl_typesupport_introspection_cpp.hpp
[3.662s] -- Up-to-date: /home/orin/work/install/turtlebot3_msgs/include/turtlebot3_msgs/turtlebot3_msgs/srv/detail/sound__type_support.cpp
[3.662s] -- Up-to-date: /home/orin/work/install/turtlebot3_msgs/include/turtlebot3_msgs/turtlebot3_msgs/srv/detail/dqn__type_support.cpp
[3.662s] -- Up-to-date: /home/orin/work/install/turtlebot3_msgs/lib/libturtlebot3_msgs__rosidl_typesupport_introspection_cpp.so
[3.662s] -- Up-to-date: /home/orin/work/install/turtlebot3_msgs/lib/libturtlebot3_msgs__rosidl_typesupport_cpp.so
[3.662s] -- Up-to-date: /home/orin/work/install/turtlebot3_msgs/share/turtlebot3_msgs/environment/pythonpath.sh
[3.662s] -- Up-to-date: /home/orin/work/install/turtlebot3_msgs/share/turtlebot3_msgs/environment/pythonpath.dsv
[3.662s] -- Up-to-date: /home/orin/work/install/turtlebot3_msgs/local/lib/python3.10/dist-packages/turtlebot3_msgs-2.2.3-py3.10.egg-info
[3.662s] -- Installing: /home/orin/work/install/turtlebot3_msgs/local/lib/python3.10/dist-packages/turtlebot3_msgs-2.2.3-py3.10.egg-info/PKG-INFO
[3.663s] -- Installing: /home/orin/work/install/turtlebot3_msgs/local/lib/python3.10/dist-packages/turtlebot3_msgs-2.2.3-py3.10.egg-info/top_level.txt
[3.663s] -- Installing: /home/orin/work/install/turtlebot3_msgs/local/lib/python3.10/dist-packages/turtlebot3_msgs-2.2.3-py3.10.egg-info/dependency_links.txt
[3.663s] -- Installing: /home/orin/work/install/turtlebot3_msgs/local/lib/python3.10/dist-packages/turtlebot3_msgs-2.2.3-py3.10.egg-info/SOURCES.txt
[3.663s] -- Up-to-date: /home/orin/work/install/turtlebot3_msgs/local/lib/python3.10/dist-packages/turtlebot3_msgs
[3.663s] -- Up-to-date: /home/orin/work/install/turtlebot3_msgs/local/lib/python3.10/dist-packages/turtlebot3_msgs/turtlebot3_msgs_s__rosidl_typesupport_fastrtps_c.cpython-310-aarch64-linux-gnu.so
[3.663s] -- Up-to-date: /home/orin/work/install/turtlebot3_msgs/local/lib/python3.10/dist-packages/turtlebot3_msgs/libturtlebot3_msgs__rosidl_generator_py.so
[3.663s] -- Up-to-date: /home/orin/work/install/turtlebot3_msgs/local/lib/python3.10/dist-packages/turtlebot3_msgs/_turtlebot3_msgs_s.ep.rosidl_typesupport_fastrtps_c.c
[3.664s] -- Up-to-date: /home/orin/work/install/turtlebot3_msgs/local/lib/python3.10/dist-packages/turtlebot3_msgs/turtlebot3_msgs_s__rosidl_typesupport_c.cpython-310-aarch64-linux-gnu.so
[3.664s] -- Up-to-date: /home/orin/work/install/turtlebot3_msgs/local/lib/python3.10/dist-packages/turtlebot3_msgs/msg
[3.664s] -- Up-to-date: /home/orin/work/install/turtlebot3_msgs/local/lib/python3.10/dist-packages/turtlebot3_msgs/msg/_sensor_state.py
[3.664s] -- Up-to-date: /home/orin/work/install/turtlebot3_msgs/local/lib/python3.10/dist-packages/turtlebot3_msgs/msg/_version_info.py
[3.664s] -- Up-to-date: /home/orin/work/install/turtlebot3_msgs/local/lib/python3.10/dist-packages/turtlebot3_msgs/msg/_sensor_state_s.c
[3.664s] -- Up-to-date: /home/orin/work/install/turtlebot3_msgs/local/lib/python3.10/dist-packages/turtlebot3_msgs/msg/__init__.py
[3.664s] -- Up-to-date: /home/orin/work/install/turtlebot3_msgs/local/lib/python3.10/dist-packages/turtlebot3_msgs/msg/_sound.py
[3.664s] -- Up-to-date: /home/orin/work/install/turtlebot3_msgs/local/lib/python3.10/dist-packages/turtlebot3_msgs/msg/_version_info_s.c
[3.665s] -- Up-to-date: /home/orin/work/install/turtlebot3_msgs/local/lib/python3.10/dist-packages/turtlebot3_msgs/msg/_sound_s.c
[3.665s] -- Up-to-date: /home/orin/work/install/turtlebot3_msgs/local/lib/python3.10/dist-packages/turtlebot3_msgs/_turtlebot3_msgs_s.ep.rosidl_typesupport_c.c
[3.665s] -- Up-to-date: /home/orin/work/install/turtlebot3_msgs/local/lib/python3.10/dist-packages/turtlebot3_msgs/__init__.py
[3.665s] -- Up-to-date: /home/orin/work/install/turtlebot3_msgs/local/lib/python3.10/dist-packages/turtlebot3_msgs/action
[3.665s] -- Up-to-date: /home/orin/work/install/turtlebot3_msgs/local/lib/python3.10/dist-packages/turtlebot3_msgs/action/__init__.py
[3.665s] -- Up-to-date: /home/orin/work/install/turtlebot3_msgs/local/lib/python3.10/dist-packages/turtlebot3_msgs/action/_patrol_s.c
[3.665s] -- Up-to-date: /home/orin/work/install/turtlebot3_msgs/local/lib/python3.10/dist-packages/turtlebot3_msgs/action/_patrol.py
[3.665s] -- Up-to-date: /home/orin/work/install/turtlebot3_msgs/local/lib/python3.10/dist-packages/turtlebot3_msgs/srv
[3.666s] -- Up-to-date: /home/orin/work/install/turtlebot3_msgs/local/lib/python3.10/dist-packages/turtlebot3_msgs/srv/__init__.py
[3.666s] -- Up-to-date: /home/orin/work/install/turtlebot3_msgs/local/lib/python3.10/dist-packages/turtlebot3_msgs/srv/_sound.py
[3.666s] -- Up-to-date: /home/orin/work/install/turtlebot3_msgs/local/lib/python3.10/dist-packages/turtlebot3_msgs/srv/_dqn.py
[3.666s] -- Up-to-date: /home/orin/work/install/turtlebot3_msgs/local/lib/python3.10/dist-packages/turtlebot3_msgs/srv/_dqn_s.c
[3.666s] -- Up-to-date: /home/orin/work/install/turtlebot3_msgs/local/lib/python3.10/dist-packages/turtlebot3_msgs/srv/_sound_s.c
[3.668s] -- Up-to-date: /home/orin/work/install/turtlebot3_msgs/local/lib/python3.10/dist-packages/turtlebot3_msgs/_turtlebot3_msgs_s.ep.rosidl_typesupport_introspection_c.c
[3.668s] -- Up-to-date: /home/orin/work/install/turtlebot3_msgs/local/lib/python3.10/dist-packages/turtlebot3_msgs/turtlebot3_msgs_s__rosidl_typesupport_introspection_c.cpython-310-aarch64-linux-gnu.so
[3.733s] Listing '/home/orin/work/install/turtlebot3_msgs/local/lib/python3.10/dist-packages/turtlebot3_msgs'...
[3.733s] Listing '/home/orin/work/install/turtlebot3_msgs/local/lib/python3.10/dist-packages/turtlebot3_msgs/action'...
[3.733s] Listing '/home/orin/work/install/turtlebot3_msgs/local/lib/python3.10/dist-packages/turtlebot3_msgs/msg'...
[3.733s] Listing '/home/orin/work/install/turtlebot3_msgs/local/lib/python3.10/dist-packages/turtlebot3_msgs/srv'...
[3.733s] -- Up-to-date: /home/orin/work/install/turtlebot3_msgs/local/lib/python3.10/dist-packages/turtlebot3_msgs/turtlebot3_msgs_s__rosidl_typesupport_fastrtps_c.cpython-310-aarch64-linux-gnu.so
[3.733s] -- Up-to-date: /home/orin/work/install/turtlebot3_msgs/local/lib/python3.10/dist-packages/turtlebot3_msgs/turtlebot3_msgs_s__rosidl_typesupport_introspection_c.cpython-310-aarch64-linux-gnu.so
[3.733s] -- Up-to-date: /home/orin/work/install/turtlebot3_msgs/local/lib/python3.10/dist-packages/turtlebot3_msgs/turtlebot3_msgs_s__rosidl_typesupport_c.cpython-310-aarch64-linux-gnu.so
[3.734s] -- Up-to-date: /home/orin/work/install/turtlebot3_msgs/lib/libturtlebot3_msgs__rosidl_generator_py.so
[3.734s] -- Up-to-date: /home/orin/work/install/turtlebot3_msgs/share/turtlebot3_msgs/msg/SensorState.idl
[3.734s] -- Up-to-date: /home/orin/work/install/turtlebot3_msgs/share/turtlebot3_msgs/msg/Sound.idl
[3.734s] -- Up-to-date: /home/orin/work/install/turtlebot3_msgs/share/turtlebot3_msgs/msg/VersionInfo.idl
[3.734s] -- Up-to-date: /home/orin/work/install/turtlebot3_msgs/share/turtlebot3_msgs/srv/Sound.idl
[3.734s] -- Up-to-date: /home/orin/work/install/turtlebot3_msgs/share/turtlebot3_msgs/srv/Dqn.idl
[3.734s] -- Up-to-date: /home/orin/work/install/turtlebot3_msgs/share/turtlebot3_msgs/action/Patrol.idl
[3.734s] -- Up-to-date: /home/orin/work/install/turtlebot3_msgs/share/turtlebot3_msgs/msg/SensorState.msg
[3.735s] -- Up-to-date: /home/orin/work/install/turtlebot3_msgs/share/turtlebot3_msgs/msg/Sound.msg
[3.735s] -- Up-to-date: /home/orin/work/install/turtlebot3_msgs/share/turtlebot3_msgs/msg/VersionInfo.msg
[3.735s] -- Up-to-date: /home/orin/work/install/turtlebot3_msgs/share/turtlebot3_msgs/srv/Sound.srv
[3.735s] -- Up-to-date: /home/orin/work/install/turtlebot3_msgs/share/turtlebot3_msgs/srv/Sound_Request.msg
[3.735s] -- Up-to-date: /home/orin/work/install/turtlebot3_msgs/share/turtlebot3_msgs/srv/Sound_Response.msg
[3.735s] -- Up-to-date: /home/orin/work/install/turtlebot3_msgs/share/turtlebot3_msgs/srv/Dqn.srv
[3.735s] -- Up-to-date: /home/orin/work/install/turtlebot3_msgs/share/turtlebot3_msgs/srv/Dqn_Request.msg
[3.735s] -- Up-to-date: /home/orin/work/install/turtlebot3_msgs/share/turtlebot3_msgs/srv/Dqn_Response.msg
[3.747s] -- Up-to-date: /home/orin/work/install/turtlebot3_msgs/share/turtlebot3_msgs/action/Patrol.action
[3.747s] -- Up-to-date: /home/orin/work/install/turtlebot3_msgs/share/ament_index/resource_index/package_run_dependencies/turtlebot3_msgs
[3.747s] -- Up-to-date: /home/orin/work/install/turtlebot3_msgs/share/ament_index/resource_index/parent_prefix_path/turtlebot3_msgs
[3.747s] -- Up-to-date: /home/orin/work/install/turtlebot3_msgs/share/turtlebot3_msgs/environment/ament_prefix_path.sh
[3.747s] -- Up-to-date: /home/orin/work/install/turtlebot3_msgs/share/turtlebot3_msgs/environment/ament_prefix_path.dsv
[3.747s] -- Up-to-date: /home/orin/work/install/turtlebot3_msgs/share/turtlebot3_msgs/environment/path.sh
[3.748s] -- Up-to-date: /home/orin/work/install/turtlebot3_msgs/share/turtlebot3_msgs/environment/path.dsv
[3.748s] -- Up-to-date: /home/orin/work/install/turtlebot3_msgs/share/turtlebot3_msgs/local_setup.bash
[3.748s] -- Up-to-date: /home/orin/work/install/turtlebot3_msgs/share/turtlebot3_msgs/local_setup.sh
[3.748s] -- Up-to-date: /home/orin/work/install/turtlebot3_msgs/share/turtlebot3_msgs/local_setup.zsh
[3.748s] -- Up-to-date: /home/orin/work/install/turtlebot3_msgs/share/turtlebot3_msgs/local_setup.dsv
[3.748s] -- Installing: /home/orin/work/install/turtlebot3_msgs/share/turtlebot3_msgs/package.dsv
[3.748s] -- Up-to-date: /home/orin/work/install/turtlebot3_msgs/share/ament_index/resource_index/packages/turtlebot3_msgs
[3.749s] -- Up-to-date: /home/orin/work/install/turtlebot3_msgs/share/turtlebot3_msgs/cmake/export_turtlebot3_msgs__rosidl_generator_cExport.cmake
[3.749s] -- Up-to-date: /home/orin/work/install/turtlebot3_msgs/share/turtlebot3_msgs/cmake/export_turtlebot3_msgs__rosidl_generator_cExport-noconfig.cmake
[3.752s] -- Up-to-date: /home/orin/work/install/turtlebot3_msgs/share/turtlebot3_msgs/cmake/export_turtlebot3_msgs__rosidl_typesupport_fastrtps_cExport.cmake
[3.752s] -- Up-to-date: /home/orin/work/install/turtlebot3_msgs/share/turtlebot3_msgs/cmake/export_turtlebot3_msgs__rosidl_typesupport_fastrtps_cExport-noconfig.cmake
[3.752s] -- Up-to-date: /home/orin/work/install/turtlebot3_msgs/share/turtlebot3_msgs/cmake/export_turtlebot3_msgs__rosidl_generator_cppExport.cmake
[3.752s] -- Up-to-date: /home/orin/work/install/turtlebot3_msgs/share/turtlebot3_msgs/cmake/export_turtlebot3_msgs__rosidl_typesupport_fastrtps_cppExport.cmake
[3.752s] -- Up-to-date: /home/orin/work/install/turtlebot3_msgs/share/turtlebot3_msgs/cmake/export_turtlebot3_msgs__rosidl_typesupport_fastrtps_cppExport-noconfig.cmake
[3.753s] -- Up-to-date: /home/orin/work/install/turtlebot3_msgs/share/turtlebot3_msgs/cmake/turtlebot3_msgs__rosidl_typesupport_introspection_cExport.cmake
[3.753s] -- Up-to-date: /home/orin/work/install/turtlebot3_msgs/share/turtlebot3_msgs/cmake/turtlebot3_msgs__rosidl_typesupport_introspection_cExport-noconfig.cmake
[3.753s] -- Up-to-date: /home/orin/work/install/turtlebot3_msgs/share/turtlebot3_msgs/cmake/turtlebot3_msgs__rosidl_typesupport_cExport.cmake
[3.753s] -- Up-to-date: /home/orin/work/install/turtlebot3_msgs/share/turtlebot3_msgs/cmake/turtlebot3_msgs__rosidl_typesupport_cExport-noconfig.cmake
[3.753s] -- Up-to-date: /home/orin/work/install/turtlebot3_msgs/share/turtlebot3_msgs/cmake/turtlebot3_msgs__rosidl_typesupport_introspection_cppExport.cmake
[3.753s] -- Up-to-date: /home/orin/work/install/turtlebot3_msgs/share/turtlebot3_msgs/cmake/turtlebot3_msgs__rosidl_typesupport_introspection_cppExport-noconfig.cmake
[3.753s] -- Up-to-date: /home/orin/work/install/turtlebot3_msgs/share/turtlebot3_msgs/cmake/turtlebot3_msgs__rosidl_typesupport_cppExport.cmake
[3.754s] -- Up-to-date: /home/orin/work/install/turtlebot3_msgs/share/turtlebot3_msgs/cmake/turtlebot3_msgs__rosidl_typesupport_cppExport-noconfig.cmake
[3.754s] -- Up-to-date: /home/orin/work/install/turtlebot3_msgs/share/turtlebot3_msgs/cmake/export_turtlebot3_msgs__rosidl_generator_pyExport.cmake
[3.754s] -- Up-to-date: /home/orin/work/install/turtlebot3_msgs/share/turtlebot3_msgs/cmake/export_turtlebot3_msgs__rosidl_generator_pyExport-noconfig.cmake
[3.754s] -- Up-to-date: /home/orin/work/install/turtlebot3_msgs/share/turtlebot3_msgs/cmake/rosidl_cmake-extras.cmake
[3.754s] -- Up-to-date: /home/orin/work/install/turtlebot3_msgs/share/turtlebot3_msgs/cmake/ament_cmake_export_dependencies-extras.cmake
[3.754s] -- Up-to-date: /home/orin/work/install/turtlebot3_msgs/share/turtlebot3_msgs/cmake/ament_cmake_export_include_directories-extras.cmake
[3.754s] -- Up-to-date: /home/orin/work/install/turtlebot3_msgs/share/turtlebot3_msgs/cmake/ament_cmake_export_libraries-extras.cmake
[3.754s] -- Up-to-date: /home/orin/work/install/turtlebot3_msgs/share/turtlebot3_msgs/cmake/ament_cmake_export_targets-extras.cmake
[3.755s] -- Up-to-date: /home/orin/work/install/turtlebot3_msgs/share/turtlebot3_msgs/cmake/rosidl_cmake_export_typesupport_targets-extras.cmake
[3.755s] -- Up-to-date: /home/orin/work/install/turtlebot3_msgs/share/turtlebot3_msgs/cmake/rosidl_cmake_export_typesupport_libraries-extras.cmake
[3.755s] -- Up-to-date: /home/orin/work/install/turtlebot3_msgs/share/turtlebot3_msgs/cmake/turtlebot3_msgsConfig.cmake
[3.755s] -- Up-to-date: /home/orin/work/install/turtlebot3_msgs/share/turtlebot3_msgs/cmake/turtlebot3_msgsConfig-version.cmake
[3.755s] -- Up-to-date: /home/orin/work/install/turtlebot3_msgs/share/turtlebot3_msgs/package.xml
[4.572s] Invoked command in '/home/orin/work/build/turtlebot3_msgs' returned '0': CMAKE_PREFIX_PATH=${CMAKE_PREFIX_PATH}:/home/orin/work/install/turtlebot3_teleop:/home/orin/work/install/turtlebot3_example:/home/orin/work/install/object_detection:/home/orin/work/install/detect_lane:/home/orin/work/install/core:/home/orin/work/install/control:/home/orin/work/install/camera:/opt/ros/humble /usr/local/bin/cmake --install /home/orin/work/build/turtlebot3_msgs
