[0.182s] Invoking command in '/home/orin/test_ws/src/build/turtlebot3_description': /usr/bin/cmake /home/orin/test_ws/src/turtlebot3/turtlebot3_description -DCMAKE_INSTALL_PREFIX=/home/orin/test_ws/src/install/turtlebot3_description
[2.643s] -- The C compiler identification is GNU 9.4.0
[2.644s] -- The CXX compiler identification is GNU 9.4.0
[2.644s] -- Check for working C compiler: /usr/bin/cc
[2.644s] -- Check for working C compiler: /usr/bin/cc -- works
[2.644s] -- Detecting C compiler ABI info
[2.644s] -- Detecting C compiler ABI info - done
[2.645s] -- Detecting C compile features
[2.645s] -- Detecting C compile features - done
[2.646s] -- Check for working CXX compiler: /usr/bin/c++
[2.646s] -- Check for working CXX compiler: /usr/bin/c++ -- works
[2.647s] -- Detecting CXX compiler ABI info
[2.647s] -- Detecting CXX compiler ABI info - done
[2.652s] -- Detecting CXX compile features
[2.652s] -- Detecting CXX compile features - done
[2.652s] -- Configuring incomplete, errors occurred!
[2.652s] See also "/home/orin/test_ws/src/build/turtlebot3_description/CMakeFiles/CMakeOutput.log".
[2.652s] CMake Error at CMakeLists.txt:18 (find_package):
[2.653s]   By not providing "Findament_cmake.cmake" in CMAKE_MODULE_PATH this project
[2.653s]   has asked CMake to find a package configuration file provided by
[2.654s]   "ament_cmake", but CMake did not find one.
[2.655s] 
[2.656s]   Could not find a package configuration file provided by "ament_cmake" with
[2.659s]   any of the following names:
[2.660s] 
[2.660s]     ament_cmakeConfig.cmake
[2.660s]     ament_cmake-config.cmake
[2.660s] 
[2.660s]   Add the installation prefix of "ament_cmake" to CMAKE_PREFIX_PATH or set
[2.660s]   "ament_cmake_DIR" to a directory containing one of the above files.  If
[2.661s]   "ament_cmake" provides a separate development package or SDK, be sure it
[2.661s]   has been installed.
[2.661s] 
[2.661s] 
[2.748s] Invoked command in '/home/orin/test_ws/src/build/turtlebot3_description' returned '1': /usr/bin/cmake /home/orin/test_ws/src/turtlebot3/turtlebot3_description -DCMAKE_INSTALL_PREFIX=/home/orin/test_ws/src/install/turtlebot3_description
