[2.374s] Invoking command in '/home/orin/work/src/turtlebot3/turtlebot3_example': CMAKE_PREFIX_PATH=/home/orin/work/install/turtlebot3_msgs:/home/orin/work/install/turtlebot3:/home/orin/work/install/turtlebot3_bringup:/home/orin/work/install/turtlebot3_node:/home/orin/work/install/turtlebot3_navigation2:/home/orin/work/install/turtlebot3_description:/home/orin/work/install/turtlebot3_cartographer:/home/orin/work/install/rplidar_ros:/home/orin/work/install/dynamixel_sdk_examples:/home/orin/work/install/dynamixel_sdk_custom_interfaces:/home/orin/work/install/dynamixel_sdk:/home/orin/work/install/detect_interfaces:/home/orin/DynamixelSDK/c++/install LD_LIBRARY_PATH=/home/orin/work/install/turtlebot3_msgs/lib:/home/orin/work/install/dynamixel_sdk_custom_interfaces/lib:/home/orin/work/install/dynamixel_sdk/lib:/home/orin/work/install/detect_interfaces/lib:/opt/ros/humble/opt/rviz_ogre_vendor/lib:/opt/ros/humble/lib/aarch64-linux-gnu:/opt/ros/humble/lib:/usr/local/cuda/compat:/usr/local/cuda/lib64 PYTHONPATH=/home/orin/work/build/turtlebot3_example/prefix_override:/usr/lib/python3/dist-packages/colcon_core/task/python/colcon_distutils_commands:/home/orin/work/install/turtlebot3_example/lib/python3.10/site-packages:${PYTHONPATH} /usr/bin/python3 -W ignore:setup.py install is deprecated -W ignore:easy_install command is deprecated setup.py egg_info --egg-base ../../../build/turtlebot3_example build --build-base /home/orin/work/build/turtlebot3_example/build install --record /home/orin/work/build/turtlebot3_example/install.log --single-version-externally-managed install_data
[3.002s] running egg_info
[3.038s] writing ../../../build/turtlebot3_example/turtlebot3_example.egg-info/PKG-INFO
[3.040s] writing dependency_links to ../../../build/turtlebot3_example/turtlebot3_example.egg-info/dependency_links.txt
[3.040s] writing entry points to ../../../build/turtlebot3_example/turtlebot3_example.egg-info/entry_points.txt
[3.040s] writing requirements to ../../../build/turtlebot3_example/turtlebot3_example.egg-info/requires.txt
[3.041s] writing top-level names to ../../../build/turtlebot3_example/turtlebot3_example.egg-info/top_level.txt
[3.122s] reading manifest file '../../../build/turtlebot3_example/turtlebot3_example.egg-info/SOURCES.txt'
[3.126s] writing manifest file '../../../build/turtlebot3_example/turtlebot3_example.egg-info/SOURCES.txt'
[3.126s] running build
[3.126s] running build_py
[3.127s] copying turtlebot3_example/__init__.py -> /home/orin/work/build/turtlebot3_example/build/lib/turtlebot3_example
[3.128s] copying turtlebot3_example/turtlebot3_position_control/__init__.py -> /home/orin/work/build/turtlebot3_example/build/lib/turtlebot3_example/turtlebot3_position_control
[3.129s] copying turtlebot3_example/turtlebot3_position_control/main.py -> /home/orin/work/build/turtlebot3_example/build/lib/turtlebot3_example/turtlebot3_position_control
[3.129s] copying turtlebot3_example/turtlebot3_position_control/turtlebot3_position_control.py -> /home/orin/work/build/turtlebot3_example/build/lib/turtlebot3_example/turtlebot3_position_control
[3.130s] copying turtlebot3_example/turtlebot3_position_control/turtlebot3_path.py -> /home/orin/work/build/turtlebot3_example/build/lib/turtlebot3_example/turtlebot3_position_control
[3.131s] copying turtlebot3_example/turtlebot3_patrol_server/__init__.py -> /home/orin/work/build/turtlebot3_example/build/lib/turtlebot3_example/turtlebot3_patrol_server
[3.131s] copying turtlebot3_example/turtlebot3_patrol_server/main.py -> /home/orin/work/build/turtlebot3_example/build/lib/turtlebot3_example/turtlebot3_patrol_server
[3.132s] copying turtlebot3_example/turtlebot3_patrol_server/turtlebot3_patrol_server.py -> /home/orin/work/build/turtlebot3_example/build/lib/turtlebot3_example/turtlebot3_patrol_server
[3.132s] copying turtlebot3_example/turtlebot3_patrol_server/turtlebot3_path.py -> /home/orin/work/build/turtlebot3_example/build/lib/turtlebot3_example/turtlebot3_patrol_server
[3.133s] copying turtlebot3_example/turtlebot3_patrol_client/__init__.py -> /home/orin/work/build/turtlebot3_example/build/lib/turtlebot3_example/turtlebot3_patrol_client
[3.134s] copying turtlebot3_example/turtlebot3_patrol_client/turtlebot3_patrol_client.py -> /home/orin/work/build/turtlebot3_example/build/lib/turtlebot3_example/turtlebot3_patrol_client
[3.134s] copying turtlebot3_example/turtlebot3_patrol_client/main.py -> /home/orin/work/build/turtlebot3_example/build/lib/turtlebot3_example/turtlebot3_patrol_client
[3.135s] copying turtlebot3_example/turtlebot3_obstacle_detection/__init__.py -> /home/orin/work/build/turtlebot3_example/build/lib/turtlebot3_example/turtlebot3_obstacle_detection
[3.136s] copying turtlebot3_example/turtlebot3_obstacle_detection/main.py -> /home/orin/work/build/turtlebot3_example/build/lib/turtlebot3_example/turtlebot3_obstacle_detection
[3.136s] copying turtlebot3_example/turtlebot3_obstacle_detection/turtlebot3_obstacle_detection.py -> /home/orin/work/build/turtlebot3_example/build/lib/turtlebot3_example/turtlebot3_obstacle_detection
[3.139s] running install
[3.149s] running install_lib
[3.194s] running install_data
[3.194s] copying resource/turtlebot3_example -> /home/orin/work/install/turtlebot3_example/share/ament_index/resource_index/packages
[3.195s] copying package.xml -> /home/orin/work/install/turtlebot3_example/share/turtlebot3_example
[3.195s] running install_egg_info
[3.238s] removing '/home/orin/work/install/turtlebot3_example/lib/python3.10/site-packages/turtlebot3_example-2.1.5-py3.10.egg-info' (and everything under it)
[3.238s] Copying ../../../build/turtlebot3_example/turtlebot3_example.egg-info to /home/orin/work/install/turtlebot3_example/lib/python3.10/site-packages/turtlebot3_example-2.1.5-py3.10.egg-info
[3.240s] running install_scripts
[3.552s] Installing turtlebot3_obstacle_detection script to /home/orin/work/install/turtlebot3_example/lib/turtlebot3_example
[3.552s] Installing turtlebot3_patrol_client script to /home/orin/work/install/turtlebot3_example/lib/turtlebot3_example
[3.553s] Installing turtlebot3_patrol_server script to /home/orin/work/install/turtlebot3_example/lib/turtlebot3_example
[3.553s] Installing turtlebot3_position_control script to /home/orin/work/install/turtlebot3_example/lib/turtlebot3_example
[3.554s] writing list of installed files to '/home/orin/work/build/turtlebot3_example/install.log'
[3.645s] Invoked command in '/home/orin/work/src/turtlebot3/turtlebot3_example' returned '0': CMAKE_PREFIX_PATH=/home/orin/work/install/turtlebot3_msgs:/home/orin/work/install/turtlebot3:/home/orin/work/install/turtlebot3_bringup:/home/orin/work/install/turtlebot3_node:/home/orin/work/install/turtlebot3_navigation2:/home/orin/work/install/turtlebot3_description:/home/orin/work/install/turtlebot3_cartographer:/home/orin/work/install/rplidar_ros:/home/orin/work/install/dynamixel_sdk_examples:/home/orin/work/install/dynamixel_sdk_custom_interfaces:/home/orin/work/install/dynamixel_sdk:/home/orin/work/install/detect_interfaces:/home/orin/DynamixelSDK/c++/install LD_LIBRARY_PATH=/home/orin/work/install/turtlebot3_msgs/lib:/home/orin/work/install/dynamixel_sdk_custom_interfaces/lib:/home/orin/work/install/dynamixel_sdk/lib:/home/orin/work/install/detect_interfaces/lib:/opt/ros/humble/opt/rviz_ogre_vendor/lib:/opt/ros/humble/lib/aarch64-linux-gnu:/opt/ros/humble/lib:/usr/local/cuda/compat:/usr/local/cuda/lib64 PYTHONPATH=/home/orin/work/build/turtlebot3_example/prefix_override:/usr/lib/python3/dist-packages/colcon_core/task/python/colcon_distutils_commands:/home/orin/work/install/turtlebot3_example/lib/python3.10/site-packages:${PYTHONPATH} /usr/bin/python3 -W ignore:setup.py install is deprecated -W ignore:easy_install command is deprecated setup.py egg_info --egg-base ../../../build/turtlebot3_example build --build-base /home/orin/work/build/turtlebot3_example/build install --record /home/orin/work/build/turtlebot3_example/install.log --single-version-externally-managed install_data
