[0.187s] Invoking command in '/home/orin/work/build/turtlebot3_msgs': CMAKE_PREFIX_PATH=${CMAKE_PREFIX_PATH}:/home/orin/work/install/turtlebot3_teleop:/home/orin/work/install/turtlebot3_example:/home/orin/work/install/object_detection:/home/orin/work/install/detect_lane:/home/orin/work/install/core:/home/orin/work/install/control:/home/orin/work/install/camera:/opt/ros/humble /usr/local/bin/cmake --build /home/orin/work/build/turtlebot3_msgs -- -j12 -l12
[3.019s] [  1%] Built target turtlebot3_msgs__cpp
[3.020s] [ 12%] Built target turtlebot3_msgs__rosidl_generator_c
[3.052s] [ 12%] Built target ament_cmake_python_copy_turtlebot3_msgs
[3.053s] [ 23%] Built target turtlebot3_msgs__rosidl_typesupport_cpp
[3.054s] [ 35%] Built target turtlebot3_msgs__rosidl_typesupport_introspection_cpp
[3.054s] [ 57%] Built target turtlebot3_msgs__rosidl_typesupport_fastrtps_cpp
[3.054s] [ 57%] Built target turtlebot3_msgs__rosidl_typesupport_fastrtps_c
[3.055s] [ 69%] Built target turtlebot3_msgs__rosidl_typesupport_introspection_c
[3.055s] [ 80%] Built target turtlebot3_msgs__rosidl_typesupport_c
[3.055s] [ 80%] Built target turtlebot3_msgs
[3.055s] [ 81%] Built target turtlebot3_msgs__py
[3.055s] [ 91%] Built target turtlebot3_msgs__rosidl_generator_py
[3.056s] [ 94%] Built target turtlebot3_msgs__rosidl_typesupport_fastrtps_c__pyext
[3.057s] [ 97%] Built target turtlebot3_msgs__rosidl_typesupport_introspection_c__pyext
[3.057s] [100%] Built target turtlebot3_msgs__rosidl_typesupport_c__pyext
[3.058s] running egg_info
[3.058s] writing turtlebot3_msgs.egg-info/PKG-INFO
[3.058s] writing dependency_links to turtlebot3_msgs.egg-info/dependency_links.txt
[3.058s] writing top-level names to turtlebot3_msgs.egg-info/top_level.txt
[3.059s] reading manifest file 'turtlebot3_msgs.egg-info/SOURCES.txt'
[3.059s] writing manifest file 'turtlebot3_msgs.egg-info/SOURCES.txt'
[3.059s] [100%] Built target ament_cmake_python_build_turtlebot3_msgs_egg
[3.291s] Invoked command in '/home/orin/work/build/turtlebot3_msgs' returned '0': CMAKE_PREFIX_PATH=${CMAKE_PREFIX_PATH}:/home/orin/work/install/turtlebot3_teleop:/home/orin/work/install/turtlebot3_example:/home/orin/work/install/object_detection:/home/orin/work/install/detect_lane:/home/orin/work/install/core:/home/orin/work/install/control:/home/orin/work/install/camera:/opt/ros/humble /usr/local/bin/cmake --build /home/orin/work/build/turtlebot3_msgs -- -j12 -l12
[3.294s] Invoking command in '/home/orin/work/build/turtlebot3_msgs': CMAKE_PREFIX_PATH=${CMAKE_PREFIX_PATH}:/home/orin/work/install/turtlebot3_teleop:/home/orin/work/install/turtlebot3_example:/home/orin/work/install/object_detection:/home/orin/work/install/detect_lane:/home/orin/work/install/core:/home/orin/work/install/control:/home/orin/work/install/camera:/opt/ros/humble /usr/local/bin/cmake --install /home/orin/work/build/turtlebot3_msgs
[3.499s] -- Install configuration: ""
[3.500s] -- Up-to-date: /home/orin/work/install/turtlebot3_msgs/share/ament_index/resource_index/rosidl_interfaces/turtlebot3_msgs
[3.500s] -- Up-to-date: /home/orin/work/install/turtlebot3_msgs/include/turtlebot3_msgs/turtlebot3_msgs
[3.501s] -- Up-to-date: /home/orin/work/install/turtlebot3_msgs/include/turtlebot3_msgs/turtlebot3_msgs/msg
[3.501s] -- Up-to-date: /home/orin/work/install/turtlebot3_msgs/include/turtlebot3_msgs/turtlebot3_msgs/msg/rosidl_generator_c__visibility_control.h
[3.501s] -- Up-to-date: /home/orin/work/install/turtlebot3_msgs/include/turtlebot3_msgs/turtlebot3_msgs/msg/version_info.h
[3.501s] -- Up-to-date: /home/orin/work/install/turtlebot3_msgs/include/turtlebot3_msgs/turtlebot3_msgs/msg/detail
[3.502s] -- Up-to-date: /home/orin/work/install/turtlebot3_msgs/include/turtlebot3_msgs/turtlebot3_msgs/msg/detail/version_info__type_support.h
[3.502s] -- Up-to-date: /home/orin/work/install/turtlebot3_msgs/include/turtlebot3_msgs/turtlebot3_msgs/msg/detail/sound__struct.h
[3.502s] -- Up-to-date: /home/orin/work/install/turtlebot3_msgs/include/turtlebot3_msgs/turtlebot3_msgs/msg/detail/sound__functions.h
[3.502s] -- Up-to-date: /home/orin/work/install/turtlebot3_msgs/include/turtlebot3_msgs/turtlebot3_msgs/msg/detail/sensor_state__functions.h
[3.502s] -- Up-to-date: /home/orin/work/install/turtlebot3_msgs/include/turtlebot3_msgs/turtlebot3_msgs/msg/detail/sound__functions.c
[3.503s] -- Up-to-date: /home/orin/work/install/turtlebot3_msgs/include/turtlebot3_msgs/turtlebot3_msgs/msg/detail/version_info__functions.c
[3.504s] -- Up-to-date: /home/orin/work/install/turtlebot3_msgs/include/turtlebot3_msgs/turtlebot3_msgs/msg/detail/sound__type_support.h
[3.505s] -- Up-to-date: /home/orin/work/install/turtlebot3_msgs/include/turtlebot3_msgs/turtlebot3_msgs/msg/detail/sensor_state__functions.c
[3.508s] -- Up-to-date: /home/orin/work/install/turtlebot3_msgs/include/turtlebot3_msgs/turtlebot3_msgs/msg/detail/sensor_state__struct.h
[3.508s] -- Up-to-date: /home/orin/work/install/turtlebot3_msgs/include/turtlebot3_msgs/turtlebot3_msgs/msg/detail/sensor_state__type_support.h
[3.510s] -- Up-to-date: /home/orin/work/install/turtlebot3_msgs/include/turtlebot3_msgs/turtlebot3_msgs/msg/detail/version_info__struct.h
[3.511s] -- Up-to-date: /home/orin/work/install/turtlebot3_msgs/include/turtlebot3_msgs/turtlebot3_msgs/msg/detail/version_info__functions.h
[3.512s] -- Up-to-date: /home/orin/work/install/turtlebot3_msgs/include/turtlebot3_msgs/turtlebot3_msgs/msg/sensor_state.h
[3.513s] -- Up-to-date: /home/orin/work/install/turtlebot3_msgs/include/turtlebot3_msgs/turtlebot3_msgs/msg/sound.h
[3.538s] -- Up-to-date: /home/orin/work/install/turtlebot3_msgs/include/turtlebot3_msgs/turtlebot3_msgs/action
[3.539s] -- Up-to-date: /home/orin/work/install/turtlebot3_msgs/include/turtlebot3_msgs/turtlebot3_msgs/action/patrol.h
[3.539s] -- Up-to-date: /home/orin/work/install/turtlebot3_msgs/include/turtlebot3_msgs/turtlebot3_msgs/action/detail
[3.539s] -- Up-to-date: /home/orin/work/install/turtlebot3_msgs/include/turtlebot3_msgs/turtlebot3_msgs/action/detail/patrol__functions.h
[3.539s] -- Up-to-date: /home/orin/work/install/turtlebot3_msgs/include/turtlebot3_msgs/turtlebot3_msgs/action/detail/patrol__functions.c
[3.539s] -- Up-to-date: /home/orin/work/install/turtlebot3_msgs/include/turtlebot3_msgs/turtlebot3_msgs/action/detail/patrol__struct.h
[3.540s] -- Up-to-date: /home/orin/work/install/turtlebot3_msgs/include/turtlebot3_msgs/turtlebot3_msgs/action/detail/patrol__type_support.h
[3.540s] -- Up-to-date: /home/orin/work/install/turtlebot3_msgs/include/turtlebot3_msgs/turtlebot3_msgs/srv
[3.540s] -- Up-to-date: /home/orin/work/install/turtlebot3_msgs/include/turtlebot3_msgs/turtlebot3_msgs/srv/dqn.h
[3.540s] -- Up-to-date: /home/orin/work/install/turtlebot3_msgs/include/turtlebot3_msgs/turtlebot3_msgs/srv/detail
[3.540s] -- Up-to-date: /home/orin/work/install/turtlebot3_msgs/include/turtlebot3_msgs/turtlebot3_msgs/srv/detail/dqn__functions.c
[3.540s] -- Up-to-date: /home/orin/work/install/turtlebot3_msgs/include/turtlebot3_msgs/turtlebot3_msgs/srv/detail/sound__struct.h
[3.540s] -- Up-to-date: /home/orin/work/install/turtlebot3_msgs/include/turtlebot3_msgs/turtlebot3_msgs/srv/detail/sound__functions.h
[3.540s] -- Up-to-date: /home/orin/work/install/turtlebot3_msgs/include/turtlebot3_msgs/turtlebot3_msgs/srv/detail/sound__functions.c
[3.541s] -- Up-to-date: /home/orin/work/install/turtlebot3_msgs/include/turtlebot3_msgs/turtlebot3_msgs/srv/detail/sound__type_support.h
[3.541s] -- Up-to-date: /home/orin/work/install/turtlebot3_msgs/include/turtlebot3_msgs/turtlebot3_msgs/srv/detail/dqn__struct.h
[3.541s] -- Up-to-date: /home/orin/work/install/turtlebot3_msgs/include/turtlebot3_msgs/turtlebot3_msgs/srv/detail/dqn__type_support.h
[3.541s] -- Up-to-date: /home/orin/work/install/turtlebot3_msgs/include/turtlebot3_msgs/turtlebot3_msgs/srv/detail/dqn__functions.h
[3.547s] -- Up-to-date: /home/orin/work/install/turtlebot3_msgs/include/turtlebot3_msgs/turtlebot3_msgs/srv/sound.h
[3.548s] -- Up-to-date: /home/orin/work/install/turtlebot3_msgs/share/turtlebot3_msgs/environment/library_path.sh
[3.548s] -- Up-to-date: /home/orin/work/install/turtlebot3_msgs/share/turtlebot3_msgs/environment/library_path.dsv
[3.549s] -- Up-to-date: /home/orin/work/install/turtlebot3_msgs/lib/libturtlebot3_msgs__rosidl_generator_c.so
[3.549s] -- Up-to-date: /home/orin/work/install/turtlebot3_msgs/include/turtlebot3_msgs/turtlebot3_msgs
[3.549s] -- Up-to-date: /home/orin/work/install/turtlebot3_msgs/include/turtlebot3_msgs/turtlebot3_msgs/msg
[3.551s] -- Up-to-date: /home/orin/work/install/turtlebot3_msgs/include/turtlebot3_msgs/turtlebot3_msgs/msg/detail
[3.552s] -- Up-to-date: /home/orin/work/install/turtlebot3_msgs/include/turtlebot3_msgs/turtlebot3_msgs/msg/detail/sound__rosidl_typesupport_fastrtps_c.h
[3.552s] -- Up-to-date: /home/orin/work/install/turtlebot3_msgs/include/turtlebot3_msgs/turtlebot3_msgs/msg/detail/version_info__rosidl_typesupport_fastrtps_c.h
[3.553s] -- Up-to-date: /home/orin/work/install/turtlebot3_msgs/include/turtlebot3_msgs/turtlebot3_msgs/msg/detail/sensor_state__rosidl_typesupport_fastrtps_c.h
[3.554s] -- Up-to-date: /home/orin/work/install/turtlebot3_msgs/include/turtlebot3_msgs/turtlebot3_msgs/msg/rosidl_typesupport_fastrtps_c__visibility_control.h
[3.556s] -- Up-to-date: /home/orin/work/install/turtlebot3_msgs/include/turtlebot3_msgs/turtlebot3_msgs/action
[3.557s] -- Up-to-date: /home/orin/work/install/turtlebot3_msgs/include/turtlebot3_msgs/turtlebot3_msgs/action/detail
[3.557s] -- Up-to-date: /home/orin/work/install/turtlebot3_msgs/include/turtlebot3_msgs/turtlebot3_msgs/action/detail/patrol__rosidl_typesupport_fastrtps_c.h
[3.557s] -- Up-to-date: /home/orin/work/install/turtlebot3_msgs/include/turtlebot3_msgs/turtlebot3_msgs/srv
[3.557s] -- Up-to-date: /home/orin/work/install/turtlebot3_msgs/include/turtlebot3_msgs/turtlebot3_msgs/srv/detail
[3.557s] -- Up-to-date: /home/orin/work/install/turtlebot3_msgs/include/turtlebot3_msgs/turtlebot3_msgs/srv/detail/sound__rosidl_typesupport_fastrtps_c.h
[3.558s] -- Up-to-date: /home/orin/work/install/turtlebot3_msgs/include/turtlebot3_msgs/turtlebot3_msgs/srv/detail/dqn__rosidl_typesupport_fastrtps_c.h
[3.559s] -- Up-to-date: /home/orin/work/install/turtlebot3_msgs/lib/libturtlebot3_msgs__rosidl_typesupport_fastrtps_c.so
[3.559s] -- Up-to-date: /home/orin/work/install/turtlebot3_msgs/include/turtlebot3_msgs/turtlebot3_msgs
[3.560s] -- Up-to-date: /home/orin/work/install/turtlebot3_msgs/include/turtlebot3_msgs/turtlebot3_msgs/msg
[3.561s] -- Up-to-date: /home/orin/work/install/turtlebot3_msgs/include/turtlebot3_msgs/turtlebot3_msgs/msg/sensor_state.hpp
[3.561s] -- Up-to-date: /home/orin/work/install/turtlebot3_msgs/include/turtlebot3_msgs/turtlebot3_msgs/msg/detail
[3.561s] -- Up-to-date: /home/orin/work/install/turtlebot3_msgs/include/turtlebot3_msgs/turtlebot3_msgs/msg/detail/sensor_state__builder.hpp
[3.561s] -- Up-to-date: /home/orin/work/install/turtlebot3_msgs/include/turtlebot3_msgs/turtlebot3_msgs/msg/detail/version_info__type_support.hpp
[3.561s] -- Up-to-date: /home/orin/work/install/turtlebot3_msgs/include/turtlebot3_msgs/turtlebot3_msgs/msg/detail/sound__builder.hpp
[3.562s] -- Up-to-date: /home/orin/work/install/turtlebot3_msgs/include/turtlebot3_msgs/turtlebot3_msgs/msg/detail/sensor_state__struct.hpp
[3.562s] -- Up-to-date: /home/orin/work/install/turtlebot3_msgs/include/turtlebot3_msgs/turtlebot3_msgs/msg/detail/version_info__struct.hpp
[3.562s] -- Up-to-date: /home/orin/work/install/turtlebot3_msgs/include/turtlebot3_msgs/turtlebot3_msgs/msg/detail/version_info__traits.hpp
[3.562s] -- Up-to-date: /home/orin/work/install/turtlebot3_msgs/include/turtlebot3_msgs/turtlebot3_msgs/msg/detail/version_info__builder.hpp
[3.562s] -- Up-to-date: /home/orin/work/install/turtlebot3_msgs/include/turtlebot3_msgs/turtlebot3_msgs/msg/detail/sound__struct.hpp
[3.562s] -- Up-to-date: /home/orin/work/install/turtlebot3_msgs/include/turtlebot3_msgs/turtlebot3_msgs/msg/detail/sensor_state__type_support.hpp
[3.562s] -- Up-to-date: /home/orin/work/install/turtlebot3_msgs/include/turtlebot3_msgs/turtlebot3_msgs/msg/detail/sensor_state__traits.hpp
[3.563s] -- Up-to-date: /home/orin/work/install/turtlebot3_msgs/include/turtlebot3_msgs/turtlebot3_msgs/msg/detail/sound__type_support.hpp
[3.563s] -- Up-to-date: /home/orin/work/install/turtlebot3_msgs/include/turtlebot3_msgs/turtlebot3_msgs/msg/detail/sound__traits.hpp
[3.563s] -- Up-to-date: /home/orin/work/install/turtlebot3_msgs/include/turtlebot3_msgs/turtlebot3_msgs/msg/rosidl_generator_cpp__visibility_control.hpp
[3.563s] -- Up-to-date: /home/orin/work/install/turtlebot3_msgs/include/turtlebot3_msgs/turtlebot3_msgs/msg/sound.hpp
[3.563s] -- Up-to-date: /home/orin/work/install/turtlebot3_msgs/include/turtlebot3_msgs/turtlebot3_msgs/msg/version_info.hpp
[3.563s] -- Up-to-date: /home/orin/work/install/turtlebot3_msgs/include/turtlebot3_msgs/turtlebot3_msgs/action
[3.563s] -- Up-to-date: /home/orin/work/install/turtlebot3_msgs/include/turtlebot3_msgs/turtlebot3_msgs/action/detail
[3.563s] -- Up-to-date: /home/orin/work/install/turtlebot3_msgs/include/turtlebot3_msgs/turtlebot3_msgs/action/detail/patrol__type_support.hpp
[3.564s] -- Up-to-date: /home/orin/work/install/turtlebot3_msgs/include/turtlebot3_msgs/turtlebot3_msgs/action/detail/patrol__traits.hpp
[3.564s] -- Up-to-date: /home/orin/work/install/turtlebot3_msgs/include/turtlebot3_msgs/turtlebot3_msgs/action/detail/patrol__struct.hpp
[3.564s] -- Up-to-date: /home/orin/work/install/turtlebot3_msgs/include/turtlebot3_msgs/turtlebot3_msgs/action/detail/patrol__builder.hpp
[3.564s] -- Up-to-date: /home/orin/work/install/turtlebot3_msgs/include/turtlebot3_msgs/turtlebot3_msgs/action/patrol.hpp
[3.564s] -- Up-to-date: /home/orin/work/install/turtlebot3_msgs/include/turtlebot3_msgs/turtlebot3_msgs/srv
[3.564s] -- Up-to-date: /home/orin/work/install/turtlebot3_msgs/include/turtlebot3_msgs/turtlebot3_msgs/srv/dqn.hpp
[3.565s] -- Up-to-date: /home/orin/work/install/turtlebot3_msgs/include/turtlebot3_msgs/turtlebot3_msgs/srv/detail
[3.565s] -- Up-to-date: /home/orin/work/install/turtlebot3_msgs/include/turtlebot3_msgs/turtlebot3_msgs/srv/detail/sound__builder.hpp
[3.565s] -- Up-to-date: /home/orin/work/install/turtlebot3_msgs/include/turtlebot3_msgs/turtlebot3_msgs/srv/detail/dqn__builder.hpp
[3.565s] -- Up-to-date: /home/orin/work/install/turtlebot3_msgs/include/turtlebot3_msgs/turtlebot3_msgs/srv/detail/dqn__traits.hpp
[3.566s] -- Up-to-date: /home/orin/work/install/turtlebot3_msgs/include/turtlebot3_msgs/turtlebot3_msgs/srv/detail/dqn__struct.hpp
[3.574s] -- Up-to-date: /home/orin/work/install/turtlebot3_msgs/include/turtlebot3_msgs/turtlebot3_msgs/srv/detail/sound__struct.hpp
[3.576s] -- Up-to-date: /home/orin/work/install/turtlebot3_msgs/include/turtlebot3_msgs/turtlebot3_msgs/srv/detail/dqn__type_support.hpp
[3.578s] -- Up-to-date: /home/orin/work/install/turtlebot3_msgs/include/turtlebot3_msgs/turtlebot3_msgs/srv/detail/sound__type_support.hpp
[3.579s] -- Up-to-date: /home/orin/work/install/turtlebot3_msgs/include/turtlebot3_msgs/turtlebot3_msgs/srv/detail/sound__traits.hpp
[3.579s] -- Up-to-date: /home/orin/work/install/turtlebot3_msgs/include/turtlebot3_msgs/turtlebot3_msgs/srv/sound.hpp
[3.579s] -- Up-to-date: /home/orin/work/install/turtlebot3_msgs/include/turtlebot3_msgs/turtlebot3_msgs
[3.579s] -- Up-to-date: /home/orin/work/install/turtlebot3_msgs/include/turtlebot3_msgs/turtlebot3_msgs/msg
[3.579s] -- Up-to-date: /home/orin/work/install/turtlebot3_msgs/include/turtlebot3_msgs/turtlebot3_msgs/msg/detail
[3.579s] -- Up-to-date: /home/orin/work/install/turtlebot3_msgs/include/turtlebot3_msgs/turtlebot3_msgs/msg/detail/sound__rosidl_typesupport_fastrtps_cpp.hpp
[3.580s] -- Up-to-date: /home/orin/work/install/turtlebot3_msgs/include/turtlebot3_msgs/turtlebot3_msgs/msg/detail/version_info__rosidl_typesupport_fastrtps_cpp.hpp
[3.581s] -- Up-to-date: /home/orin/work/install/turtlebot3_msgs/include/turtlebot3_msgs/turtlebot3_msgs/msg/detail/dds_fastrtps
[3.581s] -- Up-to-date: /home/orin/work/install/turtlebot3_msgs/include/turtlebot3_msgs/turtlebot3_msgs/msg/detail/sensor_state__rosidl_typesupport_fastrtps_cpp.hpp
[3.582s] -- Up-to-date: /home/orin/work/install/turtlebot3_msgs/include/turtlebot3_msgs/turtlebot3_msgs/msg/rosidl_typesupport_fastrtps_cpp__visibility_control.h
[3.582s] -- Up-to-date: /home/orin/work/install/turtlebot3_msgs/include/turtlebot3_msgs/turtlebot3_msgs/action
[3.582s] -- Up-to-date: /home/orin/work/install/turtlebot3_msgs/include/turtlebot3_msgs/turtlebot3_msgs/action/detail
[3.582s] -- Up-to-date: /home/orin/work/install/turtlebot3_msgs/include/turtlebot3_msgs/turtlebot3_msgs/action/detail/patrol__rosidl_typesupport_fastrtps_cpp.hpp
[3.582s] -- Up-to-date: /home/orin/work/install/turtlebot3_msgs/include/turtlebot3_msgs/turtlebot3_msgs/action/detail/dds_fastrtps
[3.583s] -- Up-to-date: /home/orin/work/install/turtlebot3_msgs/include/turtlebot3_msgs/turtlebot3_msgs/srv
[3.583s] -- Up-to-date: /home/orin/work/install/turtlebot3_msgs/include/turtlebot3_msgs/turtlebot3_msgs/srv/detail
[3.583s] -- Up-to-date: /home/orin/work/install/turtlebot3_msgs/include/turtlebot3_msgs/turtlebot3_msgs/srv/detail/sound__rosidl_typesupport_fastrtps_cpp.hpp
[3.583s] -- Up-to-date: /home/orin/work/install/turtlebot3_msgs/include/turtlebot3_msgs/turtlebot3_msgs/srv/detail/dds_fastrtps
[3.584s] -- Up-to-date: /home/orin/work/install/turtlebot3_msgs/include/turtlebot3_msgs/turtlebot3_msgs/srv/detail/dqn__rosidl_typesupport_fastrtps_cpp.hpp
[3.584s] -- Up-to-date: /home/orin/work/install/turtlebot3_msgs/lib/libturtlebot3_msgs__rosidl_typesupport_fastrtps_cpp.so
[3.586s] -- Up-to-date: /home/orin/work/install/turtlebot3_msgs/include/turtlebot3_msgs/turtlebot3_msgs
[3.587s] -- Up-to-date: /home/orin/work/install/turtlebot3_msgs/include/turtlebot3_msgs/turtlebot3_msgs/msg
[3.587s] -- Up-to-date: /home/orin/work/install/turtlebot3_msgs/include/turtlebot3_msgs/turtlebot3_msgs/msg/rosidl_typesupport_introspection_c__visibility_control.h
[3.587s] -- Up-to-date: /home/orin/work/install/turtlebot3_msgs/include/turtlebot3_msgs/turtlebot3_msgs/msg/detail
[3.587s] -- Up-to-date: /home/orin/work/install/turtlebot3_msgs/include/turtlebot3_msgs/turtlebot3_msgs/msg/detail/sensor_state__type_support.c
[3.587s] -- Up-to-date: /home/orin/work/install/turtlebot3_msgs/include/turtlebot3_msgs/turtlebot3_msgs/msg/detail/sensor_state__rosidl_typesupport_introspection_c.h
[3.588s] -- Up-to-date: /home/orin/work/install/turtlebot3_msgs/include/turtlebot3_msgs/turtlebot3_msgs/msg/detail/version_info__type_support.c
[3.588s] -- Up-to-date: /home/orin/work/install/turtlebot3_msgs/include/turtlebot3_msgs/turtlebot3_msgs/msg/detail/version_info__rosidl_typesupport_introspection_c.h
[3.588s] -- Up-to-date: /home/orin/work/install/turtlebot3_msgs/include/turtlebot3_msgs/turtlebot3_msgs/msg/detail/sound__rosidl_typesupport_introspection_c.h
[3.588s] -- Up-to-date: /home/orin/work/install/turtlebot3_msgs/include/turtlebot3_msgs/turtlebot3_msgs/msg/detail/sound__type_support.c
[3.588s] -- Up-to-date: /home/orin/work/install/turtlebot3_msgs/include/turtlebot3_msgs/turtlebot3_msgs/action
[3.588s] -- Up-to-date: /home/orin/work/install/turtlebot3_msgs/include/turtlebot3_msgs/turtlebot3_msgs/action/detail
[3.589s] -- Up-to-date: /home/orin/work/install/turtlebot3_msgs/include/turtlebot3_msgs/turtlebot3_msgs/action/detail/patrol__type_support.c
[3.589s] -- Up-to-date: /home/orin/work/install/turtlebot3_msgs/include/turtlebot3_msgs/turtlebot3_msgs/action/detail/patrol__rosidl_typesupport_introspection_c.h
[3.591s] -- Up-to-date: /home/orin/work/install/turtlebot3_msgs/include/turtlebot3_msgs/turtlebot3_msgs/srv
[3.594s] -- Up-to-date: /home/orin/work/install/turtlebot3_msgs/include/turtlebot3_msgs/turtlebot3_msgs/srv/detail
[3.595s] -- Up-to-date: /home/orin/work/install/turtlebot3_msgs/include/turtlebot3_msgs/turtlebot3_msgs/srv/detail/dqn__type_support.c
[3.595s] -- Up-to-date: /home/orin/work/install/turtlebot3_msgs/include/turtlebot3_msgs/turtlebot3_msgs/srv/detail/sound__rosidl_typesupport_introspection_c.h
[3.595s] -- Up-to-date: /home/orin/work/install/turtlebot3_msgs/include/turtlebot3_msgs/turtlebot3_msgs/srv/detail/dqn__rosidl_typesupport_introspection_c.h
[3.596s] -- Up-to-date: /home/orin/work/install/turtlebot3_msgs/include/turtlebot3_msgs/turtlebot3_msgs/srv/detail/sound__type_support.c
[3.596s] -- Up-to-date: /home/orin/work/install/turtlebot3_msgs/lib/libturtlebot3_msgs__rosidl_typesupport_introspection_c.so
[3.596s] -- Up-to-date: /home/orin/work/install/turtlebot3_msgs/lib/libturtlebot3_msgs__rosidl_typesupport_c.so
[3.596s] -- Up-to-date: /home/orin/work/install/turtlebot3_msgs/include/turtlebot3_msgs/turtlebot3_msgs
[3.597s] -- Up-to-date: /home/orin/work/install/turtlebot3_msgs/include/turtlebot3_msgs/turtlebot3_msgs/msg
[3.597s] -- Up-to-date: /home/orin/work/install/turtlebot3_msgs/include/turtlebot3_msgs/turtlebot3_msgs/msg/detail
[3.597s] -- Up-to-date: /home/orin/work/install/turtlebot3_msgs/include/turtlebot3_msgs/turtlebot3_msgs/msg/detail/version_info__rosidl_typesupport_introspection_cpp.hpp
[3.597s] -- Up-to-date: /home/orin/work/install/turtlebot3_msgs/include/turtlebot3_msgs/turtlebot3_msgs/msg/detail/sound__rosidl_typesupport_introspection_cpp.hpp
[3.597s] -- Up-to-date: /home/orin/work/install/turtlebot3_msgs/include/turtlebot3_msgs/turtlebot3_msgs/msg/detail/sensor_state__type_support.cpp
[3.597s] -- Up-to-date: /home/orin/work/install/turtlebot3_msgs/include/turtlebot3_msgs/turtlebot3_msgs/msg/detail/version_info__type_support.cpp
[3.597s] -- Up-to-date: /home/orin/work/install/turtlebot3_msgs/include/turtlebot3_msgs/turtlebot3_msgs/msg/detail/sensor_state__rosidl_typesupport_introspection_cpp.hpp
[3.597s] -- Up-to-date: /home/orin/work/install/turtlebot3_msgs/include/turtlebot3_msgs/turtlebot3_msgs/msg/detail/sound__type_support.cpp
[3.598s] -- Up-to-date: /home/orin/work/install/turtlebot3_msgs/include/turtlebot3_msgs/turtlebot3_msgs/action
[3.598s] -- Up-to-date: /home/orin/work/install/turtlebot3_msgs/include/turtlebot3_msgs/turtlebot3_msgs/action/detail
[3.598s] -- Up-to-date: /home/orin/work/install/turtlebot3_msgs/include/turtlebot3_msgs/turtlebot3_msgs/action/detail/patrol__type_support.cpp
[3.598s] -- Up-to-date: /home/orin/work/install/turtlebot3_msgs/include/turtlebot3_msgs/turtlebot3_msgs/action/detail/patrol__rosidl_typesupport_introspection_cpp.hpp
[3.599s] -- Up-to-date: /home/orin/work/install/turtlebot3_msgs/include/turtlebot3_msgs/turtlebot3_msgs/srv
[3.599s] -- Up-to-date: /home/orin/work/install/turtlebot3_msgs/include/turtlebot3_msgs/turtlebot3_msgs/srv/detail
[3.599s] -- Up-to-date: /home/orin/work/install/turtlebot3_msgs/include/turtlebot3_msgs/turtlebot3_msgs/srv/detail/dqn__rosidl_typesupport_introspection_cpp.hpp
[3.599s] -- Up-to-date: /home/orin/work/install/turtlebot3_msgs/include/turtlebot3_msgs/turtlebot3_msgs/srv/detail/sound__rosidl_typesupport_introspection_cpp.hpp
[3.599s] -- Up-to-date: /home/orin/work/install/turtlebot3_msgs/include/turtlebot3_msgs/turtlebot3_msgs/srv/detail/sound__type_support.cpp
[3.599s] -- Up-to-date: /home/orin/work/install/turtlebot3_msgs/include/turtlebot3_msgs/turtlebot3_msgs/srv/detail/dqn__type_support.cpp
[3.599s] -- Up-to-date: /home/orin/work/install/turtlebot3_msgs/lib/libturtlebot3_msgs__rosidl_typesupport_introspection_cpp.so
[3.600s] -- Up-to-date: /home/orin/work/install/turtlebot3_msgs/lib/libturtlebot3_msgs__rosidl_typesupport_cpp.so
[3.601s] -- Up-to-date: /home/orin/work/install/turtlebot3_msgs/share/turtlebot3_msgs/environment/pythonpath.sh
[3.601s] -- Up-to-date: /home/orin/work/install/turtlebot3_msgs/share/turtlebot3_msgs/environment/pythonpath.dsv
[3.601s] -- Up-to-date: /home/orin/work/install/turtlebot3_msgs/local/lib/python3.10/dist-packages/turtlebot3_msgs-2.2.3-py3.10.egg-info
[3.602s] -- Installing: /home/orin/work/install/turtlebot3_msgs/local/lib/python3.10/dist-packages/turtlebot3_msgs-2.2.3-py3.10.egg-info/PKG-INFO
[3.603s] -- Installing: /home/orin/work/install/turtlebot3_msgs/local/lib/python3.10/dist-packages/turtlebot3_msgs-2.2.3-py3.10.egg-info/top_level.txt
[3.603s] -- Installing: /home/orin/work/install/turtlebot3_msgs/local/lib/python3.10/dist-packages/turtlebot3_msgs-2.2.3-py3.10.egg-info/dependency_links.txt
[3.603s] -- Installing: /home/orin/work/install/turtlebot3_msgs/local/lib/python3.10/dist-packages/turtlebot3_msgs-2.2.3-py3.10.egg-info/SOURCES.txt
[3.610s] -- Up-to-date: /home/orin/work/install/turtlebot3_msgs/local/lib/python3.10/dist-packages/turtlebot3_msgs
[3.618s] -- Up-to-date: /home/orin/work/install/turtlebot3_msgs/local/lib/python3.10/dist-packages/turtlebot3_msgs/turtlebot3_msgs_s__rosidl_typesupport_fastrtps_c.cpython-310-aarch64-linux-gnu.so
[3.619s] -- Up-to-date: /home/orin/work/install/turtlebot3_msgs/local/lib/python3.10/dist-packages/turtlebot3_msgs/libturtlebot3_msgs__rosidl_generator_py.so
[3.619s] -- Up-to-date: /home/orin/work/install/turtlebot3_msgs/local/lib/python3.10/dist-packages/turtlebot3_msgs/_turtlebot3_msgs_s.ep.rosidl_typesupport_fastrtps_c.c
[3.619s] -- Up-to-date: /home/orin/work/install/turtlebot3_msgs/local/lib/python3.10/dist-packages/turtlebot3_msgs/turtlebot3_msgs_s__rosidl_typesupport_c.cpython-310-aarch64-linux-gnu.so
[3.621s] -- Up-to-date: /home/orin/work/install/turtlebot3_msgs/local/lib/python3.10/dist-packages/turtlebot3_msgs/msg
[3.622s] -- Up-to-date: /home/orin/work/install/turtlebot3_msgs/local/lib/python3.10/dist-packages/turtlebot3_msgs/msg/_sensor_state.py
[3.622s] -- Up-to-date: /home/orin/work/install/turtlebot3_msgs/local/lib/python3.10/dist-packages/turtlebot3_msgs/msg/_version_info.py
[3.624s] -- Up-to-date: /home/orin/work/install/turtlebot3_msgs/local/lib/python3.10/dist-packages/turtlebot3_msgs/msg/_sensor_state_s.c
[3.625s] -- Up-to-date: /home/orin/work/install/turtlebot3_msgs/local/lib/python3.10/dist-packages/turtlebot3_msgs/msg/__init__.py
[3.626s] -- Up-to-date: /home/orin/work/install/turtlebot3_msgs/local/lib/python3.10/dist-packages/turtlebot3_msgs/msg/_sound.py
[3.626s] -- Up-to-date: /home/orin/work/install/turtlebot3_msgs/local/lib/python3.10/dist-packages/turtlebot3_msgs/msg/_version_info_s.c
[3.627s] -- Up-to-date: /home/orin/work/install/turtlebot3_msgs/local/lib/python3.10/dist-packages/turtlebot3_msgs/msg/_sound_s.c
[3.627s] -- Up-to-date: /home/orin/work/install/turtlebot3_msgs/local/lib/python3.10/dist-packages/turtlebot3_msgs/_turtlebot3_msgs_s.ep.rosidl_typesupport_c.c
[3.628s] -- Up-to-date: /home/orin/work/install/turtlebot3_msgs/local/lib/python3.10/dist-packages/turtlebot3_msgs/__init__.py
[3.641s] -- Up-to-date: /home/orin/work/install/turtlebot3_msgs/local/lib/python3.10/dist-packages/turtlebot3_msgs/action
[3.642s] -- Up-to-date: /home/orin/work/install/turtlebot3_msgs/local/lib/python3.10/dist-packages/turtlebot3_msgs/action/__init__.py
[3.642s] -- Up-to-date: /home/orin/work/install/turtlebot3_msgs/local/lib/python3.10/dist-packages/turtlebot3_msgs/action/_patrol_s.c
[3.642s] -- Up-to-date: /home/orin/work/install/turtlebot3_msgs/local/lib/python3.10/dist-packages/turtlebot3_msgs/action/_patrol.py
[3.643s] -- Up-to-date: /home/orin/work/install/turtlebot3_msgs/local/lib/python3.10/dist-packages/turtlebot3_msgs/srv
[3.656s] -- Up-to-date: /home/orin/work/install/turtlebot3_msgs/local/lib/python3.10/dist-packages/turtlebot3_msgs/srv/__init__.py
[3.657s] -- Up-to-date: /home/orin/work/install/turtlebot3_msgs/local/lib/python3.10/dist-packages/turtlebot3_msgs/srv/_sound.py
[3.657s] -- Up-to-date: /home/orin/work/install/turtlebot3_msgs/local/lib/python3.10/dist-packages/turtlebot3_msgs/srv/_dqn.py
[3.657s] -- Up-to-date: /home/orin/work/install/turtlebot3_msgs/local/lib/python3.10/dist-packages/turtlebot3_msgs/srv/_dqn_s.c
[3.657s] -- Up-to-date: /home/orin/work/install/turtlebot3_msgs/local/lib/python3.10/dist-packages/turtlebot3_msgs/srv/_sound_s.c
[3.657s] -- Up-to-date: /home/orin/work/install/turtlebot3_msgs/local/lib/python3.10/dist-packages/turtlebot3_msgs/_turtlebot3_msgs_s.ep.rosidl_typesupport_introspection_c.c
[3.657s] -- Up-to-date: /home/orin/work/install/turtlebot3_msgs/local/lib/python3.10/dist-packages/turtlebot3_msgs/turtlebot3_msgs_s__rosidl_typesupport_introspection_c.cpython-310-aarch64-linux-gnu.so
[3.793s] Listing '/home/orin/work/install/turtlebot3_msgs/local/lib/python3.10/dist-packages/turtlebot3_msgs'...
[3.794s] Listing '/home/orin/work/install/turtlebot3_msgs/local/lib/python3.10/dist-packages/turtlebot3_msgs/action'...
[3.794s] Listing '/home/orin/work/install/turtlebot3_msgs/local/lib/python3.10/dist-packages/turtlebot3_msgs/msg'...
[3.794s] Listing '/home/orin/work/install/turtlebot3_msgs/local/lib/python3.10/dist-packages/turtlebot3_msgs/srv'...
[3.794s] -- Up-to-date: /home/orin/work/install/turtlebot3_msgs/local/lib/python3.10/dist-packages/turtlebot3_msgs/turtlebot3_msgs_s__rosidl_typesupport_fastrtps_c.cpython-310-aarch64-linux-gnu.so
[3.794s] -- Up-to-date: /home/orin/work/install/turtlebot3_msgs/local/lib/python3.10/dist-packages/turtlebot3_msgs/turtlebot3_msgs_s__rosidl_typesupport_introspection_c.cpython-310-aarch64-linux-gnu.so
[3.794s] -- Up-to-date: /home/orin/work/install/turtlebot3_msgs/local/lib/python3.10/dist-packages/turtlebot3_msgs/turtlebot3_msgs_s__rosidl_typesupport_c.cpython-310-aarch64-linux-gnu.so
[3.795s] -- Up-to-date: /home/orin/work/install/turtlebot3_msgs/lib/libturtlebot3_msgs__rosidl_generator_py.so
[3.795s] -- Up-to-date: /home/orin/work/install/turtlebot3_msgs/share/turtlebot3_msgs/msg/SensorState.idl
[3.795s] -- Up-to-date: /home/orin/work/install/turtlebot3_msgs/share/turtlebot3_msgs/msg/Sound.idl
[3.795s] -- Up-to-date: /home/orin/work/install/turtlebot3_msgs/share/turtlebot3_msgs/msg/VersionInfo.idl
[3.796s] -- Up-to-date: /home/orin/work/install/turtlebot3_msgs/share/turtlebot3_msgs/srv/Sound.idl
[3.796s] -- Up-to-date: /home/orin/work/install/turtlebot3_msgs/share/turtlebot3_msgs/srv/Dqn.idl
[3.796s] -- Up-to-date: /home/orin/work/install/turtlebot3_msgs/share/turtlebot3_msgs/action/Patrol.idl
[3.797s] -- Up-to-date: /home/orin/work/install/turtlebot3_msgs/share/turtlebot3_msgs/msg/SensorState.msg
[3.797s] -- Up-to-date: /home/orin/work/install/turtlebot3_msgs/share/turtlebot3_msgs/msg/Sound.msg
[3.798s] -- Up-to-date: /home/orin/work/install/turtlebot3_msgs/share/turtlebot3_msgs/msg/VersionInfo.msg
[3.798s] -- Up-to-date: /home/orin/work/install/turtlebot3_msgs/share/turtlebot3_msgs/srv/Sound.srv
[3.800s] -- Up-to-date: /home/orin/work/install/turtlebot3_msgs/share/turtlebot3_msgs/srv/Sound_Request.msg
[3.801s] -- Up-to-date: /home/orin/work/install/turtlebot3_msgs/share/turtlebot3_msgs/srv/Sound_Response.msg
[3.802s] -- Up-to-date: /home/orin/work/install/turtlebot3_msgs/share/turtlebot3_msgs/srv/Dqn.srv
[3.802s] -- Up-to-date: /home/orin/work/install/turtlebot3_msgs/share/turtlebot3_msgs/srv/Dqn_Request.msg
[3.802s] -- Up-to-date: /home/orin/work/install/turtlebot3_msgs/share/turtlebot3_msgs/srv/Dqn_Response.msg
[3.803s] -- Up-to-date: /home/orin/work/install/turtlebot3_msgs/share/turtlebot3_msgs/action/Patrol.action
[3.804s] -- Up-to-date: /home/orin/work/install/turtlebot3_msgs/share/ament_index/resource_index/package_run_dependencies/turtlebot3_msgs
[3.804s] -- Up-to-date: /home/orin/work/install/turtlebot3_msgs/share/ament_index/resource_index/parent_prefix_path/turtlebot3_msgs
[3.804s] -- Up-to-date: /home/orin/work/install/turtlebot3_msgs/share/turtlebot3_msgs/environment/ament_prefix_path.sh
[3.805s] -- Up-to-date: /home/orin/work/install/turtlebot3_msgs/share/turtlebot3_msgs/environment/ament_prefix_path.dsv
[3.805s] -- Up-to-date: /home/orin/work/install/turtlebot3_msgs/share/turtlebot3_msgs/environment/path.sh
[3.805s] -- Up-to-date: /home/orin/work/install/turtlebot3_msgs/share/turtlebot3_msgs/environment/path.dsv
[3.806s] -- Up-to-date: /home/orin/work/install/turtlebot3_msgs/share/turtlebot3_msgs/local_setup.bash
[3.806s] -- Up-to-date: /home/orin/work/install/turtlebot3_msgs/share/turtlebot3_msgs/local_setup.sh
[3.806s] -- Up-to-date: /home/orin/work/install/turtlebot3_msgs/share/turtlebot3_msgs/local_setup.zsh
[3.807s] -- Up-to-date: /home/orin/work/install/turtlebot3_msgs/share/turtlebot3_msgs/local_setup.dsv
[3.808s] -- Installing: /home/orin/work/install/turtlebot3_msgs/share/turtlebot3_msgs/package.dsv
[3.808s] -- Up-to-date: /home/orin/work/install/turtlebot3_msgs/share/ament_index/resource_index/packages/turtlebot3_msgs
[3.808s] -- Up-to-date: /home/orin/work/install/turtlebot3_msgs/share/turtlebot3_msgs/cmake/export_turtlebot3_msgs__rosidl_generator_cExport.cmake
[3.809s] -- Up-to-date: /home/orin/work/install/turtlebot3_msgs/share/turtlebot3_msgs/cmake/export_turtlebot3_msgs__rosidl_generator_cExport-noconfig.cmake
[3.809s] -- Up-to-date: /home/orin/work/install/turtlebot3_msgs/share/turtlebot3_msgs/cmake/export_turtlebot3_msgs__rosidl_typesupport_fastrtps_cExport.cmake
[3.810s] -- Up-to-date: /home/orin/work/install/turtlebot3_msgs/share/turtlebot3_msgs/cmake/export_turtlebot3_msgs__rosidl_typesupport_fastrtps_cExport-noconfig.cmake
[3.810s] -- Up-to-date: /home/orin/work/install/turtlebot3_msgs/share/turtlebot3_msgs/cmake/export_turtlebot3_msgs__rosidl_generator_cppExport.cmake
[3.810s] -- Up-to-date: /home/orin/work/install/turtlebot3_msgs/share/turtlebot3_msgs/cmake/export_turtlebot3_msgs__rosidl_typesupport_fastrtps_cppExport.cmake
[3.811s] -- Up-to-date: /home/orin/work/install/turtlebot3_msgs/share/turtlebot3_msgs/cmake/export_turtlebot3_msgs__rosidl_typesupport_fastrtps_cppExport-noconfig.cmake
[3.811s] -- Up-to-date: /home/orin/work/install/turtlebot3_msgs/share/turtlebot3_msgs/cmake/turtlebot3_msgs__rosidl_typesupport_introspection_cExport.cmake
[3.811s] -- Up-to-date: /home/orin/work/install/turtlebot3_msgs/share/turtlebot3_msgs/cmake/turtlebot3_msgs__rosidl_typesupport_introspection_cExport-noconfig.cmake
[3.811s] -- Up-to-date: /home/orin/work/install/turtlebot3_msgs/share/turtlebot3_msgs/cmake/turtlebot3_msgs__rosidl_typesupport_cExport.cmake
[3.811s] -- Up-to-date: /home/orin/work/install/turtlebot3_msgs/share/turtlebot3_msgs/cmake/turtlebot3_msgs__rosidl_typesupport_cExport-noconfig.cmake
[3.812s] -- Up-to-date: /home/orin/work/install/turtlebot3_msgs/share/turtlebot3_msgs/cmake/turtlebot3_msgs__rosidl_typesupport_introspection_cppExport.cmake
[3.812s] -- Up-to-date: /home/orin/work/install/turtlebot3_msgs/share/turtlebot3_msgs/cmake/turtlebot3_msgs__rosidl_typesupport_introspection_cppExport-noconfig.cmake
[3.812s] -- Up-to-date: /home/orin/work/install/turtlebot3_msgs/share/turtlebot3_msgs/cmake/turtlebot3_msgs__rosidl_typesupport_cppExport.cmake
[3.812s] -- Up-to-date: /home/orin/work/install/turtlebot3_msgs/share/turtlebot3_msgs/cmake/turtlebot3_msgs__rosidl_typesupport_cppExport-noconfig.cmake
[3.812s] -- Up-to-date: /home/orin/work/install/turtlebot3_msgs/share/turtlebot3_msgs/cmake/export_turtlebot3_msgs__rosidl_generator_pyExport.cmake
[3.812s] -- Up-to-date: /home/orin/work/install/turtlebot3_msgs/share/turtlebot3_msgs/cmake/export_turtlebot3_msgs__rosidl_generator_pyExport-noconfig.cmake
[3.812s] -- Up-to-date: /home/orin/work/install/turtlebot3_msgs/share/turtlebot3_msgs/cmake/rosidl_cmake-extras.cmake
[3.813s] -- Up-to-date: /home/orin/work/install/turtlebot3_msgs/share/turtlebot3_msgs/cmake/ament_cmake_export_dependencies-extras.cmake
[3.813s] -- Up-to-date: /home/orin/work/install/turtlebot3_msgs/share/turtlebot3_msgs/cmake/ament_cmake_export_include_directories-extras.cmake
[3.813s] -- Up-to-date: /home/orin/work/install/turtlebot3_msgs/share/turtlebot3_msgs/cmake/ament_cmake_export_libraries-extras.cmake
[3.813s] -- Up-to-date: /home/orin/work/install/turtlebot3_msgs/share/turtlebot3_msgs/cmake/ament_cmake_export_targets-extras.cmake
[3.813s] -- Up-to-date: /home/orin/work/install/turtlebot3_msgs/share/turtlebot3_msgs/cmake/rosidl_cmake_export_typesupport_targets-extras.cmake
[3.813s] -- Up-to-date: /home/orin/work/install/turtlebot3_msgs/share/turtlebot3_msgs/cmake/rosidl_cmake_export_typesupport_libraries-extras.cmake
[3.813s] -- Up-to-date: /home/orin/work/install/turtlebot3_msgs/share/turtlebot3_msgs/cmake/turtlebot3_msgsConfig.cmake
[3.813s] -- Up-to-date: /home/orin/work/install/turtlebot3_msgs/share/turtlebot3_msgs/cmake/turtlebot3_msgsConfig-version.cmake
[3.814s] -- Up-to-date: /home/orin/work/install/turtlebot3_msgs/share/turtlebot3_msgs/package.xml
[3.912s] Invoked command in '/home/orin/work/build/turtlebot3_msgs' returned '0': CMAKE_PREFIX_PATH=${CMAKE_PREFIX_PATH}:/home/orin/work/install/turtlebot3_teleop:/home/orin/work/install/turtlebot3_example:/home/orin/work/install/object_detection:/home/orin/work/install/detect_lane:/home/orin/work/install/core:/home/orin/work/install/control:/home/orin/work/install/camera:/opt/ros/humble /usr/local/bin/cmake --install /home/orin/work/build/turtlebot3_msgs
