[5.110s] Invoking command in '/home/orin/work/src/detect/detect_lane': PYTHONPATH=/home/orin/work/build/detect_lane/prefix_override:/usr/lib/python3/dist-packages/colcon_core/task/python/colcon_distutils_commands:/home/orin/work/install/detect_lane/lib/python3.10/site-packages:${PYTHONPATH} /usr/bin/python3 -W ignore:setup.py install is deprecated -W ignore:easy_install command is deprecated setup.py egg_info --egg-base ../../../build/detect_lane build --build-base /home/orin/work/build/detect_lane/build install --record /home/orin/work/build/detect_lane/install.log --single-version-externally-managed install_data
[5.517s] /usr/local/lib/python3.10/dist-packages/setuptools/_distutils/dist.py:261: UserWarning: Unknown distribution option: 'tests_require'
[5.517s]   warnings.warn(msg)
[5.754s] running egg_info
[5.794s] writing ../../../build/detect_lane/detect_lane.egg-info/PKG-INFO
[5.798s] writing dependency_links to ../../../build/detect_lane/detect_lane.egg-info/dependency_links.txt
[5.799s] writing entry points to ../../../build/detect_lane/detect_lane.egg-info/entry_points.txt
[5.799s] writing requirements to ../../../build/detect_lane/detect_lane.egg-info/requires.txt
[5.800s] writing top-level names to ../../../build/detect_lane/detect_lane.egg-info/top_level.txt
[5.902s] reading manifest file '../../../build/detect_lane/detect_lane.egg-info/SOURCES.txt'
[5.908s] writing manifest file '../../../build/detect_lane/detect_lane.egg-info/SOURCES.txt'
[5.909s] running build
[5.909s] running build_py
[5.910s] copying detect_lane/camera_red_green_light.py -> /home/orin/work/build/detect_lane/build/lib/detect_lane
[5.919s] copying detect_lane/key_pub_signs.py -> /home/orin/work/build/detect_lane/build/lib/detect_lane
[5.920s] copying detect_lane/__init__.py -> /home/orin/work/build/detect_lane/build/lib/detect_lane
[5.920s] copying detect_lane/detect_lane.py -> /home/orin/work/build/detect_lane/build/lib/detect_lane
[5.920s] copying detect_lane/hsv_traffic_light.py -> /home/orin/work/build/detect_lane/build/lib/detect_lane
[5.921s] copying detect_lane/hsv_param_adjustment.py -> /home/orin/work/build/detect_lane/build/lib/detect_lane
[5.921s] copying detect_lane/detect_traffic.py -> /home/orin/work/build/detect_lane/build/lib/detect_lane
[5.921s] copying detect_lane/detect_parking_grid.py -> /home/orin/work/build/detect_lane/build/lib/detect_lane
[5.921s] running install
[5.929s] running install_lib
[5.975s] running install_data
[5.975s] copying resource/detect_lane -> /home/orin/work/install/detect_lane/share/ament_index/resource_index/packages
[5.995s] copying package.xml -> /home/orin/work/install/detect_lane/share/detect_lane
[5.995s] copying launch/detect_traffic_launch.py -> /home/orin/work/install/detect_lane/share/detect_lane/launch
[5.996s] copying launch/detect_lane_launch.py -> /home/orin/work/install/detect_lane/share/detect_lane/launch
[5.996s] copying config/hsv_parameters_default.yaml -> /home/orin/work/install/detect_lane/share/detect_lane/config
[5.996s] copying config/hsv_parameters_tr_own.yaml -> /home/orin/work/install/detect_lane/share/detect_lane/config
[5.997s] copying config/hsv_parameters_own.yaml -> /home/orin/work/install/detect_lane/share/detect_lane/config
[5.997s] copying config/hsv_parameters_own (copy).yaml -> /home/orin/work/install/detect_lane/share/detect_lane/config
[5.997s] copying config/calibration_mode.rviz -> /home/orin/work/install/detect_lane/share/detect_lane/config
[5.997s] copying config/lane_mode.rviz -> /home/orin/work/install/detect_lane/share/detect_lane/config
[5.997s] running install_egg_info
[6.024s] removing '/home/orin/work/install/detect_lane/lib/python3.10/site-packages/detect_lane-0.0.0-py3.10.egg-info' (and everything under it)
[6.025s] Copying ../../../build/detect_lane/detect_lane.egg-info to /home/orin/work/install/detect_lane/lib/python3.10/site-packages/detect_lane-0.0.0-py3.10.egg-info
[6.027s] running install_scripts
[6.352s] Installing detect_lane script to /home/orin/work/install/detect_lane/lib/detect_lane
[6.353s] Installing detect_parking_grid script to /home/orin/work/install/detect_lane/lib/detect_lane
[6.355s] Installing detect_traffic script to /home/orin/work/install/detect_lane/lib/detect_lane
[6.355s] Installing hsv_param_adjustment script to /home/orin/work/install/detect_lane/lib/detect_lane
[6.355s] Installing hsv_traffic_light script to /home/orin/work/install/detect_lane/lib/detect_lane
[6.356s] Installing key_pub_signs script to /home/orin/work/install/detect_lane/lib/detect_lane
[6.357s] writing list of installed files to '/home/orin/work/build/detect_lane/install.log'
[6.493s] Invoked command in '/home/orin/work/src/detect/detect_lane' returned '0': PYTHONPATH=/home/orin/work/build/detect_lane/prefix_override:/usr/lib/python3/dist-packages/colcon_core/task/python/colcon_distutils_commands:/home/orin/work/install/detect_lane/lib/python3.10/site-packages:${PYTHONPATH} /usr/bin/python3 -W ignore:setup.py install is deprecated -W ignore:easy_install command is deprecated setup.py egg_info --egg-base ../../../build/detect_lane build --build-base /home/orin/work/build/detect_lane/build install --record /home/orin/work/build/detect_lane/install.log --single-version-externally-managed install_data
