-- The C compiler identification is GNU 11.4.0
-- The CXX compiler identification is GNU 11.4.0
-- Detecting C compiler ABI info
-- Detecting C compiler ABI info - done
-- Check for working C compiler: /usr/bin/cc - skipped
-- Detecting C compile features
-- Detecting C compile features - done
-- Detecting CXX compiler ABI info
-- Detecting CXX compiler ABI info - done
-- Check for working CXX compiler: /usr/bin/c++ - skipped
-- Detecting CXX compile features
-- Detecting CXX compile features - done
-- Found ament_cmake: 1.3.11 (/opt/ros/humble/share/ament_cmake/cmake)
-- Found Python3: /usr/local/bin/python3 (found version "3.10.12") found components: Interpreter
-- Found geometry_msgs: 4.2.4 (/opt/ros/humble/share/geometry_msgs/cmake)
-- Found rosidl_generator_c: 3.1.6 (/opt/ros/humble/share/rosidl_generator_c/cmake)
-- Found rosidl_adapter: 3.1.6 (/opt/ros/humble/share/rosidl_adapter/cmake)
-- Found rosidl_generator_cpp: 3.1.6 (/opt/ros/humble/share/rosidl_generator_cpp/cmake)
-- Using all available rosidl_typesupport_c: rosidl_typesupport_fastrtps_c;rosidl_typesupport_introspection_c
-- Using all available rosidl_typesupport_cpp: rosidl_typesupport_fastrtps_cpp;rosidl_typesupport_introspection_cpp
-- Found rosidl_default_generators: 1.2.0 (/opt/ros/humble/share/rosidl_default_generators/cmake)
-- Found ament_cmake_ros: 0.10.0 (/opt/ros/humble/share/ament_cmake_ros/cmake)
-- Using all available rosidl_typesupport_c: rosidl_typesupport_fastrtps_c;rosidl_typesupport_introspection_c
-- Using all available rosidl_typesupport_cpp: rosidl_typesupport_fastrtps_cpp;rosidl_typesupport_introspection_cpp
-- Found PythonInterp: /usr/local/bin/python3 (found suitable version "3.10.12", minimum required is "3.6")
-- Found python_cmake_module: 0.10.0 (/opt/ros/humble/share/python_cmake_module/cmake)
-- Found PythonLibs: /usr/lib/aarch64-linux-gnu/libpython3.10.so (found suitable version "3.10.12", minimum required is "3.5")
-- Using PYTHON_EXECUTABLE: /usr/local/bin/python3
-- Using PYTHON_INCLUDE_DIRS: /usr/include/python3.10
-- Using PYTHON_LIBRARIES: /usr/lib/aarch64-linux-gnu/libpython3.10.so
-- Found PythonExtra: .so
-- Found ament_lint_auto: 0.12.11 (/opt/ros/humble/share/ament_lint_auto/cmake)
-- Added test 'lint_cmake' to check CMake code style
-- Added test 'xmllint' to check XML markup files
-- Configuring done (8.5s)
-- Generating done (0.1s)
-- Build files have been written to: /home/orin/work/build/detect_interfaces
[  3%] [34m[1mGenerating C code for ROS interfaces[0m
[  6%] [34m[1mGenerating C++ code for ROS interfaces[0m
[  6%] Built target ament_cmake_python_copy_detect_interfaces
running egg_info
creating detect_interfaces.egg-info
[  6%] Built target detect_interfaces__cpp
[  9%] [32mBuilding C object CMakeFiles/detect_interfaces__rosidl_generator_c.dir/rosidl_generator_c/detect_interfaces/msg/detail/bounding_box__functions.c.o[0m
[ 12%] [34m[1mGenerating C++ type support dispatch for ROS interfaces[0m
writing detect_interfaces.egg-info/PKG-INFO
[ 19%] [34m[1mGenerating C++ type support for eProsima Fast-RTPS[0m
[ 19%] [34m[1mGenerating C++ introspection for ROS interfaces[0m
writing dependency_links to detect_interfaces.egg-info/dependency_links.txt
writing top-level names to detect_interfaces.egg-info/top_level.txt
writing manifest file 'detect_interfaces.egg-info/SOURCES.txt'
reading manifest file 'detect_interfaces.egg-info/SOURCES.txt'
writing manifest file 'detect_interfaces.egg-info/SOURCES.txt'
[ 19%] Built target ament_cmake_python_build_detect_interfaces_egg
[ 22%] [32m[1mLinking C shared library libdetect_interfaces__rosidl_generator_c.so[0m
[ 22%] Built target detect_interfaces__rosidl_generator_c
[ 25%] [34m[1mGenerating C type support for eProsima Fast-RTPS[0m
[ 29%] [34m[1mGenerating C introspection for ROS interfaces[0m
[ 32%] [34m[1mGenerating C type support dispatch for ROS interfaces[0m
[ 35%] [32mBuilding CXX object CMakeFiles/detect_interfaces__rosidl_typesupport_introspection_cpp.dir/rosidl_typesupport_introspection_cpp/detect_interfaces/msg/detail/bounding_box__type_support.cpp.o[0m
[ 38%] [32mBuilding CXX object CMakeFiles/detect_interfaces__rosidl_typesupport_cpp.dir/rosidl_typesupport_cpp/detect_interfaces/msg/bounding_box__type_support.cpp.o[0m
[ 41%] [32mBuilding CXX object CMakeFiles/detect_interfaces__rosidl_typesupport_fastrtps_cpp.dir/rosidl_typesupport_fastrtps_cpp/detect_interfaces/msg/detail/dds_fastrtps/bounding_box__type_support.cpp.o[0m
[ 45%] [32mBuilding C object CMakeFiles/detect_interfaces__rosidl_typesupport_introspection_c.dir/rosidl_typesupport_introspection_c/detect_interfaces/msg/detail/bounding_box__type_support.c.o[0m
[ 48%] [32mBuilding CXX object CMakeFiles/detect_interfaces__rosidl_typesupport_fastrtps_c.dir/rosidl_typesupport_fastrtps_c/detect_interfaces/msg/detail/bounding_box__type_support_c.cpp.o[0m
[ 51%] [32mBuilding CXX object CMakeFiles/detect_interfaces__rosidl_typesupport_c.dir/rosidl_typesupport_c/detect_interfaces/msg/bounding_box__type_support.cpp.o[0m
[ 54%] [32m[1mLinking CXX shared library libdetect_interfaces__rosidl_typesupport_c.so[0m
[ 58%] [32m[1mLinking C shared library libdetect_interfaces__rosidl_typesupport_introspection_c.so[0m
[ 58%] Built target detect_interfaces__rosidl_typesupport_introspection_c
[ 61%] [32m[1mLinking CXX shared library libdetect_interfaces__rosidl_typesupport_cpp.so[0m
[ 61%] Built target detect_interfaces__rosidl_typesupport_c
[ 61%] Built target detect_interfaces__rosidl_typesupport_cpp
[ 64%] [32m[1mLinking CXX shared library libdetect_interfaces__rosidl_typesupport_fastrtps_cpp.so[0m
[ 67%] [32m[1mLinking CXX shared library libdetect_interfaces__rosidl_typesupport_introspection_cpp.so[0m
[ 67%] Built target detect_interfaces__rosidl_typesupport_introspection_cpp
[ 67%] Built target detect_interfaces__rosidl_typesupport_fastrtps_cpp
[ 70%] [32m[1mLinking CXX shared library libdetect_interfaces__rosidl_typesupport_fastrtps_c.so[0m
[ 70%] Built target detect_interfaces__rosidl_typesupport_fastrtps_c
[ 70%] Built target detect_interfaces
[ 74%] [34m[1mGenerating Python code for ROS interfaces[0m
[ 74%] Built target detect_interfaces__py
[ 77%] [32mBuilding C object CMakeFiles/detect_interfaces__rosidl_generator_py.dir/rosidl_generator_py/detect_interfaces/msg/_bounding_box_s.c.o[0m
[ 80%] [32m[1mLinking C shared library rosidl_generator_py/detect_interfaces/libdetect_interfaces__rosidl_generator_py.so[0m
[ 80%] Built target detect_interfaces__rosidl_generator_py
[ 83%] [32mBuilding C object CMakeFiles/detect_interfaces__rosidl_typesupport_introspection_c__pyext.dir/rosidl_generator_py/detect_interfaces/_detect_interfaces_s.ep.rosidl_typesupport_introspection_c.c.o[0m
[ 87%] [32mBuilding C object CMakeFiles/detect_interfaces__rosidl_typesupport_fastrtps_c__pyext.dir/rosidl_generator_py/detect_interfaces/_detect_interfaces_s.ep.rosidl_typesupport_fastrtps_c.c.o[0m
[ 90%] [32mBuilding C object CMakeFiles/detect_interfaces__rosidl_typesupport_c__pyext.dir/rosidl_generator_py/detect_interfaces/_detect_interfaces_s.ep.rosidl_typesupport_c.c.o[0m
[ 93%] [32m[1mLinking C shared library rosidl_generator_py/detect_interfaces/detect_interfaces_s__rosidl_typesupport_introspection_c.cpython-310-aarch64-linux-gnu.so[0m
[ 96%] [32m[1mLinking C shared library rosidl_generator_py/detect_interfaces/detect_interfaces_s__rosidl_typesupport_fastrtps_c.cpython-310-aarch64-linux-gnu.so[0m
[100%] [32m[1mLinking C shared library rosidl_generator_py/detect_interfaces/detect_interfaces_s__rosidl_typesupport_c.cpython-310-aarch64-linux-gnu.so[0m
[100%] Built target detect_interfaces__rosidl_typesupport_introspection_c__pyext
[100%] Built target detect_interfaces__rosidl_typesupport_fastrtps_c__pyext
[100%] Built target detect_interfaces__rosidl_typesupport_c__pyext
-- Install configuration: ""
-- Installing: /home/orin/work/install/detect_interfaces/share/ament_index/resource_index/rosidl_interfaces/detect_interfaces
-- Installing: /home/orin/work/install/detect_interfaces/include/detect_interfaces/detect_interfaces
-- Installing: /home/orin/work/install/detect_interfaces/include/detect_interfaces/detect_interfaces/msg
-- Installing: /home/orin/work/install/detect_interfaces/include/detect_interfaces/detect_interfaces/msg/rosidl_generator_c__visibility_control.h
-- Installing: /home/orin/work/install/detect_interfaces/include/detect_interfaces/detect_interfaces/msg/detail
-- Installing: /home/orin/work/install/detect_interfaces/include/detect_interfaces/detect_interfaces/msg/detail/bounding_box__functions.c
-- Installing: /home/orin/work/install/detect_interfaces/include/detect_interfaces/detect_interfaces/msg/detail/bounding_box__functions.h
-- Installing: /home/orin/work/install/detect_interfaces/include/detect_interfaces/detect_interfaces/msg/detail/bounding_box__type_support.h
-- Installing: /home/orin/work/install/detect_interfaces/include/detect_interfaces/detect_interfaces/msg/detail/bounding_box__struct.h
-- Installing: /home/orin/work/install/detect_interfaces/include/detect_interfaces/detect_interfaces/msg/bounding_box.h
-- Installing: /home/orin/work/install/detect_interfaces/share/detect_interfaces/environment/library_path.sh
-- Installing: /home/orin/work/install/detect_interfaces/share/detect_interfaces/environment/library_path.dsv
-- Installing: /home/orin/work/install/detect_interfaces/lib/libdetect_interfaces__rosidl_generator_c.so
-- Set non-toolchain portion of runtime path of "/home/orin/work/install/detect_interfaces/lib/libdetect_interfaces__rosidl_generator_c.so" to ""
-- Up-to-date: /home/orin/work/install/detect_interfaces/include/detect_interfaces/detect_interfaces
-- Up-to-date: /home/orin/work/install/detect_interfaces/include/detect_interfaces/detect_interfaces/msg
-- Up-to-date: /home/orin/work/install/detect_interfaces/include/detect_interfaces/detect_interfaces/msg/detail
-- Installing: /home/orin/work/install/detect_interfaces/include/detect_interfaces/detect_interfaces/msg/detail/bounding_box__rosidl_typesupport_fastrtps_c.h
-- Installing: /home/orin/work/install/detect_interfaces/include/detect_interfaces/detect_interfaces/msg/rosidl_typesupport_fastrtps_c__visibility_control.h
-- Installing: /home/orin/work/install/detect_interfaces/lib/libdetect_interfaces__rosidl_typesupport_fastrtps_c.so
-- Set non-toolchain portion of runtime path of "/home/orin/work/install/detect_interfaces/lib/libdetect_interfaces__rosidl_typesupport_fastrtps_c.so" to ""
-- Up-to-date: /home/orin/work/install/detect_interfaces/include/detect_interfaces/detect_interfaces
-- Up-to-date: /home/orin/work/install/detect_interfaces/include/detect_interfaces/detect_interfaces/msg
-- Up-to-date: /home/orin/work/install/detect_interfaces/include/detect_interfaces/detect_interfaces/msg/detail
-- Installing: /home/orin/work/install/detect_interfaces/include/detect_interfaces/detect_interfaces/msg/detail/bounding_box__traits.hpp
-- Installing: /home/orin/work/install/detect_interfaces/include/detect_interfaces/detect_interfaces/msg/detail/bounding_box__struct.hpp
-- Installing: /home/orin/work/install/detect_interfaces/include/detect_interfaces/detect_interfaces/msg/detail/bounding_box__builder.hpp
-- Installing: /home/orin/work/install/detect_interfaces/include/detect_interfaces/detect_interfaces/msg/detail/bounding_box__type_support.hpp
-- Installing: /home/orin/work/install/detect_interfaces/include/detect_interfaces/detect_interfaces/msg/bounding_box.hpp
-- Installing: /home/orin/work/install/detect_interfaces/include/detect_interfaces/detect_interfaces/msg/rosidl_generator_cpp__visibility_control.hpp
-- Up-to-date: /home/orin/work/install/detect_interfaces/include/detect_interfaces/detect_interfaces
-- Up-to-date: /home/orin/work/install/detect_interfaces/include/detect_interfaces/detect_interfaces/msg
-- Up-to-date: /home/orin/work/install/detect_interfaces/include/detect_interfaces/detect_interfaces/msg/detail
-- Installing: /home/orin/work/install/detect_interfaces/include/detect_interfaces/detect_interfaces/msg/detail/bounding_box__rosidl_typesupport_fastrtps_cpp.hpp
-- Installing: /home/orin/work/install/detect_interfaces/include/detect_interfaces/detect_interfaces/msg/detail/dds_fastrtps
-- Installing: /home/orin/work/install/detect_interfaces/include/detect_interfaces/detect_interfaces/msg/rosidl_typesupport_fastrtps_cpp__visibility_control.h
-- Installing: /home/orin/work/install/detect_interfaces/lib/libdetect_interfaces__rosidl_typesupport_fastrtps_cpp.so
-- Set non-toolchain portion of runtime path of "/home/orin/work/install/detect_interfaces/lib/libdetect_interfaces__rosidl_typesupport_fastrtps_cpp.so" to ""
-- Up-to-date: /home/orin/work/install/detect_interfaces/include/detect_interfaces/detect_interfaces
-- Up-to-date: /home/orin/work/install/detect_interfaces/include/detect_interfaces/detect_interfaces/msg
-- Installing: /home/orin/work/install/detect_interfaces/include/detect_interfaces/detect_interfaces/msg/rosidl_typesupport_introspection_c__visibility_control.h
-- Up-to-date: /home/orin/work/install/detect_interfaces/include/detect_interfaces/detect_interfaces/msg/detail
-- Installing: /home/orin/work/install/detect_interfaces/include/detect_interfaces/detect_interfaces/msg/detail/bounding_box__rosidl_typesupport_introspection_c.h
-- Installing: /home/orin/work/install/detect_interfaces/include/detect_interfaces/detect_interfaces/msg/detail/bounding_box__type_support.c
-- Installing: /home/orin/work/install/detect_interfaces/lib/libdetect_interfaces__rosidl_typesupport_introspection_c.so
-- Set non-toolchain portion of runtime path of "/home/orin/work/install/detect_interfaces/lib/libdetect_interfaces__rosidl_typesupport_introspection_c.so" to ""
-- Installing: /home/orin/work/install/detect_interfaces/lib/libdetect_interfaces__rosidl_typesupport_c.so
-- Set non-toolchain portion of runtime path of "/home/orin/work/install/detect_interfaces/lib/libdetect_interfaces__rosidl_typesupport_c.so" to ""
-- Up-to-date: /home/orin/work/install/detect_interfaces/include/detect_interfaces/detect_interfaces
-- Up-to-date: /home/orin/work/install/detect_interfaces/include/detect_interfaces/detect_interfaces/msg
-- Up-to-date: /home/orin/work/install/detect_interfaces/include/detect_interfaces/detect_interfaces/msg/detail
-- Installing: /home/orin/work/install/detect_interfaces/include/detect_interfaces/detect_interfaces/msg/detail/bounding_box__rosidl_typesupport_introspection_cpp.hpp
-- Installing: /home/orin/work/install/detect_interfaces/include/detect_interfaces/detect_interfaces/msg/detail/bounding_box__type_support.cpp
-- Installing: /home/orin/work/install/detect_interfaces/lib/libdetect_interfaces__rosidl_typesupport_introspection_cpp.so
-- Set non-toolchain portion of runtime path of "/home/orin/work/install/detect_interfaces/lib/libdetect_interfaces__rosidl_typesupport_introspection_cpp.so" to ""
-- Installing: /home/orin/work/install/detect_interfaces/lib/libdetect_interfaces__rosidl_typesupport_cpp.so
-- Set non-toolchain portion of runtime path of "/home/orin/work/install/detect_interfaces/lib/libdetect_interfaces__rosidl_typesupport_cpp.so" to ""
-- Installing: /home/orin/work/install/detect_interfaces/share/detect_interfaces/environment/pythonpath.sh
-- Installing: /home/orin/work/install/detect_interfaces/share/detect_interfaces/environment/pythonpath.dsv
-- Installing: /home/orin/work/install/detect_interfaces/local/lib/python3.10/dist-packages/detect_interfaces-0.0.0-py3.10.egg-info
-- Installing: /home/orin/work/install/detect_interfaces/local/lib/python3.10/dist-packages/detect_interfaces-0.0.0-py3.10.egg-info/PKG-INFO
-- Installing: /home/orin/work/install/detect_interfaces/local/lib/python3.10/dist-packages/detect_interfaces-0.0.0-py3.10.egg-info/top_level.txt
-- Installing: /home/orin/work/install/detect_interfaces/local/lib/python3.10/dist-packages/detect_interfaces-0.0.0-py3.10.egg-info/dependency_links.txt
-- Installing: /home/orin/work/install/detect_interfaces/local/lib/python3.10/dist-packages/detect_interfaces-0.0.0-py3.10.egg-info/SOURCES.txt
-- Installing: /home/orin/work/install/detect_interfaces/local/lib/python3.10/dist-packages/detect_interfaces
-- Installing: /home/orin/work/install/detect_interfaces/local/lib/python3.10/dist-packages/detect_interfaces/detect_interfaces_s__rosidl_typesupport_introspection_c.cpython-310-aarch64-linux-gnu.so
-- Installing: /home/orin/work/install/detect_interfaces/local/lib/python3.10/dist-packages/detect_interfaces/detect_interfaces_s__rosidl_typesupport_fastrtps_c.cpython-310-aarch64-linux-gnu.so
-- Installing: /home/orin/work/install/detect_interfaces/local/lib/python3.10/dist-packages/detect_interfaces/msg
-- Installing: /home/orin/work/install/detect_interfaces/local/lib/python3.10/dist-packages/detect_interfaces/msg/_bounding_box_s.c
-- Installing: /home/orin/work/install/detect_interfaces/local/lib/python3.10/dist-packages/detect_interfaces/msg/__init__.py
-- Installing: /home/orin/work/install/detect_interfaces/local/lib/python3.10/dist-packages/detect_interfaces/msg/_bounding_box.py
-- Installing: /home/orin/work/install/detect_interfaces/local/lib/python3.10/dist-packages/detect_interfaces/_detect_interfaces_s.ep.rosidl_typesupport_c.c
-- Installing: /home/orin/work/install/detect_interfaces/local/lib/python3.10/dist-packages/detect_interfaces/__init__.py
-- Installing: /home/orin/work/install/detect_interfaces/local/lib/python3.10/dist-packages/detect_interfaces/detect_interfaces_s__rosidl_typesupport_c.cpython-310-aarch64-linux-gnu.so
-- Installing: /home/orin/work/install/detect_interfaces/local/lib/python3.10/dist-packages/detect_interfaces/libdetect_interfaces__rosidl_generator_py.so
-- Installing: /home/orin/work/install/detect_interfaces/local/lib/python3.10/dist-packages/detect_interfaces/_detect_interfaces_s.ep.rosidl_typesupport_fastrtps_c.c
-- Installing: /home/orin/work/install/detect_interfaces/local/lib/python3.10/dist-packages/detect_interfaces/_detect_interfaces_s.ep.rosidl_typesupport_introspection_c.c
Listing '/home/orin/work/install/detect_interfaces/local/lib/python3.10/dist-packages/detect_interfaces'...
Compiling '/home/orin/work/install/detect_interfaces/local/lib/python3.10/dist-packages/detect_interfaces/__init__.py'...
Listing '/home/orin/work/install/detect_interfaces/local/lib/python3.10/dist-packages/detect_interfaces/msg'...
Compiling '/home/orin/work/install/detect_interfaces/local/lib/python3.10/dist-packages/detect_interfaces/msg/__init__.py'...
Compiling '/home/orin/work/install/detect_interfaces/local/lib/python3.10/dist-packages/detect_interfaces/msg/_bounding_box.py'...
-- Installing: /home/orin/work/install/detect_interfaces/local/lib/python3.10/dist-packages/detect_interfaces/detect_interfaces_s__rosidl_typesupport_fastrtps_c.cpython-310-aarch64-linux-gnu.so
-- Set non-toolchain portion of runtime path of "/home/orin/work/install/detect_interfaces/local/lib/python3.10/dist-packages/detect_interfaces/detect_interfaces_s__rosidl_typesupport_fastrtps_c.cpython-310-aarch64-linux-gnu.so" to ""
-- Installing: /home/orin/work/install/detect_interfaces/local/lib/python3.10/dist-packages/detect_interfaces/detect_interfaces_s__rosidl_typesupport_introspection_c.cpython-310-aarch64-linux-gnu.so
-- Set non-toolchain portion of runtime path of "/home/orin/work/install/detect_interfaces/local/lib/python3.10/dist-packages/detect_interfaces/detect_interfaces_s__rosidl_typesupport_introspection_c.cpython-310-aarch64-linux-gnu.so" to ""
-- Installing: /home/orin/work/install/detect_interfaces/local/lib/python3.10/dist-packages/detect_interfaces/detect_interfaces_s__rosidl_typesupport_c.cpython-310-aarch64-linux-gnu.so
-- Set non-toolchain portion of runtime path of "/home/orin/work/install/detect_interfaces/local/lib/python3.10/dist-packages/detect_interfaces/detect_interfaces_s__rosidl_typesupport_c.cpython-310-aarch64-linux-gnu.so" to ""
-- Installing: /home/orin/work/install/detect_interfaces/lib/libdetect_interfaces__rosidl_generator_py.so
-- Set non-toolchain portion of runtime path of "/home/orin/work/install/detect_interfaces/lib/libdetect_interfaces__rosidl_generator_py.so" to ""
-- Installing: /home/orin/work/install/detect_interfaces/share/detect_interfaces/msg/BoundingBox.idl
-- Installing: /home/orin/work/install/detect_interfaces/share/detect_interfaces/msg/BoundingBox.msg
-- Installing: /home/orin/work/install/detect_interfaces/share/ament_index/resource_index/package_run_dependencies/detect_interfaces
-- Installing: /home/orin/work/install/detect_interfaces/share/ament_index/resource_index/parent_prefix_path/detect_interfaces
-- Installing: /home/orin/work/install/detect_interfaces/share/detect_interfaces/environment/ament_prefix_path.sh
-- Installing: /home/orin/work/install/detect_interfaces/share/detect_interfaces/environment/ament_prefix_path.dsv
-- Installing: /home/orin/work/install/detect_interfaces/share/detect_interfaces/environment/path.sh
-- Installing: /home/orin/work/install/detect_interfaces/share/detect_interfaces/environment/path.dsv
-- Installing: /home/orin/work/install/detect_interfaces/share/detect_interfaces/local_setup.bash
-- Installing: /home/orin/work/install/detect_interfaces/share/detect_interfaces/local_setup.sh
-- Installing: /home/orin/work/install/detect_interfaces/share/detect_interfaces/local_setup.zsh
-- Installing: /home/orin/work/install/detect_interfaces/share/detect_interfaces/local_setup.dsv
-- Installing: /home/orin/work/install/detect_interfaces/share/detect_interfaces/package.dsv
-- Installing: /home/orin/work/install/detect_interfaces/share/ament_index/resource_index/packages/detect_interfaces
-- Installing: /home/orin/work/install/detect_interfaces/share/detect_interfaces/cmake/export_detect_interfaces__rosidl_generator_cExport.cmake
-- Installing: /home/orin/work/install/detect_interfaces/share/detect_interfaces/cmake/export_detect_interfaces__rosidl_generator_cExport-noconfig.cmake
-- Installing: /home/orin/work/install/detect_interfaces/share/detect_interfaces/cmake/export_detect_interfaces__rosidl_typesupport_fastrtps_cExport.cmake
-- Installing: /home/orin/work/install/detect_interfaces/share/detect_interfaces/cmake/export_detect_interfaces__rosidl_typesupport_fastrtps_cExport-noconfig.cmake
-- Installing: /home/orin/work/install/detect_interfaces/share/detect_interfaces/cmake/export_detect_interfaces__rosidl_generator_cppExport.cmake
-- Installing: /home/orin/work/install/detect_interfaces/share/detect_interfaces/cmake/export_detect_interfaces__rosidl_typesupport_fastrtps_cppExport.cmake
-- Installing: /home/orin/work/install/detect_interfaces/share/detect_interfaces/cmake/export_detect_interfaces__rosidl_typesupport_fastrtps_cppExport-noconfig.cmake
-- Installing: /home/orin/work/install/detect_interfaces/share/detect_interfaces/cmake/detect_interfaces__rosidl_typesupport_introspection_cExport.cmake
-- Installing: /home/orin/work/install/detect_interfaces/share/detect_interfaces/cmake/detect_interfaces__rosidl_typesupport_introspection_cExport-noconfig.cmake
-- Installing: /home/orin/work/install/detect_interfaces/share/detect_interfaces/cmake/detect_interfaces__rosidl_typesupport_cExport.cmake
-- Installing: /home/orin/work/install/detect_interfaces/share/detect_interfaces/cmake/detect_interfaces__rosidl_typesupport_cExport-noconfig.cmake
-- Installing: /home/orin/work/install/detect_interfaces/share/detect_interfaces/cmake/detect_interfaces__rosidl_typesupport_introspection_cppExport.cmake
-- Installing: /home/orin/work/install/detect_interfaces/share/detect_interfaces/cmake/detect_interfaces__rosidl_typesupport_introspection_cppExport-noconfig.cmake
-- Installing: /home/orin/work/install/detect_interfaces/share/detect_interfaces/cmake/detect_interfaces__rosidl_typesupport_cppExport.cmake
-- Installing: /home/orin/work/install/detect_interfaces/share/detect_interfaces/cmake/detect_interfaces__rosidl_typesupport_cppExport-noconfig.cmake
-- Installing: /home/orin/work/install/detect_interfaces/share/detect_interfaces/cmake/export_detect_interfaces__rosidl_generator_pyExport.cmake
-- Installing: /home/orin/work/install/detect_interfaces/share/detect_interfaces/cmake/export_detect_interfaces__rosidl_generator_pyExport-noconfig.cmake
-- Installing: /home/orin/work/install/detect_interfaces/share/detect_interfaces/cmake/rosidl_cmake-extras.cmake
-- Installing: /home/orin/work/install/detect_interfaces/share/detect_interfaces/cmake/ament_cmake_export_dependencies-extras.cmake
-- Installing: /home/orin/work/install/detect_interfaces/share/detect_interfaces/cmake/ament_cmake_export_include_directories-extras.cmake
-- Installing: /home/orin/work/install/detect_interfaces/share/detect_interfaces/cmake/ament_cmake_export_libraries-extras.cmake
-- Installing: /home/orin/work/install/detect_interfaces/share/detect_interfaces/cmake/ament_cmake_export_targets-extras.cmake
-- Installing: /home/orin/work/install/detect_interfaces/share/detect_interfaces/cmake/rosidl_cmake_export_typesupport_targets-extras.cmake
-- Installing: /home/orin/work/install/detect_interfaces/share/detect_interfaces/cmake/rosidl_cmake_export_typesupport_libraries-extras.cmake
-- Installing: /home/orin/work/install/detect_interfaces/share/detect_interfaces/cmake/detect_interfacesConfig.cmake
-- Installing: /home/orin/work/install/detect_interfaces/share/detect_interfaces/cmake/detect_interfacesConfig-version.cmake
-- Installing: /home/orin/work/install/detect_interfaces/share/detect_interfaces/package.xml
