[1.691s] Invoking command in '/home/orin/work/build/detect_interfaces': CMAKE_PREFIX_PATH=${CMAKE_PREFIX_PATH}:/home/orin/work/install/turtlebot3_teleop:/home/orin/work/install/turtlebot3_example:/home/orin/work/install/object_detection:/home/orin/work/install/detect_lane:/home/orin/work/install/control:/home/orin/work/install/camera:/opt/ros/humble /usr/local/bin/cmake /home/orin/work/src/detect/detect_interfaces -DCMAKE_INSTALL_PREFIX=/home/orin/work/install/detect_interfaces
[2.220s] -- The C compiler identification is GNU 11.4.0
[2.220s] -- The CXX compiler identification is GNU 11.4.0
[2.220s] -- Detecting C compiler ABI info
[2.220s] -- Detecting C compiler ABI info - done
[2.247s] -- Check for working C compiler: /usr/bin/cc - skipped
[2.248s] -- Detecting C compile features
[2.249s] -- Detecting C compile features - done
[2.259s] -- Detecting CXX compiler ABI info
[2.404s] -- Detecting CXX compiler ABI info - done
[2.445s] -- Check for working CXX compiler: /usr/bin/c++ - skipped
[2.445s] -- Detecting CXX compile features
[2.447s] -- Detecting CXX compile features - done
[2.454s] -- Found ament_cmake: 1.3.11 (/opt/ros/humble/share/ament_cmake/cmake)
[2.781s] -- Found Python3: /usr/local/bin/python3 (found version "3.10.12") found components: Interpreter
[3.057s] -- Found geometry_msgs: 4.2.4 (/opt/ros/humble/share/geometry_msgs/cmake)
[3.190s] -- Found rosidl_generator_c: 3.1.6 (/opt/ros/humble/share/rosidl_generator_c/cmake)
[3.225s] -- Found rosidl_adapter: 3.1.6 (/opt/ros/humble/share/rosidl_adapter/cmake)
[3.272s] -- Found rosidl_generator_cpp: 3.1.6 (/opt/ros/humble/share/rosidl_generator_cpp/cmake)
[3.328s] -- Using all available rosidl_typesupport_c: rosidl_typesupport_fastrtps_c;rosidl_typesupport_introspection_c
[3.409s] -- Using all available rosidl_typesupport_cpp: rosidl_typesupport_fastrtps_cpp;rosidl_typesupport_introspection_cpp
[3.639s] -- Found rosidl_default_generators: 1.2.0 (/opt/ros/humble/share/rosidl_default_generators/cmake)
[5.077s] -- Found ament_cmake_ros: 0.10.0 (/opt/ros/humble/share/ament_cmake_ros/cmake)
[7.296s] -- Using all available rosidl_typesupport_c: rosidl_typesupport_fastrtps_c;rosidl_typesupport_introspection_c
[9.256s] -- Using all available rosidl_typesupport_cpp: rosidl_typesupport_fastrtps_cpp;rosidl_typesupport_introspection_cpp
[9.261s] [33mCMake Warning (dev) at /opt/ros/humble/share/rosidl_generator_py/cmake/rosidl_generator_py_generate_interfaces.cmake:20 (find_package):
[9.262s]   Policy CMP0148 is not set: The FindPythonInterp and FindPythonLibs modules
[9.262s]   are removed.  Run "cmake --help-policy CMP0148" for policy details.  Use
[9.262s]   the cmake_policy command to set the policy and suppress this warning.
[9.262s] 
[9.262s] Call Stack (most recent call first):
[9.262s]   /opt/ros/humble/share/ament_cmake_core/cmake/core/ament_execute_extensions.cmake:48 (include)
[9.262s]   /opt/ros/humble/share/rosidl_cmake/cmake/rosidl_generate_interfaces.cmake:286 (ament_execute_extensions)
[9.262s]   CMakeLists.txt:17 (rosidl_generate_interfaces)
[9.263s] This warning is for project developers.  Use -Wno-dev to suppress it.
[9.263s] [0m
[9.436s] -- Found PythonInterp: /usr/local/bin/python3 (found suitable version "3.10.12", minimum required is "3.6")
[9.443s] -- Found python_cmake_module: 0.10.0 (/opt/ros/humble/share/python_cmake_module/cmake)
[9.444s] [33mCMake Warning (dev) at /opt/ros/humble/share/python_cmake_module/cmake/Modules/FindPythonExtra.cmake:52 (find_package):
[9.444s]   Policy CMP0148 is not set: The FindPythonInterp and FindPythonLibs modules
[9.444s]   are removed.  Run "cmake --help-policy CMP0148" for policy details.  Use
[9.445s]   the cmake_policy command to set the policy and suppress this warning.
[9.445s] 
[9.445s] Call Stack (most recent call first):
[9.445s]   /opt/ros/humble/share/rosidl_generator_py/cmake/rosidl_generator_py_generate_interfaces.cmake:23 (find_package)
[9.445s]   /opt/ros/humble/share/ament_cmake_core/cmake/core/ament_execute_extensions.cmake:48 (include)
[9.445s]   /opt/ros/humble/share/rosidl_cmake/cmake/rosidl_generate_interfaces.cmake:286 (ament_execute_extensions)
[9.445s]   CMakeLists.txt:17 (rosidl_generate_interfaces)
[9.445s] This warning is for project developers.  Use -Wno-dev to suppress it.
[9.445s] [0m
[9.583s] [33mCMake Warning (dev) at /opt/ros/humble/share/python_cmake_module/cmake/Modules/FindPythonExtra.cmake:140 (find_package):
[9.583s]   Policy CMP0148 is not set: The FindPythonInterp and FindPythonLibs modules
[9.583s]   are removed.  Run "cmake --help-policy CMP0148" for policy details.  Use
[9.583s]   the cmake_policy command to set the policy and suppress this warning.
[9.583s] 
[9.583s] Call Stack (most recent call first):
[9.583s]   /opt/ros/humble/share/rosidl_generator_py/cmake/rosidl_generator_py_generate_interfaces.cmake:23 (find_package)
[9.584s]   /opt/ros/humble/share/ament_cmake_core/cmake/core/ament_execute_extensions.cmake:48 (include)
[9.584s]   /opt/ros/humble/share/rosidl_cmake/cmake/rosidl_generate_interfaces.cmake:286 (ament_execute_extensions)
[9.584s]   CMakeLists.txt:17 (rosidl_generate_interfaces)
[9.584s] This warning is for project developers.  Use -Wno-dev to suppress it.
[9.584s] [0m
[9.604s] -- Found PythonLibs: /usr/lib/aarch64-linux-gnu/libpython3.10.so (found suitable version "3.10.12", minimum required is "3.5")
[9.608s] -- Using PYTHON_EXECUTABLE: /usr/local/bin/python3
[9.608s] -- Using PYTHON_INCLUDE_DIRS: /usr/include/python3.10
[9.608s] -- Using PYTHON_LIBRARIES: /usr/lib/aarch64-linux-gnu/libpython3.10.so
[9.740s] -- Found PythonExtra: .so
[10.175s] -- Found ament_lint_auto: 0.12.11 (/opt/ros/humble/share/ament_lint_auto/cmake)
[10.336s] -- Added test 'lint_cmake' to check CMake code style
[10.340s] -- Added test 'xmllint' to check XML markup files
[10.353s] -- Configuring done (8.5s)
[10.480s] -- Generating done (0.1s)
[10.503s] -- Build files have been written to: /home/orin/work/build/detect_interfaces
[10.585s] Invoked command in '/home/orin/work/build/detect_interfaces' returned '0': CMAKE_PREFIX_PATH=${CMAKE_PREFIX_PATH}:/home/orin/work/install/turtlebot3_teleop:/home/orin/work/install/turtlebot3_example:/home/orin/work/install/object_detection:/home/orin/work/install/detect_lane:/home/orin/work/install/control:/home/orin/work/install/camera:/opt/ros/humble /usr/local/bin/cmake /home/orin/work/src/detect/detect_interfaces -DCMAKE_INSTALL_PREFIX=/home/orin/work/install/detect_interfaces
[10.586s] Invoking command in '/home/orin/work/build/detect_interfaces': CMAKE_PREFIX_PATH=${CMAKE_PREFIX_PATH}:/home/orin/work/install/turtlebot3_teleop:/home/orin/work/install/turtlebot3_example:/home/orin/work/install/object_detection:/home/orin/work/install/detect_lane:/home/orin/work/install/control:/home/orin/work/install/camera:/opt/ros/humble /usr/local/bin/cmake --build /home/orin/work/build/detect_interfaces -- -j12 -l12
[10.841s] [  3%] [34m[1mGenerating C code for ROS interfaces[0m
[10.854s] [  6%] [34m[1mGenerating C++ code for ROS interfaces[0m
[10.864s] [  6%] Built target ament_cmake_python_copy_detect_interfaces
[11.397s] running egg_info
[11.400s] creating detect_interfaces.egg-info
[11.421s] [  6%] Built target detect_interfaces__cpp
[11.433s] [  9%] [32mBuilding C object CMakeFiles/detect_interfaces__rosidl_generator_c.dir/rosidl_generator_c/detect_interfaces/msg/detail/bounding_box__functions.c.o[0m
[11.437s] [ 12%] [34m[1mGenerating C++ type support dispatch for ROS interfaces[0m
[11.440s] writing detect_interfaces.egg-info/PKG-INFO
[11.441s] [ 19%] [34m[1mGenerating C++ type support for eProsima Fast-RTPS[0m
[11.441s] [ 19%] [34m[1mGenerating C++ introspection for ROS interfaces[0m
[11.441s] writing dependency_links to detect_interfaces.egg-info/dependency_links.txt
[11.442s] writing top-level names to detect_interfaces.egg-info/top_level.txt
[11.442s] writing manifest file 'detect_interfaces.egg-info/SOURCES.txt'
[11.566s] reading manifest file 'detect_interfaces.egg-info/SOURCES.txt'
[11.570s] writing manifest file 'detect_interfaces.egg-info/SOURCES.txt'
[11.694s] [ 19%] Built target ament_cmake_python_build_detect_interfaces_egg
[11.706s] [ 22%] [32m[1mLinking C shared library libdetect_interfaces__rosidl_generator_c.so[0m
[11.865s] [ 22%] Built target detect_interfaces__rosidl_generator_c
[11.914s] [ 25%] [34m[1mGenerating C type support for eProsima Fast-RTPS[0m
[11.931s] [ 29%] [34m[1mGenerating C introspection for ROS interfaces[0m
[11.970s] [ 32%] [34m[1mGenerating C type support dispatch for ROS interfaces[0m
[12.042s] [ 35%] [32mBuilding CXX object CMakeFiles/detect_interfaces__rosidl_typesupport_introspection_cpp.dir/rosidl_typesupport_introspection_cpp/detect_interfaces/msg/detail/bounding_box__type_support.cpp.o[0m
[12.064s] [ 38%] [32mBuilding CXX object CMakeFiles/detect_interfaces__rosidl_typesupport_cpp.dir/rosidl_typesupport_cpp/detect_interfaces/msg/bounding_box__type_support.cpp.o[0m
[12.086s] [ 41%] [32mBuilding CXX object CMakeFiles/detect_interfaces__rosidl_typesupport_fastrtps_cpp.dir/rosidl_typesupport_fastrtps_cpp/detect_interfaces/msg/detail/dds_fastrtps/bounding_box__type_support.cpp.o[0m
[12.616s] [ 45%] [32mBuilding C object CMakeFiles/detect_interfaces__rosidl_typesupport_introspection_c.dir/rosidl_typesupport_introspection_c/detect_interfaces/msg/detail/bounding_box__type_support.c.o[0m
[12.702s] [ 48%] [32mBuilding CXX object CMakeFiles/detect_interfaces__rosidl_typesupport_fastrtps_c.dir/rosidl_typesupport_fastrtps_c/detect_interfaces/msg/detail/bounding_box__type_support_c.cpp.o[0m
[12.708s] [ 51%] [32mBuilding CXX object CMakeFiles/detect_interfaces__rosidl_typesupport_c.dir/rosidl_typesupport_c/detect_interfaces/msg/bounding_box__type_support.cpp.o[0m
[12.778s] [ 54%] [32m[1mLinking CXX shared library libdetect_interfaces__rosidl_typesupport_c.so[0m
[12.818s] [ 58%] [32m[1mLinking C shared library libdetect_interfaces__rosidl_typesupport_introspection_c.so[0m
[12.894s] [ 58%] Built target detect_interfaces__rosidl_typesupport_introspection_c
[12.921s] [ 61%] [32m[1mLinking CXX shared library libdetect_interfaces__rosidl_typesupport_cpp.so[0m
[12.943s] [ 61%] Built target detect_interfaces__rosidl_typesupport_c
[13.034s] [ 61%] Built target detect_interfaces__rosidl_typesupport_cpp
[13.241s] [ 64%] [32m[1mLinking CXX shared library libdetect_interfaces__rosidl_typesupport_fastrtps_cpp.so[0m
[13.321s] [ 67%] [32m[1mLinking CXX shared library libdetect_interfaces__rosidl_typesupport_introspection_cpp.so[0m
[13.542s] [ 67%] Built target detect_interfaces__rosidl_typesupport_introspection_cpp
[13.693s] [ 67%] Built target detect_interfaces__rosidl_typesupport_fastrtps_cpp
[13.937s] [ 70%] [32m[1mLinking CXX shared library libdetect_interfaces__rosidl_typesupport_fastrtps_c.so[0m
[14.307s] [ 70%] Built target detect_interfaces__rosidl_typesupport_fastrtps_c
[14.447s] [ 70%] Built target detect_interfaces
[14.566s] [ 74%] [34m[1mGenerating Python code for ROS interfaces[0m
[15.766s] [ 74%] Built target detect_interfaces__py
[15.791s] [ 77%] [32mBuilding C object CMakeFiles/detect_interfaces__rosidl_generator_py.dir/rosidl_generator_py/detect_interfaces/msg/_bounding_box_s.c.o[0m
[16.057s] [ 80%] [32m[1mLinking C shared library rosidl_generator_py/detect_interfaces/libdetect_interfaces__rosidl_generator_py.so[0m
[16.141s] [ 80%] Built target detect_interfaces__rosidl_generator_py
[16.191s] [ 83%] [32mBuilding C object CMakeFiles/detect_interfaces__rosidl_typesupport_introspection_c__pyext.dir/rosidl_generator_py/detect_interfaces/_detect_interfaces_s.ep.rosidl_typesupport_introspection_c.c.o[0m
[16.202s] [ 87%] [32mBuilding C object CMakeFiles/detect_interfaces__rosidl_typesupport_fastrtps_c__pyext.dir/rosidl_generator_py/detect_interfaces/_detect_interfaces_s.ep.rosidl_typesupport_fastrtps_c.c.o[0m
[16.214s] [ 90%] [32mBuilding C object CMakeFiles/detect_interfaces__rosidl_typesupport_c__pyext.dir/rosidl_generator_py/detect_interfaces/_detect_interfaces_s.ep.rosidl_typesupport_c.c.o[0m
[16.475s] [ 93%] [32m[1mLinking C shared library rosidl_generator_py/detect_interfaces/detect_interfaces_s__rosidl_typesupport_introspection_c.cpython-310-aarch64-linux-gnu.so[0m
[16.515s] [ 96%] [32m[1mLinking C shared library rosidl_generator_py/detect_interfaces/detect_interfaces_s__rosidl_typesupport_fastrtps_c.cpython-310-aarch64-linux-gnu.so[0m
[16.520s] [100%] [32m[1mLinking C shared library rosidl_generator_py/detect_interfaces/detect_interfaces_s__rosidl_typesupport_c.cpython-310-aarch64-linux-gnu.so[0m
[16.545s] [100%] Built target detect_interfaces__rosidl_typesupport_introspection_c__pyext
[16.589s] [100%] Built target detect_interfaces__rosidl_typesupport_fastrtps_c__pyext
[16.591s] [100%] Built target detect_interfaces__rosidl_typesupport_c__pyext
[16.650s] Invoked command in '/home/orin/work/build/detect_interfaces' returned '0': CMAKE_PREFIX_PATH=${CMAKE_PREFIX_PATH}:/home/orin/work/install/turtlebot3_teleop:/home/orin/work/install/turtlebot3_example:/home/orin/work/install/object_detection:/home/orin/work/install/detect_lane:/home/orin/work/install/control:/home/orin/work/install/camera:/opt/ros/humble /usr/local/bin/cmake --build /home/orin/work/build/detect_interfaces -- -j12 -l12
[16.655s] Invoking command in '/home/orin/work/build/detect_interfaces': CMAKE_PREFIX_PATH=${CMAKE_PREFIX_PATH}:/home/orin/work/install/turtlebot3_teleop:/home/orin/work/install/turtlebot3_example:/home/orin/work/install/object_detection:/home/orin/work/install/detect_lane:/home/orin/work/install/control:/home/orin/work/install/camera:/opt/ros/humble /usr/local/bin/cmake --install /home/orin/work/build/detect_interfaces
[16.825s] -- Install configuration: ""
[16.825s] -- Installing: /home/orin/work/install/detect_interfaces/share/ament_index/resource_index/rosidl_interfaces/detect_interfaces
[16.825s] -- Installing: /home/orin/work/install/detect_interfaces/include/detect_interfaces/detect_interfaces
[16.826s] -- Installing: /home/orin/work/install/detect_interfaces/include/detect_interfaces/detect_interfaces/msg
[16.826s] -- Installing: /home/orin/work/install/detect_interfaces/include/detect_interfaces/detect_interfaces/msg/rosidl_generator_c__visibility_control.h
[16.826s] -- Installing: /home/orin/work/install/detect_interfaces/include/detect_interfaces/detect_interfaces/msg/detail
[16.826s] -- Installing: /home/orin/work/install/detect_interfaces/include/detect_interfaces/detect_interfaces/msg/detail/bounding_box__functions.c
[16.827s] -- Installing: /home/orin/work/install/detect_interfaces/include/detect_interfaces/detect_interfaces/msg/detail/bounding_box__functions.h
[16.827s] -- Installing: /home/orin/work/install/detect_interfaces/include/detect_interfaces/detect_interfaces/msg/detail/bounding_box__type_support.h
[16.827s] -- Installing: /home/orin/work/install/detect_interfaces/include/detect_interfaces/detect_interfaces/msg/detail/bounding_box__struct.h
[16.828s] -- Installing: /home/orin/work/install/detect_interfaces/include/detect_interfaces/detect_interfaces/msg/bounding_box.h
[16.829s] -- Installing: /home/orin/work/install/detect_interfaces/share/detect_interfaces/environment/library_path.sh
[16.829s] -- Installing: /home/orin/work/install/detect_interfaces/share/detect_interfaces/environment/library_path.dsv
[16.829s] -- Installing: /home/orin/work/install/detect_interfaces/lib/libdetect_interfaces__rosidl_generator_c.so
[16.830s] -- Set non-toolchain portion of runtime path of "/home/orin/work/install/detect_interfaces/lib/libdetect_interfaces__rosidl_generator_c.so" to ""
[16.830s] -- Up-to-date: /home/orin/work/install/detect_interfaces/include/detect_interfaces/detect_interfaces
[16.831s] -- Up-to-date: /home/orin/work/install/detect_interfaces/include/detect_interfaces/detect_interfaces/msg
[16.831s] -- Up-to-date: /home/orin/work/install/detect_interfaces/include/detect_interfaces/detect_interfaces/msg/detail
[16.831s] -- Installing: /home/orin/work/install/detect_interfaces/include/detect_interfaces/detect_interfaces/msg/detail/bounding_box__rosidl_typesupport_fastrtps_c.h
[16.831s] -- Installing: /home/orin/work/install/detect_interfaces/include/detect_interfaces/detect_interfaces/msg/rosidl_typesupport_fastrtps_c__visibility_control.h
[16.832s] -- Installing: /home/orin/work/install/detect_interfaces/lib/libdetect_interfaces__rosidl_typesupport_fastrtps_c.so
[16.833s] -- Set non-toolchain portion of runtime path of "/home/orin/work/install/detect_interfaces/lib/libdetect_interfaces__rosidl_typesupport_fastrtps_c.so" to ""
[16.833s] -- Up-to-date: /home/orin/work/install/detect_interfaces/include/detect_interfaces/detect_interfaces
[16.833s] -- Up-to-date: /home/orin/work/install/detect_interfaces/include/detect_interfaces/detect_interfaces/msg
[16.833s] -- Up-to-date: /home/orin/work/install/detect_interfaces/include/detect_interfaces/detect_interfaces/msg/detail
[16.834s] -- Installing: /home/orin/work/install/detect_interfaces/include/detect_interfaces/detect_interfaces/msg/detail/bounding_box__traits.hpp
[16.834s] -- Installing: /home/orin/work/install/detect_interfaces/include/detect_interfaces/detect_interfaces/msg/detail/bounding_box__struct.hpp
[16.834s] -- Installing: /home/orin/work/install/detect_interfaces/include/detect_interfaces/detect_interfaces/msg/detail/bounding_box__builder.hpp
[16.834s] -- Installing: /home/orin/work/install/detect_interfaces/include/detect_interfaces/detect_interfaces/msg/detail/bounding_box__type_support.hpp
[16.835s] -- Installing: /home/orin/work/install/detect_interfaces/include/detect_interfaces/detect_interfaces/msg/bounding_box.hpp
[16.835s] -- Installing: /home/orin/work/install/detect_interfaces/include/detect_interfaces/detect_interfaces/msg/rosidl_generator_cpp__visibility_control.hpp
[16.835s] -- Up-to-date: /home/orin/work/install/detect_interfaces/include/detect_interfaces/detect_interfaces
[16.836s] -- Up-to-date: /home/orin/work/install/detect_interfaces/include/detect_interfaces/detect_interfaces/msg
[16.836s] -- Up-to-date: /home/orin/work/install/detect_interfaces/include/detect_interfaces/detect_interfaces/msg/detail
[16.836s] -- Installing: /home/orin/work/install/detect_interfaces/include/detect_interfaces/detect_interfaces/msg/detail/bounding_box__rosidl_typesupport_fastrtps_cpp.hpp
[16.836s] -- Installing: /home/orin/work/install/detect_interfaces/include/detect_interfaces/detect_interfaces/msg/detail/dds_fastrtps
[16.836s] -- Installing: /home/orin/work/install/detect_interfaces/include/detect_interfaces/detect_interfaces/msg/rosidl_typesupport_fastrtps_cpp__visibility_control.h
[16.837s] -- Installing: /home/orin/work/install/detect_interfaces/lib/libdetect_interfaces__rosidl_typesupport_fastrtps_cpp.so
[16.838s] -- Set non-toolchain portion of runtime path of "/home/orin/work/install/detect_interfaces/lib/libdetect_interfaces__rosidl_typesupport_fastrtps_cpp.so" to ""
[16.838s] -- Up-to-date: /home/orin/work/install/detect_interfaces/include/detect_interfaces/detect_interfaces
[16.838s] -- Up-to-date: /home/orin/work/install/detect_interfaces/include/detect_interfaces/detect_interfaces/msg
[16.838s] -- Installing: /home/orin/work/install/detect_interfaces/include/detect_interfaces/detect_interfaces/msg/rosidl_typesupport_introspection_c__visibility_control.h
[16.838s] -- Up-to-date: /home/orin/work/install/detect_interfaces/include/detect_interfaces/detect_interfaces/msg/detail
[16.838s] -- Installing: /home/orin/work/install/detect_interfaces/include/detect_interfaces/detect_interfaces/msg/detail/bounding_box__rosidl_typesupport_introspection_c.h
[16.839s] -- Installing: /home/orin/work/install/detect_interfaces/include/detect_interfaces/detect_interfaces/msg/detail/bounding_box__type_support.c
[16.839s] -- Installing: /home/orin/work/install/detect_interfaces/lib/libdetect_interfaces__rosidl_typesupport_introspection_c.so
[16.840s] -- Set non-toolchain portion of runtime path of "/home/orin/work/install/detect_interfaces/lib/libdetect_interfaces__rosidl_typesupport_introspection_c.so" to ""
[16.840s] -- Installing: /home/orin/work/install/detect_interfaces/lib/libdetect_interfaces__rosidl_typesupport_c.so
[16.841s] -- Set non-toolchain portion of runtime path of "/home/orin/work/install/detect_interfaces/lib/libdetect_interfaces__rosidl_typesupport_c.so" to ""
[16.841s] -- Up-to-date: /home/orin/work/install/detect_interfaces/include/detect_interfaces/detect_interfaces
[16.841s] -- Up-to-date: /home/orin/work/install/detect_interfaces/include/detect_interfaces/detect_interfaces/msg
[16.841s] -- Up-to-date: /home/orin/work/install/detect_interfaces/include/detect_interfaces/detect_interfaces/msg/detail
[16.841s] -- Installing: /home/orin/work/install/detect_interfaces/include/detect_interfaces/detect_interfaces/msg/detail/bounding_box__rosidl_typesupport_introspection_cpp.hpp
[16.842s] -- Installing: /home/orin/work/install/detect_interfaces/include/detect_interfaces/detect_interfaces/msg/detail/bounding_box__type_support.cpp
[16.842s] -- Installing: /home/orin/work/install/detect_interfaces/lib/libdetect_interfaces__rosidl_typesupport_introspection_cpp.so
[16.843s] -- Set non-toolchain portion of runtime path of "/home/orin/work/install/detect_interfaces/lib/libdetect_interfaces__rosidl_typesupport_introspection_cpp.so" to ""
[16.843s] -- Installing: /home/orin/work/install/detect_interfaces/lib/libdetect_interfaces__rosidl_typesupport_cpp.so
[16.844s] -- Set non-toolchain portion of runtime path of "/home/orin/work/install/detect_interfaces/lib/libdetect_interfaces__rosidl_typesupport_cpp.so" to ""
[16.844s] -- Installing: /home/orin/work/install/detect_interfaces/share/detect_interfaces/environment/pythonpath.sh
[16.844s] -- Installing: /home/orin/work/install/detect_interfaces/share/detect_interfaces/environment/pythonpath.dsv
[16.845s] -- Installing: /home/orin/work/install/detect_interfaces/local/lib/python3.10/dist-packages/detect_interfaces-0.0.0-py3.10.egg-info
[16.845s] -- Installing: /home/orin/work/install/detect_interfaces/local/lib/python3.10/dist-packages/detect_interfaces-0.0.0-py3.10.egg-info/PKG-INFO
[16.846s] -- Installing: /home/orin/work/install/detect_interfaces/local/lib/python3.10/dist-packages/detect_interfaces-0.0.0-py3.10.egg-info/top_level.txt
[16.846s] -- Installing: /home/orin/work/install/detect_interfaces/local/lib/python3.10/dist-packages/detect_interfaces-0.0.0-py3.10.egg-info/dependency_links.txt
[16.846s] -- Installing: /home/orin/work/install/detect_interfaces/local/lib/python3.10/dist-packages/detect_interfaces-0.0.0-py3.10.egg-info/SOURCES.txt
[16.846s] -- Installing: /home/orin/work/install/detect_interfaces/local/lib/python3.10/dist-packages/detect_interfaces
[16.846s] -- Installing: /home/orin/work/install/detect_interfaces/local/lib/python3.10/dist-packages/detect_interfaces/detect_interfaces_s__rosidl_typesupport_introspection_c.cpython-310-aarch64-linux-gnu.so
[16.847s] -- Installing: /home/orin/work/install/detect_interfaces/local/lib/python3.10/dist-packages/detect_interfaces/detect_interfaces_s__rosidl_typesupport_fastrtps_c.cpython-310-aarch64-linux-gnu.so
[16.847s] -- Installing: /home/orin/work/install/detect_interfaces/local/lib/python3.10/dist-packages/detect_interfaces/msg
[16.847s] -- Installing: /home/orin/work/install/detect_interfaces/local/lib/python3.10/dist-packages/detect_interfaces/msg/_bounding_box_s.c
[16.848s] -- Installing: /home/orin/work/install/detect_interfaces/local/lib/python3.10/dist-packages/detect_interfaces/msg/__init__.py
[16.848s] -- Installing: /home/orin/work/install/detect_interfaces/local/lib/python3.10/dist-packages/detect_interfaces/msg/_bounding_box.py
[16.848s] -- Installing: /home/orin/work/install/detect_interfaces/local/lib/python3.10/dist-packages/detect_interfaces/_detect_interfaces_s.ep.rosidl_typesupport_c.c
[16.849s] -- Installing: /home/orin/work/install/detect_interfaces/local/lib/python3.10/dist-packages/detect_interfaces/__init__.py
[16.849s] -- Installing: /home/orin/work/install/detect_interfaces/local/lib/python3.10/dist-packages/detect_interfaces/detect_interfaces_s__rosidl_typesupport_c.cpython-310-aarch64-linux-gnu.so
[16.849s] -- Installing: /home/orin/work/install/detect_interfaces/local/lib/python3.10/dist-packages/detect_interfaces/libdetect_interfaces__rosidl_generator_py.so
[16.850s] -- Installing: /home/orin/work/install/detect_interfaces/local/lib/python3.10/dist-packages/detect_interfaces/_detect_interfaces_s.ep.rosidl_typesupport_fastrtps_c.c
[16.850s] -- Installing: /home/orin/work/install/detect_interfaces/local/lib/python3.10/dist-packages/detect_interfaces/_detect_interfaces_s.ep.rosidl_typesupport_introspection_c.c
[16.938s] Listing '/home/orin/work/install/detect_interfaces/local/lib/python3.10/dist-packages/detect_interfaces'...
[16.938s] Compiling '/home/orin/work/install/detect_interfaces/local/lib/python3.10/dist-packages/detect_interfaces/__init__.py'...
[16.940s] Listing '/home/orin/work/install/detect_interfaces/local/lib/python3.10/dist-packages/detect_interfaces/msg'...
[16.941s] Compiling '/home/orin/work/install/detect_interfaces/local/lib/python3.10/dist-packages/detect_interfaces/msg/__init__.py'...
[16.942s] Compiling '/home/orin/work/install/detect_interfaces/local/lib/python3.10/dist-packages/detect_interfaces/msg/_bounding_box.py'...
[16.960s] -- Installing: /home/orin/work/install/detect_interfaces/local/lib/python3.10/dist-packages/detect_interfaces/detect_interfaces_s__rosidl_typesupport_fastrtps_c.cpython-310-aarch64-linux-gnu.so
[16.961s] -- Set non-toolchain portion of runtime path of "/home/orin/work/install/detect_interfaces/local/lib/python3.10/dist-packages/detect_interfaces/detect_interfaces_s__rosidl_typesupport_fastrtps_c.cpython-310-aarch64-linux-gnu.so" to ""
[16.961s] -- Installing: /home/orin/work/install/detect_interfaces/local/lib/python3.10/dist-packages/detect_interfaces/detect_interfaces_s__rosidl_typesupport_introspection_c.cpython-310-aarch64-linux-gnu.so
[16.962s] -- Set non-toolchain portion of runtime path of "/home/orin/work/install/detect_interfaces/local/lib/python3.10/dist-packages/detect_interfaces/detect_interfaces_s__rosidl_typesupport_introspection_c.cpython-310-aarch64-linux-gnu.so" to ""
[16.962s] -- Installing: /home/orin/work/install/detect_interfaces/local/lib/python3.10/dist-packages/detect_interfaces/detect_interfaces_s__rosidl_typesupport_c.cpython-310-aarch64-linux-gnu.so
[16.963s] -- Set non-toolchain portion of runtime path of "/home/orin/work/install/detect_interfaces/local/lib/python3.10/dist-packages/detect_interfaces/detect_interfaces_s__rosidl_typesupport_c.cpython-310-aarch64-linux-gnu.so" to ""
[16.963s] -- Installing: /home/orin/work/install/detect_interfaces/lib/libdetect_interfaces__rosidl_generator_py.so
[16.964s] -- Set non-toolchain portion of runtime path of "/home/orin/work/install/detect_interfaces/lib/libdetect_interfaces__rosidl_generator_py.so" to ""
[16.964s] -- Installing: /home/orin/work/install/detect_interfaces/share/detect_interfaces/msg/BoundingBox.idl
[16.965s] -- Installing: /home/orin/work/install/detect_interfaces/share/detect_interfaces/msg/BoundingBox.msg
[16.965s] -- Installing: /home/orin/work/install/detect_interfaces/share/ament_index/resource_index/package_run_dependencies/detect_interfaces
[16.966s] -- Installing: /home/orin/work/install/detect_interfaces/share/ament_index/resource_index/parent_prefix_path/detect_interfaces
[16.966s] -- Installing: /home/orin/work/install/detect_interfaces/share/detect_interfaces/environment/ament_prefix_path.sh
[16.967s] -- Installing: /home/orin/work/install/detect_interfaces/share/detect_interfaces/environment/ament_prefix_path.dsv
[16.967s] -- Installing: /home/orin/work/install/detect_interfaces/share/detect_interfaces/environment/path.sh
[16.968s] -- Installing: /home/orin/work/install/detect_interfaces/share/detect_interfaces/environment/path.dsv
[16.968s] -- Installing: /home/orin/work/install/detect_interfaces/share/detect_interfaces/local_setup.bash
[16.969s] -- Installing: /home/orin/work/install/detect_interfaces/share/detect_interfaces/local_setup.sh
[16.969s] -- Installing: /home/orin/work/install/detect_interfaces/share/detect_interfaces/local_setup.zsh
[16.969s] -- Installing: /home/orin/work/install/detect_interfaces/share/detect_interfaces/local_setup.dsv
[16.970s] -- Installing: /home/orin/work/install/detect_interfaces/share/detect_interfaces/package.dsv
[16.970s] -- Installing: /home/orin/work/install/detect_interfaces/share/ament_index/resource_index/packages/detect_interfaces
[16.971s] -- Installing: /home/orin/work/install/detect_interfaces/share/detect_interfaces/cmake/export_detect_interfaces__rosidl_generator_cExport.cmake
[16.971s] -- Installing: /home/orin/work/install/detect_interfaces/share/detect_interfaces/cmake/export_detect_interfaces__rosidl_generator_cExport-noconfig.cmake
[16.972s] -- Installing: /home/orin/work/install/detect_interfaces/share/detect_interfaces/cmake/export_detect_interfaces__rosidl_typesupport_fastrtps_cExport.cmake
[16.972s] -- Installing: /home/orin/work/install/detect_interfaces/share/detect_interfaces/cmake/export_detect_interfaces__rosidl_typesupport_fastrtps_cExport-noconfig.cmake
[16.973s] -- Installing: /home/orin/work/install/detect_interfaces/share/detect_interfaces/cmake/export_detect_interfaces__rosidl_generator_cppExport.cmake
[16.973s] -- Installing: /home/orin/work/install/detect_interfaces/share/detect_interfaces/cmake/export_detect_interfaces__rosidl_typesupport_fastrtps_cppExport.cmake
[16.973s] -- Installing: /home/orin/work/install/detect_interfaces/share/detect_interfaces/cmake/export_detect_interfaces__rosidl_typesupport_fastrtps_cppExport-noconfig.cmake
[16.974s] -- Installing: /home/orin/work/install/detect_interfaces/share/detect_interfaces/cmake/detect_interfaces__rosidl_typesupport_introspection_cExport.cmake
[16.974s] -- Installing: /home/orin/work/install/detect_interfaces/share/detect_interfaces/cmake/detect_interfaces__rosidl_typesupport_introspection_cExport-noconfig.cmake
[16.975s] -- Installing: /home/orin/work/install/detect_interfaces/share/detect_interfaces/cmake/detect_interfaces__rosidl_typesupport_cExport.cmake
[16.975s] -- Installing: /home/orin/work/install/detect_interfaces/share/detect_interfaces/cmake/detect_interfaces__rosidl_typesupport_cExport-noconfig.cmake
[16.976s] -- Installing: /home/orin/work/install/detect_interfaces/share/detect_interfaces/cmake/detect_interfaces__rosidl_typesupport_introspection_cppExport.cmake
[16.976s] -- Installing: /home/orin/work/install/detect_interfaces/share/detect_interfaces/cmake/detect_interfaces__rosidl_typesupport_introspection_cppExport-noconfig.cmake
[16.977s] -- Installing: /home/orin/work/install/detect_interfaces/share/detect_interfaces/cmake/detect_interfaces__rosidl_typesupport_cppExport.cmake
[16.977s] -- Installing: /home/orin/work/install/detect_interfaces/share/detect_interfaces/cmake/detect_interfaces__rosidl_typesupport_cppExport-noconfig.cmake
[16.977s] -- Installing: /home/orin/work/install/detect_interfaces/share/detect_interfaces/cmake/export_detect_interfaces__rosidl_generator_pyExport.cmake
[16.978s] -- Installing: /home/orin/work/install/detect_interfaces/share/detect_interfaces/cmake/export_detect_interfaces__rosidl_generator_pyExport-noconfig.cmake
[16.978s] -- Installing: /home/orin/work/install/detect_interfaces/share/detect_interfaces/cmake/rosidl_cmake-extras.cmake
[16.979s] -- Installing: /home/orin/work/install/detect_interfaces/share/detect_interfaces/cmake/ament_cmake_export_dependencies-extras.cmake
[16.979s] -- Installing: /home/orin/work/install/detect_interfaces/share/detect_interfaces/cmake/ament_cmake_export_include_directories-extras.cmake
[16.979s] -- Installing: /home/orin/work/install/detect_interfaces/share/detect_interfaces/cmake/ament_cmake_export_libraries-extras.cmake
[16.980s] -- Installing: /home/orin/work/install/detect_interfaces/share/detect_interfaces/cmake/ament_cmake_export_targets-extras.cmake
[16.980s] -- Installing: /home/orin/work/install/detect_interfaces/share/detect_interfaces/cmake/rosidl_cmake_export_typesupport_targets-extras.cmake
[16.981s] -- Installing: /home/orin/work/install/detect_interfaces/share/detect_interfaces/cmake/rosidl_cmake_export_typesupport_libraries-extras.cmake
[16.981s] -- Installing: /home/orin/work/install/detect_interfaces/share/detect_interfaces/cmake/detect_interfacesConfig.cmake
[16.981s] -- Installing: /home/orin/work/install/detect_interfaces/share/detect_interfaces/cmake/detect_interfacesConfig-version.cmake
[16.981s] -- Installing: /home/orin/work/install/detect_interfaces/share/detect_interfaces/package.xml
[17.022s] Invoked command in '/home/orin/work/build/detect_interfaces' returned '0': CMAKE_PREFIX_PATH=${CMAKE_PREFIX_PATH}:/home/orin/work/install/turtlebot3_teleop:/home/orin/work/install/turtlebot3_example:/home/orin/work/install/object_detection:/home/orin/work/install/detect_lane:/home/orin/work/install/control:/home/orin/work/install/camera:/opt/ros/humble /usr/local/bin/cmake --install /home/orin/work/build/detect_interfaces
