[0.377s] DEBUG:colcon:Command line arguments: ['/home/orin/.local/bin/colcon', 'build']
[0.377s] DEBUG:colcon:Parsed command line arguments: Namespace(ament_cmake_args=None, base_paths=['.'], build_base='build', catkin_cmake_args=None, catkin_skip_building_tests=False, cmake_args=None, cmake_clean_cache=False, cmake_clean_first=False, cmake_force_configure=False, cmake_target=None, cmake_target_skip_unavailable=False, continue_on_error=False, event_handlers=None, executor='parallel', ignore_user_meta=False, install_base='install', log_base=None, log_level=None, main=<bound method BuildVerb.main of <colcon_core.verb.build.BuildVerb object at 0xffff846f1040>>, merge_install=False, metas=['./colcon.meta'], packages_above=None, packages_above_and_dependencies=None, packages_above_depth=None, packages_end=None, packages_ignore=None, packages_ignore_regex=None, packages_select=None, packages_select_build_failed=False, packages_select_by_dep=None, packages_select_regex=None, packages_select_test_failures=False, packages_skip=None, packages_skip_build_finished=False, packages_skip_by_dep=None, packages_skip_regex=None, packages_skip_test_passed=False, packages_skip_up_to=None, packages_start=None, packages_up_to=None, packages_up_to_regex=None, parallel_workers=12, paths=None, symlink_install=False, test_result_base=None, verb_extension=<colcon_core.verb.build.BuildVerb object at 0xffff846f1040>, verb_name='build', verb_parser=<colcon_defaults.argument_parser.defaults.DefaultArgumentsDecorator object at 0xffff846776a0>)
[0.583s] Level 1:colcon.colcon_core.package_discovery:discover_packages(colcon_meta) check parameters
[0.583s] Level 1:colcon.colcon_core.package_discovery:discover_packages(recursive) check parameters
[0.583s] Level 1:colcon.colcon_core.package_discovery:discover_packages(ignore) check parameters
[0.583s] Level 1:colcon.colcon_core.package_discovery:discover_packages(path) check parameters
[0.583s] Level 1:colcon.colcon_core.package_discovery:discover_packages(colcon_meta) discover
[0.584s] Level 1:colcon.colcon_core.package_discovery:discover_packages(recursive) discover
[0.584s] INFO:colcon.colcon_core.package_discovery:Crawling recursively for packages in '/home/orin/test_ws/src/autorace_docker_humble_gazebro'
[0.584s] Level 1:colcon.colcon_core.package_identification:_identify(.) by extensions ['ignore', 'ignore_ament_install']
[0.584s] Level 1:colcon.colcon_core.package_identification:_identify(.) by extension 'ignore'
[0.584s] Level 1:colcon.colcon_core.package_identification:_identify(.) by extension 'ignore_ament_install'
[0.585s] Level 1:colcon.colcon_core.package_identification:_identify(.) by extensions ['colcon_pkg']
[0.585s] Level 1:colcon.colcon_core.package_identification:_identify(.) by extension 'colcon_pkg'
[0.585s] Level 1:colcon.colcon_core.package_identification:_identify(.) by extensions ['colcon_meta']
[0.585s] Level 1:colcon.colcon_core.package_identification:_identify(.) by extension 'colcon_meta'
[0.585s] Level 1:colcon.colcon_core.package_identification:_identify(.) by extensions ['ros']
[0.585s] Level 1:colcon.colcon_core.package_identification:_identify(.) by extension 'ros'
[0.606s] Level 1:colcon.colcon_core.package_identification:_identify(.) by extensions ['cmake', 'python']
[0.606s] Level 1:colcon.colcon_core.package_identification:_identify(.) by extension 'cmake'
[0.607s] Level 1:colcon.colcon_core.package_identification:_identify(.) by extension 'python'
[0.607s] Level 1:colcon.colcon_core.package_identification:_identify(.) by extensions ['python_setup_py']
[0.607s] Level 1:colcon.colcon_core.package_identification:_identify(.) by extension 'python_setup_py'
[0.607s] Level 1:colcon.colcon_core.package_identification:_identify(build) by extensions ['ignore', 'ignore_ament_install']
[0.607s] Level 1:colcon.colcon_core.package_identification:_identify(build) by extension 'ignore'
[0.607s] Level 1:colcon.colcon_core.package_identification:_identify(build) ignored
[0.608s] Level 1:colcon.colcon_core.package_identification:_identify(check_jetson_version) by extensions ['ignore', 'ignore_ament_install']
[0.608s] Level 1:colcon.colcon_core.package_identification:_identify(check_jetson_version) by extension 'ignore'
[0.608s] Level 1:colcon.colcon_core.package_identification:_identify(check_jetson_version) by extension 'ignore_ament_install'
[0.608s] Level 1:colcon.colcon_core.package_identification:_identify(check_jetson_version) by extensions ['colcon_pkg']
[0.608s] Level 1:colcon.colcon_core.package_identification:_identify(check_jetson_version) by extension 'colcon_pkg'
[0.608s] Level 1:colcon.colcon_core.package_identification:_identify(check_jetson_version) by extensions ['colcon_meta']
[0.608s] Level 1:colcon.colcon_core.package_identification:_identify(check_jetson_version) by extension 'colcon_meta'
[0.608s] Level 1:colcon.colcon_core.package_identification:_identify(check_jetson_version) by extensions ['ros']
[0.609s] Level 1:colcon.colcon_core.package_identification:_identify(check_jetson_version) by extension 'ros'
[0.609s] Level 1:colcon.colcon_core.package_identification:_identify(check_jetson_version) by extensions ['cmake', 'python']
[0.609s] Level 1:colcon.colcon_core.package_identification:_identify(check_jetson_version) by extension 'cmake'
[0.609s] Level 1:colcon.colcon_core.package_identification:_identify(check_jetson_version) by extension 'python'
[0.609s] Level 1:colcon.colcon_core.package_identification:_identify(check_jetson_version) by extensions ['python_setup_py']
[0.609s] Level 1:colcon.colcon_core.package_identification:_identify(check_jetson_version) by extension 'python_setup_py'
[0.609s] Level 1:colcon.colcon_core.package_identification:_identify(check_jetson_version/scripts) by extensions ['ignore', 'ignore_ament_install']
[0.609s] Level 1:colcon.colcon_core.package_identification:_identify(check_jetson_version/scripts) by extension 'ignore'
[0.610s] Level 1:colcon.colcon_core.package_identification:_identify(check_jetson_version/scripts) by extension 'ignore_ament_install'
[0.610s] Level 1:colcon.colcon_core.package_identification:_identify(check_jetson_version/scripts) by extensions ['colcon_pkg']
[0.610s] Level 1:colcon.colcon_core.package_identification:_identify(check_jetson_version/scripts) by extension 'colcon_pkg'
[0.610s] Level 1:colcon.colcon_core.package_identification:_identify(check_jetson_version/scripts) by extensions ['colcon_meta']
[0.610s] Level 1:colcon.colcon_core.package_identification:_identify(check_jetson_version/scripts) by extension 'colcon_meta'
[0.610s] Level 1:colcon.colcon_core.package_identification:_identify(check_jetson_version/scripts) by extensions ['ros']
[0.610s] Level 1:colcon.colcon_core.package_identification:_identify(check_jetson_version/scripts) by extension 'ros'
[0.610s] Level 1:colcon.colcon_core.package_identification:_identify(check_jetson_version/scripts) by extensions ['cmake', 'python']
[0.610s] Level 1:colcon.colcon_core.package_identification:_identify(check_jetson_version/scripts) by extension 'cmake'
[0.610s] Level 1:colcon.colcon_core.package_identification:_identify(check_jetson_version/scripts) by extension 'python'
[0.610s] Level 1:colcon.colcon_core.package_identification:_identify(check_jetson_version/scripts) by extensions ['python_setup_py']
[0.610s] Level 1:colcon.colcon_core.package_identification:_identify(check_jetson_version/scripts) by extension 'python_setup_py'
[0.611s] Level 1:colcon.colcon_core.package_identification:_identify(compose) by extensions ['ignore', 'ignore_ament_install']
[0.611s] Level 1:colcon.colcon_core.package_identification:_identify(compose) by extension 'ignore'
[0.611s] Level 1:colcon.colcon_core.package_identification:_identify(compose) by extension 'ignore_ament_install'
[0.611s] Level 1:colcon.colcon_core.package_identification:_identify(compose) by extensions ['colcon_pkg']
[0.611s] Level 1:colcon.colcon_core.package_identification:_identify(compose) by extension 'colcon_pkg'
[0.611s] Level 1:colcon.colcon_core.package_identification:_identify(compose) by extensions ['colcon_meta']
[0.611s] Level 1:colcon.colcon_core.package_identification:_identify(compose) by extension 'colcon_meta'
[0.611s] Level 1:colcon.colcon_core.package_identification:_identify(compose) by extensions ['ros']
[0.611s] Level 1:colcon.colcon_core.package_identification:_identify(compose) by extension 'ros'
[0.612s] Level 1:colcon.colcon_core.package_identification:_identify(compose) by extensions ['cmake', 'python']
[0.612s] Level 1:colcon.colcon_core.package_identification:_identify(compose) by extension 'cmake'
[0.612s] Level 1:colcon.colcon_core.package_identification:_identify(compose) by extension 'python'
[0.612s] Level 1:colcon.colcon_core.package_identification:_identify(compose) by extensions ['python_setup_py']
[0.612s] Level 1:colcon.colcon_core.package_identification:_identify(compose) by extension 'python_setup_py'
[0.612s] Level 1:colcon.colcon_core.package_identification:_identify(compose/config) by extensions ['ignore', 'ignore_ament_install']
[0.612s] Level 1:colcon.colcon_core.package_identification:_identify(compose/config) by extension 'ignore'
[0.612s] Level 1:colcon.colcon_core.package_identification:_identify(compose/config) by extension 'ignore_ament_install'
[0.613s] Level 1:colcon.colcon_core.package_identification:_identify(compose/config) by extensions ['colcon_pkg']
[0.613s] Level 1:colcon.colcon_core.package_identification:_identify(compose/config) by extension 'colcon_pkg'
[0.613s] Level 1:colcon.colcon_core.package_identification:_identify(compose/config) by extensions ['colcon_meta']
[0.613s] Level 1:colcon.colcon_core.package_identification:_identify(compose/config) by extension 'colcon_meta'
[0.613s] Level 1:colcon.colcon_core.package_identification:_identify(compose/config) by extensions ['ros']
[0.613s] Level 1:colcon.colcon_core.package_identification:_identify(compose/config) by extension 'ros'
[0.613s] Level 1:colcon.colcon_core.package_identification:_identify(compose/config) by extensions ['cmake', 'python']
[0.613s] Level 1:colcon.colcon_core.package_identification:_identify(compose/config) by extension 'cmake'
[0.613s] Level 1:colcon.colcon_core.package_identification:_identify(compose/config) by extension 'python'
[0.613s] Level 1:colcon.colcon_core.package_identification:_identify(compose/config) by extensions ['python_setup_py']
[0.613s] Level 1:colcon.colcon_core.package_identification:_identify(compose/config) by extension 'python_setup_py'
[0.614s] Level 1:colcon.colcon_core.package_identification:_identify(compose/config/pip) by extensions ['ignore', 'ignore_ament_install']
[0.614s] Level 1:colcon.colcon_core.package_identification:_identify(compose/config/pip) by extension 'ignore'
[0.614s] Level 1:colcon.colcon_core.package_identification:_identify(compose/config/pip) by extension 'ignore_ament_install'
[0.614s] Level 1:colcon.colcon_core.package_identification:_identify(compose/config/pip) by extensions ['colcon_pkg']
[0.614s] Level 1:colcon.colcon_core.package_identification:_identify(compose/config/pip) by extension 'colcon_pkg'
[0.614s] Level 1:colcon.colcon_core.package_identification:_identify(compose/config/pip) by extensions ['colcon_meta']
[0.614s] Level 1:colcon.colcon_core.package_identification:_identify(compose/config/pip) by extension 'colcon_meta'
[0.614s] Level 1:colcon.colcon_core.package_identification:_identify(compose/config/pip) by extensions ['ros']
[0.614s] Level 1:colcon.colcon_core.package_identification:_identify(compose/config/pip) by extension 'ros'
[0.614s] Level 1:colcon.colcon_core.package_identification:_identify(compose/config/pip) by extensions ['cmake', 'python']
[0.615s] Level 1:colcon.colcon_core.package_identification:_identify(compose/config/pip) by extension 'cmake'
[0.615s] Level 1:colcon.colcon_core.package_identification:_identify(compose/config/pip) by extension 'python'
[0.615s] Level 1:colcon.colcon_core.package_identification:_identify(compose/config/pip) by extensions ['python_setup_py']
[0.615s] Level 1:colcon.colcon_core.package_identification:_identify(compose/config/pip) by extension 'python_setup_py'
[0.615s] Level 1:colcon.colcon_core.package_identification:_identify(compose/config/shell) by extensions ['ignore', 'ignore_ament_install']
[0.615s] Level 1:colcon.colcon_core.package_identification:_identify(compose/config/shell) by extension 'ignore'
[0.615s] Level 1:colcon.colcon_core.package_identification:_identify(compose/config/shell) by extension 'ignore_ament_install'
[0.615s] Level 1:colcon.colcon_core.package_identification:_identify(compose/config/shell) by extensions ['colcon_pkg']
[0.615s] Level 1:colcon.colcon_core.package_identification:_identify(compose/config/shell) by extension 'colcon_pkg'
[0.615s] Level 1:colcon.colcon_core.package_identification:_identify(compose/config/shell) by extensions ['colcon_meta']
[0.616s] Level 1:colcon.colcon_core.package_identification:_identify(compose/config/shell) by extension 'colcon_meta'
[0.616s] Level 1:colcon.colcon_core.package_identification:_identify(compose/config/shell) by extensions ['ros']
[0.616s] Level 1:colcon.colcon_core.package_identification:_identify(compose/config/shell) by extension 'ros'
[0.616s] Level 1:colcon.colcon_core.package_identification:_identify(compose/config/shell) by extensions ['cmake', 'python']
[0.616s] Level 1:colcon.colcon_core.package_identification:_identify(compose/config/shell) by extension 'cmake'
[0.616s] Level 1:colcon.colcon_core.package_identification:_identify(compose/config/shell) by extension 'python'
[0.616s] Level 1:colcon.colcon_core.package_identification:_identify(compose/config/shell) by extensions ['python_setup_py']
[0.616s] Level 1:colcon.colcon_core.package_identification:_identify(compose/config/shell) by extension 'python_setup_py'
[0.616s] Level 1:colcon.colcon_core.package_identification:_identify(compose/config/shell/terminator) by extensions ['ignore', 'ignore_ament_install']
[0.617s] Level 1:colcon.colcon_core.package_identification:_identify(compose/config/shell/terminator) by extension 'ignore'
[0.617s] Level 1:colcon.colcon_core.package_identification:_identify(compose/config/shell/terminator) by extension 'ignore_ament_install'
[0.617s] Level 1:colcon.colcon_core.package_identification:_identify(compose/config/shell/terminator) by extensions ['colcon_pkg']
[0.617s] Level 1:colcon.colcon_core.package_identification:_identify(compose/config/shell/terminator) by extension 'colcon_pkg'
[0.617s] Level 1:colcon.colcon_core.package_identification:_identify(compose/config/shell/terminator) by extensions ['colcon_meta']
[0.617s] Level 1:colcon.colcon_core.package_identification:_identify(compose/config/shell/terminator) by extension 'colcon_meta'
[0.617s] Level 1:colcon.colcon_core.package_identification:_identify(compose/config/shell/terminator) by extensions ['ros']
[0.617s] Level 1:colcon.colcon_core.package_identification:_identify(compose/config/shell/terminator) by extension 'ros'
[0.617s] Level 1:colcon.colcon_core.package_identification:_identify(compose/config/shell/terminator) by extensions ['cmake', 'python']
[0.617s] Level 1:colcon.colcon_core.package_identification:_identify(compose/config/shell/terminator) by extension 'cmake'
[0.617s] Level 1:colcon.colcon_core.package_identification:_identify(compose/config/shell/terminator) by extension 'python'
[0.618s] Level 1:colcon.colcon_core.package_identification:_identify(compose/config/shell/terminator) by extensions ['python_setup_py']
[0.618s] Level 1:colcon.colcon_core.package_identification:_identify(compose/config/shell/terminator) by extension 'python_setup_py'
[0.618s] Level 1:colcon.colcon_core.package_identification:_identify(compose/config/shell/tmux) by extensions ['ignore', 'ignore_ament_install']
[0.618s] Level 1:colcon.colcon_core.package_identification:_identify(compose/config/shell/tmux) by extension 'ignore'
[0.618s] Level 1:colcon.colcon_core.package_identification:_identify(compose/config/shell/tmux) by extension 'ignore_ament_install'
[0.618s] Level 1:colcon.colcon_core.package_identification:_identify(compose/config/shell/tmux) by extensions ['colcon_pkg']
[0.618s] Level 1:colcon.colcon_core.package_identification:_identify(compose/config/shell/tmux) by extension 'colcon_pkg'
[0.618s] Level 1:colcon.colcon_core.package_identification:_identify(compose/config/shell/tmux) by extensions ['colcon_meta']
[0.618s] Level 1:colcon.colcon_core.package_identification:_identify(compose/config/shell/tmux) by extension 'colcon_meta'
[0.619s] Level 1:colcon.colcon_core.package_identification:_identify(compose/config/shell/tmux) by extensions ['ros']
[0.619s] Level 1:colcon.colcon_core.package_identification:_identify(compose/config/shell/tmux) by extension 'ros'
[0.619s] Level 1:colcon.colcon_core.package_identification:_identify(compose/config/shell/tmux) by extensions ['cmake', 'python']
[0.619s] Level 1:colcon.colcon_core.package_identification:_identify(compose/config/shell/tmux) by extension 'cmake'
[0.619s] Level 1:colcon.colcon_core.package_identification:_identify(compose/config/shell/tmux) by extension 'python'
[0.619s] Level 1:colcon.colcon_core.package_identification:_identify(compose/config/shell/tmux) by extensions ['python_setup_py']
[0.619s] Level 1:colcon.colcon_core.package_identification:_identify(compose/config/shell/tmux) by extension 'python_setup_py'
[0.619s] Level 1:colcon.colcon_core.package_identification:_identify(config) by extensions ['ignore', 'ignore_ament_install']
[0.619s] Level 1:colcon.colcon_core.package_identification:_identify(config) by extension 'ignore'
[0.620s] Level 1:colcon.colcon_core.package_identification:_identify(config) by extension 'ignore_ament_install'
[0.620s] Level 1:colcon.colcon_core.package_identification:_identify(config) by extensions ['colcon_pkg']
[0.620s] Level 1:colcon.colcon_core.package_identification:_identify(config) by extension 'colcon_pkg'
[0.620s] Level 1:colcon.colcon_core.package_identification:_identify(config) by extensions ['colcon_meta']
[0.620s] Level 1:colcon.colcon_core.package_identification:_identify(config) by extension 'colcon_meta'
[0.620s] Level 1:colcon.colcon_core.package_identification:_identify(config) by extensions ['ros']
[0.620s] Level 1:colcon.colcon_core.package_identification:_identify(config) by extension 'ros'
[0.620s] Level 1:colcon.colcon_core.package_identification:_identify(config) by extensions ['cmake', 'python']
[0.620s] Level 1:colcon.colcon_core.package_identification:_identify(config) by extension 'cmake'
[0.620s] Level 1:colcon.colcon_core.package_identification:_identify(config) by extension 'python'
[0.620s] Level 1:colcon.colcon_core.package_identification:_identify(config) by extensions ['python_setup_py']
[0.620s] Level 1:colcon.colcon_core.package_identification:_identify(config) by extension 'python_setup_py'
[0.621s] Level 1:colcon.colcon_core.package_identification:_identify(config/pip) by extensions ['ignore', 'ignore_ament_install']
[0.621s] Level 1:colcon.colcon_core.package_identification:_identify(config/pip) by extension 'ignore'
[0.621s] Level 1:colcon.colcon_core.package_identification:_identify(config/pip) by extension 'ignore_ament_install'
[0.621s] Level 1:colcon.colcon_core.package_identification:_identify(config/pip) by extensions ['colcon_pkg']
[0.621s] Level 1:colcon.colcon_core.package_identification:_identify(config/pip) by extension 'colcon_pkg'
[0.621s] Level 1:colcon.colcon_core.package_identification:_identify(config/pip) by extensions ['colcon_meta']
[0.621s] Level 1:colcon.colcon_core.package_identification:_identify(config/pip) by extension 'colcon_meta'
[0.621s] Level 1:colcon.colcon_core.package_identification:_identify(config/pip) by extensions ['ros']
[0.621s] Level 1:colcon.colcon_core.package_identification:_identify(config/pip) by extension 'ros'
[0.622s] Level 1:colcon.colcon_core.package_identification:_identify(config/pip) by extensions ['cmake', 'python']
[0.622s] Level 1:colcon.colcon_core.package_identification:_identify(config/pip) by extension 'cmake'
[0.622s] Level 1:colcon.colcon_core.package_identification:_identify(config/pip) by extension 'python'
[0.622s] Level 1:colcon.colcon_core.package_identification:_identify(config/pip) by extensions ['python_setup_py']
[0.622s] Level 1:colcon.colcon_core.package_identification:_identify(config/pip) by extension 'python_setup_py'
[0.622s] Level 1:colcon.colcon_core.package_identification:_identify(config/shell) by extensions ['ignore', 'ignore_ament_install']
[0.622s] Level 1:colcon.colcon_core.package_identification:_identify(config/shell) by extension 'ignore'
[0.622s] Level 1:colcon.colcon_core.package_identification:_identify(config/shell) by extension 'ignore_ament_install'
[0.622s] Level 1:colcon.colcon_core.package_identification:_identify(config/shell) by extensions ['colcon_pkg']
[0.622s] Level 1:colcon.colcon_core.package_identification:_identify(config/shell) by extension 'colcon_pkg'
[0.623s] Level 1:colcon.colcon_core.package_identification:_identify(config/shell) by extensions ['colcon_meta']
[0.623s] Level 1:colcon.colcon_core.package_identification:_identify(config/shell) by extension 'colcon_meta'
[0.623s] Level 1:colcon.colcon_core.package_identification:_identify(config/shell) by extensions ['ros']
[0.623s] Level 1:colcon.colcon_core.package_identification:_identify(config/shell) by extension 'ros'
[0.623s] Level 1:colcon.colcon_core.package_identification:_identify(config/shell) by extensions ['cmake', 'python']
[0.623s] Level 1:colcon.colcon_core.package_identification:_identify(config/shell) by extension 'cmake'
[0.623s] Level 1:colcon.colcon_core.package_identification:_identify(config/shell) by extension 'python'
[0.623s] Level 1:colcon.colcon_core.package_identification:_identify(config/shell) by extensions ['python_setup_py']
[0.623s] Level 1:colcon.colcon_core.package_identification:_identify(config/shell) by extension 'python_setup_py'
[0.623s] Level 1:colcon.colcon_core.package_identification:_identify(config/shell/terminator) by extensions ['ignore', 'ignore_ament_install']
[0.624s] Level 1:colcon.colcon_core.package_identification:_identify(config/shell/terminator) by extension 'ignore'
[0.624s] Level 1:colcon.colcon_core.package_identification:_identify(config/shell/terminator) by extension 'ignore_ament_install'
[0.624s] Level 1:colcon.colcon_core.package_identification:_identify(config/shell/terminator) by extensions ['colcon_pkg']
[0.624s] Level 1:colcon.colcon_core.package_identification:_identify(config/shell/terminator) by extension 'colcon_pkg'
[0.624s] Level 1:colcon.colcon_core.package_identification:_identify(config/shell/terminator) by extensions ['colcon_meta']
[0.624s] Level 1:colcon.colcon_core.package_identification:_identify(config/shell/terminator) by extension 'colcon_meta'
[0.624s] Level 1:colcon.colcon_core.package_identification:_identify(config/shell/terminator) by extensions ['ros']
[0.624s] Level 1:colcon.colcon_core.package_identification:_identify(config/shell/terminator) by extension 'ros'
[0.624s] Level 1:colcon.colcon_core.package_identification:_identify(config/shell/terminator) by extensions ['cmake', 'python']
[0.624s] Level 1:colcon.colcon_core.package_identification:_identify(config/shell/terminator) by extension 'cmake'
[0.624s] Level 1:colcon.colcon_core.package_identification:_identify(config/shell/terminator) by extension 'python'
[0.625s] Level 1:colcon.colcon_core.package_identification:_identify(config/shell/terminator) by extensions ['python_setup_py']
[0.625s] Level 1:colcon.colcon_core.package_identification:_identify(config/shell/terminator) by extension 'python_setup_py'
[0.625s] Level 1:colcon.colcon_core.package_identification:_identify(config/shell/tmux) by extensions ['ignore', 'ignore_ament_install']
[0.625s] Level 1:colcon.colcon_core.package_identification:_identify(config/shell/tmux) by extension 'ignore'
[0.625s] Level 1:colcon.colcon_core.package_identification:_identify(config/shell/tmux) by extension 'ignore_ament_install'
[0.625s] Level 1:colcon.colcon_core.package_identification:_identify(config/shell/tmux) by extensions ['colcon_pkg']
[0.625s] Level 1:colcon.colcon_core.package_identification:_identify(config/shell/tmux) by extension 'colcon_pkg'
[0.625s] Level 1:colcon.colcon_core.package_identification:_identify(config/shell/tmux) by extensions ['colcon_meta']
[0.625s] Level 1:colcon.colcon_core.package_identification:_identify(config/shell/tmux) by extension 'colcon_meta'
[0.625s] Level 1:colcon.colcon_core.package_identification:_identify(config/shell/tmux) by extensions ['ros']
[0.626s] Level 1:colcon.colcon_core.package_identification:_identify(config/shell/tmux) by extension 'ros'
[0.626s] Level 1:colcon.colcon_core.package_identification:_identify(config/shell/tmux) by extensions ['cmake', 'python']
[0.626s] Level 1:colcon.colcon_core.package_identification:_identify(config/shell/tmux) by extension 'cmake'
[0.626s] Level 1:colcon.colcon_core.package_identification:_identify(config/shell/tmux) by extension 'python'
[0.626s] Level 1:colcon.colcon_core.package_identification:_identify(config/shell/tmux) by extensions ['python_setup_py']
[0.626s] Level 1:colcon.colcon_core.package_identification:_identify(config/shell/tmux) by extension 'python_setup_py'
[0.626s] Level 1:colcon.colcon_core.package_identification:_identify(install) by extensions ['ignore', 'ignore_ament_install']
[0.626s] Level 1:colcon.colcon_core.package_identification:_identify(install) by extension 'ignore'
[0.626s] Level 1:colcon.colcon_core.package_identification:_identify(install) ignored
[0.627s] Level 1:colcon.colcon_core.package_identification:_identify(log) by extensions ['ignore', 'ignore_ament_install']
[0.627s] Level 1:colcon.colcon_core.package_identification:_identify(log) by extension 'ignore'
[0.627s] Level 1:colcon.colcon_core.package_identification:_identify(log) ignored
[0.627s] Level 1:colcon.colcon_core.package_discovery:discover_packages(recursive) using defaults
[0.627s] Level 1:colcon.colcon_core.package_discovery:discover_packages(ignore) discover
[0.627s] Level 1:colcon.colcon_core.package_discovery:discover_packages(ignore) using defaults
[0.627s] Level 1:colcon.colcon_core.package_discovery:discover_packages(path) discover
[0.627s] Level 1:colcon.colcon_core.package_discovery:discover_packages(path) using defaults
[0.660s] INFO:colcon.colcon_core.executor:Executing jobs using 'parallel' executor
[0.663s] DEBUG:colcon.colcon_parallel_executor.executor.parallel:run_until_complete
[0.663s] DEBUG:colcon.colcon_parallel_executor.executor.parallel:closing loop
[0.663s] DEBUG:colcon.colcon_parallel_executor.executor.parallel:loop closed
[0.664s] DEBUG:colcon.colcon_parallel_executor.executor.parallel:run_until_complete finished with '0'
[0.664s] DEBUG:colcon.colcon_core.event_reactor:joining thread
[0.673s] INFO:colcon.colcon_core.plugin_system:Skipping extension 'colcon_notification.desktop_notification.terminal_notifier': Not used on non-Darwin systems
[0.673s] INFO:colcon.colcon_core.plugin_system:Skipping extension 'colcon_notification.desktop_notification.win32': Not used on non-Windows systems
[0.673s] INFO:colcon.colcon_notification.desktop_notification:Sending desktop notification using 'notify2'
[0.718s] DEBUG:colcon.colcon_core.event_reactor:joined thread
[0.722s] INFO:colcon.colcon_core.plugin_system:Skipping extension 'colcon_core.shell.bat': Not used on non-Windows systems
[0.722s] INFO:colcon.colcon_core.shell:Creating prefix script '/home/orin/test_ws/src/autorace_docker_humble_gazebro/install/local_setup.ps1'
[0.726s] INFO:colcon.colcon_core.shell:Creating prefix util module '/home/orin/test_ws/src/autorace_docker_humble_gazebro/install/_local_setup_util_ps1.py'
[0.730s] INFO:colcon.colcon_core.shell:Creating prefix chain script '/home/orin/test_ws/src/autorace_docker_humble_gazebro/install/setup.ps1'
[0.734s] INFO:colcon.colcon_core.shell:Creating prefix script '/home/orin/test_ws/src/autorace_docker_humble_gazebro/install/local_setup.sh'
[0.736s] INFO:colcon.colcon_core.shell:Creating prefix util module '/home/orin/test_ws/src/autorace_docker_humble_gazebro/install/_local_setup_util_sh.py'
[0.738s] INFO:colcon.colcon_core.shell:Creating prefix chain script '/home/orin/test_ws/src/autorace_docker_humble_gazebro/install/setup.sh'
[0.740s] INFO:colcon.colcon_core.shell:Creating prefix script '/home/orin/test_ws/src/autorace_docker_humble_gazebro/install/local_setup.bash'
[0.742s] INFO:colcon.colcon_core.shell:Creating prefix chain script '/home/orin/test_ws/src/autorace_docker_humble_gazebro/install/setup.bash'
[0.744s] INFO:colcon.colcon_core.shell:Creating prefix script '/home/orin/test_ws/src/autorace_docker_humble_gazebro/install/local_setup.zsh'
[0.746s] INFO:colcon.colcon_core.shell:Creating prefix chain script '/home/orin/test_ws/src/autorace_docker_humble_gazebro/install/setup.zsh'
