[4.434s] Invoking command in '/home/orin/work/src/turtlebot3/turtlebot3_teleop': PYTHONPATH=/home/orin/work/build/turtlebot3_teleop/prefix_override:/usr/lib/python3/dist-packages/colcon_core/task/python/colcon_distutils_commands:/home/orin/work/install/turtlebot3_teleop/lib/python3.10/site-packages:${PYTHONPATH} /usr/bin/python3 -W ignore:setup.py install is deprecated -W ignore:easy_install command is deprecated setup.py egg_info --egg-base ../../../build/turtlebot3_teleop build --build-base /home/orin/work/build/turtlebot3_teleop/build install --record /home/orin/work/build/turtlebot3_teleop/install.log --single-version-externally-managed install_data
[4.849s] /usr/local/lib/python3.10/dist-packages/setuptools/_distutils/dist.py:261: UserWarning: Unknown distribution option: 'tests_require'
[4.849s]   warnings.warn(msg)
[5.099s] running egg_info
[5.100s] creating ../../../build/turtlebot3_teleop/turtlebot3_teleop.egg-info
[5.142s] writing ../../../build/turtlebot3_teleop/turtlebot3_teleop.egg-info/PKG-INFO
[5.142s] writing dependency_links to ../../../build/turtlebot3_teleop/turtlebot3_teleop.egg-info/dependency_links.txt
[5.142s] writing entry points to ../../../build/turtlebot3_teleop/turtlebot3_teleop.egg-info/entry_points.txt
[5.143s] writing requirements to ../../../build/turtlebot3_teleop/turtlebot3_teleop.egg-info/requires.txt
[5.143s] writing top-level names to ../../../build/turtlebot3_teleop/turtlebot3_teleop.egg-info/top_level.txt
[5.143s] writing manifest file '../../../build/turtlebot3_teleop/turtlebot3_teleop.egg-info/SOURCES.txt'
[5.223s] reading manifest file '../../../build/turtlebot3_teleop/turtlebot3_teleop.egg-info/SOURCES.txt'
[5.227s] writing manifest file '../../../build/turtlebot3_teleop/turtlebot3_teleop.egg-info/SOURCES.txt'
[5.228s] running build
[5.228s] running build_py
[5.228s] creating /home/orin/work/build/turtlebot3_teleop/build/lib/turtlebot3_teleop
[5.230s] copying turtlebot3_teleop/__init__.py -> /home/orin/work/build/turtlebot3_teleop/build/lib/turtlebot3_teleop
[5.230s] creating /home/orin/work/build/turtlebot3_teleop/build/lib/turtlebot3_teleop/script
[5.231s] copying turtlebot3_teleop/script/__init__.py -> /home/orin/work/build/turtlebot3_teleop/build/lib/turtlebot3_teleop/script
[5.231s] copying turtlebot3_teleop/script/teleop_keyboard.py -> /home/orin/work/build/turtlebot3_teleop/build/lib/turtlebot3_teleop/script
[5.232s] running install
[5.241s] running install_lib
[5.280s] creating /home/orin/work/install/turtlebot3_teleop/lib/python3.10/site-packages/turtlebot3_teleop
[5.281s] creating /home/orin/work/install/turtlebot3_teleop/lib/python3.10/site-packages/turtlebot3_teleop/script
[5.281s] copying /home/orin/work/build/turtlebot3_teleop/build/lib/turtlebot3_teleop/script/__init__.py -> /home/orin/work/install/turtlebot3_teleop/lib/python3.10/site-packages/turtlebot3_teleop/script
[5.281s] copying /home/orin/work/build/turtlebot3_teleop/build/lib/turtlebot3_teleop/script/teleop_keyboard.py -> /home/orin/work/install/turtlebot3_teleop/lib/python3.10/site-packages/turtlebot3_teleop/script
[5.281s] copying /home/orin/work/build/turtlebot3_teleop/build/lib/turtlebot3_teleop/__init__.py -> /home/orin/work/install/turtlebot3_teleop/lib/python3.10/site-packages/turtlebot3_teleop
[5.284s] byte-compiling /home/orin/work/install/turtlebot3_teleop/lib/python3.10/site-packages/turtlebot3_teleop/script/__init__.py to __init__.cpython-310.pyc
[5.289s] byte-compiling /home/orin/work/install/turtlebot3_teleop/lib/python3.10/site-packages/turtlebot3_teleop/script/teleop_keyboard.py to teleop_keyboard.cpython-310.pyc
[5.289s] byte-compiling /home/orin/work/install/turtlebot3_teleop/lib/python3.10/site-packages/turtlebot3_teleop/__init__.py to __init__.cpython-310.pyc
[5.290s] running install_data
[5.290s] creating /home/orin/work/install/turtlebot3_teleop/share/ament_index/resource_index/packages
[5.290s] copying resource/turtlebot3_teleop -> /home/orin/work/install/turtlebot3_teleop/share/ament_index/resource_index/packages
[5.290s] copying package.xml -> /home/orin/work/install/turtlebot3_teleop/share/turtlebot3_teleop
[5.291s] running install_egg_info
[5.334s] Copying ../../../build/turtlebot3_teleop/turtlebot3_teleop.egg-info to /home/orin/work/install/turtlebot3_teleop/lib/python3.10/site-packages/turtlebot3_teleop-2.1.5-py3.10.egg-info
[5.337s] running install_scripts
[5.653s] Installing teleop_keyboard script to /home/orin/work/install/turtlebot3_teleop/lib/turtlebot3_teleop
[5.654s] writing list of installed files to '/home/orin/work/build/turtlebot3_teleop/install.log'
[5.830s] Invoked command in '/home/orin/work/src/turtlebot3/turtlebot3_teleop' returned '0': PYTHONPATH=/home/orin/work/build/turtlebot3_teleop/prefix_override:/usr/lib/python3/dist-packages/colcon_core/task/python/colcon_distutils_commands:/home/orin/work/install/turtlebot3_teleop/lib/python3.10/site-packages:${PYTHONPATH} /usr/bin/python3 -W ignore:setup.py install is deprecated -W ignore:easy_install command is deprecated setup.py egg_info --egg-base ../../../build/turtlebot3_teleop build --build-base /home/orin/work/build/turtlebot3_teleop/build install --record /home/orin/work/build/turtlebot3_teleop/install.log --single-version-externally-managed install_data
