[5.147s] Invoking command in '/home/orin/work/core': PYTHONPATH=/home/orin/work/build/core/prefix_override:/usr/lib/python3/dist-packages/colcon_core/task/python/colcon_distutils_commands:/home/orin/work/install/core/lib/python3.10/site-packages:${PYTHONPATH} /usr/bin/python3 -W ignore:setup.py install is deprecated -W ignore:easy_install command is deprecated setup.py egg_info --egg-base ../build/core build --build-base /home/orin/work/build/core/build install --record /home/orin/work/build/core/install.log --single-version-externally-managed install_data
[5.561s] /usr/local/lib/python3.10/dist-packages/setuptools/_distutils/dist.py:261: UserWarning: Unknown distribution option: 'tests_require'
[5.561s]   warnings.warn(msg)
[5.809s] running egg_info
[5.810s] creating ../build/core/core.egg-info
[5.845s] writing ../build/core/core.egg-info/PKG-INFO
[5.846s] writing dependency_links to ../build/core/core.egg-info/dependency_links.txt
[5.847s] writing entry points to ../build/core/core.egg-info/entry_points.txt
[5.847s] writing requirements to ../build/core/core.egg-info/requires.txt
[5.848s] writing top-level names to ../build/core/core.egg-info/top_level.txt
[5.848s] writing manifest file '../build/core/core.egg-info/SOURCES.txt'
[5.933s] reading manifest file '../build/core/core.egg-info/SOURCES.txt'
[5.934s] writing manifest file '../build/core/core.egg-info/SOURCES.txt'
[5.941s] running build
[5.942s] running build_py
[5.942s] creating /home/orin/work/build/core/build/lib/core
[5.944s] copying core/__init__.py -> /home/orin/work/build/core/build/lib/core
[5.944s] copying core/core.py -> /home/orin/work/build/core/build/lib/core
[5.945s] running install
[5.949s] running install_lib
[5.988s] creating /home/orin/work/install/core/lib/python3.10/site-packages/core
[5.989s] copying /home/orin/work/build/core/build/lib/core/__init__.py -> /home/orin/work/install/core/lib/python3.10/site-packages/core
[5.989s] copying /home/orin/work/build/core/build/lib/core/core.py -> /home/orin/work/install/core/lib/python3.10/site-packages/core
[5.991s] byte-compiling /home/orin/work/install/core/lib/python3.10/site-packages/core/__init__.py to __init__.cpython-310.pyc
[5.992s] byte-compiling /home/orin/work/install/core/lib/python3.10/site-packages/core/core.py to core.cpython-310.pyc
[5.997s] running install_data
[5.997s] creating /home/orin/work/install/core/share/ament_index/resource_index/packages
[6.000s] copying resource/core -> /home/orin/work/install/core/share/ament_index/resource_index/packages
[6.002s] copying package.xml -> /home/orin/work/install/core/share/core
[6.019s] creating /home/orin/work/install/core/share/core/launch
[6.019s] copying launch/calibration_launch.py -> /home/orin/work/install/core/share/core/launch
[6.020s] copying launch/core_launch.py -> /home/orin/work/install/core/share/core/launch
[6.020s] creating /home/orin/work/install/core/share/core/config
[6.020s] running install_egg_info
[6.046s] Copying ../build/core/core.egg-info to /home/orin/work/install/core/lib/python3.10/site-packages/core-0.0.0-py3.10.egg-info
[6.046s] running install_scripts
[6.374s] Installing core script to /home/orin/work/install/core/lib/core
[6.375s] writing list of installed files to '/home/orin/work/build/core/install.log'
[6.501s] Invoked command in '/home/orin/work/core' returned '0': PYTHONPATH=/home/orin/work/build/core/prefix_override:/usr/lib/python3/dist-packages/colcon_core/task/python/colcon_distutils_commands:/home/orin/work/install/core/lib/python3.10/site-packages:${PYTHONPATH} /usr/bin/python3 -W ignore:setup.py install is deprecated -W ignore:easy_install command is deprecated setup.py egg_info --egg-base ../build/core build --build-base /home/orin/work/build/core/build install --record /home/orin/work/build/core/install.log --single-version-externally-managed install_data
