[3.202s] Invoking command in '/home/orin/work/src/detect/object_detection': PYTHONPATH=/home/orin/work/build/object_detection/prefix_override:/usr/lib/python3/dist-packages/colcon_core/task/python/colcon_distutils_commands:/home/orin/work/install/object_detection/lib/python3.10/site-packages:${PYTHONPATH} /usr/bin/python3 -W ignore:setup.py install is deprecated -W ignore:easy_install command is deprecated setup.py egg_info --egg-base ../../../build/object_detection build --build-base /home/orin/work/build/object_detection/build install --record /home/orin/work/build/object_detection/install.log --single-version-externally-managed install_data
[3.589s] /usr/local/lib/python3.10/dist-packages/setuptools/_distutils/dist.py:261: UserWarning: Unknown distribution option: 'tests_require'
[3.589s]   warnings.warn(msg)
[3.824s] running egg_info
[3.862s] writing ../../../build/object_detection/object_detection.egg-info/PKG-INFO
[3.863s] writing dependency_links to ../../../build/object_detection/object_detection.egg-info/dependency_links.txt
[3.864s] writing entry points to ../../../build/object_detection/object_detection.egg-info/entry_points.txt
[3.865s] writing requirements to ../../../build/object_detection/object_detection.egg-info/requires.txt
[3.865s] writing top-level names to ../../../build/object_detection/object_detection.egg-info/top_level.txt
[3.946s] reading manifest file '../../../build/object_detection/object_detection.egg-info/SOURCES.txt'
[3.950s] writing manifest file '../../../build/object_detection/object_detection.egg-info/SOURCES.txt'
[3.950s] running build
[3.950s] running build_py
[3.951s] copying object_detection/__init__.py -> /home/orin/work/build/object_detection/build/lib/object_detection
[3.951s] copying object_detection/object_detection.py -> /home/orin/work/build/object_detection/build/lib/object_detection
[3.952s] running install
[3.962s] running install_lib
[4.003s] running install_data
[4.003s] copying resource/object_detection -> /home/orin/work/install/object_detection/share/ament_index/resource_index/packages
[4.004s] copying package.xml -> /home/orin/work/install/object_detection/share/object_detection
[4.005s] copying launch/object_detection_launch.py -> /home/orin/work/install/object_detection/share/object_detection/launch
[4.005s] copying weights/yolov7-tiny.pt -> /home/orin/work/install/object_detection/share/object_detection/weights
[4.033s] copying weights/yolov7.pt -> /home/orin/work/install/object_detection/share/object_detection/weights
[4.171s] copying weights/best.pt -> /home/orin/work/install/object_detection/share/object_detection/weights
[4.306s] copying weights/sign.pt -> /home/orin/work/install/object_detection/share/object_detection/weights
[4.440s] copying models/experimental.py -> /home/orin/work/install/object_detection/lib/object_detection/models
[4.441s] copying models/common.py -> /home/orin/work/install/object_detection/lib/object_detection/models
[4.441s] copying models/yolo.py -> /home/orin/work/install/object_detection/lib/object_detection/models
[4.441s] copying utils/general.py -> /home/orin/work/install/object_detection/lib/object_detection/utils
[4.442s] copying utils/torch_utils.py -> /home/orin/work/install/object_detection/lib/object_detection/utils
[4.442s] copying utils/plots.py -> /home/orin/work/install/object_detection/lib/object_detection/utils
[4.443s] copying utils/datasets.py -> /home/orin/work/install/object_detection/lib/object_detection/utils
[4.443s] copying utils/google_utils.py -> /home/orin/work/install/object_detection/lib/object_detection/utils
[4.444s] copying utils/activations.py -> /home/orin/work/install/object_detection/lib/object_detection/utils
[4.444s] copying utils/add_nms.py -> /home/orin/work/install/object_detection/lib/object_detection/utils
[4.444s] copying utils/autoanchor.py -> /home/orin/work/install/object_detection/lib/object_detection/utils
[4.445s] copying utils/loss.py -> /home/orin/work/install/object_detection/lib/object_detection/utils
[4.445s] copying utils/metrics.py -> /home/orin/work/install/object_detection/lib/object_detection/utils
[4.446s] running install_egg_info
[4.486s] removing '/home/orin/work/install/object_detection/lib/python3.10/site-packages/object_detection-0.0.0-py3.10.egg-info' (and everything under it)
[4.487s] Copying ../../../build/object_detection/object_detection.egg-info to /home/orin/work/install/object_detection/lib/python3.10/site-packages/object_detection-0.0.0-py3.10.egg-info
[4.489s] running install_scripts
[4.796s] Installing object_detection script to /home/orin/work/install/object_detection/lib/object_detection
[4.797s] writing list of installed files to '/home/orin/work/build/object_detection/install.log'
[4.891s] Invoked command in '/home/orin/work/src/detect/object_detection' returned '0': PYTHONPATH=/home/orin/work/build/object_detection/prefix_override:/usr/lib/python3/dist-packages/colcon_core/task/python/colcon_distutils_commands:/home/orin/work/install/object_detection/lib/python3.10/site-packages:${PYTHONPATH} /usr/bin/python3 -W ignore:setup.py install is deprecated -W ignore:easy_install command is deprecated setup.py egg_info --egg-base ../../../build/object_detection build --build-base /home/orin/work/build/object_detection/build install --record /home/orin/work/build/object_detection/install.log --single-version-externally-managed install_data
