[1.616s] Invoking command in '/home/orin/test_ws/src/build/detect_interfaces': /usr/bin/cmake /home/orin/test_ws/src/detect/detect_interfaces -DCMAKE_INSTALL_PREFIX=/home/orin/test_ws/src/install/detect_interfaces
[2.628s] CMake Error at CMakeLists.txt:9 (find_package):
[2.630s]   By not providing "Findament_cmake.cmake" in CMAKE_MODULE_PATH this project
[2.630s]   has asked CMake to find a package configuration file provided by
[2.630s]   "ament_cmake", but CMake did not find one.
[2.630s] 
[2.630s]   Could not find a package configuration file provided by "ament_cmake" with
[2.630s]   any of the following names:
[2.630s] 
[2.631s]     ament_cmakeConfig.cmake
[2.631s]     ament_cmake-config.cmake
[2.631s] 
[2.631s]   Add the installation prefix of "ament_cmake" to CMAKE_PREFIX_PATH or set
[2.631s]   "ament_cmake_DIR" to a directory containing one of the above files.  If
[2.631s]   "ament_cmake" provides a separate development package or SDK, be sure it
[2.631s]   has been installed.
[2.631s] 
[2.632s] 
[2.632s] -- The C compiler identification is GNU 9.4.0
[2.632s] -- The CXX compiler identification is GNU 9.4.0
[2.632s] -- Check for working C compiler: /usr/bin/cc
[2.632s] -- Check for working C compiler: /usr/bin/cc -- works
[2.632s] -- Detecting C compiler ABI info
[2.635s] -- Detecting C compiler ABI info - done
[2.637s] -- Detecting C compile features
[2.638s] -- Detecting C compile features - done
[2.639s] -- Check for working CXX compiler: /usr/bin/c++
[2.640s] -- Check for working CXX compiler: /usr/bin/c++ -- works
[2.644s] -- Detecting CXX compiler ABI info
[2.646s] -- Detecting CXX compiler ABI info - done
[2.646s] -- Detecting CXX compile features
[2.646s] -- Detecting CXX compile features - done
[2.646s] -- Configuring incomplete, errors occurred!
[2.646s] See also "/home/orin/test_ws/src/build/detect_interfaces/CMakeFiles/CMakeOutput.log".
[2.665s] Invoked command in '/home/orin/test_ws/src/build/detect_interfaces' returned '1': /usr/bin/cmake /home/orin/test_ws/src/detect/detect_interfaces -DCMAKE_INSTALL_PREFIX=/home/orin/test_ws/src/install/detect_interfaces
