[1.913s] Invoking command in '/home/orin/work/src/turtlebot3/turtlebot3_example': CMAKE_PREFIX_PATH=/home/orin/work/install/turtlebot3_msgs:/home/orin/work/install/turtlebot3:/home/orin/work/install/turtlebot3_bringup:/home/orin/work/install/turtlebot3_node:/home/orin/work/install/turtlebot3_navigation2:/home/orin/work/install/turtlebot3_description:/home/orin/work/install/turtlebot3_cartographer:/home/orin/work/install/rplidar_ros:/home/orin/work/install/dynamixel_sdk_examples:/home/orin/work/install/dynamixel_sdk_custom_interfaces:/home/orin/work/install/dynamixel_sdk:/home/orin/work/install/detect_interfaces:/home/orin/DynamixelSDK/c++/install LD_LIBRARY_PATH=/home/orin/work/install/turtlebot3_msgs/lib:/home/orin/work/install/dynamixel_sdk_custom_interfaces/lib:/home/orin/work/install/dynamixel_sdk/lib:/home/orin/work/install/detect_interfaces/lib:/opt/ros/humble/opt/rviz_ogre_vendor/lib:/opt/ros/humble/lib/aarch64-linux-gnu:/opt/ros/humble/lib:/usr/local/cuda/compat:/usr/local/cuda/lib64 PYTHONPATH=/home/orin/work/build/turtlebot3_example/prefix_override:/usr/lib/python3/dist-packages/colcon_core/task/python/colcon_distutils_commands:/home/orin/work/install/turtlebot3_example/lib/python3.10/site-packages:${PYTHONPATH} /usr/bin/python3 -W ignore:setup.py install is deprecated -W ignore:easy_install command is deprecated setup.py egg_info --egg-base ../../../build/turtlebot3_example build --build-base /home/orin/work/build/turtlebot3_example/build install --record /home/orin/work/build/turtlebot3_example/install.log --single-version-externally-managed install_data
[2.501s] running egg_info
[2.537s] writing ../../../build/turtlebot3_example/turtlebot3_example.egg-info/PKG-INFO
[2.538s] writing dependency_links to ../../../build/turtlebot3_example/turtlebot3_example.egg-info/dependency_links.txt
[2.538s] writing entry points to ../../../build/turtlebot3_example/turtlebot3_example.egg-info/entry_points.txt
[2.539s] writing requirements to ../../../build/turtlebot3_example/turtlebot3_example.egg-info/requires.txt
[2.539s] writing top-level names to ../../../build/turtlebot3_example/turtlebot3_example.egg-info/top_level.txt
[2.615s] reading manifest file '../../../build/turtlebot3_example/turtlebot3_example.egg-info/SOURCES.txt'
[2.619s] writing manifest file '../../../build/turtlebot3_example/turtlebot3_example.egg-info/SOURCES.txt'
[2.619s] running build
[2.619s] running build_py
[2.620s] copying turtlebot3_example/__init__.py -> /home/orin/work/build/turtlebot3_example/build/lib/turtlebot3_example
[2.621s] copying turtlebot3_example/turtlebot3_position_control/__init__.py -> /home/orin/work/build/turtlebot3_example/build/lib/turtlebot3_example/turtlebot3_position_control
[2.621s] copying turtlebot3_example/turtlebot3_position_control/main.py -> /home/orin/work/build/turtlebot3_example/build/lib/turtlebot3_example/turtlebot3_position_control
[2.622s] copying turtlebot3_example/turtlebot3_position_control/turtlebot3_position_control.py -> /home/orin/work/build/turtlebot3_example/build/lib/turtlebot3_example/turtlebot3_position_control
[2.623s] copying turtlebot3_example/turtlebot3_position_control/turtlebot3_path.py -> /home/orin/work/build/turtlebot3_example/build/lib/turtlebot3_example/turtlebot3_position_control
[2.624s] copying turtlebot3_example/turtlebot3_patrol_server/__init__.py -> /home/orin/work/build/turtlebot3_example/build/lib/turtlebot3_example/turtlebot3_patrol_server
[2.624s] copying turtlebot3_example/turtlebot3_patrol_server/main.py -> /home/orin/work/build/turtlebot3_example/build/lib/turtlebot3_example/turtlebot3_patrol_server
[2.625s] copying turtlebot3_example/turtlebot3_patrol_server/turtlebot3_patrol_server.py -> /home/orin/work/build/turtlebot3_example/build/lib/turtlebot3_example/turtlebot3_patrol_server
[2.626s] copying turtlebot3_example/turtlebot3_patrol_server/turtlebot3_path.py -> /home/orin/work/build/turtlebot3_example/build/lib/turtlebot3_example/turtlebot3_patrol_server
[2.627s] copying turtlebot3_example/turtlebot3_patrol_client/__init__.py -> /home/orin/work/build/turtlebot3_example/build/lib/turtlebot3_example/turtlebot3_patrol_client
[2.627s] copying turtlebot3_example/turtlebot3_patrol_client/turtlebot3_patrol_client.py -> /home/orin/work/build/turtlebot3_example/build/lib/turtlebot3_example/turtlebot3_patrol_client
[2.628s] copying turtlebot3_example/turtlebot3_patrol_client/main.py -> /home/orin/work/build/turtlebot3_example/build/lib/turtlebot3_example/turtlebot3_patrol_client
[2.629s] copying turtlebot3_example/turtlebot3_obstacle_detection/__init__.py -> /home/orin/work/build/turtlebot3_example/build/lib/turtlebot3_example/turtlebot3_obstacle_detection
[2.629s] copying turtlebot3_example/turtlebot3_obstacle_detection/main.py -> /home/orin/work/build/turtlebot3_example/build/lib/turtlebot3_example/turtlebot3_obstacle_detection
[2.630s] copying turtlebot3_example/turtlebot3_obstacle_detection/turtlebot3_obstacle_detection.py -> /home/orin/work/build/turtlebot3_example/build/lib/turtlebot3_example/turtlebot3_obstacle_detection
[2.632s] running install
[2.642s] running install_lib
[2.683s] running install_data
[2.684s] copying resource/turtlebot3_example -> /home/orin/work/install/turtlebot3_example/share/ament_index/resource_index/packages
[2.684s] copying package.xml -> /home/orin/work/install/turtlebot3_example/share/turtlebot3_example
[2.684s] running install_egg_info
[2.723s] removing '/home/orin/work/install/turtlebot3_example/lib/python3.10/site-packages/turtlebot3_example-2.1.5-py3.10.egg-info' (and everything under it)
[2.724s] Copying ../../../build/turtlebot3_example/turtlebot3_example.egg-info to /home/orin/work/install/turtlebot3_example/lib/python3.10/site-packages/turtlebot3_example-2.1.5-py3.10.egg-info
[2.727s] running install_scripts
[3.015s] Installing turtlebot3_obstacle_detection script to /home/orin/work/install/turtlebot3_example/lib/turtlebot3_example
[3.016s] Installing turtlebot3_patrol_client script to /home/orin/work/install/turtlebot3_example/lib/turtlebot3_example
[3.016s] Installing turtlebot3_patrol_server script to /home/orin/work/install/turtlebot3_example/lib/turtlebot3_example
[3.017s] Installing turtlebot3_position_control script to /home/orin/work/install/turtlebot3_example/lib/turtlebot3_example
[3.018s] writing list of installed files to '/home/orin/work/build/turtlebot3_example/install.log'
[3.091s] Invoked command in '/home/orin/work/src/turtlebot3/turtlebot3_example' returned '0': CMAKE_PREFIX_PATH=/home/orin/work/install/turtlebot3_msgs:/home/orin/work/install/turtlebot3:/home/orin/work/install/turtlebot3_bringup:/home/orin/work/install/turtlebot3_node:/home/orin/work/install/turtlebot3_navigation2:/home/orin/work/install/turtlebot3_description:/home/orin/work/install/turtlebot3_cartographer:/home/orin/work/install/rplidar_ros:/home/orin/work/install/dynamixel_sdk_examples:/home/orin/work/install/dynamixel_sdk_custom_interfaces:/home/orin/work/install/dynamixel_sdk:/home/orin/work/install/detect_interfaces:/home/orin/DynamixelSDK/c++/install LD_LIBRARY_PATH=/home/orin/work/install/turtlebot3_msgs/lib:/home/orin/work/install/dynamixel_sdk_custom_interfaces/lib:/home/orin/work/install/dynamixel_sdk/lib:/home/orin/work/install/detect_interfaces/lib:/opt/ros/humble/opt/rviz_ogre_vendor/lib:/opt/ros/humble/lib/aarch64-linux-gnu:/opt/ros/humble/lib:/usr/local/cuda/compat:/usr/local/cuda/lib64 PYTHONPATH=/home/orin/work/build/turtlebot3_example/prefix_override:/usr/lib/python3/dist-packages/colcon_core/task/python/colcon_distutils_commands:/home/orin/work/install/turtlebot3_example/lib/python3.10/site-packages:${PYTHONPATH} /usr/bin/python3 -W ignore:setup.py install is deprecated -W ignore:easy_install command is deprecated setup.py egg_info --egg-base ../../../build/turtlebot3_example build --build-base /home/orin/work/build/turtlebot3_example/build install --record /home/orin/work/build/turtlebot3_example/install.log --single-version-externally-managed install_data
