[5.297s] Invoking command in '/home/orin/work/src/detect/detect_lane': PYTHONPATH=/home/orin/work/build/detect_lane/prefix_override:/usr/lib/python3/dist-packages/colcon_core/task/python/colcon_distutils_commands:/home/orin/work/install/detect_lane/lib/python3.10/site-packages:${PYTHONPATH} /usr/bin/python3 -W ignore:setup.py install is deprecated -W ignore:easy_install command is deprecated setup.py egg_info --egg-base ../../../build/detect_lane build --build-base /home/orin/work/build/detect_lane/build install --record /home/orin/work/build/detect_lane/install.log --single-version-externally-managed install_data
[5.714s] /usr/local/lib/python3.10/dist-packages/setuptools/_distutils/dist.py:261: UserWarning: Unknown distribution option: 'tests_require'
[5.715s]   warnings.warn(msg)
[5.964s] running egg_info
[6.057s] writing ../../../build/detect_lane/detect_lane.egg-info/PKG-INFO
[6.059s] writing dependency_links to ../../../build/detect_lane/detect_lane.egg-info/dependency_links.txt
[6.059s] writing entry points to ../../../build/detect_lane/detect_lane.egg-info/entry_points.txt
[6.059s] writing requirements to ../../../build/detect_lane/detect_lane.egg-info/requires.txt
[6.059s] writing top-level names to ../../../build/detect_lane/detect_lane.egg-info/top_level.txt
[6.143s] reading manifest file '../../../build/detect_lane/detect_lane.egg-info/SOURCES.txt'
[6.146s] writing manifest file '../../../build/detect_lane/detect_lane.egg-info/SOURCES.txt'
[6.148s] running build
[6.148s] running build_py
[6.150s] copying detect_lane/camera_red_green_light.py -> /home/orin/work/build/detect_lane/build/lib/detect_lane
[6.152s] copying detect_lane/key_pub_signs.py -> /home/orin/work/build/detect_lane/build/lib/detect_lane
[6.163s] copying detect_lane/__init__.py -> /home/orin/work/build/detect_lane/build/lib/detect_lane
[6.163s] copying detect_lane/detect_lane.py -> /home/orin/work/build/detect_lane/build/lib/detect_lane
[6.163s] copying detect_lane/hsv_traffic_light.py -> /home/orin/work/build/detect_lane/build/lib/detect_lane
[6.163s] copying detect_lane/hsv_param_adjustment.py -> /home/orin/work/build/detect_lane/build/lib/detect_lane
[6.163s] copying detect_lane/detect_traffic.py -> /home/orin/work/build/detect_lane/build/lib/detect_lane
[6.164s] copying detect_lane/detect_parking_grid.py -> /home/orin/work/build/detect_lane/build/lib/detect_lane
[6.164s] running install
[6.168s] running install_lib
[6.210s] copying /home/orin/work/build/detect_lane/build/lib/detect_lane/key_pub_signs.py -> /home/orin/work/install/detect_lane/lib/python3.10/site-packages/detect_lane
[6.210s] byte-compiling /home/orin/work/install/detect_lane/lib/python3.10/site-packages/detect_lane/key_pub_signs.py to key_pub_signs.cpython-310.pyc
[6.213s] running install_data
[6.214s] copying resource/detect_lane -> /home/orin/work/install/detect_lane/share/ament_index/resource_index/packages
[6.215s] copying package.xml -> /home/orin/work/install/detect_lane/share/detect_lane
[6.216s] copying launch/detect_traffic_launch.py -> /home/orin/work/install/detect_lane/share/detect_lane/launch
[6.217s] copying launch/detect_lane_launch.py -> /home/orin/work/install/detect_lane/share/detect_lane/launch
[6.218s] copying config/hsv_parameters_default.yaml -> /home/orin/work/install/detect_lane/share/detect_lane/config
[6.219s] copying config/hsv_parameters_tr_own.yaml -> /home/orin/work/install/detect_lane/share/detect_lane/config
[6.219s] copying config/hsv_parameters_own.yaml -> /home/orin/work/install/detect_lane/share/detect_lane/config
[6.220s] copying config/hsv_parameters_own (copy).yaml -> /home/orin/work/install/detect_lane/share/detect_lane/config
[6.220s] copying config/calibration_mode.rviz -> /home/orin/work/install/detect_lane/share/detect_lane/config
[6.221s] copying config/lane_mode.rviz -> /home/orin/work/install/detect_lane/share/detect_lane/config
[6.221s] running install_egg_info
[6.266s] removing '/home/orin/work/install/detect_lane/lib/python3.10/site-packages/detect_lane-0.0.0-py3.10.egg-info' (and everything under it)
[6.267s] Copying ../../../build/detect_lane/detect_lane.egg-info to /home/orin/work/install/detect_lane/lib/python3.10/site-packages/detect_lane-0.0.0-py3.10.egg-info
[6.269s] running install_scripts
[6.603s] Installing detect_lane script to /home/orin/work/install/detect_lane/lib/detect_lane
[6.604s] Installing detect_parking_grid script to /home/orin/work/install/detect_lane/lib/detect_lane
[6.608s] Installing detect_traffic script to /home/orin/work/install/detect_lane/lib/detect_lane
[6.608s] Installing hsv_param_adjustment script to /home/orin/work/install/detect_lane/lib/detect_lane
[6.608s] Installing hsv_traffic_light script to /home/orin/work/install/detect_lane/lib/detect_lane
[6.609s] Installing key_pub_signs script to /home/orin/work/install/detect_lane/lib/detect_lane
[6.609s] writing list of installed files to '/home/orin/work/build/detect_lane/install.log'
[6.731s] Invoked command in '/home/orin/work/src/detect/detect_lane' returned '0': PYTHONPATH=/home/orin/work/build/detect_lane/prefix_override:/usr/lib/python3/dist-packages/colcon_core/task/python/colcon_distutils_commands:/home/orin/work/install/detect_lane/lib/python3.10/site-packages:${PYTHONPATH} /usr/bin/python3 -W ignore:setup.py install is deprecated -W ignore:easy_install command is deprecated setup.py egg_info --egg-base ../../../build/detect_lane build --build-base /home/orin/work/build/detect_lane/build install --record /home/orin/work/build/detect_lane/install.log --single-version-externally-managed install_data
