[1.665s] Invoking command in '/home/orin/work/build/detect_interfaces': CMAKE_PREFIX_PATH=${CMAKE_PREFIX_PATH}:/home/orin/work/install/turtlebot3_teleop:/home/orin/work/install/turtlebot3_example:/home/orin/work/install/object_detection:/home/orin/work/install/detect_lane:/home/orin/work/install/control:/home/orin/work/install/camera:/opt/ros/humble /usr/local/bin/cmake --build /home/orin/work/build/detect_interfaces -- -j12 -l12
[2.205s] [  3%] Built target detect_interfaces__cpp
[2.205s] [ 12%] Built target detect_interfaces__rosidl_generator_c
[2.205s] [ 12%] Built target ament_cmake_python_copy_detect_interfaces
[2.206s] [ 22%] Built target detect_interfaces__rosidl_typesupport_cpp
[2.206s] [ 70%] Built target detect_interfaces__rosidl_typesupport_c
[2.206s] [ 48%] Built target detect_interfaces__rosidl_typesupport_fastrtps_cpp
[2.206s] [ 70%] Built target detect_interfaces__rosidl_typesupport_introspection_cpp
[2.206s] [ 70%] Built target detect_interfaces__rosidl_typesupport_fastrtps_c
[2.206s] [ 70%] Built target detect_interfaces__rosidl_typesupport_introspection_c
[2.206s] [ 70%] Built target detect_interfaces
[2.207s] [ 74%] Built target detect_interfaces__py
[2.207s] [ 80%] Built target detect_interfaces__rosidl_generator_py
[2.207s] [ 87%] Built target detect_interfaces__rosidl_typesupport_fastrtps_c__pyext
[2.207s] [ 93%] Built target detect_interfaces__rosidl_typesupport_introspection_c__pyext
[2.207s] [100%] Built target detect_interfaces__rosidl_typesupport_c__pyext
[2.379s] running egg_info
[2.417s] writing detect_interfaces.egg-info/PKG-INFO
[2.418s] writing dependency_links to detect_interfaces.egg-info/dependency_links.txt
[2.419s] writing top-level names to detect_interfaces.egg-info/top_level.txt
[2.528s] reading manifest file 'detect_interfaces.egg-info/SOURCES.txt'
[2.531s] writing manifest file 'detect_interfaces.egg-info/SOURCES.txt'
[2.594s] [100%] Built target ament_cmake_python_build_detect_interfaces_egg
[2.961s] Invoked command in '/home/orin/work/build/detect_interfaces' returned '0': CMAKE_PREFIX_PATH=${CMAKE_PREFIX_PATH}:/home/orin/work/install/turtlebot3_teleop:/home/orin/work/install/turtlebot3_example:/home/orin/work/install/object_detection:/home/orin/work/install/detect_lane:/home/orin/work/install/control:/home/orin/work/install/camera:/opt/ros/humble /usr/local/bin/cmake --build /home/orin/work/build/detect_interfaces -- -j12 -l12
[2.964s] Invoking command in '/home/orin/work/build/detect_interfaces': CMAKE_PREFIX_PATH=${CMAKE_PREFIX_PATH}:/home/orin/work/install/turtlebot3_teleop:/home/orin/work/install/turtlebot3_example:/home/orin/work/install/object_detection:/home/orin/work/install/detect_lane:/home/orin/work/install/control:/home/orin/work/install/camera:/opt/ros/humble /usr/local/bin/cmake --install /home/orin/work/build/detect_interfaces
[3.261s] -- Install configuration: ""
[3.261s] -- Up-to-date: /home/orin/work/install/detect_interfaces/share/ament_index/resource_index/rosidl_interfaces/detect_interfaces
[3.262s] -- Up-to-date: /home/orin/work/install/detect_interfaces/include/detect_interfaces/detect_interfaces
[3.262s] -- Up-to-date: /home/orin/work/install/detect_interfaces/include/detect_interfaces/detect_interfaces/msg
[3.262s] -- Up-to-date: /home/orin/work/install/detect_interfaces/include/detect_interfaces/detect_interfaces/msg/rosidl_generator_c__visibility_control.h
[3.262s] -- Up-to-date: /home/orin/work/install/detect_interfaces/include/detect_interfaces/detect_interfaces/msg/detail
[3.265s] -- Up-to-date: /home/orin/work/install/detect_interfaces/include/detect_interfaces/detect_interfaces/msg/detail/bounding_box__functions.c
[3.265s] -- Up-to-date: /home/orin/work/install/detect_interfaces/include/detect_interfaces/detect_interfaces/msg/detail/bounding_box__functions.h
[3.265s] -- Up-to-date: /home/orin/work/install/detect_interfaces/include/detect_interfaces/detect_interfaces/msg/detail/bounding_box__type_support.h
[3.266s] -- Up-to-date: /home/orin/work/install/detect_interfaces/include/detect_interfaces/detect_interfaces/msg/detail/bounding_box__struct.h
[3.267s] -- Up-to-date: /home/orin/work/install/detect_interfaces/include/detect_interfaces/detect_interfaces/msg/bounding_box.h
[3.268s] -- Up-to-date: /home/orin/work/install/detect_interfaces/share/detect_interfaces/environment/library_path.sh
[3.268s] -- Up-to-date: /home/orin/work/install/detect_interfaces/share/detect_interfaces/environment/library_path.dsv
[3.268s] -- Up-to-date: /home/orin/work/install/detect_interfaces/lib/libdetect_interfaces__rosidl_generator_c.so
[3.269s] -- Up-to-date: /home/orin/work/install/detect_interfaces/include/detect_interfaces/detect_interfaces
[3.270s] -- Up-to-date: /home/orin/work/install/detect_interfaces/include/detect_interfaces/detect_interfaces/msg
[3.270s] -- Up-to-date: /home/orin/work/install/detect_interfaces/include/detect_interfaces/detect_interfaces/msg/detail
[3.270s] -- Up-to-date: /home/orin/work/install/detect_interfaces/include/detect_interfaces/detect_interfaces/msg/detail/bounding_box__rosidl_typesupport_fastrtps_c.h
[3.271s] -- Up-to-date: /home/orin/work/install/detect_interfaces/include/detect_interfaces/detect_interfaces/msg/rosidl_typesupport_fastrtps_c__visibility_control.h
[3.271s] -- Up-to-date: /home/orin/work/install/detect_interfaces/lib/libdetect_interfaces__rosidl_typesupport_fastrtps_c.so
[3.272s] -- Up-to-date: /home/orin/work/install/detect_interfaces/include/detect_interfaces/detect_interfaces
[3.273s] -- Up-to-date: /home/orin/work/install/detect_interfaces/include/detect_interfaces/detect_interfaces/msg
[3.273s] -- Up-to-date: /home/orin/work/install/detect_interfaces/include/detect_interfaces/detect_interfaces/msg/detail
[3.273s] -- Up-to-date: /home/orin/work/install/detect_interfaces/include/detect_interfaces/detect_interfaces/msg/detail/bounding_box__traits.hpp
[3.274s] -- Up-to-date: /home/orin/work/install/detect_interfaces/include/detect_interfaces/detect_interfaces/msg/detail/bounding_box__struct.hpp
[3.274s] -- Up-to-date: /home/orin/work/install/detect_interfaces/include/detect_interfaces/detect_interfaces/msg/detail/bounding_box__builder.hpp
[3.274s] -- Up-to-date: /home/orin/work/install/detect_interfaces/include/detect_interfaces/detect_interfaces/msg/detail/bounding_box__type_support.hpp
[3.275s] -- Up-to-date: /home/orin/work/install/detect_interfaces/include/detect_interfaces/detect_interfaces/msg/bounding_box.hpp
[3.275s] -- Up-to-date: /home/orin/work/install/detect_interfaces/include/detect_interfaces/detect_interfaces/msg/rosidl_generator_cpp__visibility_control.hpp
[3.276s] -- Up-to-date: /home/orin/work/install/detect_interfaces/include/detect_interfaces/detect_interfaces
[3.276s] -- Up-to-date: /home/orin/work/install/detect_interfaces/include/detect_interfaces/detect_interfaces/msg
[3.276s] -- Up-to-date: /home/orin/work/install/detect_interfaces/include/detect_interfaces/detect_interfaces/msg/detail
[3.277s] -- Up-to-date: /home/orin/work/install/detect_interfaces/include/detect_interfaces/detect_interfaces/msg/detail/bounding_box__rosidl_typesupport_fastrtps_cpp.hpp
[3.277s] -- Up-to-date: /home/orin/work/install/detect_interfaces/include/detect_interfaces/detect_interfaces/msg/detail/dds_fastrtps
[3.277s] -- Up-to-date: /home/orin/work/install/detect_interfaces/include/detect_interfaces/detect_interfaces/msg/rosidl_typesupport_fastrtps_cpp__visibility_control.h
[3.278s] -- Up-to-date: /home/orin/work/install/detect_interfaces/lib/libdetect_interfaces__rosidl_typesupport_fastrtps_cpp.so
[3.278s] -- Up-to-date: /home/orin/work/install/detect_interfaces/include/detect_interfaces/detect_interfaces
[3.282s] -- Up-to-date: /home/orin/work/install/detect_interfaces/include/detect_interfaces/detect_interfaces/msg
[3.283s] -- Up-to-date: /home/orin/work/install/detect_interfaces/include/detect_interfaces/detect_interfaces/msg/rosidl_typesupport_introspection_c__visibility_control.h
[3.287s] -- Up-to-date: /home/orin/work/install/detect_interfaces/include/detect_interfaces/detect_interfaces/msg/detail
[3.293s] -- Up-to-date: /home/orin/work/install/detect_interfaces/include/detect_interfaces/detect_interfaces/msg/detail/bounding_box__rosidl_typesupport_introspection_c.h
[3.293s] -- Up-to-date: /home/orin/work/install/detect_interfaces/include/detect_interfaces/detect_interfaces/msg/detail/bounding_box__type_support.c
[3.295s] -- Up-to-date: /home/orin/work/install/detect_interfaces/lib/libdetect_interfaces__rosidl_typesupport_introspection_c.so
[3.296s] -- Up-to-date: /home/orin/work/install/detect_interfaces/lib/libdetect_interfaces__rosidl_typesupport_c.so
[3.296s] -- Up-to-date: /home/orin/work/install/detect_interfaces/include/detect_interfaces/detect_interfaces
[3.296s] -- Up-to-date: /home/orin/work/install/detect_interfaces/include/detect_interfaces/detect_interfaces/msg
[3.296s] -- Up-to-date: /home/orin/work/install/detect_interfaces/include/detect_interfaces/detect_interfaces/msg/detail
[3.296s] -- Up-to-date: /home/orin/work/install/detect_interfaces/include/detect_interfaces/detect_interfaces/msg/detail/bounding_box__rosidl_typesupport_introspection_cpp.hpp
[3.297s] -- Up-to-date: /home/orin/work/install/detect_interfaces/include/detect_interfaces/detect_interfaces/msg/detail/bounding_box__type_support.cpp
[3.297s] -- Up-to-date: /home/orin/work/install/detect_interfaces/lib/libdetect_interfaces__rosidl_typesupport_introspection_cpp.so
[3.297s] -- Up-to-date: /home/orin/work/install/detect_interfaces/lib/libdetect_interfaces__rosidl_typesupport_cpp.so
[3.297s] -- Up-to-date: /home/orin/work/install/detect_interfaces/share/detect_interfaces/environment/pythonpath.sh
[3.297s] -- Up-to-date: /home/orin/work/install/detect_interfaces/share/detect_interfaces/environment/pythonpath.dsv
[3.297s] -- Up-to-date: /home/orin/work/install/detect_interfaces/local/lib/python3.10/dist-packages/detect_interfaces-0.0.0-py3.10.egg-info
[3.297s] -- Installing: /home/orin/work/install/detect_interfaces/local/lib/python3.10/dist-packages/detect_interfaces-0.0.0-py3.10.egg-info/PKG-INFO
[3.298s] -- Installing: /home/orin/work/install/detect_interfaces/local/lib/python3.10/dist-packages/detect_interfaces-0.0.0-py3.10.egg-info/top_level.txt
[3.298s] -- Installing: /home/orin/work/install/detect_interfaces/local/lib/python3.10/dist-packages/detect_interfaces-0.0.0-py3.10.egg-info/dependency_links.txt
[3.298s] -- Installing: /home/orin/work/install/detect_interfaces/local/lib/python3.10/dist-packages/detect_interfaces-0.0.0-py3.10.egg-info/SOURCES.txt
[3.298s] -- Up-to-date: /home/orin/work/install/detect_interfaces/local/lib/python3.10/dist-packages/detect_interfaces
[3.298s] -- Up-to-date: /home/orin/work/install/detect_interfaces/local/lib/python3.10/dist-packages/detect_interfaces/detect_interfaces_s__rosidl_typesupport_introspection_c.cpython-310-aarch64-linux-gnu.so
[3.298s] -- Up-to-date: /home/orin/work/install/detect_interfaces/local/lib/python3.10/dist-packages/detect_interfaces/detect_interfaces_s__rosidl_typesupport_fastrtps_c.cpython-310-aarch64-linux-gnu.so
[3.298s] -- Up-to-date: /home/orin/work/install/detect_interfaces/local/lib/python3.10/dist-packages/detect_interfaces/msg
[3.298s] -- Up-to-date: /home/orin/work/install/detect_interfaces/local/lib/python3.10/dist-packages/detect_interfaces/msg/_bounding_box_s.c
[3.299s] -- Up-to-date: /home/orin/work/install/detect_interfaces/local/lib/python3.10/dist-packages/detect_interfaces/msg/__init__.py
[3.299s] -- Up-to-date: /home/orin/work/install/detect_interfaces/local/lib/python3.10/dist-packages/detect_interfaces/msg/_bounding_box.py
[3.299s] -- Up-to-date: /home/orin/work/install/detect_interfaces/local/lib/python3.10/dist-packages/detect_interfaces/_detect_interfaces_s.ep.rosidl_typesupport_c.c
[3.299s] -- Up-to-date: /home/orin/work/install/detect_interfaces/local/lib/python3.10/dist-packages/detect_interfaces/__init__.py
[3.300s] -- Up-to-date: /home/orin/work/install/detect_interfaces/local/lib/python3.10/dist-packages/detect_interfaces/detect_interfaces_s__rosidl_typesupport_c.cpython-310-aarch64-linux-gnu.so
[3.304s] -- Up-to-date: /home/orin/work/install/detect_interfaces/local/lib/python3.10/dist-packages/detect_interfaces/libdetect_interfaces__rosidl_generator_py.so
[3.304s] -- Up-to-date: /home/orin/work/install/detect_interfaces/local/lib/python3.10/dist-packages/detect_interfaces/_detect_interfaces_s.ep.rosidl_typesupport_fastrtps_c.c
[3.305s] -- Up-to-date: /home/orin/work/install/detect_interfaces/local/lib/python3.10/dist-packages/detect_interfaces/_detect_interfaces_s.ep.rosidl_typesupport_introspection_c.c
[3.308s] Listing '/home/orin/work/install/detect_interfaces/local/lib/python3.10/dist-packages/detect_interfaces'...
[3.308s] Listing '/home/orin/work/install/detect_interfaces/local/lib/python3.10/dist-packages/detect_interfaces/msg'...
[3.312s] -- Up-to-date: /home/orin/work/install/detect_interfaces/local/lib/python3.10/dist-packages/detect_interfaces/detect_interfaces_s__rosidl_typesupport_fastrtps_c.cpython-310-aarch64-linux-gnu.so
[3.313s] -- Up-to-date: /home/orin/work/install/detect_interfaces/local/lib/python3.10/dist-packages/detect_interfaces/detect_interfaces_s__rosidl_typesupport_introspection_c.cpython-310-aarch64-linux-gnu.so
[3.314s] -- Up-to-date: /home/orin/work/install/detect_interfaces/local/lib/python3.10/dist-packages/detect_interfaces/detect_interfaces_s__rosidl_typesupport_c.cpython-310-aarch64-linux-gnu.so
[3.315s] -- Up-to-date: /home/orin/work/install/detect_interfaces/lib/libdetect_interfaces__rosidl_generator_py.so
[3.316s] -- Up-to-date: /home/orin/work/install/detect_interfaces/share/detect_interfaces/msg/BoundingBox.idl
[3.316s] -- Up-to-date: /home/orin/work/install/detect_interfaces/share/detect_interfaces/msg/BoundingBox.msg
[3.317s] -- Up-to-date: /home/orin/work/install/detect_interfaces/share/ament_index/resource_index/package_run_dependencies/detect_interfaces
[3.317s] -- Up-to-date: /home/orin/work/install/detect_interfaces/share/ament_index/resource_index/parent_prefix_path/detect_interfaces
[3.318s] -- Up-to-date: /home/orin/work/install/detect_interfaces/share/detect_interfaces/environment/ament_prefix_path.sh
[3.321s] -- Up-to-date: /home/orin/work/install/detect_interfaces/share/detect_interfaces/environment/ament_prefix_path.dsv
[3.322s] -- Up-to-date: /home/orin/work/install/detect_interfaces/share/detect_interfaces/environment/path.sh
[3.322s] -- Up-to-date: /home/orin/work/install/detect_interfaces/share/detect_interfaces/environment/path.dsv
[3.323s] -- Up-to-date: /home/orin/work/install/detect_interfaces/share/detect_interfaces/local_setup.bash
[3.323s] -- Up-to-date: /home/orin/work/install/detect_interfaces/share/detect_interfaces/local_setup.sh
[3.324s] -- Up-to-date: /home/orin/work/install/detect_interfaces/share/detect_interfaces/local_setup.zsh
[3.325s] -- Up-to-date: /home/orin/work/install/detect_interfaces/share/detect_interfaces/local_setup.dsv
[3.326s] -- Installing: /home/orin/work/install/detect_interfaces/share/detect_interfaces/package.dsv
[3.328s] -- Up-to-date: /home/orin/work/install/detect_interfaces/share/ament_index/resource_index/packages/detect_interfaces
[3.330s] -- Up-to-date: /home/orin/work/install/detect_interfaces/share/detect_interfaces/cmake/export_detect_interfaces__rosidl_generator_cExport.cmake
[3.334s] -- Up-to-date: /home/orin/work/install/detect_interfaces/share/detect_interfaces/cmake/export_detect_interfaces__rosidl_generator_cExport-noconfig.cmake
[3.335s] -- Up-to-date: /home/orin/work/install/detect_interfaces/share/detect_interfaces/cmake/export_detect_interfaces__rosidl_typesupport_fastrtps_cExport.cmake
[3.336s] -- Up-to-date: /home/orin/work/install/detect_interfaces/share/detect_interfaces/cmake/export_detect_interfaces__rosidl_typesupport_fastrtps_cExport-noconfig.cmake
[3.337s] -- Up-to-date: /home/orin/work/install/detect_interfaces/share/detect_interfaces/cmake/export_detect_interfaces__rosidl_generator_cppExport.cmake
[3.339s] -- Up-to-date: /home/orin/work/install/detect_interfaces/share/detect_interfaces/cmake/export_detect_interfaces__rosidl_typesupport_fastrtps_cppExport.cmake
[3.340s] -- Up-to-date: /home/orin/work/install/detect_interfaces/share/detect_interfaces/cmake/export_detect_interfaces__rosidl_typesupport_fastrtps_cppExport-noconfig.cmake
[3.340s] -- Up-to-date: /home/orin/work/install/detect_interfaces/share/detect_interfaces/cmake/detect_interfaces__rosidl_typesupport_introspection_cExport.cmake
[3.340s] -- Up-to-date: /home/orin/work/install/detect_interfaces/share/detect_interfaces/cmake/detect_interfaces__rosidl_typesupport_introspection_cExport-noconfig.cmake
[3.341s] -- Up-to-date: /home/orin/work/install/detect_interfaces/share/detect_interfaces/cmake/detect_interfaces__rosidl_typesupport_cExport.cmake
[3.341s] -- Up-to-date: /home/orin/work/install/detect_interfaces/share/detect_interfaces/cmake/detect_interfaces__rosidl_typesupport_cExport-noconfig.cmake
[3.342s] -- Up-to-date: /home/orin/work/install/detect_interfaces/share/detect_interfaces/cmake/detect_interfaces__rosidl_typesupport_introspection_cppExport.cmake
[3.342s] -- Up-to-date: /home/orin/work/install/detect_interfaces/share/detect_interfaces/cmake/detect_interfaces__rosidl_typesupport_introspection_cppExport-noconfig.cmake
[3.343s] -- Up-to-date: /home/orin/work/install/detect_interfaces/share/detect_interfaces/cmake/detect_interfaces__rosidl_typesupport_cppExport.cmake
[3.344s] -- Up-to-date: /home/orin/work/install/detect_interfaces/share/detect_interfaces/cmake/detect_interfaces__rosidl_typesupport_cppExport-noconfig.cmake
[3.345s] -- Up-to-date: /home/orin/work/install/detect_interfaces/share/detect_interfaces/cmake/export_detect_interfaces__rosidl_generator_pyExport.cmake
[3.346s] -- Up-to-date: /home/orin/work/install/detect_interfaces/share/detect_interfaces/cmake/export_detect_interfaces__rosidl_generator_pyExport-noconfig.cmake
[3.347s] -- Up-to-date: /home/orin/work/install/detect_interfaces/share/detect_interfaces/cmake/rosidl_cmake-extras.cmake
[3.347s] -- Up-to-date: /home/orin/work/install/detect_interfaces/share/detect_interfaces/cmake/ament_cmake_export_dependencies-extras.cmake
[3.348s] -- Up-to-date: /home/orin/work/install/detect_interfaces/share/detect_interfaces/cmake/ament_cmake_export_include_directories-extras.cmake
[3.348s] -- Up-to-date: /home/orin/work/install/detect_interfaces/share/detect_interfaces/cmake/ament_cmake_export_libraries-extras.cmake
[3.348s] -- Up-to-date: /home/orin/work/install/detect_interfaces/share/detect_interfaces/cmake/ament_cmake_export_targets-extras.cmake
[3.350s] -- Up-to-date: /home/orin/work/install/detect_interfaces/share/detect_interfaces/cmake/rosidl_cmake_export_typesupport_targets-extras.cmake
[3.350s] -- Up-to-date: /home/orin/work/install/detect_interfaces/share/detect_interfaces/cmake/rosidl_cmake_export_typesupport_libraries-extras.cmake
[3.352s] -- Up-to-date: /home/orin/work/install/detect_interfaces/share/detect_interfaces/cmake/detect_interfacesConfig.cmake
[3.353s] -- Up-to-date: /home/orin/work/install/detect_interfaces/share/detect_interfaces/cmake/detect_interfacesConfig-version.cmake
[3.354s] -- Up-to-date: /home/orin/work/install/detect_interfaces/share/detect_interfaces/package.xml
[3.447s] Invoked command in '/home/orin/work/build/detect_interfaces' returned '0': CMAKE_PREFIX_PATH=${CMAKE_PREFIX_PATH}:/home/orin/work/install/turtlebot3_teleop:/home/orin/work/install/turtlebot3_example:/home/orin/work/install/object_detection:/home/orin/work/install/detect_lane:/home/orin/work/install/control:/home/orin/work/install/camera:/opt/ros/humble /usr/local/bin/cmake --install /home/orin/work/build/detect_interfaces
