[0.103s] Invoking command in '/home/orin/work/build/turtlebot3_navigation2': CMAKE_PREFIX_PATH=${CMAKE_PREFIX_PATH}:/home/orin/work/install/turtlebot3_teleop:/home/orin/work/install/turtlebot3_example:/home/orin/work/install/object_detection:/home/orin/work/install/detect_lane:/home/orin/work/install/control:/home/orin/work/install/camera:/opt/ros/humble /usr/local/bin/cmake /home/orin/work/src/turtlebot3/turtlebot3_navigation2 -DCMAKE_INSTALL_PREFIX=/home/orin/work/install/turtlebot3_navigation2
[2.255s] -- The C compiler identification is GNU 11.4.0
[2.255s] -- The CXX compiler identification is GNU 11.4.0
[2.255s] -- Detecting C compiler ABI info
[2.255s] -- Detecting C compiler ABI info - done
[2.255s] -- Check for working C compiler: /usr/bin/cc - skipped
[2.255s] -- Detecting C compile features
[2.255s] -- Detecting C compile features - done
[2.256s] -- Detecting CXX compiler ABI info
[2.256s] -- Detecting CXX compiler ABI info - done
[2.256s] -- Check for working CXX compiler: /usr/bin/c++ - skipped
[2.256s] -- Detecting CXX compile features
[2.256s] -- Detecting CXX compile features - done
[2.257s] -- Found ament_cmake: 1.3.11 (/opt/ros/humble/share/ament_cmake/cmake)
[2.257s] -- Found Python3: /usr/local/bin/python3 (found version "3.10.12") found components: Interpreter
[2.257s] -- Configuring done (1.4s)
[2.257s] -- Generating done (0.0s)
[2.257s] -- Build files have been written to: /home/orin/work/build/turtlebot3_navigation2
[2.752s] Invoked command in '/home/orin/work/build/turtlebot3_navigation2' returned '0': CMAKE_PREFIX_PATH=${CMAKE_PREFIX_PATH}:/home/orin/work/install/turtlebot3_teleop:/home/orin/work/install/turtlebot3_example:/home/orin/work/install/object_detection:/home/orin/work/install/detect_lane:/home/orin/work/install/control:/home/orin/work/install/camera:/opt/ros/humble /usr/local/bin/cmake /home/orin/work/src/turtlebot3/turtlebot3_navigation2 -DCMAKE_INSTALL_PREFIX=/home/orin/work/install/turtlebot3_navigation2
[2.753s] Invoking command in '/home/orin/work/build/turtlebot3_navigation2': CMAKE_PREFIX_PATH=${CMAKE_PREFIX_PATH}:/home/orin/work/install/turtlebot3_teleop:/home/orin/work/install/turtlebot3_example:/home/orin/work/install/object_detection:/home/orin/work/install/detect_lane:/home/orin/work/install/control:/home/orin/work/install/camera:/opt/ros/humble /usr/local/bin/cmake --build /home/orin/work/build/turtlebot3_navigation2 -- -j12 -l12
[3.423s] Invoked command in '/home/orin/work/build/turtlebot3_navigation2' returned '0': CMAKE_PREFIX_PATH=${CMAKE_PREFIX_PATH}:/home/orin/work/install/turtlebot3_teleop:/home/orin/work/install/turtlebot3_example:/home/orin/work/install/object_detection:/home/orin/work/install/detect_lane:/home/orin/work/install/control:/home/orin/work/install/camera:/opt/ros/humble /usr/local/bin/cmake --build /home/orin/work/build/turtlebot3_navigation2 -- -j12 -l12
[3.446s] Invoking command in '/home/orin/work/build/turtlebot3_navigation2': CMAKE_PREFIX_PATH=${CMAKE_PREFIX_PATH}:/home/orin/work/install/turtlebot3_teleop:/home/orin/work/install/turtlebot3_example:/home/orin/work/install/object_detection:/home/orin/work/install/detect_lane:/home/orin/work/install/control:/home/orin/work/install/camera:/opt/ros/humble /usr/local/bin/cmake --install /home/orin/work/build/turtlebot3_navigation2
[3.754s] -- Install configuration: ""
[3.754s] -- Installing: /home/orin/work/install/turtlebot3_navigation2/share/turtlebot3_navigation2/launch
[3.755s] -- Installing: /home/orin/work/install/turtlebot3_navigation2/share/turtlebot3_navigation2/launch/navigation2.launch.py
[3.755s] -- Installing: /home/orin/work/install/turtlebot3_navigation2/share/turtlebot3_navigation2/map
[3.755s] -- Installing: /home/orin/work/install/turtlebot3_navigation2/share/turtlebot3_navigation2/map/map.pgm
[3.756s] -- Installing: /home/orin/work/install/turtlebot3_navigation2/share/turtlebot3_navigation2/map/map.yaml
[3.756s] -- Installing: /home/orin/work/install/turtlebot3_navigation2/share/turtlebot3_navigation2/param
[3.757s] -- Installing: /home/orin/work/install/turtlebot3_navigation2/share/turtlebot3_navigation2/param/waffle.yaml
[3.757s] -- Installing: /home/orin/work/install/turtlebot3_navigation2/share/turtlebot3_navigation2/param/waffle_pi.yaml
[3.757s] -- Installing: /home/orin/work/install/turtlebot3_navigation2/share/turtlebot3_navigation2/param/burger.yaml
[3.757s] -- Installing: /home/orin/work/install/turtlebot3_navigation2/share/turtlebot3_navigation2/rviz
[3.758s] -- Installing: /home/orin/work/install/turtlebot3_navigation2/share/turtlebot3_navigation2/rviz/tb3_navigation2.rviz
[3.758s] -- Installing: /home/orin/work/install/turtlebot3_navigation2/share/ament_index/resource_index/package_run_dependencies/turtlebot3_navigation2
[3.759s] -- Installing: /home/orin/work/install/turtlebot3_navigation2/share/ament_index/resource_index/parent_prefix_path/turtlebot3_navigation2
[3.760s] -- Installing: /home/orin/work/install/turtlebot3_navigation2/share/turtlebot3_navigation2/environment/ament_prefix_path.sh
[3.761s] -- Installing: /home/orin/work/install/turtlebot3_navigation2/share/turtlebot3_navigation2/environment/ament_prefix_path.dsv
[3.761s] -- Installing: /home/orin/work/install/turtlebot3_navigation2/share/turtlebot3_navigation2/environment/path.sh
[3.762s] -- Installing: /home/orin/work/install/turtlebot3_navigation2/share/turtlebot3_navigation2/environment/path.dsv
[3.762s] -- Installing: /home/orin/work/install/turtlebot3_navigation2/share/turtlebot3_navigation2/local_setup.bash
[3.763s] -- Installing: /home/orin/work/install/turtlebot3_navigation2/share/turtlebot3_navigation2/local_setup.sh
[3.763s] -- Installing: /home/orin/work/install/turtlebot3_navigation2/share/turtlebot3_navigation2/local_setup.zsh
[3.774s] -- Installing: /home/orin/work/install/turtlebot3_navigation2/share/turtlebot3_navigation2/local_setup.dsv
[3.774s] -- Installing: /home/orin/work/install/turtlebot3_navigation2/share/turtlebot3_navigation2/package.dsv
[3.775s] -- Installing: /home/orin/work/install/turtlebot3_navigation2/share/ament_index/resource_index/packages/turtlebot3_navigation2
[3.775s] -- Installing: /home/orin/work/install/turtlebot3_navigation2/share/turtlebot3_navigation2/cmake/turtlebot3_navigation2Config.cmake
[3.776s] -- Installing: /home/orin/work/install/turtlebot3_navigation2/share/turtlebot3_navigation2/cmake/turtlebot3_navigation2Config-version.cmake
[3.776s] -- Installing: /home/orin/work/install/turtlebot3_navigation2/share/turtlebot3_navigation2/package.xml
[3.939s] Invoked command in '/home/orin/work/build/turtlebot3_navigation2' returned '0': CMAKE_PREFIX_PATH=${CMAKE_PREFIX_PATH}:/home/orin/work/install/turtlebot3_teleop:/home/orin/work/install/turtlebot3_example:/home/orin/work/install/object_detection:/home/orin/work/install/detect_lane:/home/orin/work/install/control:/home/orin/work/install/camera:/opt/ros/humble /usr/local/bin/cmake --install /home/orin/work/build/turtlebot3_navigation2
