/usr/local/lib/python3.10/dist-packages/setuptools/_distutils/dist.py:261: UserWarning: Unknown distribution option: 'tests_require'
  warnings.warn(msg)
running egg_info
writing ../../../build/object_detection/object_detection.egg-info/PKG-INFO
writing dependency_links to ../../../build/object_detection/object_detection.egg-info/dependency_links.txt
writing entry points to ../../../build/object_detection/object_detection.egg-info/entry_points.txt
writing requirements to ../../../build/object_detection/object_detection.egg-info/requires.txt
writing top-level names to ../../../build/object_detection/object_detection.egg-info/top_level.txt
reading manifest file '../../../build/object_detection/object_detection.egg-info/SOURCES.txt'
writing manifest file '../../../build/object_detection/object_detection.egg-info/SOURCES.txt'
running build
running build_py
copying object_detection/__init__.py -> /home/orin/work/build/object_detection/build/lib/object_detection
copying object_detection/object_detection.py -> /home/orin/work/build/object_detection/build/lib/object_detection
running install
running install_lib
running install_data
copying resource/object_detection -> /home/orin/work/install/object_detection/share/ament_index/resource_index/packages
copying package.xml -> /home/orin/work/install/object_detection/share/object_detection
copying launch/object_detection_launch.py -> /home/orin/work/install/object_detection/share/object_detection/launch
copying weights/yolov7-tiny.pt -> /home/orin/work/install/object_detection/share/object_detection/weights
copying weights/yolov7.pt -> /home/orin/work/install/object_detection/share/object_detection/weights
copying weights/best.pt -> /home/orin/work/install/object_detection/share/object_detection/weights
copying weights/sign.pt -> /home/orin/work/install/object_detection/share/object_detection/weights
copying models/experimental.py -> /home/orin/work/install/object_detection/lib/object_detection/models
copying models/common.py -> /home/orin/work/install/object_detection/lib/object_detection/models
copying models/yolo.py -> /home/orin/work/install/object_detection/lib/object_detection/models
copying utils/general.py -> /home/orin/work/install/object_detection/lib/object_detection/utils
copying utils/torch_utils.py -> /home/orin/work/install/object_detection/lib/object_detection/utils
copying utils/plots.py -> /home/orin/work/install/object_detection/lib/object_detection/utils
copying utils/datasets.py -> /home/orin/work/install/object_detection/lib/object_detection/utils
copying utils/google_utils.py -> /home/orin/work/install/object_detection/lib/object_detection/utils
copying utils/activations.py -> /home/orin/work/install/object_detection/lib/object_detection/utils
copying utils/add_nms.py -> /home/orin/work/install/object_detection/lib/object_detection/utils
copying utils/autoanchor.py -> /home/orin/work/install/object_detection/lib/object_detection/utils
copying utils/loss.py -> /home/orin/work/install/object_detection/lib/object_detection/utils
copying utils/metrics.py -> /home/orin/work/install/object_detection/lib/object_detection/utils
running install_egg_info
removing '/home/orin/work/install/object_detection/lib/python3.10/site-packages/object_detection-0.0.0-py3.10.egg-info' (and everything under it)
Copying ../../../build/object_detection/object_detection.egg-info to /home/orin/work/install/object_detection/lib/python3.10/site-packages/object_detection-0.0.0-py3.10.egg-info
running install_scripts
Installing object_detection script to /home/orin/work/install/object_detection/lib/object_detection
writing list of installed files to '/home/orin/work/build/object_detection/install.log'
