[4.448s] Invoking command in '/home/orin/work/src/detect/object_detection': PYTHONPATH=/home/orin/work/build/object_detection/prefix_override:/usr/lib/python3/dist-packages/colcon_core/task/python/colcon_distutils_commands:/home/orin/work/install/object_detection/lib/python3.10/site-packages:${PYTHONPATH} /usr/bin/python3 -W ignore:setup.py install is deprecated -W ignore:easy_install command is deprecated setup.py egg_info --egg-base ../../../build/object_detection build --build-base /home/orin/work/build/object_detection/build install --record /home/orin/work/build/object_detection/install.log --single-version-externally-managed install_data
[4.819s] /usr/local/lib/python3.10/dist-packages/setuptools/_distutils/dist.py:261: UserWarning: Unknown distribution option: 'tests_require'
[4.820s]   warnings.warn(msg)
[5.052s] running egg_info
[5.089s] writing ../../../build/object_detection/object_detection.egg-info/PKG-INFO
[5.091s] writing dependency_links to ../../../build/object_detection/object_detection.egg-info/dependency_links.txt
[5.091s] writing entry points to ../../../build/object_detection/object_detection.egg-info/entry_points.txt
[5.092s] writing requirements to ../../../build/object_detection/object_detection.egg-info/requires.txt
[5.092s] writing top-level names to ../../../build/object_detection/object_detection.egg-info/top_level.txt
[5.171s] reading manifest file '../../../build/object_detection/object_detection.egg-info/SOURCES.txt'
[5.175s] writing manifest file '../../../build/object_detection/object_detection.egg-info/SOURCES.txt'
[5.175s] running build
[5.175s] running build_py
[5.176s] copying object_detection/__init__.py -> /home/orin/work/build/object_detection/build/lib/object_detection
[5.176s] copying object_detection/object_detection.py -> /home/orin/work/build/object_detection/build/lib/object_detection
[5.178s] running install
[5.188s] running install_lib
[5.228s] running install_data
[5.229s] copying resource/object_detection -> /home/orin/work/install/object_detection/share/ament_index/resource_index/packages
[5.229s] copying package.xml -> /home/orin/work/install/object_detection/share/object_detection
[5.230s] copying launch/object_detection_launch.py -> /home/orin/work/install/object_detection/share/object_detection/launch
[5.231s] copying weights/yolov7-tiny.pt -> /home/orin/work/install/object_detection/share/object_detection/weights
[5.265s] copying weights/yolov7.pt -> /home/orin/work/install/object_detection/share/object_detection/weights
[5.451s] copying weights/best.pt -> /home/orin/work/install/object_detection/share/object_detection/weights
[5.631s] copying weights/sign.pt -> /home/orin/work/install/object_detection/share/object_detection/weights
[5.823s] copying models/experimental.py -> /home/orin/work/install/object_detection/lib/object_detection/models
[5.823s] copying models/common.py -> /home/orin/work/install/object_detection/lib/object_detection/models
[5.824s] copying models/yolo.py -> /home/orin/work/install/object_detection/lib/object_detection/models
[5.825s] copying utils/general.py -> /home/orin/work/install/object_detection/lib/object_detection/utils
[5.826s] copying utils/torch_utils.py -> /home/orin/work/install/object_detection/lib/object_detection/utils
[5.827s] copying utils/plots.py -> /home/orin/work/install/object_detection/lib/object_detection/utils
[5.827s] copying utils/datasets.py -> /home/orin/work/install/object_detection/lib/object_detection/utils
[5.828s] copying utils/google_utils.py -> /home/orin/work/install/object_detection/lib/object_detection/utils
[5.829s] copying utils/activations.py -> /home/orin/work/install/object_detection/lib/object_detection/utils
[5.829s] copying utils/add_nms.py -> /home/orin/work/install/object_detection/lib/object_detection/utils
[5.830s] copying utils/autoanchor.py -> /home/orin/work/install/object_detection/lib/object_detection/utils
[5.830s] copying utils/loss.py -> /home/orin/work/install/object_detection/lib/object_detection/utils
[5.831s] copying utils/metrics.py -> /home/orin/work/install/object_detection/lib/object_detection/utils
[5.831s] running install_egg_info
[5.872s] removing '/home/orin/work/install/object_detection/lib/python3.10/site-packages/object_detection-0.0.0-py3.10.egg-info' (and everything under it)
[5.873s] Copying ../../../build/object_detection/object_detection.egg-info to /home/orin/work/install/object_detection/lib/python3.10/site-packages/object_detection-0.0.0-py3.10.egg-info
[5.876s] running install_scripts
[6.178s] Installing object_detection script to /home/orin/work/install/object_detection/lib/object_detection
[6.179s] writing list of installed files to '/home/orin/work/build/object_detection/install.log'
[6.254s] Invoked command in '/home/orin/work/src/detect/object_detection' returned '0': PYTHONPATH=/home/orin/work/build/object_detection/prefix_override:/usr/lib/python3/dist-packages/colcon_core/task/python/colcon_distutils_commands:/home/orin/work/install/object_detection/lib/python3.10/site-packages:${PYTHONPATH} /usr/bin/python3 -W ignore:setup.py install is deprecated -W ignore:easy_install command is deprecated setup.py egg_info --egg-base ../../../build/object_detection build --build-base /home/orin/work/build/object_detection/build install --record /home/orin/work/build/object_detection/install.log --single-version-externally-managed install_data
