running egg_info
writing ../../build/camera/camera.egg-info/PKG-INFO
writing dependency_links to ../../build/camera/camera.egg-info/dependency_links.txt
writing entry points to ../../build/camera/camera.egg-info/entry_points.txt
writing requirements to ../../build/camera/camera.egg-info/requires.txt
writing top-level names to ../../build/camera/camera.egg-info/top_level.txt
reading manifest file '../../build/camera/camera.egg-info/SOURCES.txt'
writing manifest file '../../build/camera/camera.egg-info/SOURCES.txt'
running build
running build_py
copying camera/take_image.py -> /home/orin/work/build/camera/build/lib/camera
copying camera/video_pub.py -> /home/orin/work/build/camera/build/lib/camera
copying camera/image_pub.py -> /home/orin/work/build/camera/build/lib/camera
copying camera/__init__.py -> /home/orin/work/build/camera/build/lib/camera
copying camera/camera.py -> /home/orin/work/build/camera/build/lib/camera
copying camera/H65_camera.py -> /home/orin/work/build/camera/build/lib/camera
copying camera/camera_compress.py -> /home/orin/work/build/camera/build/lib/camera
running install
running install_lib
running install_data
copying resource/camera -> /home/orin/work/install/camera/share/ament_index/resource_index/packages
copying package.xml -> /home/orin/work/install/camera/share/camera
running install_egg_info
removing '/home/orin/work/install/camera/lib/python3.10/site-packages/camera-0.0.0-py3.10.egg-info' (and everything under it)
Copying ../../build/camera/camera.egg-info to /home/orin/work/install/camera/lib/python3.10/site-packages/camera-0.0.0-py3.10.egg-info
running install_scripts
Installing H65_camera script to /home/orin/work/install/camera/lib/camera
Installing camera script to /home/orin/work/install/camera/lib/camera
Installing camera_compress script to /home/orin/work/install/camera/lib/camera
Installing image_pub script to /home/orin/work/install/camera/lib/camera
Installing take_image script to /home/orin/work/install/camera/lib/camera
Installing video_pub script to /home/orin/work/install/camera/lib/camera
writing list of installed files to '/home/orin/work/build/camera/install.log'
