[4.496s] Invoking command in '/home/orin/work/src/camera': PYTHONPATH=/home/orin/work/build/camera/prefix_override:/usr/lib/python3/dist-packages/colcon_core/task/python/colcon_distutils_commands:/home/orin/work/install/camera/lib/python3.10/site-packages:${PYTHONPATH} /usr/bin/python3 -W ignore:setup.py install is deprecated -W ignore:easy_install command is deprecated setup.py egg_info --egg-base ../../build/camera build --build-base /home/orin/work/build/camera/build install --record /home/orin/work/build/camera/install.log --single-version-externally-managed install_data
[4.868s] /usr/local/lib/python3.10/dist-packages/setuptools/_distutils/dist.py:261: UserWarning: Unknown distribution option: 'tests_require'
[4.868s]   warnings.warn(msg)
[5.102s] running egg_info
[5.140s] writing ../../build/camera/camera.egg-info/PKG-INFO
[5.141s] writing dependency_links to ../../build/camera/camera.egg-info/dependency_links.txt
[5.142s] writing entry points to ../../build/camera/camera.egg-info/entry_points.txt
[5.142s] writing requirements to ../../build/camera/camera.egg-info/requires.txt
[5.143s] writing top-level names to ../../build/camera/camera.egg-info/top_level.txt
[5.222s] reading manifest file '../../build/camera/camera.egg-info/SOURCES.txt'
[5.225s] writing manifest file '../../build/camera/camera.egg-info/SOURCES.txt'
[5.225s] running build
[5.225s] running build_py
[5.227s] copying camera/take_image.py -> /home/orin/work/build/camera/build/lib/camera
[5.227s] copying camera/video_pub.py -> /home/orin/work/build/camera/build/lib/camera
[5.228s] copying camera/image_pub.py -> /home/orin/work/build/camera/build/lib/camera
[5.229s] copying camera/__init__.py -> /home/orin/work/build/camera/build/lib/camera
[5.229s] copying camera/camera.py -> /home/orin/work/build/camera/build/lib/camera
[5.230s] copying camera/H65_camera.py -> /home/orin/work/build/camera/build/lib/camera
[5.231s] copying camera/camera_compress.py -> /home/orin/work/build/camera/build/lib/camera
[5.232s] running install
[5.242s] running install_lib
[5.283s] running install_data
[5.284s] copying resource/camera -> /home/orin/work/install/camera/share/ament_index/resource_index/packages
[5.284s] copying package.xml -> /home/orin/work/install/camera/share/camera
[5.285s] running install_egg_info
[5.325s] removing '/home/orin/work/install/camera/lib/python3.10/site-packages/camera-0.0.0-py3.10.egg-info' (and everything under it)
[5.325s] Copying ../../build/camera/camera.egg-info to /home/orin/work/install/camera/lib/python3.10/site-packages/camera-0.0.0-py3.10.egg-info
[5.328s] running install_scripts
[5.645s] Installing H65_camera script to /home/orin/work/install/camera/lib/camera
[5.646s] Installing camera script to /home/orin/work/install/camera/lib/camera
[5.648s] Installing camera_compress script to /home/orin/work/install/camera/lib/camera
[5.649s] Installing image_pub script to /home/orin/work/install/camera/lib/camera
[5.649s] Installing take_image script to /home/orin/work/install/camera/lib/camera
[5.649s] Installing video_pub script to /home/orin/work/install/camera/lib/camera
[5.650s] writing list of installed files to '/home/orin/work/build/camera/install.log'
[5.762s] Invoked command in '/home/orin/work/src/camera' returned '0': PYTHONPATH=/home/orin/work/build/camera/prefix_override:/usr/lib/python3/dist-packages/colcon_core/task/python/colcon_distutils_commands:/home/orin/work/install/camera/lib/python3.10/site-packages:${PYTHONPATH} /usr/bin/python3 -W ignore:setup.py install is deprecated -W ignore:easy_install command is deprecated setup.py egg_info --egg-base ../../build/camera build --build-base /home/orin/work/build/camera/build install --record /home/orin/work/build/camera/install.log --single-version-externally-managed install_data
