[0.163s] Invoking command in '/home/orin/work/build/turtlebot3_msgs': CMAKE_PREFIX_PATH=${CMAKE_PREFIX_PATH}:/home/orin/work/install/turtlebot3_teleop:/home/orin/work/install/turtlebot3_example:/home/orin/work/install/object_detection:/home/orin/work/install/detect_lane:/home/orin/work/install/core:/home/orin/work/install/control:/home/orin/work/install/camera:/opt/ros/humble /usr/local/bin/cmake --build /home/orin/work/build/turtlebot3_msgs -- -j12 -l12
[2.247s] [  1%] Built target turtlebot3_msgs__cpp
[2.248s] [ 12%] Built target turtlebot3_msgs__rosidl_generator_c
[2.249s] [ 12%] Built target ament_cmake_python_copy_turtlebot3_msgs
[2.250s] [ 23%] Built target turtlebot3_msgs__rosidl_typesupport_fastrtps_cpp
[2.251s] [ 45%] Built target turtlebot3_msgs__rosidl_typesupport_introspection_cpp
[2.252s] [ 46%] Built target turtlebot3_msgs__rosidl_typesupport_cpp
[2.252s] [ 57%] Built target turtlebot3_msgs__rosidl_typesupport_c
[2.252s] [ 69%] Built target turtlebot3_msgs__rosidl_typesupport_introspection_c
[2.253s] [ 80%] Built target turtlebot3_msgs__rosidl_typesupport_fastrtps_c
[2.254s] [ 80%] Built target turtlebot3_msgs
[2.254s] [ 81%] Built target turtlebot3_msgs__py
[2.254s] [ 91%] Built target turtlebot3_msgs__rosidl_generator_py
[2.254s] [ 94%] Built target turtlebot3_msgs__rosidl_typesupport_fastrtps_c__pyext
[2.254s] [ 97%] Built target turtlebot3_msgs__rosidl_typesupport_c__pyext
[2.254s] [100%] Built target turtlebot3_msgs__rosidl_typesupport_introspection_c__pyext
[2.254s] running egg_info
[2.254s] writing turtlebot3_msgs.egg-info/PKG-INFO
[2.255s] writing dependency_links to turtlebot3_msgs.egg-info/dependency_links.txt
[2.255s] writing top-level names to turtlebot3_msgs.egg-info/top_level.txt
[2.255s] reading manifest file 'turtlebot3_msgs.egg-info/SOURCES.txt'
[2.255s] writing manifest file 'turtlebot3_msgs.egg-info/SOURCES.txt'
[2.255s] [100%] Built target ament_cmake_python_build_turtlebot3_msgs_egg
[2.963s] Invoked command in '/home/orin/work/build/turtlebot3_msgs' returned '0': CMAKE_PREFIX_PATH=${CMAKE_PREFIX_PATH}:/home/orin/work/install/turtlebot3_teleop:/home/orin/work/install/turtlebot3_example:/home/orin/work/install/object_detection:/home/orin/work/install/detect_lane:/home/orin/work/install/core:/home/orin/work/install/control:/home/orin/work/install/camera:/opt/ros/humble /usr/local/bin/cmake --build /home/orin/work/build/turtlebot3_msgs -- -j12 -l12
[2.967s] Invoking command in '/home/orin/work/build/turtlebot3_msgs': CMAKE_PREFIX_PATH=${CMAKE_PREFIX_PATH}:/home/orin/work/install/turtlebot3_teleop:/home/orin/work/install/turtlebot3_example:/home/orin/work/install/object_detection:/home/orin/work/install/detect_lane:/home/orin/work/install/core:/home/orin/work/install/control:/home/orin/work/install/camera:/opt/ros/humble /usr/local/bin/cmake --install /home/orin/work/build/turtlebot3_msgs
[3.161s] -- Install configuration: ""
[3.161s] -- Up-to-date: /home/orin/work/install/turtlebot3_msgs/share/ament_index/resource_index/rosidl_interfaces/turtlebot3_msgs
[3.162s] -- Up-to-date: /home/orin/work/install/turtlebot3_msgs/include/turtlebot3_msgs/turtlebot3_msgs
[3.162s] -- Up-to-date: /home/orin/work/install/turtlebot3_msgs/include/turtlebot3_msgs/turtlebot3_msgs/msg
[3.162s] -- Up-to-date: /home/orin/work/install/turtlebot3_msgs/include/turtlebot3_msgs/turtlebot3_msgs/msg/rosidl_generator_c__visibility_control.h
[3.163s] -- Up-to-date: /home/orin/work/install/turtlebot3_msgs/include/turtlebot3_msgs/turtlebot3_msgs/msg/version_info.h
[3.163s] -- Up-to-date: /home/orin/work/install/turtlebot3_msgs/include/turtlebot3_msgs/turtlebot3_msgs/msg/detail
[3.173s] -- Up-to-date: /home/orin/work/install/turtlebot3_msgs/include/turtlebot3_msgs/turtlebot3_msgs/msg/detail/version_info__type_support.h
[3.173s] -- Up-to-date: /home/orin/work/install/turtlebot3_msgs/include/turtlebot3_msgs/turtlebot3_msgs/msg/detail/sound__struct.h
[3.174s] -- Up-to-date: /home/orin/work/install/turtlebot3_msgs/include/turtlebot3_msgs/turtlebot3_msgs/msg/detail/sound__functions.h
[3.174s] -- Up-to-date: /home/orin/work/install/turtlebot3_msgs/include/turtlebot3_msgs/turtlebot3_msgs/msg/detail/sensor_state__functions.h
[3.174s] -- Up-to-date: /home/orin/work/install/turtlebot3_msgs/include/turtlebot3_msgs/turtlebot3_msgs/msg/detail/sound__functions.c
[3.175s] -- Up-to-date: /home/orin/work/install/turtlebot3_msgs/include/turtlebot3_msgs/turtlebot3_msgs/msg/detail/version_info__functions.c
[3.175s] -- Up-to-date: /home/orin/work/install/turtlebot3_msgs/include/turtlebot3_msgs/turtlebot3_msgs/msg/detail/sound__type_support.h
[3.175s] -- Up-to-date: /home/orin/work/install/turtlebot3_msgs/include/turtlebot3_msgs/turtlebot3_msgs/msg/detail/sensor_state__functions.c
[3.176s] -- Up-to-date: /home/orin/work/install/turtlebot3_msgs/include/turtlebot3_msgs/turtlebot3_msgs/msg/detail/sensor_state__struct.h
[3.176s] -- Up-to-date: /home/orin/work/install/turtlebot3_msgs/include/turtlebot3_msgs/turtlebot3_msgs/msg/detail/sensor_state__type_support.h
[3.177s] -- Up-to-date: /home/orin/work/install/turtlebot3_msgs/include/turtlebot3_msgs/turtlebot3_msgs/msg/detail/version_info__struct.h
[3.178s] -- Up-to-date: /home/orin/work/install/turtlebot3_msgs/include/turtlebot3_msgs/turtlebot3_msgs/msg/detail/version_info__functions.h
[3.179s] -- Up-to-date: /home/orin/work/install/turtlebot3_msgs/include/turtlebot3_msgs/turtlebot3_msgs/msg/sensor_state.h
[3.180s] -- Up-to-date: /home/orin/work/install/turtlebot3_msgs/include/turtlebot3_msgs/turtlebot3_msgs/msg/sound.h
[3.181s] -- Up-to-date: /home/orin/work/install/turtlebot3_msgs/include/turtlebot3_msgs/turtlebot3_msgs/action
[3.181s] -- Up-to-date: /home/orin/work/install/turtlebot3_msgs/include/turtlebot3_msgs/turtlebot3_msgs/action/patrol.h
[3.181s] -- Up-to-date: /home/orin/work/install/turtlebot3_msgs/include/turtlebot3_msgs/turtlebot3_msgs/action/detail
[3.181s] -- Up-to-date: /home/orin/work/install/turtlebot3_msgs/include/turtlebot3_msgs/turtlebot3_msgs/action/detail/patrol__functions.h
[3.182s] -- Up-to-date: /home/orin/work/install/turtlebot3_msgs/include/turtlebot3_msgs/turtlebot3_msgs/action/detail/patrol__functions.c
[3.182s] -- Up-to-date: /home/orin/work/install/turtlebot3_msgs/include/turtlebot3_msgs/turtlebot3_msgs/action/detail/patrol__struct.h
[3.182s] -- Up-to-date: /home/orin/work/install/turtlebot3_msgs/include/turtlebot3_msgs/turtlebot3_msgs/action/detail/patrol__type_support.h
[3.183s] -- Up-to-date: /home/orin/work/install/turtlebot3_msgs/include/turtlebot3_msgs/turtlebot3_msgs/srv
[3.185s] -- Up-to-date: /home/orin/work/install/turtlebot3_msgs/include/turtlebot3_msgs/turtlebot3_msgs/srv/dqn.h
[3.185s] -- Up-to-date: /home/orin/work/install/turtlebot3_msgs/include/turtlebot3_msgs/turtlebot3_msgs/srv/detail
[3.186s] -- Up-to-date: /home/orin/work/install/turtlebot3_msgs/include/turtlebot3_msgs/turtlebot3_msgs/srv/detail/dqn__functions.c
[3.186s] -- Up-to-date: /home/orin/work/install/turtlebot3_msgs/include/turtlebot3_msgs/turtlebot3_msgs/srv/detail/sound__struct.h
[3.187s] -- Up-to-date: /home/orin/work/install/turtlebot3_msgs/include/turtlebot3_msgs/turtlebot3_msgs/srv/detail/sound__functions.h
[3.187s] -- Up-to-date: /home/orin/work/install/turtlebot3_msgs/include/turtlebot3_msgs/turtlebot3_msgs/srv/detail/sound__functions.c
[3.187s] -- Up-to-date: /home/orin/work/install/turtlebot3_msgs/include/turtlebot3_msgs/turtlebot3_msgs/srv/detail/sound__type_support.h
[3.187s] -- Up-to-date: /home/orin/work/install/turtlebot3_msgs/include/turtlebot3_msgs/turtlebot3_msgs/srv/detail/dqn__struct.h
[3.187s] -- Up-to-date: /home/orin/work/install/turtlebot3_msgs/include/turtlebot3_msgs/turtlebot3_msgs/srv/detail/dqn__type_support.h
[3.188s] -- Up-to-date: /home/orin/work/install/turtlebot3_msgs/include/turtlebot3_msgs/turtlebot3_msgs/srv/detail/dqn__functions.h
[3.188s] -- Up-to-date: /home/orin/work/install/turtlebot3_msgs/include/turtlebot3_msgs/turtlebot3_msgs/srv/sound.h
[3.188s] -- Up-to-date: /home/orin/work/install/turtlebot3_msgs/share/turtlebot3_msgs/environment/library_path.sh
[3.188s] -- Up-to-date: /home/orin/work/install/turtlebot3_msgs/share/turtlebot3_msgs/environment/library_path.dsv
[3.199s] -- Up-to-date: /home/orin/work/install/turtlebot3_msgs/lib/libturtlebot3_msgs__rosidl_generator_c.so
[3.199s] -- Up-to-date: /home/orin/work/install/turtlebot3_msgs/include/turtlebot3_msgs/turtlebot3_msgs
[3.201s] -- Up-to-date: /home/orin/work/install/turtlebot3_msgs/include/turtlebot3_msgs/turtlebot3_msgs/msg
[3.201s] -- Up-to-date: /home/orin/work/install/turtlebot3_msgs/include/turtlebot3_msgs/turtlebot3_msgs/msg/detail
[3.201s] -- Up-to-date: /home/orin/work/install/turtlebot3_msgs/include/turtlebot3_msgs/turtlebot3_msgs/msg/detail/sound__rosidl_typesupport_fastrtps_c.h
[3.201s] -- Up-to-date: /home/orin/work/install/turtlebot3_msgs/include/turtlebot3_msgs/turtlebot3_msgs/msg/detail/version_info__rosidl_typesupport_fastrtps_c.h
[3.201s] -- Up-to-date: /home/orin/work/install/turtlebot3_msgs/include/turtlebot3_msgs/turtlebot3_msgs/msg/detail/sensor_state__rosidl_typesupport_fastrtps_c.h
[3.202s] -- Up-to-date: /home/orin/work/install/turtlebot3_msgs/include/turtlebot3_msgs/turtlebot3_msgs/msg/rosidl_typesupport_fastrtps_c__visibility_control.h
[3.202s] -- Up-to-date: /home/orin/work/install/turtlebot3_msgs/include/turtlebot3_msgs/turtlebot3_msgs/action
[3.202s] -- Up-to-date: /home/orin/work/install/turtlebot3_msgs/include/turtlebot3_msgs/turtlebot3_msgs/action/detail
[3.205s] -- Up-to-date: /home/orin/work/install/turtlebot3_msgs/include/turtlebot3_msgs/turtlebot3_msgs/action/detail/patrol__rosidl_typesupport_fastrtps_c.h
[3.205s] -- Up-to-date: /home/orin/work/install/turtlebot3_msgs/include/turtlebot3_msgs/turtlebot3_msgs/srv
[3.206s] -- Up-to-date: /home/orin/work/install/turtlebot3_msgs/include/turtlebot3_msgs/turtlebot3_msgs/srv/detail
[3.209s] -- Up-to-date: /home/orin/work/install/turtlebot3_msgs/include/turtlebot3_msgs/turtlebot3_msgs/srv/detail/sound__rosidl_typesupport_fastrtps_c.h
[3.209s] -- Up-to-date: /home/orin/work/install/turtlebot3_msgs/include/turtlebot3_msgs/turtlebot3_msgs/srv/detail/dqn__rosidl_typesupport_fastrtps_c.h
[3.212s] -- Up-to-date: /home/orin/work/install/turtlebot3_msgs/lib/libturtlebot3_msgs__rosidl_typesupport_fastrtps_c.so
[3.213s] -- Up-to-date: /home/orin/work/install/turtlebot3_msgs/include/turtlebot3_msgs/turtlebot3_msgs
[3.213s] -- Up-to-date: /home/orin/work/install/turtlebot3_msgs/include/turtlebot3_msgs/turtlebot3_msgs/msg
[3.214s] -- Up-to-date: /home/orin/work/install/turtlebot3_msgs/include/turtlebot3_msgs/turtlebot3_msgs/msg/sensor_state.hpp
[3.214s] -- Up-to-date: /home/orin/work/install/turtlebot3_msgs/include/turtlebot3_msgs/turtlebot3_msgs/msg/detail
[3.214s] -- Up-to-date: /home/orin/work/install/turtlebot3_msgs/include/turtlebot3_msgs/turtlebot3_msgs/msg/detail/sensor_state__builder.hpp
[3.214s] -- Up-to-date: /home/orin/work/install/turtlebot3_msgs/include/turtlebot3_msgs/turtlebot3_msgs/msg/detail/version_info__type_support.hpp
[3.215s] -- Up-to-date: /home/orin/work/install/turtlebot3_msgs/include/turtlebot3_msgs/turtlebot3_msgs/msg/detail/sound__builder.hpp
[3.215s] -- Up-to-date: /home/orin/work/install/turtlebot3_msgs/include/turtlebot3_msgs/turtlebot3_msgs/msg/detail/sensor_state__struct.hpp
[3.215s] -- Up-to-date: /home/orin/work/install/turtlebot3_msgs/include/turtlebot3_msgs/turtlebot3_msgs/msg/detail/version_info__struct.hpp
[3.215s] -- Up-to-date: /home/orin/work/install/turtlebot3_msgs/include/turtlebot3_msgs/turtlebot3_msgs/msg/detail/version_info__traits.hpp
[3.216s] -- Up-to-date: /home/orin/work/install/turtlebot3_msgs/include/turtlebot3_msgs/turtlebot3_msgs/msg/detail/version_info__builder.hpp
[3.216s] -- Up-to-date: /home/orin/work/install/turtlebot3_msgs/include/turtlebot3_msgs/turtlebot3_msgs/msg/detail/sound__struct.hpp
[3.216s] -- Up-to-date: /home/orin/work/install/turtlebot3_msgs/include/turtlebot3_msgs/turtlebot3_msgs/msg/detail/sensor_state__type_support.hpp
[3.216s] -- Up-to-date: /home/orin/work/install/turtlebot3_msgs/include/turtlebot3_msgs/turtlebot3_msgs/msg/detail/sensor_state__traits.hpp
[3.216s] -- Up-to-date: /home/orin/work/install/turtlebot3_msgs/include/turtlebot3_msgs/turtlebot3_msgs/msg/detail/sound__type_support.hpp
[3.217s] -- Up-to-date: /home/orin/work/install/turtlebot3_msgs/include/turtlebot3_msgs/turtlebot3_msgs/msg/detail/sound__traits.hpp
[3.217s] -- Up-to-date: /home/orin/work/install/turtlebot3_msgs/include/turtlebot3_msgs/turtlebot3_msgs/msg/rosidl_generator_cpp__visibility_control.hpp
[3.217s] -- Up-to-date: /home/orin/work/install/turtlebot3_msgs/include/turtlebot3_msgs/turtlebot3_msgs/msg/sound.hpp
[3.219s] -- Up-to-date: /home/orin/work/install/turtlebot3_msgs/include/turtlebot3_msgs/turtlebot3_msgs/msg/version_info.hpp
[3.219s] -- Up-to-date: /home/orin/work/install/turtlebot3_msgs/include/turtlebot3_msgs/turtlebot3_msgs/action
[3.220s] -- Up-to-date: /home/orin/work/install/turtlebot3_msgs/include/turtlebot3_msgs/turtlebot3_msgs/action/detail
[3.220s] -- Up-to-date: /home/orin/work/install/turtlebot3_msgs/include/turtlebot3_msgs/turtlebot3_msgs/action/detail/patrol__type_support.hpp
[3.220s] -- Up-to-date: /home/orin/work/install/turtlebot3_msgs/include/turtlebot3_msgs/turtlebot3_msgs/action/detail/patrol__traits.hpp
[3.221s] -- Up-to-date: /home/orin/work/install/turtlebot3_msgs/include/turtlebot3_msgs/turtlebot3_msgs/action/detail/patrol__struct.hpp
[3.221s] -- Up-to-date: /home/orin/work/install/turtlebot3_msgs/include/turtlebot3_msgs/turtlebot3_msgs/action/detail/patrol__builder.hpp
[3.221s] -- Up-to-date: /home/orin/work/install/turtlebot3_msgs/include/turtlebot3_msgs/turtlebot3_msgs/action/patrol.hpp
[3.222s] -- Up-to-date: /home/orin/work/install/turtlebot3_msgs/include/turtlebot3_msgs/turtlebot3_msgs/srv
[3.222s] -- Up-to-date: /home/orin/work/install/turtlebot3_msgs/include/turtlebot3_msgs/turtlebot3_msgs/srv/dqn.hpp
[3.223s] -- Up-to-date: /home/orin/work/install/turtlebot3_msgs/include/turtlebot3_msgs/turtlebot3_msgs/srv/detail
[3.223s] -- Up-to-date: /home/orin/work/install/turtlebot3_msgs/include/turtlebot3_msgs/turtlebot3_msgs/srv/detail/sound__builder.hpp
[3.224s] -- Up-to-date: /home/orin/work/install/turtlebot3_msgs/include/turtlebot3_msgs/turtlebot3_msgs/srv/detail/dqn__builder.hpp
[3.224s] -- Up-to-date: /home/orin/work/install/turtlebot3_msgs/include/turtlebot3_msgs/turtlebot3_msgs/srv/detail/dqn__traits.hpp
[3.224s] -- Up-to-date: /home/orin/work/install/turtlebot3_msgs/include/turtlebot3_msgs/turtlebot3_msgs/srv/detail/dqn__struct.hpp
[3.224s] -- Up-to-date: /home/orin/work/install/turtlebot3_msgs/include/turtlebot3_msgs/turtlebot3_msgs/srv/detail/sound__struct.hpp
[3.225s] -- Up-to-date: /home/orin/work/install/turtlebot3_msgs/include/turtlebot3_msgs/turtlebot3_msgs/srv/detail/dqn__type_support.hpp
[3.225s] -- Up-to-date: /home/orin/work/install/turtlebot3_msgs/include/turtlebot3_msgs/turtlebot3_msgs/srv/detail/sound__type_support.hpp
[3.226s] -- Up-to-date: /home/orin/work/install/turtlebot3_msgs/include/turtlebot3_msgs/turtlebot3_msgs/srv/detail/sound__traits.hpp
[3.227s] -- Up-to-date: /home/orin/work/install/turtlebot3_msgs/include/turtlebot3_msgs/turtlebot3_msgs/srv/sound.hpp
[3.229s] -- Up-to-date: /home/orin/work/install/turtlebot3_msgs/include/turtlebot3_msgs/turtlebot3_msgs
[3.229s] -- Up-to-date: /home/orin/work/install/turtlebot3_msgs/include/turtlebot3_msgs/turtlebot3_msgs/msg
[3.229s] -- Up-to-date: /home/orin/work/install/turtlebot3_msgs/include/turtlebot3_msgs/turtlebot3_msgs/msg/detail
[3.230s] -- Up-to-date: /home/orin/work/install/turtlebot3_msgs/include/turtlebot3_msgs/turtlebot3_msgs/msg/detail/sound__rosidl_typesupport_fastrtps_cpp.hpp
[3.230s] -- Up-to-date: /home/orin/work/install/turtlebot3_msgs/include/turtlebot3_msgs/turtlebot3_msgs/msg/detail/version_info__rosidl_typesupport_fastrtps_cpp.hpp
[3.230s] -- Up-to-date: /home/orin/work/install/turtlebot3_msgs/include/turtlebot3_msgs/turtlebot3_msgs/msg/detail/dds_fastrtps
[3.231s] -- Up-to-date: /home/orin/work/install/turtlebot3_msgs/include/turtlebot3_msgs/turtlebot3_msgs/msg/detail/sensor_state__rosidl_typesupport_fastrtps_cpp.hpp
[3.231s] -- Up-to-date: /home/orin/work/install/turtlebot3_msgs/include/turtlebot3_msgs/turtlebot3_msgs/msg/rosidl_typesupport_fastrtps_cpp__visibility_control.h
[3.239s] -- Up-to-date: /home/orin/work/install/turtlebot3_msgs/include/turtlebot3_msgs/turtlebot3_msgs/action
[3.239s] -- Up-to-date: /home/orin/work/install/turtlebot3_msgs/include/turtlebot3_msgs/turtlebot3_msgs/action/detail
[3.240s] -- Up-to-date: /home/orin/work/install/turtlebot3_msgs/include/turtlebot3_msgs/turtlebot3_msgs/action/detail/patrol__rosidl_typesupport_fastrtps_cpp.hpp
[3.241s] -- Up-to-date: /home/orin/work/install/turtlebot3_msgs/include/turtlebot3_msgs/turtlebot3_msgs/action/detail/dds_fastrtps
[3.241s] -- Up-to-date: /home/orin/work/install/turtlebot3_msgs/include/turtlebot3_msgs/turtlebot3_msgs/srv
[3.241s] -- Up-to-date: /home/orin/work/install/turtlebot3_msgs/include/turtlebot3_msgs/turtlebot3_msgs/srv/detail
[3.242s] -- Up-to-date: /home/orin/work/install/turtlebot3_msgs/include/turtlebot3_msgs/turtlebot3_msgs/srv/detail/sound__rosidl_typesupport_fastrtps_cpp.hpp
[3.242s] -- Up-to-date: /home/orin/work/install/turtlebot3_msgs/include/turtlebot3_msgs/turtlebot3_msgs/srv/detail/dds_fastrtps
[3.242s] -- Up-to-date: /home/orin/work/install/turtlebot3_msgs/include/turtlebot3_msgs/turtlebot3_msgs/srv/detail/dqn__rosidl_typesupport_fastrtps_cpp.hpp
[3.244s] -- Up-to-date: /home/orin/work/install/turtlebot3_msgs/lib/libturtlebot3_msgs__rosidl_typesupport_fastrtps_cpp.so
[3.245s] -- Up-to-date: /home/orin/work/install/turtlebot3_msgs/include/turtlebot3_msgs/turtlebot3_msgs
[3.248s] -- Up-to-date: /home/orin/work/install/turtlebot3_msgs/include/turtlebot3_msgs/turtlebot3_msgs/msg
[3.248s] -- Up-to-date: /home/orin/work/install/turtlebot3_msgs/include/turtlebot3_msgs/turtlebot3_msgs/msg/rosidl_typesupport_introspection_c__visibility_control.h
[3.248s] -- Up-to-date: /home/orin/work/install/turtlebot3_msgs/include/turtlebot3_msgs/turtlebot3_msgs/msg/detail
[3.249s] -- Up-to-date: /home/orin/work/install/turtlebot3_msgs/include/turtlebot3_msgs/turtlebot3_msgs/msg/detail/sensor_state__type_support.c
[3.250s] -- Up-to-date: /home/orin/work/install/turtlebot3_msgs/include/turtlebot3_msgs/turtlebot3_msgs/msg/detail/sensor_state__rosidl_typesupport_introspection_c.h
[3.250s] -- Up-to-date: /home/orin/work/install/turtlebot3_msgs/include/turtlebot3_msgs/turtlebot3_msgs/msg/detail/version_info__type_support.c
[3.251s] -- Up-to-date: /home/orin/work/install/turtlebot3_msgs/include/turtlebot3_msgs/turtlebot3_msgs/msg/detail/version_info__rosidl_typesupport_introspection_c.h
[3.251s] -- Up-to-date: /home/orin/work/install/turtlebot3_msgs/include/turtlebot3_msgs/turtlebot3_msgs/msg/detail/sound__rosidl_typesupport_introspection_c.h
[3.252s] -- Up-to-date: /home/orin/work/install/turtlebot3_msgs/include/turtlebot3_msgs/turtlebot3_msgs/msg/detail/sound__type_support.c
[3.252s] -- Up-to-date: /home/orin/work/install/turtlebot3_msgs/include/turtlebot3_msgs/turtlebot3_msgs/action
[3.253s] -- Up-to-date: /home/orin/work/install/turtlebot3_msgs/include/turtlebot3_msgs/turtlebot3_msgs/action/detail
[3.253s] -- Up-to-date: /home/orin/work/install/turtlebot3_msgs/include/turtlebot3_msgs/turtlebot3_msgs/action/detail/patrol__type_support.c
[3.255s] -- Up-to-date: /home/orin/work/install/turtlebot3_msgs/include/turtlebot3_msgs/turtlebot3_msgs/action/detail/patrol__rosidl_typesupport_introspection_c.h
[3.255s] -- Up-to-date: /home/orin/work/install/turtlebot3_msgs/include/turtlebot3_msgs/turtlebot3_msgs/srv
[3.256s] -- Up-to-date: /home/orin/work/install/turtlebot3_msgs/include/turtlebot3_msgs/turtlebot3_msgs/srv/detail
[3.256s] -- Up-to-date: /home/orin/work/install/turtlebot3_msgs/include/turtlebot3_msgs/turtlebot3_msgs/srv/detail/dqn__type_support.c
[3.256s] -- Up-to-date: /home/orin/work/install/turtlebot3_msgs/include/turtlebot3_msgs/turtlebot3_msgs/srv/detail/sound__rosidl_typesupport_introspection_c.h
[3.256s] -- Up-to-date: /home/orin/work/install/turtlebot3_msgs/include/turtlebot3_msgs/turtlebot3_msgs/srv/detail/dqn__rosidl_typesupport_introspection_c.h
[3.257s] -- Up-to-date: /home/orin/work/install/turtlebot3_msgs/include/turtlebot3_msgs/turtlebot3_msgs/srv/detail/sound__type_support.c
[3.260s] -- Up-to-date: /home/orin/work/install/turtlebot3_msgs/lib/libturtlebot3_msgs__rosidl_typesupport_introspection_c.so
[3.260s] -- Up-to-date: /home/orin/work/install/turtlebot3_msgs/lib/libturtlebot3_msgs__rosidl_typesupport_c.so
[3.260s] -- Up-to-date: /home/orin/work/install/turtlebot3_msgs/include/turtlebot3_msgs/turtlebot3_msgs
[3.261s] -- Up-to-date: /home/orin/work/install/turtlebot3_msgs/include/turtlebot3_msgs/turtlebot3_msgs/msg
[3.261s] -- Up-to-date: /home/orin/work/install/turtlebot3_msgs/include/turtlebot3_msgs/turtlebot3_msgs/msg/detail
[3.261s] -- Up-to-date: /home/orin/work/install/turtlebot3_msgs/include/turtlebot3_msgs/turtlebot3_msgs/msg/detail/version_info__rosidl_typesupport_introspection_cpp.hpp
[3.262s] -- Up-to-date: /home/orin/work/install/turtlebot3_msgs/include/turtlebot3_msgs/turtlebot3_msgs/msg/detail/sound__rosidl_typesupport_introspection_cpp.hpp
[3.262s] -- Up-to-date: /home/orin/work/install/turtlebot3_msgs/include/turtlebot3_msgs/turtlebot3_msgs/msg/detail/sensor_state__type_support.cpp
[3.263s] -- Up-to-date: /home/orin/work/install/turtlebot3_msgs/include/turtlebot3_msgs/turtlebot3_msgs/msg/detail/version_info__type_support.cpp
[3.265s] -- Up-to-date: /home/orin/work/install/turtlebot3_msgs/include/turtlebot3_msgs/turtlebot3_msgs/msg/detail/sensor_state__rosidl_typesupport_introspection_cpp.hpp
[3.265s] -- Up-to-date: /home/orin/work/install/turtlebot3_msgs/include/turtlebot3_msgs/turtlebot3_msgs/msg/detail/sound__type_support.cpp
[3.266s] -- Up-to-date: /home/orin/work/install/turtlebot3_msgs/include/turtlebot3_msgs/turtlebot3_msgs/action
[3.266s] -- Up-to-date: /home/orin/work/install/turtlebot3_msgs/include/turtlebot3_msgs/turtlebot3_msgs/action/detail
[3.266s] -- Up-to-date: /home/orin/work/install/turtlebot3_msgs/include/turtlebot3_msgs/turtlebot3_msgs/action/detail/patrol__type_support.cpp
[3.266s] -- Up-to-date: /home/orin/work/install/turtlebot3_msgs/include/turtlebot3_msgs/turtlebot3_msgs/action/detail/patrol__rosidl_typesupport_introspection_cpp.hpp
[3.267s] -- Up-to-date: /home/orin/work/install/turtlebot3_msgs/include/turtlebot3_msgs/turtlebot3_msgs/srv
[3.267s] -- Up-to-date: /home/orin/work/install/turtlebot3_msgs/include/turtlebot3_msgs/turtlebot3_msgs/srv/detail
[3.268s] -- Up-to-date: /home/orin/work/install/turtlebot3_msgs/include/turtlebot3_msgs/turtlebot3_msgs/srv/detail/dqn__rosidl_typesupport_introspection_cpp.hpp
[3.268s] -- Up-to-date: /home/orin/work/install/turtlebot3_msgs/include/turtlebot3_msgs/turtlebot3_msgs/srv/detail/sound__rosidl_typesupport_introspection_cpp.hpp
[3.268s] -- Up-to-date: /home/orin/work/install/turtlebot3_msgs/include/turtlebot3_msgs/turtlebot3_msgs/srv/detail/sound__type_support.cpp
[3.269s] -- Up-to-date: /home/orin/work/install/turtlebot3_msgs/include/turtlebot3_msgs/turtlebot3_msgs/srv/detail/dqn__type_support.cpp
[3.270s] -- Up-to-date: /home/orin/work/install/turtlebot3_msgs/lib/libturtlebot3_msgs__rosidl_typesupport_introspection_cpp.so
[3.270s] -- Up-to-date: /home/orin/work/install/turtlebot3_msgs/lib/libturtlebot3_msgs__rosidl_typesupport_cpp.so
[3.270s] -- Up-to-date: /home/orin/work/install/turtlebot3_msgs/share/turtlebot3_msgs/environment/pythonpath.sh
[3.271s] -- Up-to-date: /home/orin/work/install/turtlebot3_msgs/share/turtlebot3_msgs/environment/pythonpath.dsv
[3.271s] -- Up-to-date: /home/orin/work/install/turtlebot3_msgs/local/lib/python3.10/dist-packages/turtlebot3_msgs-2.2.3-py3.10.egg-info
[3.271s] -- Installing: /home/orin/work/install/turtlebot3_msgs/local/lib/python3.10/dist-packages/turtlebot3_msgs-2.2.3-py3.10.egg-info/PKG-INFO
[3.272s] -- Installing: /home/orin/work/install/turtlebot3_msgs/local/lib/python3.10/dist-packages/turtlebot3_msgs-2.2.3-py3.10.egg-info/top_level.txt
[3.272s] -- Installing: /home/orin/work/install/turtlebot3_msgs/local/lib/python3.10/dist-packages/turtlebot3_msgs-2.2.3-py3.10.egg-info/dependency_links.txt
[3.272s] -- Installing: /home/orin/work/install/turtlebot3_msgs/local/lib/python3.10/dist-packages/turtlebot3_msgs-2.2.3-py3.10.egg-info/SOURCES.txt
[3.273s] -- Up-to-date: /home/orin/work/install/turtlebot3_msgs/local/lib/python3.10/dist-packages/turtlebot3_msgs
[3.274s] -- Up-to-date: /home/orin/work/install/turtlebot3_msgs/local/lib/python3.10/dist-packages/turtlebot3_msgs/turtlebot3_msgs_s__rosidl_typesupport_fastrtps_c.cpython-310-aarch64-linux-gnu.so
[3.274s] -- Up-to-date: /home/orin/work/install/turtlebot3_msgs/local/lib/python3.10/dist-packages/turtlebot3_msgs/libturtlebot3_msgs__rosidl_generator_py.so
[3.274s] -- Up-to-date: /home/orin/work/install/turtlebot3_msgs/local/lib/python3.10/dist-packages/turtlebot3_msgs/_turtlebot3_msgs_s.ep.rosidl_typesupport_fastrtps_c.c
[3.275s] -- Up-to-date: /home/orin/work/install/turtlebot3_msgs/local/lib/python3.10/dist-packages/turtlebot3_msgs/turtlebot3_msgs_s__rosidl_typesupport_c.cpython-310-aarch64-linux-gnu.so
[3.275s] -- Up-to-date: /home/orin/work/install/turtlebot3_msgs/local/lib/python3.10/dist-packages/turtlebot3_msgs/msg
[3.278s] -- Up-to-date: /home/orin/work/install/turtlebot3_msgs/local/lib/python3.10/dist-packages/turtlebot3_msgs/msg/_sensor_state.py
[3.278s] -- Up-to-date: /home/orin/work/install/turtlebot3_msgs/local/lib/python3.10/dist-packages/turtlebot3_msgs/msg/_version_info.py
[3.278s] -- Up-to-date: /home/orin/work/install/turtlebot3_msgs/local/lib/python3.10/dist-packages/turtlebot3_msgs/msg/_sensor_state_s.c
[3.279s] -- Up-to-date: /home/orin/work/install/turtlebot3_msgs/local/lib/python3.10/dist-packages/turtlebot3_msgs/msg/__init__.py
[3.279s] -- Up-to-date: /home/orin/work/install/turtlebot3_msgs/local/lib/python3.10/dist-packages/turtlebot3_msgs/msg/_sound.py
[3.279s] -- Up-to-date: /home/orin/work/install/turtlebot3_msgs/local/lib/python3.10/dist-packages/turtlebot3_msgs/msg/_version_info_s.c
[3.279s] -- Up-to-date: /home/orin/work/install/turtlebot3_msgs/local/lib/python3.10/dist-packages/turtlebot3_msgs/msg/_sound_s.c
[3.280s] -- Up-to-date: /home/orin/work/install/turtlebot3_msgs/local/lib/python3.10/dist-packages/turtlebot3_msgs/_turtlebot3_msgs_s.ep.rosidl_typesupport_c.c
[3.280s] -- Up-to-date: /home/orin/work/install/turtlebot3_msgs/local/lib/python3.10/dist-packages/turtlebot3_msgs/__init__.py
[3.280s] -- Up-to-date: /home/orin/work/install/turtlebot3_msgs/local/lib/python3.10/dist-packages/turtlebot3_msgs/action
[3.280s] -- Up-to-date: /home/orin/work/install/turtlebot3_msgs/local/lib/python3.10/dist-packages/turtlebot3_msgs/action/__init__.py
[3.280s] -- Up-to-date: /home/orin/work/install/turtlebot3_msgs/local/lib/python3.10/dist-packages/turtlebot3_msgs/action/_patrol_s.c
[3.280s] -- Up-to-date: /home/orin/work/install/turtlebot3_msgs/local/lib/python3.10/dist-packages/turtlebot3_msgs/action/_patrol.py
[3.280s] -- Up-to-date: /home/orin/work/install/turtlebot3_msgs/local/lib/python3.10/dist-packages/turtlebot3_msgs/srv
[3.281s] -- Up-to-date: /home/orin/work/install/turtlebot3_msgs/local/lib/python3.10/dist-packages/turtlebot3_msgs/srv/__init__.py
[3.281s] -- Up-to-date: /home/orin/work/install/turtlebot3_msgs/local/lib/python3.10/dist-packages/turtlebot3_msgs/srv/_sound.py
[3.281s] -- Up-to-date: /home/orin/work/install/turtlebot3_msgs/local/lib/python3.10/dist-packages/turtlebot3_msgs/srv/_dqn.py
[3.282s] -- Up-to-date: /home/orin/work/install/turtlebot3_msgs/local/lib/python3.10/dist-packages/turtlebot3_msgs/srv/_dqn_s.c
[3.282s] -- Up-to-date: /home/orin/work/install/turtlebot3_msgs/local/lib/python3.10/dist-packages/turtlebot3_msgs/srv/_sound_s.c
[3.282s] -- Up-to-date: /home/orin/work/install/turtlebot3_msgs/local/lib/python3.10/dist-packages/turtlebot3_msgs/_turtlebot3_msgs_s.ep.rosidl_typesupport_introspection_c.c
[3.282s] -- Up-to-date: /home/orin/work/install/turtlebot3_msgs/local/lib/python3.10/dist-packages/turtlebot3_msgs/turtlebot3_msgs_s__rosidl_typesupport_introspection_c.cpython-310-aarch64-linux-gnu.so
[3.292s] Listing '/home/orin/work/install/turtlebot3_msgs/local/lib/python3.10/dist-packages/turtlebot3_msgs'...
[3.293s] Listing '/home/orin/work/install/turtlebot3_msgs/local/lib/python3.10/dist-packages/turtlebot3_msgs/action'...
[3.296s] Listing '/home/orin/work/install/turtlebot3_msgs/local/lib/python3.10/dist-packages/turtlebot3_msgs/msg'...
[3.308s] Listing '/home/orin/work/install/turtlebot3_msgs/local/lib/python3.10/dist-packages/turtlebot3_msgs/srv'...
[3.323s] -- Up-to-date: /home/orin/work/install/turtlebot3_msgs/local/lib/python3.10/dist-packages/turtlebot3_msgs/turtlebot3_msgs_s__rosidl_typesupport_fastrtps_c.cpython-310-aarch64-linux-gnu.so
[3.324s] -- Up-to-date: /home/orin/work/install/turtlebot3_msgs/local/lib/python3.10/dist-packages/turtlebot3_msgs/turtlebot3_msgs_s__rosidl_typesupport_introspection_c.cpython-310-aarch64-linux-gnu.so
[3.325s] -- Up-to-date: /home/orin/work/install/turtlebot3_msgs/local/lib/python3.10/dist-packages/turtlebot3_msgs/turtlebot3_msgs_s__rosidl_typesupport_c.cpython-310-aarch64-linux-gnu.so
[3.327s] -- Up-to-date: /home/orin/work/install/turtlebot3_msgs/lib/libturtlebot3_msgs__rosidl_generator_py.so
[3.328s] -- Up-to-date: /home/orin/work/install/turtlebot3_msgs/share/turtlebot3_msgs/msg/SensorState.idl
[3.328s] -- Up-to-date: /home/orin/work/install/turtlebot3_msgs/share/turtlebot3_msgs/msg/Sound.idl
[3.328s] -- Up-to-date: /home/orin/work/install/turtlebot3_msgs/share/turtlebot3_msgs/msg/VersionInfo.idl
[3.329s] -- Up-to-date: /home/orin/work/install/turtlebot3_msgs/share/turtlebot3_msgs/srv/Sound.idl
[3.329s] -- Up-to-date: /home/orin/work/install/turtlebot3_msgs/share/turtlebot3_msgs/srv/Dqn.idl
[3.330s] -- Up-to-date: /home/orin/work/install/turtlebot3_msgs/share/turtlebot3_msgs/action/Patrol.idl
[3.331s] -- Up-to-date: /home/orin/work/install/turtlebot3_msgs/share/turtlebot3_msgs/msg/SensorState.msg
[3.331s] -- Up-to-date: /home/orin/work/install/turtlebot3_msgs/share/turtlebot3_msgs/msg/Sound.msg
[3.331s] -- Up-to-date: /home/orin/work/install/turtlebot3_msgs/share/turtlebot3_msgs/msg/VersionInfo.msg
[3.332s] -- Up-to-date: /home/orin/work/install/turtlebot3_msgs/share/turtlebot3_msgs/srv/Sound.srv
[3.333s] -- Up-to-date: /home/orin/work/install/turtlebot3_msgs/share/turtlebot3_msgs/srv/Sound_Request.msg
[3.334s] -- Up-to-date: /home/orin/work/install/turtlebot3_msgs/share/turtlebot3_msgs/srv/Sound_Response.msg
[3.334s] -- Up-to-date: /home/orin/work/install/turtlebot3_msgs/share/turtlebot3_msgs/srv/Dqn.srv
[3.334s] -- Up-to-date: /home/orin/work/install/turtlebot3_msgs/share/turtlebot3_msgs/srv/Dqn_Request.msg
[3.335s] -- Up-to-date: /home/orin/work/install/turtlebot3_msgs/share/turtlebot3_msgs/srv/Dqn_Response.msg
[3.335s] -- Up-to-date: /home/orin/work/install/turtlebot3_msgs/share/turtlebot3_msgs/action/Patrol.action
[3.336s] -- Up-to-date: /home/orin/work/install/turtlebot3_msgs/share/ament_index/resource_index/package_run_dependencies/turtlebot3_msgs
[3.337s] -- Up-to-date: /home/orin/work/install/turtlebot3_msgs/share/ament_index/resource_index/parent_prefix_path/turtlebot3_msgs
[3.338s] -- Up-to-date: /home/orin/work/install/turtlebot3_msgs/share/turtlebot3_msgs/environment/ament_prefix_path.sh
[3.339s] -- Up-to-date: /home/orin/work/install/turtlebot3_msgs/share/turtlebot3_msgs/environment/ament_prefix_path.dsv
[3.340s] -- Up-to-date: /home/orin/work/install/turtlebot3_msgs/share/turtlebot3_msgs/environment/path.sh
[3.340s] -- Up-to-date: /home/orin/work/install/turtlebot3_msgs/share/turtlebot3_msgs/environment/path.dsv
[3.340s] -- Up-to-date: /home/orin/work/install/turtlebot3_msgs/share/turtlebot3_msgs/local_setup.bash
[3.340s] -- Up-to-date: /home/orin/work/install/turtlebot3_msgs/share/turtlebot3_msgs/local_setup.sh
[3.341s] -- Up-to-date: /home/orin/work/install/turtlebot3_msgs/share/turtlebot3_msgs/local_setup.zsh
[3.342s] -- Up-to-date: /home/orin/work/install/turtlebot3_msgs/share/turtlebot3_msgs/local_setup.dsv
[3.342s] -- Installing: /home/orin/work/install/turtlebot3_msgs/share/turtlebot3_msgs/package.dsv
[3.342s] -- Up-to-date: /home/orin/work/install/turtlebot3_msgs/share/ament_index/resource_index/packages/turtlebot3_msgs
[3.343s] -- Up-to-date: /home/orin/work/install/turtlebot3_msgs/share/turtlebot3_msgs/cmake/export_turtlebot3_msgs__rosidl_generator_cExport.cmake
[3.343s] -- Up-to-date: /home/orin/work/install/turtlebot3_msgs/share/turtlebot3_msgs/cmake/export_turtlebot3_msgs__rosidl_generator_cExport-noconfig.cmake
[3.343s] -- Up-to-date: /home/orin/work/install/turtlebot3_msgs/share/turtlebot3_msgs/cmake/export_turtlebot3_msgs__rosidl_typesupport_fastrtps_cExport.cmake
[3.344s] -- Up-to-date: /home/orin/work/install/turtlebot3_msgs/share/turtlebot3_msgs/cmake/export_turtlebot3_msgs__rosidl_typesupport_fastrtps_cExport-noconfig.cmake
[3.345s] -- Up-to-date: /home/orin/work/install/turtlebot3_msgs/share/turtlebot3_msgs/cmake/export_turtlebot3_msgs__rosidl_generator_cppExport.cmake
[3.345s] -- Up-to-date: /home/orin/work/install/turtlebot3_msgs/share/turtlebot3_msgs/cmake/export_turtlebot3_msgs__rosidl_typesupport_fastrtps_cppExport.cmake
[3.345s] -- Up-to-date: /home/orin/work/install/turtlebot3_msgs/share/turtlebot3_msgs/cmake/export_turtlebot3_msgs__rosidl_typesupport_fastrtps_cppExport-noconfig.cmake
[3.345s] -- Up-to-date: /home/orin/work/install/turtlebot3_msgs/share/turtlebot3_msgs/cmake/turtlebot3_msgs__rosidl_typesupport_introspection_cExport.cmake
[3.346s] -- Up-to-date: /home/orin/work/install/turtlebot3_msgs/share/turtlebot3_msgs/cmake/turtlebot3_msgs__rosidl_typesupport_introspection_cExport-noconfig.cmake
[3.346s] -- Up-to-date: /home/orin/work/install/turtlebot3_msgs/share/turtlebot3_msgs/cmake/turtlebot3_msgs__rosidl_typesupport_cExport.cmake
[3.347s] -- Up-to-date: /home/orin/work/install/turtlebot3_msgs/share/turtlebot3_msgs/cmake/turtlebot3_msgs__rosidl_typesupport_cExport-noconfig.cmake
[3.347s] -- Up-to-date: /home/orin/work/install/turtlebot3_msgs/share/turtlebot3_msgs/cmake/turtlebot3_msgs__rosidl_typesupport_introspection_cppExport.cmake
[3.347s] -- Up-to-date: /home/orin/work/install/turtlebot3_msgs/share/turtlebot3_msgs/cmake/turtlebot3_msgs__rosidl_typesupport_introspection_cppExport-noconfig.cmake
[3.348s] -- Up-to-date: /home/orin/work/install/turtlebot3_msgs/share/turtlebot3_msgs/cmake/turtlebot3_msgs__rosidl_typesupport_cppExport.cmake
[3.348s] -- Up-to-date: /home/orin/work/install/turtlebot3_msgs/share/turtlebot3_msgs/cmake/turtlebot3_msgs__rosidl_typesupport_cppExport-noconfig.cmake
[3.348s] -- Up-to-date: /home/orin/work/install/turtlebot3_msgs/share/turtlebot3_msgs/cmake/export_turtlebot3_msgs__rosidl_generator_pyExport.cmake
[3.349s] -- Up-to-date: /home/orin/work/install/turtlebot3_msgs/share/turtlebot3_msgs/cmake/export_turtlebot3_msgs__rosidl_generator_pyExport-noconfig.cmake
[3.349s] -- Up-to-date: /home/orin/work/install/turtlebot3_msgs/share/turtlebot3_msgs/cmake/rosidl_cmake-extras.cmake
[3.349s] -- Up-to-date: /home/orin/work/install/turtlebot3_msgs/share/turtlebot3_msgs/cmake/ament_cmake_export_dependencies-extras.cmake
[3.349s] -- Up-to-date: /home/orin/work/install/turtlebot3_msgs/share/turtlebot3_msgs/cmake/ament_cmake_export_include_directories-extras.cmake
[3.350s] -- Up-to-date: /home/orin/work/install/turtlebot3_msgs/share/turtlebot3_msgs/cmake/ament_cmake_export_libraries-extras.cmake
[3.350s] -- Up-to-date: /home/orin/work/install/turtlebot3_msgs/share/turtlebot3_msgs/cmake/ament_cmake_export_targets-extras.cmake
[3.350s] -- Up-to-date: /home/orin/work/install/turtlebot3_msgs/share/turtlebot3_msgs/cmake/rosidl_cmake_export_typesupport_targets-extras.cmake
[3.350s] -- Up-to-date: /home/orin/work/install/turtlebot3_msgs/share/turtlebot3_msgs/cmake/rosidl_cmake_export_typesupport_libraries-extras.cmake
[3.351s] -- Up-to-date: /home/orin/work/install/turtlebot3_msgs/share/turtlebot3_msgs/cmake/turtlebot3_msgsConfig.cmake
[3.351s] -- Up-to-date: /home/orin/work/install/turtlebot3_msgs/share/turtlebot3_msgs/cmake/turtlebot3_msgsConfig-version.cmake
[3.351s] -- Up-to-date: /home/orin/work/install/turtlebot3_msgs/share/turtlebot3_msgs/package.xml
[3.570s] Invoked command in '/home/orin/work/build/turtlebot3_msgs' returned '0': CMAKE_PREFIX_PATH=${CMAKE_PREFIX_PATH}:/home/orin/work/install/turtlebot3_teleop:/home/orin/work/install/turtlebot3_example:/home/orin/work/install/object_detection:/home/orin/work/install/detect_lane:/home/orin/work/install/core:/home/orin/work/install/control:/home/orin/work/install/camera:/opt/ros/humble /usr/local/bin/cmake --install /home/orin/work/build/turtlebot3_msgs
