[0.169s] Invoking command in '/home/orin/work/build/turtlebot3_description': CMAKE_PREFIX_PATH=${CMAKE_PREFIX_PATH}:/home/orin/work/install/turtlebot3_teleop:/home/orin/work/install/turtlebot3_example:/home/orin/work/install/object_detection:/home/orin/work/install/detect_lane:/home/orin/work/install/core:/home/orin/work/install/control:/home/orin/work/install/camera:/opt/ros/humble /usr/local/bin/cmake --build /home/orin/work/build/turtlebot3_description -- -j12 -l12
[3.269s] Invoked command in '/home/orin/work/build/turtlebot3_description' returned '0': CMAKE_PREFIX_PATH=${CMAKE_PREFIX_PATH}:/home/orin/work/install/turtlebot3_teleop:/home/orin/work/install/turtlebot3_example:/home/orin/work/install/object_detection:/home/orin/work/install/detect_lane:/home/orin/work/install/core:/home/orin/work/install/control:/home/orin/work/install/camera:/opt/ros/humble /usr/local/bin/cmake --build /home/orin/work/build/turtlebot3_description -- -j12 -l12
[3.273s] Invoking command in '/home/orin/work/build/turtlebot3_description': CMAKE_PREFIX_PATH=${CMAKE_PREFIX_PATH}:/home/orin/work/install/turtlebot3_teleop:/home/orin/work/install/turtlebot3_example:/home/orin/work/install/object_detection:/home/orin/work/install/detect_lane:/home/orin/work/install/core:/home/orin/work/install/control:/home/orin/work/install/camera:/opt/ros/humble /usr/local/bin/cmake --install /home/orin/work/build/turtlebot3_description
[3.576s] -- Install configuration: ""
[3.590s] -- Up-to-date: /home/orin/work/install/turtlebot3_description/share/turtlebot3_description/meshes
[3.591s] -- Up-to-date: /home/orin/work/install/turtlebot3_description/share/turtlebot3_description/meshes/wheels
[3.591s] -- Up-to-date: /home/orin/work/install/turtlebot3_description/share/turtlebot3_description/meshes/wheels/left_tire.stl
[3.592s] -- Up-to-date: /home/orin/work/install/turtlebot3_description/share/turtlebot3_description/meshes/wheels/right_tire.stl
[3.592s] -- Up-to-date: /home/orin/work/install/turtlebot3_description/share/turtlebot3_description/meshes/bases
[3.592s] -- Up-to-date: /home/orin/work/install/turtlebot3_description/share/turtlebot3_description/meshes/bases/waffle_pi_base.stl
[3.592s] -- Up-to-date: /home/orin/work/install/turtlebot3_description/share/turtlebot3_description/meshes/bases/burger_base.stl
[3.593s] -- Up-to-date: /home/orin/work/install/turtlebot3_description/share/turtlebot3_description/meshes/bases/waffle_base.stl
[3.593s] -- Up-to-date: /home/orin/work/install/turtlebot3_description/share/turtlebot3_description/meshes/sensors
[3.593s] -- Up-to-date: /home/orin/work/install/turtlebot3_description/share/turtlebot3_description/meshes/sensors/astra.jpg
[3.594s] -- Up-to-date: /home/orin/work/install/turtlebot3_description/share/turtlebot3_description/meshes/sensors/lds.stl
[3.594s] -- Up-to-date: /home/orin/work/install/turtlebot3_description/share/turtlebot3_description/meshes/sensors/astra.dae
[3.595s] -- Up-to-date: /home/orin/work/install/turtlebot3_description/share/turtlebot3_description/meshes/sensors/r200.jpg
[3.595s] -- Up-to-date: /home/orin/work/install/turtlebot3_description/share/turtlebot3_description/meshes/sensors/r200.dae
[3.595s] -- Up-to-date: /home/orin/work/install/turtlebot3_description/share/turtlebot3_description/rviz
[3.595s] -- Up-to-date: /home/orin/work/install/turtlebot3_description/share/turtlebot3_description/rviz/model.rviz
[3.596s] -- Up-to-date: /home/orin/work/install/turtlebot3_description/share/turtlebot3_description/urdf
[3.596s] -- Up-to-date: /home/orin/work/install/turtlebot3_description/share/turtlebot3_description/urdf/turtlebot3_waffle.urdf
[3.596s] -- Up-to-date: /home/orin/work/install/turtlebot3_description/share/turtlebot3_description/urdf/turtlebot3_burger.urdf
[3.596s] -- Up-to-date: /home/orin/work/install/turtlebot3_description/share/turtlebot3_description/urdf/turtlebot3_waffle_pi.urdf
[3.597s] -- Up-to-date: /home/orin/work/install/turtlebot3_description/share/turtlebot3_description/urdf/common_properties.urdf
[3.597s] -- Up-to-date: /home/orin/work/install/turtlebot3_description/share/ament_index/resource_index/package_run_dependencies/turtlebot3_description
[3.597s] -- Up-to-date: /home/orin/work/install/turtlebot3_description/share/ament_index/resource_index/parent_prefix_path/turtlebot3_description
[3.597s] -- Up-to-date: /home/orin/work/install/turtlebot3_description/share/turtlebot3_description/environment/ament_prefix_path.sh
[3.597s] -- Up-to-date: /home/orin/work/install/turtlebot3_description/share/turtlebot3_description/environment/ament_prefix_path.dsv
[3.597s] -- Up-to-date: /home/orin/work/install/turtlebot3_description/share/turtlebot3_description/environment/path.sh
[3.597s] -- Up-to-date: /home/orin/work/install/turtlebot3_description/share/turtlebot3_description/environment/path.dsv
[3.598s] -- Up-to-date: /home/orin/work/install/turtlebot3_description/share/turtlebot3_description/local_setup.bash
[3.598s] -- Up-to-date: /home/orin/work/install/turtlebot3_description/share/turtlebot3_description/local_setup.sh
[3.598s] -- Up-to-date: /home/orin/work/install/turtlebot3_description/share/turtlebot3_description/local_setup.zsh
[3.598s] -- Up-to-date: /home/orin/work/install/turtlebot3_description/share/turtlebot3_description/local_setup.dsv
[3.598s] -- Installing: /home/orin/work/install/turtlebot3_description/share/turtlebot3_description/package.dsv
[3.600s] -- Up-to-date: /home/orin/work/install/turtlebot3_description/share/ament_index/resource_index/packages/turtlebot3_description
[3.601s] -- Up-to-date: /home/orin/work/install/turtlebot3_description/share/turtlebot3_description/cmake/turtlebot3_descriptionConfig.cmake
[3.601s] -- Up-to-date: /home/orin/work/install/turtlebot3_description/share/turtlebot3_description/cmake/turtlebot3_descriptionConfig-version.cmake
[3.601s] -- Up-to-date: /home/orin/work/install/turtlebot3_description/share/turtlebot3_description/package.xml
[3.810s] Invoked command in '/home/orin/work/build/turtlebot3_description' returned '0': CMAKE_PREFIX_PATH=${CMAKE_PREFIX_PATH}:/home/orin/work/install/turtlebot3_teleop:/home/orin/work/install/turtlebot3_example:/home/orin/work/install/object_detection:/home/orin/work/install/detect_lane:/home/orin/work/install/core:/home/orin/work/install/control:/home/orin/work/install/camera:/opt/ros/humble /usr/local/bin/cmake --install /home/orin/work/build/turtlebot3_description
