[0.138s] Invoking command in '/home/orin/work/build/rplidar_ros': CMAKE_PREFIX_PATH=${CMAKE_PREFIX_PATH}:/home/orin/work/install/turtlebot3_teleop:/home/orin/work/install/turtlebot3_example:/home/orin/work/install/object_detection:/home/orin/work/install/detect_lane:/home/orin/work/install/control:/home/orin/work/install/camera:/opt/ros/humble /usr/local/bin/cmake --build /home/orin/work/build/rplidar_ros -- -j12 -l12
[0.432s] [ 14%] Built target rplidar_client
[0.434s] [100%] Built target rplidar_node
[0.909s] Invoked command in '/home/orin/work/build/rplidar_ros' returned '0': CMAKE_PREFIX_PATH=${CMAKE_PREFIX_PATH}:/home/orin/work/install/turtlebot3_teleop:/home/orin/work/install/turtlebot3_example:/home/orin/work/install/object_detection:/home/orin/work/install/detect_lane:/home/orin/work/install/control:/home/orin/work/install/camera:/opt/ros/humble /usr/local/bin/cmake --build /home/orin/work/build/rplidar_ros -- -j12 -l12
[0.913s] Invoking command in '/home/orin/work/build/rplidar_ros': CMAKE_PREFIX_PATH=${CMAKE_PREFIX_PATH}:/home/orin/work/install/turtlebot3_teleop:/home/orin/work/install/turtlebot3_example:/home/orin/work/install/object_detection:/home/orin/work/install/detect_lane:/home/orin/work/install/control:/home/orin/work/install/camera:/opt/ros/humble /usr/local/bin/cmake --install /home/orin/work/build/rplidar_ros
[1.099s] -- Install configuration: ""
[1.100s] -- Up-to-date: /home/orin/work/install/rplidar_ros/share/rplidar_ros/launch
[1.100s] -- Up-to-date: /home/orin/work/install/rplidar_ros/share/rplidar_ros/launch/rplidar_s1_tcp_launch.py
[1.100s] -- Up-to-date: /home/orin/work/install/rplidar_ros/share/rplidar_ros/launch/rplidar_t1_launch.py
[1.101s] -- Up-to-date: /home/orin/work/install/rplidar_ros/share/rplidar_ros/launch/view_rplidar_a1_launch.py
[1.101s] -- Up-to-date: /home/orin/work/install/rplidar_ros/share/rplidar_ros/launch/rplidar_a3_launch.py
[1.101s] -- Up-to-date: /home/orin/work/install/rplidar_ros/share/rplidar_ros/launch/rplidar_a2m7_launch.py
[1.101s] -- Up-to-date: /home/orin/work/install/rplidar_ros/share/rplidar_ros/launch/view_rplidar_t1_launch.py
[1.101s] -- Up-to-date: /home/orin/work/install/rplidar_ros/share/rplidar_ros/launch/view_rplidar_s1_launch.py
[1.101s] -- Up-to-date: /home/orin/work/install/rplidar_ros/share/rplidar_ros/launch/view_rplidar_s2e_launch.py
[1.102s] -- Up-to-date: /home/orin/work/install/rplidar_ros/share/rplidar_ros/launch/rplidar_s2e_launch.py
[1.102s] -- Up-to-date: /home/orin/work/install/rplidar_ros/share/rplidar_ros/launch/view_rplidar_s3_launch.py
[1.102s] -- Up-to-date: /home/orin/work/install/rplidar_ros/share/rplidar_ros/launch/view_rplidar_a2m7_launch.py
[1.102s] -- Up-to-date: /home/orin/work/install/rplidar_ros/share/rplidar_ros/launch/view_rplidar_s1_tcp_launch.py
[1.103s] -- Up-to-date: /home/orin/work/install/rplidar_ros/share/rplidar_ros/launch/rplidar_s1_launch.py
[1.103s] -- Up-to-date: /home/orin/work/install/rplidar_ros/share/rplidar_ros/launch/view_rplidar_a2m8_launch.py
[1.103s] -- Up-to-date: /home/orin/work/install/rplidar_ros/share/rplidar_ros/launch/rplidar_s2_launch.py
[1.103s] -- Up-to-date: /home/orin/work/install/rplidar_ros/share/rplidar_ros/launch/view_rplidar_a2m12_launch.py
[1.104s] -- Up-to-date: /home/orin/work/install/rplidar_ros/share/rplidar_ros/launch/view_rplidar_s2_launch.py
[1.104s] -- Up-to-date: /home/orin/work/install/rplidar_ros/share/rplidar_ros/launch/rplidar_a2m12_launch.py
[1.104s] -- Up-to-date: /home/orin/work/install/rplidar_ros/share/rplidar_ros/launch/view_rplidar_a3_launch.py
[1.104s] -- Up-to-date: /home/orin/work/install/rplidar_ros/share/rplidar_ros/launch/rplidar_s3_launch.py
[1.105s] -- Up-to-date: /home/orin/work/install/rplidar_ros/share/rplidar_ros/launch/rplidar_a2m8_launch.py
[1.105s] -- Up-to-date: /home/orin/work/install/rplidar_ros/share/rplidar_ros/launch/rplidar_a1_launch.py
[1.105s] -- Up-to-date: /home/orin/work/install/rplidar_ros/share/rplidar_ros/rviz
[1.105s] -- Up-to-date: /home/orin/work/install/rplidar_ros/share/rplidar_ros/rviz/rplidar_ros.rviz
[1.106s] -- Up-to-date: /home/orin/work/install/rplidar_ros/lib/rplidar_ros/rplidar_node
[1.107s] -- Up-to-date: /home/orin/work/install/rplidar_ros/lib/rplidar_ros/rplidar_client
[1.108s] -- Up-to-date: /home/orin/work/install/rplidar_ros/share/ament_index/resource_index/package_run_dependencies/rplidar_ros
[1.108s] -- Up-to-date: /home/orin/work/install/rplidar_ros/share/ament_index/resource_index/parent_prefix_path/rplidar_ros
[1.108s] -- Up-to-date: /home/orin/work/install/rplidar_ros/share/rplidar_ros/environment/ament_prefix_path.sh
[1.108s] -- Up-to-date: /home/orin/work/install/rplidar_ros/share/rplidar_ros/environment/ament_prefix_path.dsv
[1.108s] -- Up-to-date: /home/orin/work/install/rplidar_ros/share/rplidar_ros/environment/path.sh
[1.108s] -- Up-to-date: /home/orin/work/install/rplidar_ros/share/rplidar_ros/environment/path.dsv
[1.108s] -- Up-to-date: /home/orin/work/install/rplidar_ros/share/rplidar_ros/local_setup.bash
[1.109s] -- Up-to-date: /home/orin/work/install/rplidar_ros/share/rplidar_ros/local_setup.sh
[1.109s] -- Up-to-date: /home/orin/work/install/rplidar_ros/share/rplidar_ros/local_setup.zsh
[1.109s] -- Up-to-date: /home/orin/work/install/rplidar_ros/share/rplidar_ros/local_setup.dsv
[1.109s] -- Installing: /home/orin/work/install/rplidar_ros/share/rplidar_ros/package.dsv
[1.109s] -- Up-to-date: /home/orin/work/install/rplidar_ros/share/ament_index/resource_index/packages/rplidar_ros
[1.109s] -- Up-to-date: /home/orin/work/install/rplidar_ros/share/rplidar_ros/cmake/ament_cmake_export_dependencies-extras.cmake
[1.109s] -- Up-to-date: /home/orin/work/install/rplidar_ros/share/rplidar_ros/cmake/ament_cmake_export_include_directories-extras.cmake
[1.109s] -- Up-to-date: /home/orin/work/install/rplidar_ros/share/rplidar_ros/cmake/rplidar_rosConfig.cmake
[1.110s] -- Up-to-date: /home/orin/work/install/rplidar_ros/share/rplidar_ros/cmake/rplidar_rosConfig-version.cmake
[1.110s] -- Up-to-date: /home/orin/work/install/rplidar_ros/share/rplidar_ros/package.xml
[1.189s] Invoked command in '/home/orin/work/build/rplidar_ros' returned '0': CMAKE_PREFIX_PATH=${CMAKE_PREFIX_PATH}:/home/orin/work/install/turtlebot3_teleop:/home/orin/work/install/turtlebot3_example:/home/orin/work/install/object_detection:/home/orin/work/install/detect_lane:/home/orin/work/install/control:/home/orin/work/install/camera:/opt/ros/humble /usr/local/bin/cmake --install /home/orin/work/build/rplidar_ros
