[0.162s] Invoking command in '/home/orin/work/build/turtlebot3_navigation2': CMAKE_PREFIX_PATH=${CMAKE_PREFIX_PATH}:/home/orin/work/install/turtlebot3_teleop:/home/orin/work/install/turtlebot3_example:/home/orin/work/install/object_detection:/home/orin/work/install/detect_lane:/home/orin/work/install/core:/home/orin/work/install/control:/home/orin/work/install/camera:/opt/ros/humble /usr/local/bin/cmake --build /home/orin/work/build/turtlebot3_navigation2 -- -j12 -l12
[3.190s] Invoked command in '/home/orin/work/build/turtlebot3_navigation2' returned '0': CMAKE_PREFIX_PATH=${CMAKE_PREFIX_PATH}:/home/orin/work/install/turtlebot3_teleop:/home/orin/work/install/turtlebot3_example:/home/orin/work/install/object_detection:/home/orin/work/install/detect_lane:/home/orin/work/install/core:/home/orin/work/install/control:/home/orin/work/install/camera:/opt/ros/humble /usr/local/bin/cmake --build /home/orin/work/build/turtlebot3_navigation2 -- -j12 -l12
[3.199s] Invoking command in '/home/orin/work/build/turtlebot3_navigation2': CMAKE_PREFIX_PATH=${CMAKE_PREFIX_PATH}:/home/orin/work/install/turtlebot3_teleop:/home/orin/work/install/turtlebot3_example:/home/orin/work/install/object_detection:/home/orin/work/install/detect_lane:/home/orin/work/install/core:/home/orin/work/install/control:/home/orin/work/install/camera:/opt/ros/humble /usr/local/bin/cmake --install /home/orin/work/build/turtlebot3_navigation2
[3.441s] -- Install configuration: ""
[3.443s] -- Up-to-date: /home/orin/work/install/turtlebot3_navigation2/share/turtlebot3_navigation2/launch
[3.443s] -- Up-to-date: /home/orin/work/install/turtlebot3_navigation2/share/turtlebot3_navigation2/launch/navigation2.launch.py
[3.443s] -- Up-to-date: /home/orin/work/install/turtlebot3_navigation2/share/turtlebot3_navigation2/map
[3.444s] -- Up-to-date: /home/orin/work/install/turtlebot3_navigation2/share/turtlebot3_navigation2/map/map.pgm
[3.444s] -- Up-to-date: /home/orin/work/install/turtlebot3_navigation2/share/turtlebot3_navigation2/map/map.yaml
[3.446s] -- Up-to-date: /home/orin/work/install/turtlebot3_navigation2/share/turtlebot3_navigation2/param
[3.446s] -- Up-to-date: /home/orin/work/install/turtlebot3_navigation2/share/turtlebot3_navigation2/param/waffle.yaml
[3.446s] -- Up-to-date: /home/orin/work/install/turtlebot3_navigation2/share/turtlebot3_navigation2/param/waffle_pi.yaml
[3.447s] -- Up-to-date: /home/orin/work/install/turtlebot3_navigation2/share/turtlebot3_navigation2/param/burger.yaml
[3.447s] -- Up-to-date: /home/orin/work/install/turtlebot3_navigation2/share/turtlebot3_navigation2/rviz
[3.447s] -- Up-to-date: /home/orin/work/install/turtlebot3_navigation2/share/turtlebot3_navigation2/rviz/tb3_navigation2.rviz
[3.447s] -- Up-to-date: /home/orin/work/install/turtlebot3_navigation2/share/ament_index/resource_index/package_run_dependencies/turtlebot3_navigation2
[3.447s] -- Up-to-date: /home/orin/work/install/turtlebot3_navigation2/share/ament_index/resource_index/parent_prefix_path/turtlebot3_navigation2
[3.447s] -- Up-to-date: /home/orin/work/install/turtlebot3_navigation2/share/turtlebot3_navigation2/environment/ament_prefix_path.sh
[3.448s] -- Up-to-date: /home/orin/work/install/turtlebot3_navigation2/share/turtlebot3_navigation2/environment/ament_prefix_path.dsv
[3.448s] -- Up-to-date: /home/orin/work/install/turtlebot3_navigation2/share/turtlebot3_navigation2/environment/path.sh
[3.448s] -- Up-to-date: /home/orin/work/install/turtlebot3_navigation2/share/turtlebot3_navigation2/environment/path.dsv
[3.448s] -- Up-to-date: /home/orin/work/install/turtlebot3_navigation2/share/turtlebot3_navigation2/local_setup.bash
[3.448s] -- Up-to-date: /home/orin/work/install/turtlebot3_navigation2/share/turtlebot3_navigation2/local_setup.sh
[3.448s] -- Up-to-date: /home/orin/work/install/turtlebot3_navigation2/share/turtlebot3_navigation2/local_setup.zsh
[3.448s] -- Up-to-date: /home/orin/work/install/turtlebot3_navigation2/share/turtlebot3_navigation2/local_setup.dsv
[3.454s] -- Installing: /home/orin/work/install/turtlebot3_navigation2/share/turtlebot3_navigation2/package.dsv
[3.454s] -- Up-to-date: /home/orin/work/install/turtlebot3_navigation2/share/ament_index/resource_index/packages/turtlebot3_navigation2
[3.455s] -- Up-to-date: /home/orin/work/install/turtlebot3_navigation2/share/turtlebot3_navigation2/cmake/turtlebot3_navigation2Config.cmake
[3.455s] -- Up-to-date: /home/orin/work/install/turtlebot3_navigation2/share/turtlebot3_navigation2/cmake/turtlebot3_navigation2Config-version.cmake
[3.455s] -- Up-to-date: /home/orin/work/install/turtlebot3_navigation2/share/turtlebot3_navigation2/package.xml
[3.690s] Invoked command in '/home/orin/work/build/turtlebot3_navigation2' returned '0': CMAKE_PREFIX_PATH=${CMAKE_PREFIX_PATH}:/home/orin/work/install/turtlebot3_teleop:/home/orin/work/install/turtlebot3_example:/home/orin/work/install/object_detection:/home/orin/work/install/detect_lane:/home/orin/work/install/core:/home/orin/work/install/control:/home/orin/work/install/camera:/opt/ros/humble /usr/local/bin/cmake --install /home/orin/work/build/turtlebot3_navigation2
