[0.258s] Invoking command in '/home/orin/work/build/turtlebot3_bringup': CMAKE_PREFIX_PATH=/home/orin/work/install/turtlebot3_node:/home/orin/work/install/turtlebot3_msgs:/home/orin/work/install/turtlebot3_description:/home/orin/work/install/dynamixel_sdk:/home/orin/work/install/turtlebot3:/home/orin/work/install/turtlebot3_bringup:/home/orin/work/install/turtlebot3_navigation2:/home/orin/work/install/turtlebot3_cartographer:/home/orin/work/install/rplidar_ros:/home/orin/work/install/dynamixel_sdk_examples:/home/orin/work/install/dynamixel_sdk_custom_interfaces:/home/orin/work/install/detect_interfaces:/home/orin/DynamixelSDK/c++/install:/home/orin/work/install/turtlebot3_teleop:/home/orin/work/install/turtlebot3_example:/home/orin/work/install/object_detection:/home/orin/work/install/detect_lane:/home/orin/work/install/core:/home/orin/work/install/control:/home/orin/work/install/camera:/opt/ros/humble LD_LIBRARY_PATH=/home/orin/work/install/turtlebot3_msgs/lib:/home/orin/work/install/dynamixel_sdk/lib:/home/orin/work/install/dynamixel_sdk_custom_interfaces/lib:/home/orin/work/install/detect_interfaces/lib:/opt/ros/humble/opt/rviz_ogre_vendor/lib:/opt/ros/humble/lib/aarch64-linux-gnu:/opt/ros/humble/lib:/usr/local/cuda/compat:/usr/local/cuda/lib64 /usr/local/bin/cmake --build /home/orin/work/build/turtlebot3_bringup -- -j12 -l12
[0.927s] Invoked command in '/home/orin/work/build/turtlebot3_bringup' returned '0': CMAKE_PREFIX_PATH=/home/orin/work/install/turtlebot3_node:/home/orin/work/install/turtlebot3_msgs:/home/orin/work/install/turtlebot3_description:/home/orin/work/install/dynamixel_sdk:/home/orin/work/install/turtlebot3:/home/orin/work/install/turtlebot3_bringup:/home/orin/work/install/turtlebot3_navigation2:/home/orin/work/install/turtlebot3_cartographer:/home/orin/work/install/rplidar_ros:/home/orin/work/install/dynamixel_sdk_examples:/home/orin/work/install/dynamixel_sdk_custom_interfaces:/home/orin/work/install/detect_interfaces:/home/orin/DynamixelSDK/c++/install:/home/orin/work/install/turtlebot3_teleop:/home/orin/work/install/turtlebot3_example:/home/orin/work/install/object_detection:/home/orin/work/install/detect_lane:/home/orin/work/install/core:/home/orin/work/install/control:/home/orin/work/install/camera:/opt/ros/humble LD_LIBRARY_PATH=/home/orin/work/install/turtlebot3_msgs/lib:/home/orin/work/install/dynamixel_sdk/lib:/home/orin/work/install/dynamixel_sdk_custom_interfaces/lib:/home/orin/work/install/detect_interfaces/lib:/opt/ros/humble/opt/rviz_ogre_vendor/lib:/opt/ros/humble/lib/aarch64-linux-gnu:/opt/ros/humble/lib:/usr/local/cuda/compat:/usr/local/cuda/lib64 /usr/local/bin/cmake --build /home/orin/work/build/turtlebot3_bringup -- -j12 -l12
[0.928s] Invoking command in '/home/orin/work/build/turtlebot3_bringup': CMAKE_PREFIX_PATH=/home/orin/work/install/turtlebot3_node:/home/orin/work/install/turtlebot3_msgs:/home/orin/work/install/turtlebot3_description:/home/orin/work/install/dynamixel_sdk:/home/orin/work/install/turtlebot3:/home/orin/work/install/turtlebot3_bringup:/home/orin/work/install/turtlebot3_navigation2:/home/orin/work/install/turtlebot3_cartographer:/home/orin/work/install/rplidar_ros:/home/orin/work/install/dynamixel_sdk_examples:/home/orin/work/install/dynamixel_sdk_custom_interfaces:/home/orin/work/install/detect_interfaces:/home/orin/DynamixelSDK/c++/install:/home/orin/work/install/turtlebot3_teleop:/home/orin/work/install/turtlebot3_example:/home/orin/work/install/object_detection:/home/orin/work/install/detect_lane:/home/orin/work/install/core:/home/orin/work/install/control:/home/orin/work/install/camera:/opt/ros/humble LD_LIBRARY_PATH=/home/orin/work/install/turtlebot3_msgs/lib:/home/orin/work/install/dynamixel_sdk/lib:/home/orin/work/install/dynamixel_sdk_custom_interfaces/lib:/home/orin/work/install/detect_interfaces/lib:/opt/ros/humble/opt/rviz_ogre_vendor/lib:/opt/ros/humble/lib/aarch64-linux-gnu:/opt/ros/humble/lib:/usr/local/cuda/compat:/usr/local/cuda/lib64 /usr/local/bin/cmake --install /home/orin/work/build/turtlebot3_bringup
[1.149s] -- Install configuration: ""
[1.150s] -- Up-to-date: /home/orin/work/install/turtlebot3_bringup/share/turtlebot3_bringup/launch
[1.152s] -- Up-to-date: /home/orin/work/install/turtlebot3_bringup/share/turtlebot3_bringup/launch/robot.launch.py
[1.152s] -- Up-to-date: /home/orin/work/install/turtlebot3_bringup/share/turtlebot3_bringup/launch/turtlebot3_state_publisher.launch.py
[1.153s] -- Up-to-date: /home/orin/work/install/turtlebot3_bringup/share/turtlebot3_bringup/launch/rviz2.launch.py
[1.153s] -- Up-to-date: /home/orin/work/install/turtlebot3_bringup/share/turtlebot3_bringup/param
[1.154s] -- Up-to-date: /home/orin/work/install/turtlebot3_bringup/share/turtlebot3_bringup/param/waffle.yaml
[1.155s] -- Up-to-date: /home/orin/work/install/turtlebot3_bringup/share/turtlebot3_bringup/param/waffle_pi.yaml
[1.155s] -- Up-to-date: /home/orin/work/install/turtlebot3_bringup/share/turtlebot3_bringup/param/burger.yaml
[1.156s] -- Up-to-date: /home/orin/work/install/turtlebot3_bringup/share/turtlebot3_bringup/script
[1.157s] -- Up-to-date: /home/orin/work/install/turtlebot3_bringup/share/turtlebot3_bringup/script/99-turtlebot3-cdc.rules
[1.157s] -- Up-to-date: /home/orin/work/install/turtlebot3_bringup/share/turtlebot3_bringup/script/create_udev_rules
[1.158s] -- Up-to-date: /home/orin/work/install/turtlebot3_bringup/share/ament_index/resource_index/package_run_dependencies/turtlebot3_bringup
[1.159s] -- Up-to-date: /home/orin/work/install/turtlebot3_bringup/share/ament_index/resource_index/parent_prefix_path/turtlebot3_bringup
[1.160s] -- Up-to-date: /home/orin/work/install/turtlebot3_bringup/share/turtlebot3_bringup/environment/ament_prefix_path.sh
[1.162s] -- Up-to-date: /home/orin/work/install/turtlebot3_bringup/share/turtlebot3_bringup/environment/ament_prefix_path.dsv
[1.163s] -- Up-to-date: /home/orin/work/install/turtlebot3_bringup/share/turtlebot3_bringup/environment/path.sh
[1.164s] -- Up-to-date: /home/orin/work/install/turtlebot3_bringup/share/turtlebot3_bringup/environment/path.dsv
[1.165s] -- Up-to-date: /home/orin/work/install/turtlebot3_bringup/share/turtlebot3_bringup/local_setup.bash
[1.165s] -- Up-to-date: /home/orin/work/install/turtlebot3_bringup/share/turtlebot3_bringup/local_setup.sh
[1.166s] -- Up-to-date: /home/orin/work/install/turtlebot3_bringup/share/turtlebot3_bringup/local_setup.zsh
[1.167s] -- Up-to-date: /home/orin/work/install/turtlebot3_bringup/share/turtlebot3_bringup/local_setup.dsv
[1.167s] -- Installing: /home/orin/work/install/turtlebot3_bringup/share/turtlebot3_bringup/package.dsv
[1.169s] -- Up-to-date: /home/orin/work/install/turtlebot3_bringup/share/ament_index/resource_index/packages/turtlebot3_bringup
[1.170s] -- Up-to-date: /home/orin/work/install/turtlebot3_bringup/share/turtlebot3_bringup/cmake/turtlebot3_bringupConfig.cmake
[1.171s] -- Up-to-date: /home/orin/work/install/turtlebot3_bringup/share/turtlebot3_bringup/cmake/turtlebot3_bringupConfig-version.cmake
[1.172s] -- Up-to-date: /home/orin/work/install/turtlebot3_bringup/share/turtlebot3_bringup/package.xml
[1.252s] Invoked command in '/home/orin/work/build/turtlebot3_bringup' returned '0': CMAKE_PREFIX_PATH=/home/orin/work/install/turtlebot3_node:/home/orin/work/install/turtlebot3_msgs:/home/orin/work/install/turtlebot3_description:/home/orin/work/install/dynamixel_sdk:/home/orin/work/install/turtlebot3:/home/orin/work/install/turtlebot3_bringup:/home/orin/work/install/turtlebot3_navigation2:/home/orin/work/install/turtlebot3_cartographer:/home/orin/work/install/rplidar_ros:/home/orin/work/install/dynamixel_sdk_examples:/home/orin/work/install/dynamixel_sdk_custom_interfaces:/home/orin/work/install/detect_interfaces:/home/orin/DynamixelSDK/c++/install:/home/orin/work/install/turtlebot3_teleop:/home/orin/work/install/turtlebot3_example:/home/orin/work/install/object_detection:/home/orin/work/install/detect_lane:/home/orin/work/install/core:/home/orin/work/install/control:/home/orin/work/install/camera:/opt/ros/humble LD_LIBRARY_PATH=/home/orin/work/install/turtlebot3_msgs/lib:/home/orin/work/install/dynamixel_sdk/lib:/home/orin/work/install/dynamixel_sdk_custom_interfaces/lib:/home/orin/work/install/detect_interfaces/lib:/opt/ros/humble/opt/rviz_ogre_vendor/lib:/opt/ros/humble/lib/aarch64-linux-gnu:/opt/ros/humble/lib:/usr/local/cuda/compat:/usr/local/cuda/lib64 /usr/local/bin/cmake --install /home/orin/work/build/turtlebot3_bringup
