/usr/local/lib/python3.10/dist-packages/setuptools/_distutils/dist.py:261: UserWarning: Unknown distribution option: 'tests_require'
  warnings.warn(msg)
running egg_info
writing ../../build/control/control.egg-info/PKG-INFO
writing dependency_links to ../../build/control/control.egg-info/dependency_links.txt
writing entry points to ../../build/control/control.egg-info/entry_points.txt
writing requirements to ../../build/control/control.egg-info/requires.txt
writing top-level names to ../../build/control/control.egg-info/top_level.txt
reading manifest file '../../build/control/control.egg-info/SOURCES.txt'
writing manifest file '../../build/control/control.egg-info/SOURCES.txt'
running build
running build_py
copying control/control_pack.py -> /home/orin/work/build/control/build/lib/control
copying control/control_avoidance_v2.py -> /home/orin/work/build/control/build/lib/control
copying control/__init__.py -> /home/orin/work/build/control/build/lib/control
copying control/control_auto_avoidance.py -> /home/orin/work/build/control/build/lib/control
copying control/control_lane.py -> /home/orin/work/build/control/build/lib/control
copying control/control_avoidance.py -> /home/orin/work/build/control/build/lib/control
copying control/control_pack_v2.py -> /home/orin/work/build/control/build/lib/control
running install
running install_lib
copying /home/orin/work/build/control/build/lib/control/control_avoidance.py -> /home/orin/work/install/control/lib/python3.10/site-packages/control
byte-compiling /home/orin/work/install/control/lib/python3.10/site-packages/control/control_avoidance.py to control_avoidance.cpython-310.pyc
running install_data
copying resource/control -> /home/orin/work/install/control/share/ament_index/resource_index/packages
copying package.xml -> /home/orin/work/install/control/share/control
copying launch/avoidance_launch.py -> /home/orin/work/install/control/share/control/launch
copying launch/parking_launch.py -> /home/orin/work/install/control/share/control/launch
running install_egg_info
removing '/home/orin/work/install/control/lib/python3.10/site-packages/control-0.0.0-py3.10.egg-info' (and everything under it)
Copying ../../build/control/control.egg-info to /home/orin/work/install/control/lib/python3.10/site-packages/control-0.0.0-py3.10.egg-info
running install_scripts
Installing control_auto_avoidance script to /home/orin/work/install/control/lib/control
Installing control_avoidance script to /home/orin/work/install/control/lib/control
Installing control_avoidance_2 script to /home/orin/work/install/control/lib/control
Installing control_lane script to /home/orin/work/install/control/lib/control
Installing control_pack script to /home/orin/work/install/control/lib/control
Installing control_pack_2 script to /home/orin/work/install/control/lib/control
writing list of installed files to '/home/orin/work/build/control/install.log'
