[0.027s] Invoking command in '/home/orin/work/build/turtlebot3_node': CMAKE_PREFIX_PATH=/home/orin/work/install/turtlebot3_msgs:/home/orin/work/install/dynamixel_sdk:/home/orin/work/install/turtlebot3:/home/orin/work/install/turtlebot3_bringup:/home/orin/work/install/turtlebot3_node:/home/orin/work/install/turtlebot3_navigation2:/home/orin/work/install/turtlebot3_description:/home/orin/work/install/turtlebot3_cartographer:/home/orin/work/install/rplidar_ros:/home/orin/work/install/dynamixel_sdk_examples:/home/orin/work/install/dynamixel_sdk_custom_interfaces:/home/orin/work/install/detect_interfaces:/home/orin/DynamixelSDK/c++/install:/home/orin/work/install/turtlebot3_teleop:/home/orin/work/install/turtlebot3_example:/home/orin/work/install/object_detection:/home/orin/work/install/detect_lane:/home/orin/work/install/control:/home/orin/work/install/camera:/opt/ros/humble LD_LIBRARY_PATH=/home/orin/work/install/turtlebot3_msgs/lib:/home/orin/work/install/dynamixel_sdk/lib:/home/orin/work/install/dynamixel_sdk_custom_interfaces/lib:/home/orin/work/install/detect_interfaces/lib:/opt/ros/humble/opt/rviz_ogre_vendor/lib:/opt/ros/humble/lib/aarch64-linux-gnu:/opt/ros/humble/lib:/usr/local/cuda/compat:/usr/local/cuda/lib64 /usr/local/bin/cmake /home/orin/work/src/turtlebot3/turtlebot3_node -DCMAKE_INSTALL_PREFIX=/home/orin/work/install/turtlebot3_node
[0.296s] -- The C compiler identification is GNU 11.4.0
[0.412s] -- The CXX compiler identification is GNU 11.4.0
[0.436s] -- Detecting C compiler ABI info
[0.569s] -- Detecting C compiler ABI info - done
[0.601s] -- Check for working C compiler: /usr/bin/cc - skipped
[0.601s] -- Detecting C compile features
[0.602s] -- Detecting C compile features - done
[0.613s] -- Detecting CXX compiler ABI info
[0.795s] -- Detecting CXX compiler ABI info - done
[0.828s] -- Check for working CXX compiler: /usr/bin/c++ - skipped
[0.829s] -- Detecting CXX compile features
[0.830s] -- Detecting CXX compile features - done
[0.840s] -- Found ament_cmake: 1.3.11 (/opt/ros/humble/share/ament_cmake/cmake)
[1.187s] -- Found Python3: /usr/local/bin/python3 (found version "3.10.12") found components: Interpreter
[1.436s] -- Found dynamixel_sdk: 3.7.60 (/home/orin/work/install/dynamixel_sdk/share/dynamixel_sdk/cmake)
[1.443s] -- Found geometry_msgs: 4.2.4 (/opt/ros/humble/share/geometry_msgs/cmake)
[1.557s] -- Found rosidl_generator_c: 3.1.6 (/opt/ros/humble/share/rosidl_generator_c/cmake)
[1.574s] -- Found rosidl_adapter: 3.1.6 (/opt/ros/humble/share/rosidl_adapter/cmake)
[1.600s] -- Found rosidl_generator_cpp: 3.1.6 (/opt/ros/humble/share/rosidl_generator_cpp/cmake)
[1.638s] -- Using all available rosidl_typesupport_c: rosidl_typesupport_fastrtps_c;rosidl_typesupport_introspection_c
[1.689s] -- Using all available rosidl_typesupport_cpp: rosidl_typesupport_fastrtps_cpp;rosidl_typesupport_introspection_cpp
[1.805s] -- Found message_filters: 4.3.5 (/opt/ros/humble/share/message_filters/cmake)
[1.939s] -- Found rmw_implementation_cmake: 6.1.2 (/opt/ros/humble/share/rmw_implementation_cmake/cmake)
[1.948s] -- Found rmw_cyclonedds_cpp: 1.3.4 (/opt/ros/humble/share/rmw_cyclonedds_cpp/cmake)
[2.024s] -- Using RMW implementation 'rmw_cyclonedds_cpp' as default
[2.052s] -- Performing Test CMAKE_HAVE_LIBC_PTHREAD
[2.191s] -- Performing Test CMAKE_HAVE_LIBC_PTHREAD - Success
[2.193s] -- Found Threads: TRUE
[2.310s] -- Found nav_msgs: 4.2.4 (/opt/ros/humble/share/nav_msgs/cmake)
[2.361s] -- Found sensor_msgs: 4.2.4 (/opt/ros/humble/share/sensor_msgs/cmake)
[2.410s] -- Found std_srvs: 4.2.4 (/opt/ros/humble/share/std_srvs/cmake)
[2.442s] -- Found tf2: 0.25.9 (/opt/ros/humble/share/tf2/cmake)
[2.477s] -- Found tf2_ros: 0.25.9 (/opt/ros/humble/share/tf2_ros/cmake)
[2.722s] -- Found turtlebot3_msgs: 2.2.3 (/home/orin/work/install/turtlebot3_msgs/share/turtlebot3_msgs/cmake)
[2.955s] -- Configuring done (2.8s)
[3.018s] -- Generating done (0.1s)
[3.027s] -- Build files have been written to: /home/orin/work/build/turtlebot3_node
[3.091s] Invoked command in '/home/orin/work/build/turtlebot3_node' returned '0': CMAKE_PREFIX_PATH=/home/orin/work/install/turtlebot3_msgs:/home/orin/work/install/dynamixel_sdk:/home/orin/work/install/turtlebot3:/home/orin/work/install/turtlebot3_bringup:/home/orin/work/install/turtlebot3_node:/home/orin/work/install/turtlebot3_navigation2:/home/orin/work/install/turtlebot3_description:/home/orin/work/install/turtlebot3_cartographer:/home/orin/work/install/rplidar_ros:/home/orin/work/install/dynamixel_sdk_examples:/home/orin/work/install/dynamixel_sdk_custom_interfaces:/home/orin/work/install/detect_interfaces:/home/orin/DynamixelSDK/c++/install:/home/orin/work/install/turtlebot3_teleop:/home/orin/work/install/turtlebot3_example:/home/orin/work/install/object_detection:/home/orin/work/install/detect_lane:/home/orin/work/install/control:/home/orin/work/install/camera:/opt/ros/humble LD_LIBRARY_PATH=/home/orin/work/install/turtlebot3_msgs/lib:/home/orin/work/install/dynamixel_sdk/lib:/home/orin/work/install/dynamixel_sdk_custom_interfaces/lib:/home/orin/work/install/detect_interfaces/lib:/opt/ros/humble/opt/rviz_ogre_vendor/lib:/opt/ros/humble/lib/aarch64-linux-gnu:/opt/ros/humble/lib:/usr/local/cuda/compat:/usr/local/cuda/lib64 /usr/local/bin/cmake /home/orin/work/src/turtlebot3/turtlebot3_node -DCMAKE_INSTALL_PREFIX=/home/orin/work/install/turtlebot3_node
[3.095s] Invoking command in '/home/orin/work/build/turtlebot3_node': CMAKE_PREFIX_PATH=/home/orin/work/install/turtlebot3_msgs:/home/orin/work/install/dynamixel_sdk:/home/orin/work/install/turtlebot3:/home/orin/work/install/turtlebot3_bringup:/home/orin/work/install/turtlebot3_node:/home/orin/work/install/turtlebot3_navigation2:/home/orin/work/install/turtlebot3_description:/home/orin/work/install/turtlebot3_cartographer:/home/orin/work/install/rplidar_ros:/home/orin/work/install/dynamixel_sdk_examples:/home/orin/work/install/dynamixel_sdk_custom_interfaces:/home/orin/work/install/detect_interfaces:/home/orin/DynamixelSDK/c++/install:/home/orin/work/install/turtlebot3_teleop:/home/orin/work/install/turtlebot3_example:/home/orin/work/install/object_detection:/home/orin/work/install/detect_lane:/home/orin/work/install/control:/home/orin/work/install/camera:/opt/ros/humble LD_LIBRARY_PATH=/home/orin/work/install/turtlebot3_msgs/lib:/home/orin/work/install/dynamixel_sdk/lib:/home/orin/work/install/dynamixel_sdk_custom_interfaces/lib:/home/orin/work/install/detect_interfaces/lib:/opt/ros/humble/opt/rviz_ogre_vendor/lib:/opt/ros/humble/lib/aarch64-linux-gnu:/opt/ros/humble/lib:/usr/local/cuda/compat:/usr/local/cuda/lib64 /usr/local/bin/cmake --build /home/orin/work/build/turtlebot3_node -- -j12 -l12
[3.313s] [  7%] [32mBuilding CXX object CMakeFiles/turtlebot3_node_lib.dir/src/devices/sound.cpp.o[0m
[3.313s] [ 21%] [32mBuilding CXX object CMakeFiles/turtlebot3_node_lib.dir/src/devices/motor_power.cpp.o[0m
[3.313s] [ 21%] [32mBuilding CXX object CMakeFiles/turtlebot3_node_lib.dir/src/devices/reset.cpp.o[0m
[3.313s] [ 28%] [32mBuilding CXX object CMakeFiles/turtlebot3_node_lib.dir/src/diff_drive_controller.cpp.o[0m
[3.315s] [ 42%] [32mBuilding CXX object CMakeFiles/turtlebot3_node_lib.dir/src/turtlebot3.cpp.o[0m
[3.316s] [ 42%] [32mBuilding CXX object CMakeFiles/turtlebot3_node_lib.dir/src/odometry.cpp.o[0m
[3.316s] [ 50%] [32mBuilding CXX object CMakeFiles/turtlebot3_node_lib.dir/src/dynamixel_sdk_wrapper.cpp.o[0m
[3.316s] [ 57%] [32mBuilding CXX object CMakeFiles/turtlebot3_node_lib.dir/src/sensors/battery_state.cpp.o[0m
[3.316s] [ 64%] [32mBuilding CXX object CMakeFiles/turtlebot3_node_lib.dir/src/sensors/imu.cpp.o[0m
[3.323s] [ 78%] [32mBuilding CXX object CMakeFiles/turtlebot3_node_lib.dir/src/sensors/joint_state.cpp.o[0m
[3.323s] [ 78%] [32mBuilding CXX object CMakeFiles/turtlebot3_node_lib.dir/src/sensors/sensor_state.cpp.o[0m
[39.765s] [ 85%] [32m[1mLinking CXX static library libturtlebot3_node_lib.a[0m
[40.859s] [ 85%] Built target turtlebot3_node_lib
[40.885s] [ 92%] [32mBuilding CXX object CMakeFiles/turtlebot3_ros.dir/src/node_main.cpp.o[0m
[48.960s] [100%] [32m[1mLinking CXX executable turtlebot3_ros[0m
[52.649s] [100%] Built target turtlebot3_ros
[52.691s] Invoked command in '/home/orin/work/build/turtlebot3_node' returned '0': CMAKE_PREFIX_PATH=/home/orin/work/install/turtlebot3_msgs:/home/orin/work/install/dynamixel_sdk:/home/orin/work/install/turtlebot3:/home/orin/work/install/turtlebot3_bringup:/home/orin/work/install/turtlebot3_node:/home/orin/work/install/turtlebot3_navigation2:/home/orin/work/install/turtlebot3_description:/home/orin/work/install/turtlebot3_cartographer:/home/orin/work/install/rplidar_ros:/home/orin/work/install/dynamixel_sdk_examples:/home/orin/work/install/dynamixel_sdk_custom_interfaces:/home/orin/work/install/detect_interfaces:/home/orin/DynamixelSDK/c++/install:/home/orin/work/install/turtlebot3_teleop:/home/orin/work/install/turtlebot3_example:/home/orin/work/install/object_detection:/home/orin/work/install/detect_lane:/home/orin/work/install/control:/home/orin/work/install/camera:/opt/ros/humble LD_LIBRARY_PATH=/home/orin/work/install/turtlebot3_msgs/lib:/home/orin/work/install/dynamixel_sdk/lib:/home/orin/work/install/dynamixel_sdk_custom_interfaces/lib:/home/orin/work/install/detect_interfaces/lib:/opt/ros/humble/opt/rviz_ogre_vendor/lib:/opt/ros/humble/lib/aarch64-linux-gnu:/opt/ros/humble/lib:/usr/local/cuda/compat:/usr/local/cuda/lib64 /usr/local/bin/cmake --build /home/orin/work/build/turtlebot3_node -- -j12 -l12
[52.696s] Invoking command in '/home/orin/work/build/turtlebot3_node': CMAKE_PREFIX_PATH=/home/orin/work/install/turtlebot3_msgs:/home/orin/work/install/dynamixel_sdk:/home/orin/work/install/turtlebot3:/home/orin/work/install/turtlebot3_bringup:/home/orin/work/install/turtlebot3_node:/home/orin/work/install/turtlebot3_navigation2:/home/orin/work/install/turtlebot3_description:/home/orin/work/install/turtlebot3_cartographer:/home/orin/work/install/rplidar_ros:/home/orin/work/install/dynamixel_sdk_examples:/home/orin/work/install/dynamixel_sdk_custom_interfaces:/home/orin/work/install/detect_interfaces:/home/orin/DynamixelSDK/c++/install:/home/orin/work/install/turtlebot3_teleop:/home/orin/work/install/turtlebot3_example:/home/orin/work/install/object_detection:/home/orin/work/install/detect_lane:/home/orin/work/install/control:/home/orin/work/install/camera:/opt/ros/humble LD_LIBRARY_PATH=/home/orin/work/install/turtlebot3_msgs/lib:/home/orin/work/install/dynamixel_sdk/lib:/home/orin/work/install/dynamixel_sdk_custom_interfaces/lib:/home/orin/work/install/detect_interfaces/lib:/opt/ros/humble/opt/rviz_ogre_vendor/lib:/opt/ros/humble/lib/aarch64-linux-gnu:/opt/ros/humble/lib:/usr/local/cuda/compat:/usr/local/cuda/lib64 /usr/local/bin/cmake --install /home/orin/work/build/turtlebot3_node
[52.854s] -- Install configuration: ""
[52.855s] -- Installing: /home/orin/work/install/turtlebot3_node/share/turtlebot3_node/param
[52.855s] -- Installing: /home/orin/work/install/turtlebot3_node/share/turtlebot3_node/param/waffle.yaml
[52.855s] -- Installing: /home/orin/work/install/turtlebot3_node/share/turtlebot3_node/param/waffle_pi.yaml
[52.856s] -- Installing: /home/orin/work/install/turtlebot3_node/share/turtlebot3_node/param/burger.yaml
[52.856s] -- Installing: /home/orin/work/install/turtlebot3_node/lib/turtlebot3_node/turtlebot3_ros
[52.880s] -- Set non-toolchain portion of runtime path of "/home/orin/work/install/turtlebot3_node/lib/turtlebot3_node/turtlebot3_ros" to ""
[52.880s] -- Installing: /home/orin/work/install/turtlebot3_node/share/ament_index/resource_index/package_run_dependencies/turtlebot3_node
[52.880s] -- Installing: /home/orin/work/install/turtlebot3_node/share/ament_index/resource_index/parent_prefix_path/turtlebot3_node
[52.881s] -- Installing: /home/orin/work/install/turtlebot3_node/share/turtlebot3_node/environment/ament_prefix_path.sh
[52.881s] -- Installing: /home/orin/work/install/turtlebot3_node/share/turtlebot3_node/environment/ament_prefix_path.dsv
[52.881s] -- Installing: /home/orin/work/install/turtlebot3_node/share/turtlebot3_node/environment/path.sh
[52.882s] -- Installing: /home/orin/work/install/turtlebot3_node/share/turtlebot3_node/environment/path.dsv
[52.882s] -- Installing: /home/orin/work/install/turtlebot3_node/share/turtlebot3_node/local_setup.bash
[52.882s] -- Installing: /home/orin/work/install/turtlebot3_node/share/turtlebot3_node/local_setup.sh
[52.882s] -- Installing: /home/orin/work/install/turtlebot3_node/share/turtlebot3_node/local_setup.zsh
[52.883s] -- Installing: /home/orin/work/install/turtlebot3_node/share/turtlebot3_node/local_setup.dsv
[52.883s] -- Installing: /home/orin/work/install/turtlebot3_node/share/turtlebot3_node/package.dsv
[52.883s] -- Installing: /home/orin/work/install/turtlebot3_node/share/ament_index/resource_index/packages/turtlebot3_node
[52.884s] -- Installing: /home/orin/work/install/turtlebot3_node/share/turtlebot3_node/cmake/ament_cmake_export_include_directories-extras.cmake
[52.884s] -- Installing: /home/orin/work/install/turtlebot3_node/share/turtlebot3_node/cmake/turtlebot3_nodeConfig.cmake
[52.884s] -- Installing: /home/orin/work/install/turtlebot3_node/share/turtlebot3_node/cmake/turtlebot3_nodeConfig-version.cmake
[52.885s] -- Installing: /home/orin/work/install/turtlebot3_node/share/turtlebot3_node/package.xml
[52.920s] Invoked command in '/home/orin/work/build/turtlebot3_node' returned '0': CMAKE_PREFIX_PATH=/home/orin/work/install/turtlebot3_msgs:/home/orin/work/install/dynamixel_sdk:/home/orin/work/install/turtlebot3:/home/orin/work/install/turtlebot3_bringup:/home/orin/work/install/turtlebot3_node:/home/orin/work/install/turtlebot3_navigation2:/home/orin/work/install/turtlebot3_description:/home/orin/work/install/turtlebot3_cartographer:/home/orin/work/install/rplidar_ros:/home/orin/work/install/dynamixel_sdk_examples:/home/orin/work/install/dynamixel_sdk_custom_interfaces:/home/orin/work/install/detect_interfaces:/home/orin/DynamixelSDK/c++/install:/home/orin/work/install/turtlebot3_teleop:/home/orin/work/install/turtlebot3_example:/home/orin/work/install/object_detection:/home/orin/work/install/detect_lane:/home/orin/work/install/control:/home/orin/work/install/camera:/opt/ros/humble LD_LIBRARY_PATH=/home/orin/work/install/turtlebot3_msgs/lib:/home/orin/work/install/dynamixel_sdk/lib:/home/orin/work/install/dynamixel_sdk_custom_interfaces/lib:/home/orin/work/install/detect_interfaces/lib:/opt/ros/humble/opt/rviz_ogre_vendor/lib:/opt/ros/humble/lib/aarch64-linux-gnu:/opt/ros/humble/lib:/usr/local/cuda/compat:/usr/local/cuda/lib64 /usr/local/bin/cmake --install /home/orin/work/build/turtlebot3_node
