[2.459s] Invoking command in '/home/orin/work/src/detect/object_detection': PYTHONPATH=/home/orin/work/build/object_detection/prefix_override:/usr/lib/python3/dist-packages/colcon_core/task/python/colcon_distutils_commands:/home/orin/work/install/object_detection/lib/python3.10/site-packages:${PYTHONPATH} /usr/bin/python3 -W ignore:setup.py install is deprecated -W ignore:easy_install command is deprecated setup.py egg_info --egg-base ../../../build/object_detection build --build-base /home/orin/work/build/object_detection/build install --record /home/orin/work/build/object_detection/install.log --single-version-externally-managed install_data
[2.854s] /usr/local/lib/python3.10/dist-packages/setuptools/_distutils/dist.py:261: UserWarning: Unknown distribution option: 'tests_require'
[2.855s]   warnings.warn(msg)
[3.102s] running egg_info
[3.140s] writing ../../../build/object_detection/object_detection.egg-info/PKG-INFO
[3.141s] writing dependency_links to ../../../build/object_detection/object_detection.egg-info/dependency_links.txt
[3.142s] writing entry points to ../../../build/object_detection/object_detection.egg-info/entry_points.txt
[3.142s] writing requirements to ../../../build/object_detection/object_detection.egg-info/requires.txt
[3.143s] writing top-level names to ../../../build/object_detection/object_detection.egg-info/top_level.txt
[3.221s] reading manifest file '../../../build/object_detection/object_detection.egg-info/SOURCES.txt'
[3.226s] writing manifest file '../../../build/object_detection/object_detection.egg-info/SOURCES.txt'
[3.226s] running build
[3.226s] running build_py
[3.227s] copying object_detection/__init__.py -> /home/orin/work/build/object_detection/build/lib/object_detection
[3.228s] copying object_detection/object_detection.py -> /home/orin/work/build/object_detection/build/lib/object_detection
[3.228s] running install
[3.238s] running install_lib
[3.278s] running install_data
[3.278s] copying resource/object_detection -> /home/orin/work/install/object_detection/share/ament_index/resource_index/packages
[3.280s] copying package.xml -> /home/orin/work/install/object_detection/share/object_detection
[3.280s] copying launch/object_detection_launch.py -> /home/orin/work/install/object_detection/share/object_detection/launch
[3.281s] copying weights/yolov7-tiny.pt -> /home/orin/work/install/object_detection/share/object_detection/weights
[3.317s] copying weights/yolov7.pt -> /home/orin/work/install/object_detection/share/object_detection/weights
[3.523s] copying weights/best.pt -> /home/orin/work/install/object_detection/share/object_detection/weights
[3.731s] copying weights/sign.pt -> /home/orin/work/install/object_detection/share/object_detection/weights
[3.924s] copying models/experimental.py -> /home/orin/work/install/object_detection/lib/object_detection/models
[3.925s] copying models/common.py -> /home/orin/work/install/object_detection/lib/object_detection/models
[3.926s] copying models/yolo.py -> /home/orin/work/install/object_detection/lib/object_detection/models
[3.927s] copying utils/general.py -> /home/orin/work/install/object_detection/lib/object_detection/utils
[3.928s] copying utils/torch_utils.py -> /home/orin/work/install/object_detection/lib/object_detection/utils
[3.929s] copying utils/plots.py -> /home/orin/work/install/object_detection/lib/object_detection/utils
[3.929s] copying utils/datasets.py -> /home/orin/work/install/object_detection/lib/object_detection/utils
[3.930s] copying utils/google_utils.py -> /home/orin/work/install/object_detection/lib/object_detection/utils
[3.931s] copying utils/activations.py -> /home/orin/work/install/object_detection/lib/object_detection/utils
[3.932s] copying utils/add_nms.py -> /home/orin/work/install/object_detection/lib/object_detection/utils
[3.932s] copying utils/autoanchor.py -> /home/orin/work/install/object_detection/lib/object_detection/utils
[3.932s] copying utils/loss.py -> /home/orin/work/install/object_detection/lib/object_detection/utils
[3.933s] copying utils/metrics.py -> /home/orin/work/install/object_detection/lib/object_detection/utils
[3.934s] running install_egg_info
[3.973s] removing '/home/orin/work/install/object_detection/lib/python3.10/site-packages/object_detection-0.0.0-py3.10.egg-info' (and everything under it)
[3.974s] Copying ../../../build/object_detection/object_detection.egg-info to /home/orin/work/install/object_detection/lib/python3.10/site-packages/object_detection-0.0.0-py3.10.egg-info
[3.977s] running install_scripts
[4.280s] Installing object_detection script to /home/orin/work/install/object_detection/lib/object_detection
[4.282s] writing list of installed files to '/home/orin/work/build/object_detection/install.log'
[4.366s] Invoked command in '/home/orin/work/src/detect/object_detection' returned '0': PYTHONPATH=/home/orin/work/build/object_detection/prefix_override:/usr/lib/python3/dist-packages/colcon_core/task/python/colcon_distutils_commands:/home/orin/work/install/object_detection/lib/python3.10/site-packages:${PYTHONPATH} /usr/bin/python3 -W ignore:setup.py install is deprecated -W ignore:easy_install command is deprecated setup.py egg_info --egg-base ../../../build/object_detection build --build-base /home/orin/work/build/object_detection/build install --record /home/orin/work/build/object_detection/install.log --single-version-externally-managed install_data
