[4.623s] Invoking command in '/home/orin/work/src/detect/detect_lane': PYTHONPATH=/home/orin/work/build/detect_lane/prefix_override:/usr/lib/python3/dist-packages/colcon_core/task/python/colcon_distutils_commands:/home/orin/work/install/detect_lane/lib/python3.10/site-packages:${PYTHONPATH} /usr/bin/python3 -W ignore:setup.py install is deprecated -W ignore:easy_install command is deprecated setup.py egg_info --egg-base ../../../build/detect_lane build --build-base /home/orin/work/build/detect_lane/build install --record /home/orin/work/build/detect_lane/install.log --single-version-externally-managed install_data
[4.984s] /usr/local/lib/python3.10/dist-packages/setuptools/_distutils/dist.py:261: UserWarning: Unknown distribution option: 'tests_require'
[4.984s]   warnings.warn(msg)
[5.221s] running egg_info
[5.260s] writing ../../../build/detect_lane/detect_lane.egg-info/PKG-INFO
[5.261s] writing dependency_links to ../../../build/detect_lane/detect_lane.egg-info/dependency_links.txt
[5.262s] writing entry points to ../../../build/detect_lane/detect_lane.egg-info/entry_points.txt
[5.262s] writing requirements to ../../../build/detect_lane/detect_lane.egg-info/requires.txt
[5.262s] writing top-level names to ../../../build/detect_lane/detect_lane.egg-info/top_level.txt
[5.343s] reading manifest file '../../../build/detect_lane/detect_lane.egg-info/SOURCES.txt'
[5.347s] writing manifest file '../../../build/detect_lane/detect_lane.egg-info/SOURCES.txt'
[5.349s] running build
[5.350s] running build_py
[5.352s] copying detect_lane/camera_red_green_light.py -> /home/orin/work/build/detect_lane/build/lib/detect_lane
[5.354s] copying detect_lane/key_pub_signs.py -> /home/orin/work/build/detect_lane/build/lib/detect_lane
[5.355s] copying detect_lane/__init__.py -> /home/orin/work/build/detect_lane/build/lib/detect_lane
[5.356s] copying detect_lane/detect_lane.py -> /home/orin/work/build/detect_lane/build/lib/detect_lane
[5.358s] copying detect_lane/hsv_traffic_light.py -> /home/orin/work/build/detect_lane/build/lib/detect_lane
[5.360s] copying detect_lane/hsv_param_adjustment.py -> /home/orin/work/build/detect_lane/build/lib/detect_lane
[5.361s] copying detect_lane/detect_traffic.py -> /home/orin/work/build/detect_lane/build/lib/detect_lane
[5.361s] copying detect_lane/detect_parking_grid.py -> /home/orin/work/build/detect_lane/build/lib/detect_lane
[5.361s] running install
[5.362s] running install_lib
[5.402s] running install_data
[5.404s] copying resource/detect_lane -> /home/orin/work/install/detect_lane/share/ament_index/resource_index/packages
[5.405s] copying package.xml -> /home/orin/work/install/detect_lane/share/detect_lane
[5.406s] copying launch/detect_traffic_launch.py -> /home/orin/work/install/detect_lane/share/detect_lane/launch
[5.406s] copying launch/detect_lane_launch.py -> /home/orin/work/install/detect_lane/share/detect_lane/launch
[5.407s] copying config/hsv_parameters_default.yaml -> /home/orin/work/install/detect_lane/share/detect_lane/config
[5.407s] copying config/hsv_parameters_tr_own.yaml -> /home/orin/work/install/detect_lane/share/detect_lane/config
[5.409s] copying config/hsv_parameters_own.yaml -> /home/orin/work/install/detect_lane/share/detect_lane/config
[5.409s] copying config/hsv_parameters_own (copy).yaml -> /home/orin/work/install/detect_lane/share/detect_lane/config
[5.410s] copying config/calibration_mode.rviz -> /home/orin/work/install/detect_lane/share/detect_lane/config
[5.410s] copying config/lane_mode.rviz -> /home/orin/work/install/detect_lane/share/detect_lane/config
[5.410s] running install_egg_info
[5.451s] removing '/home/orin/work/install/detect_lane/lib/python3.10/site-packages/detect_lane-0.0.0-py3.10.egg-info' (and everything under it)
[5.452s] Copying ../../../build/detect_lane/detect_lane.egg-info to /home/orin/work/install/detect_lane/lib/python3.10/site-packages/detect_lane-0.0.0-py3.10.egg-info
[5.454s] running install_scripts
[5.770s] Installing detect_lane script to /home/orin/work/install/detect_lane/lib/detect_lane
[5.771s] Installing detect_parking_grid script to /home/orin/work/install/detect_lane/lib/detect_lane
[5.772s] Installing detect_traffic script to /home/orin/work/install/detect_lane/lib/detect_lane
[5.772s] Installing hsv_param_adjustment script to /home/orin/work/install/detect_lane/lib/detect_lane
[5.772s] Installing hsv_traffic_light script to /home/orin/work/install/detect_lane/lib/detect_lane
[5.772s] Installing key_pub_signs script to /home/orin/work/install/detect_lane/lib/detect_lane
[5.774s] writing list of installed files to '/home/orin/work/build/detect_lane/install.log'
[5.886s] Invoked command in '/home/orin/work/src/detect/detect_lane' returned '0': PYTHONPATH=/home/orin/work/build/detect_lane/prefix_override:/usr/lib/python3/dist-packages/colcon_core/task/python/colcon_distutils_commands:/home/orin/work/install/detect_lane/lib/python3.10/site-packages:${PYTHONPATH} /usr/bin/python3 -W ignore:setup.py install is deprecated -W ignore:easy_install command is deprecated setup.py egg_info --egg-base ../../../build/detect_lane build --build-base /home/orin/work/build/detect_lane/build install --record /home/orin/work/build/detect_lane/install.log --single-version-externally-managed install_data
