[4.569s] Invoking command in '/home/orin/work/src/turtlebot3/turtlebot3_teleop': PYTHONPATH=/home/orin/work/build/turtlebot3_teleop/prefix_override:/usr/lib/python3/dist-packages/colcon_core/task/python/colcon_distutils_commands:/home/orin/work/install/turtlebot3_teleop/lib/python3.10/site-packages:${PYTHONPATH} /usr/bin/python3 -W ignore:setup.py install is deprecated -W ignore:easy_install command is deprecated setup.py egg_info --egg-base ../../../build/turtlebot3_teleop build --build-base /home/orin/work/build/turtlebot3_teleop/build install --record /home/orin/work/build/turtlebot3_teleop/install.log --single-version-externally-managed install_data
[4.987s] /usr/local/lib/python3.10/dist-packages/setuptools/_distutils/dist.py:261: UserWarning: Unknown distribution option: 'tests_require'
[4.987s]   warnings.warn(msg)
[5.226s] running egg_info
[5.264s] writing ../../../build/turtlebot3_teleop/turtlebot3_teleop.egg-info/PKG-INFO
[5.265s] writing dependency_links to ../../../build/turtlebot3_teleop/turtlebot3_teleop.egg-info/dependency_links.txt
[5.266s] writing entry points to ../../../build/turtlebot3_teleop/turtlebot3_teleop.egg-info/entry_points.txt
[5.266s] writing requirements to ../../../build/turtlebot3_teleop/turtlebot3_teleop.egg-info/requires.txt
[5.267s] writing top-level names to ../../../build/turtlebot3_teleop/turtlebot3_teleop.egg-info/top_level.txt
[5.349s] reading manifest file '../../../build/turtlebot3_teleop/turtlebot3_teleop.egg-info/SOURCES.txt'
[5.352s] writing manifest file '../../../build/turtlebot3_teleop/turtlebot3_teleop.egg-info/SOURCES.txt'
[5.353s] running build
[5.353s] running build_py
[5.354s] copying turtlebot3_teleop/__init__.py -> /home/orin/work/build/turtlebot3_teleop/build/lib/turtlebot3_teleop
[5.355s] copying turtlebot3_teleop/script/__init__.py -> /home/orin/work/build/turtlebot3_teleop/build/lib/turtlebot3_teleop/script
[5.355s] copying turtlebot3_teleop/script/teleop_keyboard.py -> /home/orin/work/build/turtlebot3_teleop/build/lib/turtlebot3_teleop/script
[5.357s] running install
[5.367s] running install_lib
[5.411s] running install_data
[5.411s] copying resource/turtlebot3_teleop -> /home/orin/work/install/turtlebot3_teleop/share/ament_index/resource_index/packages
[5.411s] copying package.xml -> /home/orin/work/install/turtlebot3_teleop/share/turtlebot3_teleop
[5.411s] running install_egg_info
[5.451s] removing '/home/orin/work/install/turtlebot3_teleop/lib/python3.10/site-packages/turtlebot3_teleop-2.1.5-py3.10.egg-info' (and everything under it)
[5.452s] Copying ../../../build/turtlebot3_teleop/turtlebot3_teleop.egg-info to /home/orin/work/install/turtlebot3_teleop/lib/python3.10/site-packages/turtlebot3_teleop-2.1.5-py3.10.egg-info
[5.456s] running install_scripts
[5.772s] Installing teleop_keyboard script to /home/orin/work/install/turtlebot3_teleop/lib/turtlebot3_teleop
[5.774s] writing list of installed files to '/home/orin/work/build/turtlebot3_teleop/install.log'
[5.903s] Invoked command in '/home/orin/work/src/turtlebot3/turtlebot3_teleop' returned '0': PYTHONPATH=/home/orin/work/build/turtlebot3_teleop/prefix_override:/usr/lib/python3/dist-packages/colcon_core/task/python/colcon_distutils_commands:/home/orin/work/install/turtlebot3_teleop/lib/python3.10/site-packages:${PYTHONPATH} /usr/bin/python3 -W ignore:setup.py install is deprecated -W ignore:easy_install command is deprecated setup.py egg_info --egg-base ../../../build/turtlebot3_teleop build --build-base /home/orin/work/build/turtlebot3_teleop/build install --record /home/orin/work/build/turtlebot3_teleop/install.log --single-version-externally-managed install_data
