[0.402s] Invoking command in '/home/orin/work/build/turtlebot3_cartographer': CMAKE_PREFIX_PATH=${CMAKE_PREFIX_PATH}:/home/orin/work/install/turtlebot3_teleop:/home/orin/work/install/turtlebot3_example:/home/orin/work/install/object_detection:/home/orin/work/install/detect_lane:/home/orin/work/install/core:/home/orin/work/install/control:/home/orin/work/install/camera:/opt/ros/humble /usr/local/bin/cmake --build /home/orin/work/build/turtlebot3_cartographer -- -j12 -l12
[4.280s] Invoked command in '/home/orin/work/build/turtlebot3_cartographer' returned '0': CMAKE_PREFIX_PATH=${CMAKE_PREFIX_PATH}:/home/orin/work/install/turtlebot3_teleop:/home/orin/work/install/turtlebot3_example:/home/orin/work/install/object_detection:/home/orin/work/install/detect_lane:/home/orin/work/install/core:/home/orin/work/install/control:/home/orin/work/install/camera:/opt/ros/humble /usr/local/bin/cmake --build /home/orin/work/build/turtlebot3_cartographer -- -j12 -l12
[4.281s] Invoking command in '/home/orin/work/build/turtlebot3_cartographer': CMAKE_PREFIX_PATH=${CMAKE_PREFIX_PATH}:/home/orin/work/install/turtlebot3_teleop:/home/orin/work/install/turtlebot3_example:/home/orin/work/install/object_detection:/home/orin/work/install/detect_lane:/home/orin/work/install/core:/home/orin/work/install/control:/home/orin/work/install/camera:/opt/ros/humble /usr/local/bin/cmake --install /home/orin/work/build/turtlebot3_cartographer
[5.144s] -- Install configuration: ""
[5.145s] -- Up-to-date: /home/orin/work/install/turtlebot3_cartographer/share/turtlebot3_cartographer/config
[5.145s] -- Up-to-date: /home/orin/work/install/turtlebot3_cartographer/share/turtlebot3_cartographer/config/turtlebot3_lds_2d.lua
[5.145s] -- Up-to-date: /home/orin/work/install/turtlebot3_cartographer/share/turtlebot3_cartographer/launch
[5.145s] -- Up-to-date: /home/orin/work/install/turtlebot3_cartographer/share/turtlebot3_cartographer/launch/cartographer.launch.py
[5.145s] -- Up-to-date: /home/orin/work/install/turtlebot3_cartographer/share/turtlebot3_cartographer/launch/occupancy_grid.launch.py
[5.145s] -- Up-to-date: /home/orin/work/install/turtlebot3_cartographer/share/turtlebot3_cartographer/rviz
[5.146s] -- Up-to-date: /home/orin/work/install/turtlebot3_cartographer/share/turtlebot3_cartographer/rviz/tb3_cartographer.rviz
[5.146s] -- Up-to-date: /home/orin/work/install/turtlebot3_cartographer/share/ament_index/resource_index/package_run_dependencies/turtlebot3_cartographer
[5.146s] -- Up-to-date: /home/orin/work/install/turtlebot3_cartographer/share/ament_index/resource_index/parent_prefix_path/turtlebot3_cartographer
[5.146s] -- Up-to-date: /home/orin/work/install/turtlebot3_cartographer/share/turtlebot3_cartographer/environment/ament_prefix_path.sh
[5.146s] -- Up-to-date: /home/orin/work/install/turtlebot3_cartographer/share/turtlebot3_cartographer/environment/ament_prefix_path.dsv
[5.147s] -- Up-to-date: /home/orin/work/install/turtlebot3_cartographer/share/turtlebot3_cartographer/environment/path.sh
[5.147s] -- Up-to-date: /home/orin/work/install/turtlebot3_cartographer/share/turtlebot3_cartographer/environment/path.dsv
[5.147s] -- Up-to-date: /home/orin/work/install/turtlebot3_cartographer/share/turtlebot3_cartographer/local_setup.bash
[5.147s] -- Up-to-date: /home/orin/work/install/turtlebot3_cartographer/share/turtlebot3_cartographer/local_setup.sh
[5.147s] -- Up-to-date: /home/orin/work/install/turtlebot3_cartographer/share/turtlebot3_cartographer/local_setup.zsh
[5.147s] -- Up-to-date: /home/orin/work/install/turtlebot3_cartographer/share/turtlebot3_cartographer/local_setup.dsv
[5.147s] -- Installing: /home/orin/work/install/turtlebot3_cartographer/share/turtlebot3_cartographer/package.dsv
[5.147s] -- Up-to-date: /home/orin/work/install/turtlebot3_cartographer/share/ament_index/resource_index/packages/turtlebot3_cartographer
[5.148s] -- Up-to-date: /home/orin/work/install/turtlebot3_cartographer/share/turtlebot3_cartographer/cmake/turtlebot3_cartographerConfig.cmake
[5.148s] -- Up-to-date: /home/orin/work/install/turtlebot3_cartographer/share/turtlebot3_cartographer/cmake/turtlebot3_cartographerConfig-version.cmake
[5.148s] -- Up-to-date: /home/orin/work/install/turtlebot3_cartographer/share/turtlebot3_cartographer/package.xml
[5.216s] Invoked command in '/home/orin/work/build/turtlebot3_cartographer' returned '0': CMAKE_PREFIX_PATH=${CMAKE_PREFIX_PATH}:/home/orin/work/install/turtlebot3_teleop:/home/orin/work/install/turtlebot3_example:/home/orin/work/install/object_detection:/home/orin/work/install/detect_lane:/home/orin/work/install/core:/home/orin/work/install/control:/home/orin/work/install/camera:/opt/ros/humble /usr/local/bin/cmake --install /home/orin/work/build/turtlebot3_cartographer
