[4.744s] Invoking command in '/home/orin/work/src/turtlebot3/turtlebot3_teleop': PYTHONPATH=/home/orin/work/build/turtlebot3_teleop/prefix_override:/usr/lib/python3/dist-packages/colcon_core/task/python/colcon_distutils_commands:/home/orin/work/install/turtlebot3_teleop/lib/python3.10/site-packages:${PYTHONPATH} /usr/bin/python3 -W ignore:setup.py install is deprecated -W ignore:easy_install command is deprecated setup.py egg_info --egg-base ../../../build/turtlebot3_teleop build --build-base /home/orin/work/build/turtlebot3_teleop/build install --record /home/orin/work/build/turtlebot3_teleop/install.log --single-version-externally-managed install_data
[5.135s] /usr/local/lib/python3.10/dist-packages/setuptools/_distutils/dist.py:261: UserWarning: Unknown distribution option: 'tests_require'
[5.135s]   warnings.warn(msg)
[5.381s] running egg_info
[5.420s] writing ../../../build/turtlebot3_teleop/turtlebot3_teleop.egg-info/PKG-INFO
[5.422s] writing dependency_links to ../../../build/turtlebot3_teleop/turtlebot3_teleop.egg-info/dependency_links.txt
[5.422s] writing entry points to ../../../build/turtlebot3_teleop/turtlebot3_teleop.egg-info/entry_points.txt
[5.423s] writing requirements to ../../../build/turtlebot3_teleop/turtlebot3_teleop.egg-info/requires.txt
[5.423s] writing top-level names to ../../../build/turtlebot3_teleop/turtlebot3_teleop.egg-info/top_level.txt
[5.506s] reading manifest file '../../../build/turtlebot3_teleop/turtlebot3_teleop.egg-info/SOURCES.txt'
[5.510s] writing manifest file '../../../build/turtlebot3_teleop/turtlebot3_teleop.egg-info/SOURCES.txt'
[5.513s] running build
[5.514s] running build_py
[5.515s] copying turtlebot3_teleop/__init__.py -> /home/orin/work/build/turtlebot3_teleop/build/lib/turtlebot3_teleop
[5.516s] copying turtlebot3_teleop/script/__init__.py -> /home/orin/work/build/turtlebot3_teleop/build/lib/turtlebot3_teleop/script
[5.517s] copying turtlebot3_teleop/script/teleop_keyboard.py -> /home/orin/work/build/turtlebot3_teleop/build/lib/turtlebot3_teleop/script
[5.517s] running install
[5.523s] running install_lib
[5.565s] running install_data
[5.566s] copying resource/turtlebot3_teleop -> /home/orin/work/install/turtlebot3_teleop/share/ament_index/resource_index/packages
[5.567s] copying package.xml -> /home/orin/work/install/turtlebot3_teleop/share/turtlebot3_teleop
[5.567s] running install_egg_info
[5.614s] removing '/home/orin/work/install/turtlebot3_teleop/lib/python3.10/site-packages/turtlebot3_teleop-2.1.5-py3.10.egg-info' (and everything under it)
[5.614s] Copying ../../../build/turtlebot3_teleop/turtlebot3_teleop.egg-info to /home/orin/work/install/turtlebot3_teleop/lib/python3.10/site-packages/turtlebot3_teleop-2.1.5-py3.10.egg-info
[5.615s] running install_scripts
[5.942s] Installing teleop_keyboard script to /home/orin/work/install/turtlebot3_teleop/lib/turtlebot3_teleop
[5.943s] writing list of installed files to '/home/orin/work/build/turtlebot3_teleop/install.log'
[6.038s] Invoked command in '/home/orin/work/src/turtlebot3/turtlebot3_teleop' returned '0': PYTHONPATH=/home/orin/work/build/turtlebot3_teleop/prefix_override:/usr/lib/python3/dist-packages/colcon_core/task/python/colcon_distutils_commands:/home/orin/work/install/turtlebot3_teleop/lib/python3.10/site-packages:${PYTHONPATH} /usr/bin/python3 -W ignore:setup.py install is deprecated -W ignore:easy_install command is deprecated setup.py egg_info --egg-base ../../../build/turtlebot3_teleop build --build-base /home/orin/work/build/turtlebot3_teleop/build install --record /home/orin/work/build/turtlebot3_teleop/install.log --single-version-externally-managed install_data
