[4.738s] Invoking command in '/home/orin/work/src/detect/detect_lane': PYTHONPATH=/home/orin/work/build/detect_lane/prefix_override:/usr/lib/python3/dist-packages/colcon_core/task/python/colcon_distutils_commands:/home/orin/work/install/detect_lane/lib/python3.10/site-packages:${PYTHONPATH} /usr/bin/python3 -W ignore:setup.py install is deprecated -W ignore:easy_install command is deprecated setup.py egg_info --egg-base ../../../build/detect_lane build --build-base /home/orin/work/build/detect_lane/build install --record /home/orin/work/build/detect_lane/install.log --single-version-externally-managed install_data
[5.151s] /usr/local/lib/python3.10/dist-packages/setuptools/_distutils/dist.py:261: UserWarning: Unknown distribution option: 'tests_require'
[5.151s]   warnings.warn(msg)
[5.402s] running egg_info
[5.443s] writing ../../../build/detect_lane/detect_lane.egg-info/PKG-INFO
[5.444s] writing dependency_links to ../../../build/detect_lane/detect_lane.egg-info/dependency_links.txt
[5.445s] writing entry points to ../../../build/detect_lane/detect_lane.egg-info/entry_points.txt
[5.445s] writing requirements to ../../../build/detect_lane/detect_lane.egg-info/requires.txt
[5.445s] writing top-level names to ../../../build/detect_lane/detect_lane.egg-info/top_level.txt
[5.532s] reading manifest file '../../../build/detect_lane/detect_lane.egg-info/SOURCES.txt'
[5.536s] writing manifest file '../../../build/detect_lane/detect_lane.egg-info/SOURCES.txt'
[5.536s] running build
[5.536s] running build_py
[5.538s] copying detect_lane/camera_red_green_light.py -> /home/orin/work/build/detect_lane/build/lib/detect_lane
[5.538s] copying detect_lane/key_pub_signs.py -> /home/orin/work/build/detect_lane/build/lib/detect_lane
[5.539s] copying detect_lane/__init__.py -> /home/orin/work/build/detect_lane/build/lib/detect_lane
[5.539s] copying detect_lane/detect_lane.py -> /home/orin/work/build/detect_lane/build/lib/detect_lane
[5.540s] copying detect_lane/hsv_traffic_light.py -> /home/orin/work/build/detect_lane/build/lib/detect_lane
[5.541s] copying detect_lane/hsv_param_adjustment.py -> /home/orin/work/build/detect_lane/build/lib/detect_lane
[5.542s] copying detect_lane/detect_traffic.py -> /home/orin/work/build/detect_lane/build/lib/detect_lane
[5.543s] copying detect_lane/detect_parking_grid.py -> /home/orin/work/build/detect_lane/build/lib/detect_lane
[5.543s] running install
[5.553s] running install_lib
[5.598s] running install_data
[5.599s] copying resource/detect_lane -> /home/orin/work/install/detect_lane/share/ament_index/resource_index/packages
[5.601s] copying package.xml -> /home/orin/work/install/detect_lane/share/detect_lane
[5.602s] copying launch/detect_traffic_launch.py -> /home/orin/work/install/detect_lane/share/detect_lane/launch
[5.602s] copying launch/detect_lane_launch.py -> /home/orin/work/install/detect_lane/share/detect_lane/launch
[5.603s] copying config/hsv_parameters_default.yaml -> /home/orin/work/install/detect_lane/share/detect_lane/config
[5.603s] copying config/hsv_parameters_tr_own.yaml -> /home/orin/work/install/detect_lane/share/detect_lane/config
[5.603s] copying config/hsv_parameters_own.yaml -> /home/orin/work/install/detect_lane/share/detect_lane/config
[5.606s] copying config/hsv_parameters_own (copy).yaml -> /home/orin/work/install/detect_lane/share/detect_lane/config
[5.606s] copying config/calibration_mode.rviz -> /home/orin/work/install/detect_lane/share/detect_lane/config
[5.606s] copying config/lane_mode.rviz -> /home/orin/work/install/detect_lane/share/detect_lane/config
[5.607s] running install_egg_info
[5.650s] removing '/home/orin/work/install/detect_lane/lib/python3.10/site-packages/detect_lane-0.0.0-py3.10.egg-info' (and everything under it)
[5.650s] Copying ../../../build/detect_lane/detect_lane.egg-info to /home/orin/work/install/detect_lane/lib/python3.10/site-packages/detect_lane-0.0.0-py3.10.egg-info
[5.653s] running install_scripts
[5.994s] Installing detect_lane script to /home/orin/work/install/detect_lane/lib/detect_lane
[5.995s] Installing detect_parking_grid script to /home/orin/work/install/detect_lane/lib/detect_lane
[5.995s] Installing detect_traffic script to /home/orin/work/install/detect_lane/lib/detect_lane
[5.996s] Installing hsv_param_adjustment script to /home/orin/work/install/detect_lane/lib/detect_lane
[5.996s] Installing hsv_traffic_light script to /home/orin/work/install/detect_lane/lib/detect_lane
[5.996s] Installing key_pub_signs script to /home/orin/work/install/detect_lane/lib/detect_lane
[5.997s] writing list of installed files to '/home/orin/work/build/detect_lane/install.log'
[6.100s] Invoked command in '/home/orin/work/src/detect/detect_lane' returned '0': PYTHONPATH=/home/orin/work/build/detect_lane/prefix_override:/usr/lib/python3/dist-packages/colcon_core/task/python/colcon_distutils_commands:/home/orin/work/install/detect_lane/lib/python3.10/site-packages:${PYTHONPATH} /usr/bin/python3 -W ignore:setup.py install is deprecated -W ignore:easy_install command is deprecated setup.py egg_info --egg-base ../../../build/detect_lane build --build-base /home/orin/work/build/detect_lane/build install --record /home/orin/work/build/detect_lane/install.log --single-version-externally-managed install_data
