[4.565s] Invoking command in '/home/orin/work/src/detect/object_detection': PYTHONPATH=/home/orin/work/build/object_detection/prefix_override:/usr/lib/python3/dist-packages/colcon_core/task/python/colcon_distutils_commands:/home/orin/work/install/object_detection/lib/python3.10/site-packages:${PYTHONPATH} /usr/bin/python3 -W ignore:setup.py install is deprecated -W ignore:easy_install command is deprecated setup.py egg_info --egg-base ../../../build/object_detection build --build-base /home/orin/work/build/object_detection/build install --record /home/orin/work/build/object_detection/install.log --single-version-externally-managed install_data
[5.673s] running egg_info
[5.673s] creating ../../../build/object_detection/object_detection.egg-info
[5.674s] writing ../../../build/object_detection/object_detection.egg-info/PKG-INFO
[5.674s] writing dependency_links to ../../../build/object_detection/object_detection.egg-info/dependency_links.txt
[5.674s] writing entry points to ../../../build/object_detection/object_detection.egg-info/entry_points.txt
[5.674s] writing requirements to ../../../build/object_detection/object_detection.egg-info/requires.txt
[5.674s] writing top-level names to ../../../build/object_detection/object_detection.egg-info/top_level.txt
[5.674s] writing manifest file '../../../build/object_detection/object_detection.egg-info/SOURCES.txt'
[5.674s] reading manifest file '../../../build/object_detection/object_detection.egg-info/SOURCES.txt'
[5.674s] writing manifest file '../../../build/object_detection/object_detection.egg-info/SOURCES.txt'
[5.674s] running build
[5.675s] running build_py
[5.675s] creating /home/orin/work/build/object_detection/build/lib/object_detection
[5.675s] copying object_detection/__init__.py -> /home/orin/work/build/object_detection/build/lib/object_detection
[5.675s] copying object_detection/object_detection.py -> /home/orin/work/build/object_detection/build/lib/object_detection
[5.675s] running install
[5.675s] running install_lib
[5.675s] creating /home/orin/work/install/object_detection/lib/python3.10/site-packages/object_detection
[5.675s] copying /home/orin/work/build/object_detection/build/lib/object_detection/__init__.py -> /home/orin/work/install/object_detection/lib/python3.10/site-packages/object_detection
[5.676s] copying /home/orin/work/build/object_detection/build/lib/object_detection/object_detection.py -> /home/orin/work/install/object_detection/lib/python3.10/site-packages/object_detection
[5.676s] byte-compiling /home/orin/work/install/object_detection/lib/python3.10/site-packages/object_detection/__init__.py to __init__.cpython-310.pyc
[5.676s] byte-compiling /home/orin/work/install/object_detection/lib/python3.10/site-packages/object_detection/object_detection.py to object_detection.cpython-310.pyc
[5.676s] running install_data
[5.676s] creating /home/orin/work/install/object_detection/share/ament_index/resource_index/packages
[5.676s] copying resource/object_detection -> /home/orin/work/install/object_detection/share/ament_index/resource_index/packages
[5.676s] copying package.xml -> /home/orin/work/install/object_detection/share/object_detection
[5.676s] creating /home/orin/work/install/object_detection/share/object_detection/launch
[5.687s] copying launch/object_detection_launch.py -> /home/orin/work/install/object_detection/share/object_detection/launch
[5.688s] creating /home/orin/work/install/object_detection/share/object_detection/weights
[5.688s] copying weights/yolov7-tiny.pt -> /home/orin/work/install/object_detection/share/object_detection/weights
[5.688s] copying weights/yolov7.pt -> /home/orin/work/install/object_detection/share/object_detection/weights
[5.688s] copying weights/best.pt -> /home/orin/work/install/object_detection/share/object_detection/weights
[5.688s] copying weights/sign.pt -> /home/orin/work/install/object_detection/share/object_detection/weights
[5.688s] /usr/local/lib/python3.10/dist-packages/setuptools/_distutils/dist.py:261: UserWarning: Unknown distribution option: 'tests_require'
[5.689s]   warnings.warn(msg)
[5.783s] creating /home/orin/work/install/object_detection/lib/object_detection/models
[5.784s] copying models/experimental.py -> /home/orin/work/install/object_detection/lib/object_detection/models
[5.784s] copying models/common.py -> /home/orin/work/install/object_detection/lib/object_detection/models
[5.785s] copying models/yolo.py -> /home/orin/work/install/object_detection/lib/object_detection/models
[5.785s] creating /home/orin/work/install/object_detection/lib/object_detection/utils
[5.786s] copying utils/general.py -> /home/orin/work/install/object_detection/lib/object_detection/utils
[5.786s] copying utils/torch_utils.py -> /home/orin/work/install/object_detection/lib/object_detection/utils
[5.787s] copying utils/plots.py -> /home/orin/work/install/object_detection/lib/object_detection/utils
[5.788s] copying utils/datasets.py -> /home/orin/work/install/object_detection/lib/object_detection/utils
[5.788s] copying utils/google_utils.py -> /home/orin/work/install/object_detection/lib/object_detection/utils
[5.789s] copying utils/activations.py -> /home/orin/work/install/object_detection/lib/object_detection/utils
[5.790s] copying utils/add_nms.py -> /home/orin/work/install/object_detection/lib/object_detection/utils
[5.796s] copying utils/autoanchor.py -> /home/orin/work/install/object_detection/lib/object_detection/utils
[5.797s] copying utils/loss.py -> /home/orin/work/install/object_detection/lib/object_detection/utils
[5.797s] copying utils/metrics.py -> /home/orin/work/install/object_detection/lib/object_detection/utils
[5.798s] running install_egg_info
[5.832s] Copying ../../../build/object_detection/object_detection.egg-info to /home/orin/work/install/object_detection/lib/python3.10/site-packages/object_detection-0.0.0-py3.10.egg-info
[5.834s] running install_scripts
[6.144s] Installing object_detection script to /home/orin/work/install/object_detection/lib/object_detection
[6.145s] writing list of installed files to '/home/orin/work/build/object_detection/install.log'
[6.233s] Invoked command in '/home/orin/work/src/detect/object_detection' returned '0': PYTHONPATH=/home/orin/work/build/object_detection/prefix_override:/usr/lib/python3/dist-packages/colcon_core/task/python/colcon_distutils_commands:/home/orin/work/install/object_detection/lib/python3.10/site-packages:${PYTHONPATH} /usr/bin/python3 -W ignore:setup.py install is deprecated -W ignore:easy_install command is deprecated setup.py egg_info --egg-base ../../../build/object_detection build --build-base /home/orin/work/build/object_detection/build install --record /home/orin/work/build/object_detection/install.log --single-version-externally-managed install_data
