[5.160s] Invoking command in '/home/orin/work/src/camera': PYTHONPATH=/home/orin/work/build/camera/prefix_override:/usr/lib/python3/dist-packages/colcon_core/task/python/colcon_distutils_commands:/home/orin/work/install/camera/lib/python3.10/site-packages:${PYTHONPATH} /usr/bin/python3 -W ignore:setup.py install is deprecated -W ignore:easy_install command is deprecated setup.py egg_info --egg-base ../../build/camera build --build-base /home/orin/work/build/camera/build install --record /home/orin/work/build/camera/install.log --single-version-externally-managed install_data
[5.580s] /usr/local/lib/python3.10/dist-packages/setuptools/_distutils/dist.py:261: UserWarning: Unknown distribution option: 'tests_require'
[5.581s]   warnings.warn(msg)
[5.817s] running egg_info
[5.857s] writing ../../build/camera/camera.egg-info/PKG-INFO
[5.858s] writing dependency_links to ../../build/camera/camera.egg-info/dependency_links.txt
[5.859s] writing entry points to ../../build/camera/camera.egg-info/entry_points.txt
[5.859s] writing requirements to ../../build/camera/camera.egg-info/requires.txt
[5.859s] writing top-level names to ../../build/camera/camera.egg-info/top_level.txt
[5.943s] reading manifest file '../../build/camera/camera.egg-info/SOURCES.txt'
[5.946s] writing manifest file '../../build/camera/camera.egg-info/SOURCES.txt'
[5.946s] running build
[5.946s] running build_py
[5.950s] copying camera/take_image.py -> /home/orin/work/build/camera/build/lib/camera
[5.953s] copying camera/video_pub.py -> /home/orin/work/build/camera/build/lib/camera
[5.953s] copying camera/image_pub.py -> /home/orin/work/build/camera/build/lib/camera
[5.953s] copying camera/__init__.py -> /home/orin/work/build/camera/build/lib/camera
[5.953s] copying camera/camera.py -> /home/orin/work/build/camera/build/lib/camera
[5.953s] copying camera/H65_camera.py -> /home/orin/work/build/camera/build/lib/camera
[5.953s] copying camera/camera_compress.py -> /home/orin/work/build/camera/build/lib/camera
[5.954s] running install
[5.964s] running install_lib
[6.015s] running install_data
[6.015s] copying resource/camera -> /home/orin/work/install/camera/share/ament_index/resource_index/packages
[6.015s] copying package.xml -> /home/orin/work/install/camera/share/camera
[6.015s] running install_egg_info
[6.052s] removing '/home/orin/work/install/camera/lib/python3.10/site-packages/camera-0.0.0-py3.10.egg-info' (and everything under it)
[6.052s] Copying ../../build/camera/camera.egg-info to /home/orin/work/install/camera/lib/python3.10/site-packages/camera-0.0.0-py3.10.egg-info
[6.056s] running install_scripts
[6.395s] Installing H65_camera script to /home/orin/work/install/camera/lib/camera
[6.395s] Installing camera script to /home/orin/work/install/camera/lib/camera
[6.396s] Installing camera_compress script to /home/orin/work/install/camera/lib/camera
[6.396s] Installing image_pub script to /home/orin/work/install/camera/lib/camera
[6.396s] Installing take_image script to /home/orin/work/install/camera/lib/camera
[6.397s] Installing video_pub script to /home/orin/work/install/camera/lib/camera
[6.398s] writing list of installed files to '/home/orin/work/build/camera/install.log'
[6.509s] Invoked command in '/home/orin/work/src/camera' returned '0': PYTHONPATH=/home/orin/work/build/camera/prefix_override:/usr/lib/python3/dist-packages/colcon_core/task/python/colcon_distutils_commands:/home/orin/work/install/camera/lib/python3.10/site-packages:${PYTHONPATH} /usr/bin/python3 -W ignore:setup.py install is deprecated -W ignore:easy_install command is deprecated setup.py egg_info --egg-base ../../build/camera build --build-base /home/orin/work/build/camera/build install --record /home/orin/work/build/camera/install.log --single-version-externally-managed install_data
