[4.782s] Invoking command in '/home/orin/work/src/control': PYTHONPATH=/home/orin/work/build/control/prefix_override:/usr/lib/python3/dist-packages/colcon_core/task/python/colcon_distutils_commands:/home/orin/work/install/control/lib/python3.10/site-packages:${PYTHONPATH} /usr/bin/python3 -W ignore:setup.py install is deprecated -W ignore:easy_install command is deprecated setup.py egg_info --egg-base ../../build/control build --build-base /home/orin/work/build/control/build install --record /home/orin/work/build/control/install.log --single-version-externally-managed install_data
[5.220s] /usr/local/lib/python3.10/dist-packages/setuptools/_distutils/dist.py:261: UserWarning: Unknown distribution option: 'tests_require'
[5.220s]   warnings.warn(msg)
[5.469s] running egg_info
[5.510s] writing ../../build/control/control.egg-info/PKG-INFO
[5.511s] writing dependency_links to ../../build/control/control.egg-info/dependency_links.txt
[5.511s] writing entry points to ../../build/control/control.egg-info/entry_points.txt
[5.512s] writing requirements to ../../build/control/control.egg-info/requires.txt
[5.513s] writing top-level names to ../../build/control/control.egg-info/top_level.txt
[5.597s] reading manifest file '../../build/control/control.egg-info/SOURCES.txt'
[5.600s] writing manifest file '../../build/control/control.egg-info/SOURCES.txt'
[5.601s] running build
[5.601s] running build_py
[5.601s] copying control/control_pack.py -> /home/orin/work/build/control/build/lib/control
[5.602s] copying control/control_avoidance_v2.py -> /home/orin/work/build/control/build/lib/control
[5.603s] copying control/__init__.py -> /home/orin/work/build/control/build/lib/control
[5.603s] copying control/control_auto_avoidance.py -> /home/orin/work/build/control/build/lib/control
[5.604s] copying control/control_lane.py -> /home/orin/work/build/control/build/lib/control
[5.604s] copying control/navigation_controller.py -> /home/orin/work/build/control/build/lib/control
[5.605s] copying control/control_pack_v2.py -> /home/orin/work/build/control/build/lib/control
[5.606s] running install
[5.617s] running install_lib
[5.659s] copying /home/orin/work/build/control/build/lib/control/navigation_controller.py -> /home/orin/work/install/control/lib/python3.10/site-packages/control
[5.661s] byte-compiling /home/orin/work/install/control/lib/python3.10/site-packages/control/navigation_controller.py to navigation_controller.cpython-310.pyc
[5.662s] running install_data
[5.663s] copying resource/control -> /home/orin/work/install/control/share/ament_index/resource_index/packages
[5.664s] copying package.xml -> /home/orin/work/install/control/share/control
[5.665s] copying launch/avoidance_launch.py -> /home/orin/work/install/control/share/control/launch
[5.665s] copying launch/parking_launch.py -> /home/orin/work/install/control/share/control/launch
[5.666s] running install_egg_info
[5.710s] removing '/home/orin/work/install/control/lib/python3.10/site-packages/control-0.0.0-py3.10.egg-info' (and everything under it)
[5.711s] Copying ../../build/control/control.egg-info to /home/orin/work/install/control/lib/python3.10/site-packages/control-0.0.0-py3.10.egg-info
[5.714s] running install_scripts
[6.047s] Installing control_auto_avoidance script to /home/orin/work/install/control/lib/control
[6.048s] Installing control_avoidance script to /home/orin/work/install/control/lib/control
[6.049s] Installing control_avoidance_2 script to /home/orin/work/install/control/lib/control
[6.049s] Installing control_lane script to /home/orin/work/install/control/lib/control
[6.050s] Installing control_pack script to /home/orin/work/install/control/lib/control
[6.051s] Installing control_pack_2 script to /home/orin/work/install/control/lib/control
[6.051s] Installing navigation_controller script to /home/orin/work/install/control/lib/control
[6.052s] writing list of installed files to '/home/orin/work/build/control/install.log'
[6.177s] Invoked command in '/home/orin/work/src/control' returned '0': PYTHONPATH=/home/orin/work/build/control/prefix_override:/usr/lib/python3/dist-packages/colcon_core/task/python/colcon_distutils_commands:/home/orin/work/install/control/lib/python3.10/site-packages:${PYTHONPATH} /usr/bin/python3 -W ignore:setup.py install is deprecated -W ignore:easy_install command is deprecated setup.py egg_info --egg-base ../../build/control build --build-base /home/orin/work/build/control/build install --record /home/orin/work/build/control/install.log --single-version-externally-managed install_data
