[4.681s] Invoking command in '/home/orin/work/src/detect/object_detection': PYTHONPATH=/home/orin/work/build/object_detection/prefix_override:/usr/lib/python3/dist-packages/colcon_core/task/python/colcon_distutils_commands:/home/orin/work/install/object_detection/lib/python3.10/site-packages:${PYTHONPATH} /usr/bin/python3 -W ignore:setup.py install is deprecated -W ignore:easy_install command is deprecated setup.py egg_info --egg-base ../../../build/object_detection build --build-base /home/orin/work/build/object_detection/build install --record /home/orin/work/build/object_detection/install.log --single-version-externally-managed install_data
[5.086s] /usr/local/lib/python3.10/dist-packages/setuptools/_distutils/dist.py:261: UserWarning: Unknown distribution option: 'tests_require'
[5.086s]   warnings.warn(msg)
[5.333s] running egg_info
[5.373s] writing ../../../build/object_detection/object_detection.egg-info/PKG-INFO
[5.374s] writing dependency_links to ../../../build/object_detection/object_detection.egg-info/dependency_links.txt
[5.375s] writing entry points to ../../../build/object_detection/object_detection.egg-info/entry_points.txt
[5.375s] writing requirements to ../../../build/object_detection/object_detection.egg-info/requires.txt
[5.375s] writing top-level names to ../../../build/object_detection/object_detection.egg-info/top_level.txt
[5.460s] reading manifest file '../../../build/object_detection/object_detection.egg-info/SOURCES.txt'
[5.464s] writing manifest file '../../../build/object_detection/object_detection.egg-info/SOURCES.txt'
[5.464s] running build
[5.464s] running build_py
[5.465s] copying object_detection/__init__.py -> /home/orin/work/build/object_detection/build/lib/object_detection
[5.465s] copying object_detection/object_detection.py -> /home/orin/work/build/object_detection/build/lib/object_detection
[5.467s] running install
[5.477s] running install_lib
[5.520s] running install_data
[5.523s] copying resource/object_detection -> /home/orin/work/install/object_detection/share/ament_index/resource_index/packages
[5.523s] copying package.xml -> /home/orin/work/install/object_detection/share/object_detection
[5.523s] copying launch/object_detection_launch.py -> /home/orin/work/install/object_detection/share/object_detection/launch
[5.524s] copying weights/yolov7-tiny.pt -> /home/orin/work/install/object_detection/share/object_detection/weights
[5.560s] copying weights/yolov7.pt -> /home/orin/work/install/object_detection/share/object_detection/weights
[5.756s] copying weights/best.pt -> /home/orin/work/install/object_detection/share/object_detection/weights
[5.949s] copying weights/sign.pt -> /home/orin/work/install/object_detection/share/object_detection/weights
[6.151s] copying models/experimental.py -> /home/orin/work/install/object_detection/lib/object_detection/models
[6.151s] copying models/common.py -> /home/orin/work/install/object_detection/lib/object_detection/models
[6.153s] copying models/yolo.py -> /home/orin/work/install/object_detection/lib/object_detection/models
[6.154s] copying utils/general.py -> /home/orin/work/install/object_detection/lib/object_detection/utils
[6.155s] copying utils/torch_utils.py -> /home/orin/work/install/object_detection/lib/object_detection/utils
[6.155s] copying utils/plots.py -> /home/orin/work/install/object_detection/lib/object_detection/utils
[6.156s] copying utils/datasets.py -> /home/orin/work/install/object_detection/lib/object_detection/utils
[6.157s] copying utils/google_utils.py -> /home/orin/work/install/object_detection/lib/object_detection/utils
[6.157s] copying utils/activations.py -> /home/orin/work/install/object_detection/lib/object_detection/utils
[6.158s] copying utils/add_nms.py -> /home/orin/work/install/object_detection/lib/object_detection/utils
[6.158s] copying utils/autoanchor.py -> /home/orin/work/install/object_detection/lib/object_detection/utils
[6.159s] copying utils/loss.py -> /home/orin/work/install/object_detection/lib/object_detection/utils
[6.160s] copying utils/metrics.py -> /home/orin/work/install/object_detection/lib/object_detection/utils
[6.160s] running install_egg_info
[6.202s] removing '/home/orin/work/install/object_detection/lib/python3.10/site-packages/object_detection-0.0.0-py3.10.egg-info' (and everything under it)
[6.203s] Copying ../../../build/object_detection/object_detection.egg-info to /home/orin/work/install/object_detection/lib/python3.10/site-packages/object_detection-0.0.0-py3.10.egg-info
[6.205s] running install_scripts
[6.516s] Installing object_detection script to /home/orin/work/install/object_detection/lib/object_detection
[6.517s] writing list of installed files to '/home/orin/work/build/object_detection/install.log'
[6.592s] Invoked command in '/home/orin/work/src/detect/object_detection' returned '0': PYTHONPATH=/home/orin/work/build/object_detection/prefix_override:/usr/lib/python3/dist-packages/colcon_core/task/python/colcon_distutils_commands:/home/orin/work/install/object_detection/lib/python3.10/site-packages:${PYTHONPATH} /usr/bin/python3 -W ignore:setup.py install is deprecated -W ignore:easy_install command is deprecated setup.py egg_info --egg-base ../../../build/object_detection build --build-base /home/orin/work/build/object_detection/build install --record /home/orin/work/build/object_detection/install.log --single-version-externally-managed install_data
