[0.152s] Invoking command in '/home/orin/work/build/dynamixel_sdk_examples': CMAKE_PREFIX_PATH=/home/orin/work/install/dynamixel_sdk_custom_interfaces:/home/orin/work/install/dynamixel_sdk:/home/orin/work/install/turtlebot3:/home/orin/work/install/turtlebot3_bringup:/home/orin/work/install/turtlebot3_node:/home/orin/work/install/turtlebot3_navigation2:/home/orin/work/install/turtlebot3_msgs:/home/orin/work/install/turtlebot3_description:/home/orin/work/install/turtlebot3_cartographer:/home/orin/work/install/rplidar_ros:/home/orin/work/install/dynamixel_sdk_examples:/home/orin/work/install/detect_interfaces:/home/orin/DynamixelSDK/c++/install:/home/orin/work/install/turtlebot3_teleop:/home/orin/work/install/turtlebot3_example:/home/orin/work/install/object_detection:/home/orin/work/install/detect_lane:/home/orin/work/install/control:/home/orin/work/install/camera:/opt/ros/humble LD_LIBRARY_PATH=/home/orin/work/install/dynamixel_sdk_custom_interfaces/lib:/home/orin/work/install/dynamixel_sdk/lib:/home/orin/work/install/turtlebot3_msgs/lib:/home/orin/work/install/detect_interfaces/lib:/opt/ros/humble/opt/rviz_ogre_vendor/lib:/opt/ros/humble/lib/aarch64-linux-gnu:/opt/ros/humble/lib:/usr/local/cuda/compat:/usr/local/cuda/lib64 /usr/local/bin/cmake /home/orin/work/src/utils/DynamixelSDK/dynamixel_sdk_examples -DCMAKE_INSTALL_PREFIX=/home/orin/work/install/dynamixel_sdk_examples
[0.818s] -- The C compiler identification is GNU 11.4.0
[1.010s] -- The CXX compiler identification is GNU 11.4.0
[1.059s] -- Detecting C compiler ABI info
[1.262s] -- Detecting C compiler ABI info - done
[1.349s] -- Check for working C compiler: /usr/bin/cc - skipped
[1.350s] -- Detecting C compile features
[1.350s] -- Detecting C compile features - done
[1.368s] -- Detecting CXX compiler ABI info
[1.641s] -- Detecting CXX compiler ABI info - done
[1.669s] -- Check for working CXX compiler: /usr/bin/c++ - skipped
[1.671s] -- Detecting CXX compile features
[1.672s] -- Detecting CXX compile features - done
[1.680s] -- Found ament_cmake: 1.3.11 (/opt/ros/humble/share/ament_cmake/cmake)
[2.042s] -- Found Python3: /usr/local/bin/python3 (found version "3.10.12") found components: Interpreter
[2.286s] -- Found dynamixel_sdk: 3.7.60 (/home/orin/work/install/dynamixel_sdk/share/dynamixel_sdk/cmake)
[2.290s] -- Found dynamixel_sdk_custom_interfaces: 3.7.60 (/home/orin/work/install/dynamixel_sdk_custom_interfaces/share/dynamixel_sdk_custom_interfaces/cmake)
[2.392s] -- Found rosidl_generator_c: 3.1.6 (/opt/ros/humble/share/rosidl_generator_c/cmake)
[2.408s] -- Found rosidl_adapter: 3.1.6 (/opt/ros/humble/share/rosidl_adapter/cmake)
[2.433s] -- Found rosidl_generator_cpp: 3.1.6 (/opt/ros/humble/share/rosidl_generator_cpp/cmake)
[2.470s] -- Using all available rosidl_typesupport_c: rosidl_typesupport_fastrtps_c;rosidl_typesupport_introspection_c
[2.518s] -- Using all available rosidl_typesupport_cpp: rosidl_typesupport_fastrtps_cpp;rosidl_typesupport_introspection_cpp
[2.595s] -- Found rclcpp: 16.0.11 (/opt/ros/humble/share/rclcpp/cmake)
[2.710s] -- Found rmw_implementation_cmake: 6.1.2 (/opt/ros/humble/share/rmw_implementation_cmake/cmake)
[2.719s] -- Found rmw_cyclonedds_cpp: 1.3.4 (/opt/ros/humble/share/rmw_cyclonedds_cpp/cmake)
[2.788s] -- Using RMW implementation 'rmw_cyclonedds_cpp' as default
[2.814s] -- Performing Test CMAKE_HAVE_LIBC_PTHREAD
[2.951s] -- Performing Test CMAKE_HAVE_LIBC_PTHREAD - Success
[2.953s] -- Found Threads: TRUE
[3.102s] -- Found ament_lint_auto: 0.12.11 (/opt/ros/humble/share/ament_lint_auto/cmake)
[3.314s] -- Added test 'copyright' to check source files copyright and LICENSE
[3.318s] -- Added test 'cppcheck' to perform static code analysis on C / C++ code
[3.319s] -- Configured cppcheck include dirs: /home/orin/work/src/utils/DynamixelSDK/dynamixel_sdk_examples/include
[3.319s] -- Configured cppcheck exclude dirs and/or files: 
[3.322s] -- Added test 'cpplint' to check C / C++ code against the Google style
[3.322s] -- Configured cpplint exclude dirs and/or files: 
[3.325s] -- Added test 'lint_cmake' to check CMake code style
[3.329s] -- Added test 'uncrustify' to check C / C++ code style
[3.329s] -- Configured uncrustify additional arguments: 
[3.331s] -- Added test 'xmllint' to check XML markup files
[3.337s] -- Configuring done (2.8s)
[3.369s] -- Generating done (0.0s)
[3.374s] -- Build files have been written to: /home/orin/work/build/dynamixel_sdk_examples
[3.431s] Invoked command in '/home/orin/work/build/dynamixel_sdk_examples' returned '0': CMAKE_PREFIX_PATH=/home/orin/work/install/dynamixel_sdk_custom_interfaces:/home/orin/work/install/dynamixel_sdk:/home/orin/work/install/turtlebot3:/home/orin/work/install/turtlebot3_bringup:/home/orin/work/install/turtlebot3_node:/home/orin/work/install/turtlebot3_navigation2:/home/orin/work/install/turtlebot3_msgs:/home/orin/work/install/turtlebot3_description:/home/orin/work/install/turtlebot3_cartographer:/home/orin/work/install/rplidar_ros:/home/orin/work/install/dynamixel_sdk_examples:/home/orin/work/install/detect_interfaces:/home/orin/DynamixelSDK/c++/install:/home/orin/work/install/turtlebot3_teleop:/home/orin/work/install/turtlebot3_example:/home/orin/work/install/object_detection:/home/orin/work/install/detect_lane:/home/orin/work/install/control:/home/orin/work/install/camera:/opt/ros/humble LD_LIBRARY_PATH=/home/orin/work/install/dynamixel_sdk_custom_interfaces/lib:/home/orin/work/install/dynamixel_sdk/lib:/home/orin/work/install/turtlebot3_msgs/lib:/home/orin/work/install/detect_interfaces/lib:/opt/ros/humble/opt/rviz_ogre_vendor/lib:/opt/ros/humble/lib/aarch64-linux-gnu:/opt/ros/humble/lib:/usr/local/cuda/compat:/usr/local/cuda/lib64 /usr/local/bin/cmake /home/orin/work/src/utils/DynamixelSDK/dynamixel_sdk_examples -DCMAKE_INSTALL_PREFIX=/home/orin/work/install/dynamixel_sdk_examples
[3.434s] Invoking command in '/home/orin/work/build/dynamixel_sdk_examples': CMAKE_PREFIX_PATH=/home/orin/work/install/dynamixel_sdk_custom_interfaces:/home/orin/work/install/dynamixel_sdk:/home/orin/work/install/turtlebot3:/home/orin/work/install/turtlebot3_bringup:/home/orin/work/install/turtlebot3_node:/home/orin/work/install/turtlebot3_navigation2:/home/orin/work/install/turtlebot3_msgs:/home/orin/work/install/turtlebot3_description:/home/orin/work/install/turtlebot3_cartographer:/home/orin/work/install/rplidar_ros:/home/orin/work/install/dynamixel_sdk_examples:/home/orin/work/install/detect_interfaces:/home/orin/DynamixelSDK/c++/install:/home/orin/work/install/turtlebot3_teleop:/home/orin/work/install/turtlebot3_example:/home/orin/work/install/object_detection:/home/orin/work/install/detect_lane:/home/orin/work/install/control:/home/orin/work/install/camera:/opt/ros/humble LD_LIBRARY_PATH=/home/orin/work/install/dynamixel_sdk_custom_interfaces/lib:/home/orin/work/install/dynamixel_sdk/lib:/home/orin/work/install/turtlebot3_msgs/lib:/home/orin/work/install/detect_interfaces/lib:/opt/ros/humble/opt/rviz_ogre_vendor/lib:/opt/ros/humble/lib/aarch64-linux-gnu:/opt/ros/humble/lib:/usr/local/cuda/compat:/usr/local/cuda/lib64 /usr/local/bin/cmake --build /home/orin/work/build/dynamixel_sdk_examples -- -j12 -l12
[3.639s] [ 50%] [32mBuilding CXX object CMakeFiles/read_write_node.dir/src/read_write_node.cpp.o[0m
[25.775s] [100%] [32m[1mLinking CXX executable read_write_node[0m
[26.580s] [100%] Built target read_write_node
[26.623s] Invoked command in '/home/orin/work/build/dynamixel_sdk_examples' returned '0': CMAKE_PREFIX_PATH=/home/orin/work/install/dynamixel_sdk_custom_interfaces:/home/orin/work/install/dynamixel_sdk:/home/orin/work/install/turtlebot3:/home/orin/work/install/turtlebot3_bringup:/home/orin/work/install/turtlebot3_node:/home/orin/work/install/turtlebot3_navigation2:/home/orin/work/install/turtlebot3_msgs:/home/orin/work/install/turtlebot3_description:/home/orin/work/install/turtlebot3_cartographer:/home/orin/work/install/rplidar_ros:/home/orin/work/install/dynamixel_sdk_examples:/home/orin/work/install/detect_interfaces:/home/orin/DynamixelSDK/c++/install:/home/orin/work/install/turtlebot3_teleop:/home/orin/work/install/turtlebot3_example:/home/orin/work/install/object_detection:/home/orin/work/install/detect_lane:/home/orin/work/install/control:/home/orin/work/install/camera:/opt/ros/humble LD_LIBRARY_PATH=/home/orin/work/install/dynamixel_sdk_custom_interfaces/lib:/home/orin/work/install/dynamixel_sdk/lib:/home/orin/work/install/turtlebot3_msgs/lib:/home/orin/work/install/detect_interfaces/lib:/opt/ros/humble/opt/rviz_ogre_vendor/lib:/opt/ros/humble/lib/aarch64-linux-gnu:/opt/ros/humble/lib:/usr/local/cuda/compat:/usr/local/cuda/lib64 /usr/local/bin/cmake --build /home/orin/work/build/dynamixel_sdk_examples -- -j12 -l12
[26.627s] Invoking command in '/home/orin/work/build/dynamixel_sdk_examples': CMAKE_PREFIX_PATH=/home/orin/work/install/dynamixel_sdk_custom_interfaces:/home/orin/work/install/dynamixel_sdk:/home/orin/work/install/turtlebot3:/home/orin/work/install/turtlebot3_bringup:/home/orin/work/install/turtlebot3_node:/home/orin/work/install/turtlebot3_navigation2:/home/orin/work/install/turtlebot3_msgs:/home/orin/work/install/turtlebot3_description:/home/orin/work/install/turtlebot3_cartographer:/home/orin/work/install/rplidar_ros:/home/orin/work/install/dynamixel_sdk_examples:/home/orin/work/install/detect_interfaces:/home/orin/DynamixelSDK/c++/install:/home/orin/work/install/turtlebot3_teleop:/home/orin/work/install/turtlebot3_example:/home/orin/work/install/object_detection:/home/orin/work/install/detect_lane:/home/orin/work/install/control:/home/orin/work/install/camera:/opt/ros/humble LD_LIBRARY_PATH=/home/orin/work/install/dynamixel_sdk_custom_interfaces/lib:/home/orin/work/install/dynamixel_sdk/lib:/home/orin/work/install/turtlebot3_msgs/lib:/home/orin/work/install/detect_interfaces/lib:/opt/ros/humble/opt/rviz_ogre_vendor/lib:/opt/ros/humble/lib/aarch64-linux-gnu:/opt/ros/humble/lib:/usr/local/cuda/compat:/usr/local/cuda/lib64 /usr/local/bin/cmake --install /home/orin/work/build/dynamixel_sdk_examples
[26.788s] -- Install configuration: ""
[26.788s] -- Installing: /home/orin/work/install/dynamixel_sdk_examples/lib/dynamixel_sdk_examples/read_write_node
[26.796s] -- Set non-toolchain portion of runtime path of "/home/orin/work/install/dynamixel_sdk_examples/lib/dynamixel_sdk_examples/read_write_node" to ""
[26.796s] -- Installing: /home/orin/work/install/dynamixel_sdk_examples/share/ament_index/resource_index/package_run_dependencies/dynamixel_sdk_examples
[26.796s] -- Installing: /home/orin/work/install/dynamixel_sdk_examples/share/ament_index/resource_index/parent_prefix_path/dynamixel_sdk_examples
[26.797s] -- Installing: /home/orin/work/install/dynamixel_sdk_examples/share/dynamixel_sdk_examples/environment/ament_prefix_path.sh
[26.797s] -- Installing: /home/orin/work/install/dynamixel_sdk_examples/share/dynamixel_sdk_examples/environment/ament_prefix_path.dsv
[26.797s] -- Installing: /home/orin/work/install/dynamixel_sdk_examples/share/dynamixel_sdk_examples/environment/path.sh
[26.798s] -- Installing: /home/orin/work/install/dynamixel_sdk_examples/share/dynamixel_sdk_examples/environment/path.dsv
[26.798s] -- Installing: /home/orin/work/install/dynamixel_sdk_examples/share/dynamixel_sdk_examples/local_setup.bash
[26.798s] -- Installing: /home/orin/work/install/dynamixel_sdk_examples/share/dynamixel_sdk_examples/local_setup.sh
[26.799s] -- Installing: /home/orin/work/install/dynamixel_sdk_examples/share/dynamixel_sdk_examples/local_setup.zsh
[26.799s] -- Installing: /home/orin/work/install/dynamixel_sdk_examples/share/dynamixel_sdk_examples/local_setup.dsv
[26.799s] -- Installing: /home/orin/work/install/dynamixel_sdk_examples/share/dynamixel_sdk_examples/package.dsv
[26.800s] -- Installing: /home/orin/work/install/dynamixel_sdk_examples/share/ament_index/resource_index/packages/dynamixel_sdk_examples
[26.800s] -- Installing: /home/orin/work/install/dynamixel_sdk_examples/share/dynamixel_sdk_examples/cmake/dynamixel_sdk_examplesConfig.cmake
[26.800s] -- Installing: /home/orin/work/install/dynamixel_sdk_examples/share/dynamixel_sdk_examples/cmake/dynamixel_sdk_examplesConfig-version.cmake
[26.801s] -- Installing: /home/orin/work/install/dynamixel_sdk_examples/share/dynamixel_sdk_examples/package.xml
[26.836s] Invoked command in '/home/orin/work/build/dynamixel_sdk_examples' returned '0': CMAKE_PREFIX_PATH=/home/orin/work/install/dynamixel_sdk_custom_interfaces:/home/orin/work/install/dynamixel_sdk:/home/orin/work/install/turtlebot3:/home/orin/work/install/turtlebot3_bringup:/home/orin/work/install/turtlebot3_node:/home/orin/work/install/turtlebot3_navigation2:/home/orin/work/install/turtlebot3_msgs:/home/orin/work/install/turtlebot3_description:/home/orin/work/install/turtlebot3_cartographer:/home/orin/work/install/rplidar_ros:/home/orin/work/install/dynamixel_sdk_examples:/home/orin/work/install/detect_interfaces:/home/orin/DynamixelSDK/c++/install:/home/orin/work/install/turtlebot3_teleop:/home/orin/work/install/turtlebot3_example:/home/orin/work/install/object_detection:/home/orin/work/install/detect_lane:/home/orin/work/install/control:/home/orin/work/install/camera:/opt/ros/humble LD_LIBRARY_PATH=/home/orin/work/install/dynamixel_sdk_custom_interfaces/lib:/home/orin/work/install/dynamixel_sdk/lib:/home/orin/work/install/turtlebot3_msgs/lib:/home/orin/work/install/detect_interfaces/lib:/opt/ros/humble/opt/rviz_ogre_vendor/lib:/opt/ros/humble/lib/aarch64-linux-gnu:/opt/ros/humble/lib:/usr/local/cuda/compat:/usr/local/cuda/lib64 /usr/local/bin/cmake --install /home/orin/work/build/dynamixel_sdk_examples
