[0.480s] Invoking command in '/home/orin/work/build/dynamixel_sdk': CMAKE_PREFIX_PATH=${CMAKE_PREFIX_PATH}:/home/orin/work/install/turtlebot3_teleop:/home/orin/work/install/turtlebot3_example:/home/orin/work/install/object_detection:/home/orin/work/install/detect_lane:/home/orin/work/install/core:/home/orin/work/install/control:/home/orin/work/install/camera:/opt/ros/humble /usr/local/bin/cmake --build /home/orin/work/build/dynamixel_sdk -- -j12 -l12
[4.123s] [100%] Built target dynamixel_sdk
[4.194s] Invoked command in '/home/orin/work/build/dynamixel_sdk' returned '0': CMAKE_PREFIX_PATH=${CMAKE_PREFIX_PATH}:/home/orin/work/install/turtlebot3_teleop:/home/orin/work/install/turtlebot3_example:/home/orin/work/install/object_detection:/home/orin/work/install/detect_lane:/home/orin/work/install/core:/home/orin/work/install/control:/home/orin/work/install/camera:/opt/ros/humble /usr/local/bin/cmake --build /home/orin/work/build/dynamixel_sdk -- -j12 -l12
[4.416s] Invoking command in '/home/orin/work/build/dynamixel_sdk': CMAKE_PREFIX_PATH=${CMAKE_PREFIX_PATH}:/home/orin/work/install/turtlebot3_teleop:/home/orin/work/install/turtlebot3_example:/home/orin/work/install/object_detection:/home/orin/work/install/detect_lane:/home/orin/work/install/core:/home/orin/work/install/control:/home/orin/work/install/camera:/opt/ros/humble /usr/local/bin/cmake --install /home/orin/work/build/dynamixel_sdk
[5.290s] -- Install configuration: ""
[5.290s] -- Up-to-date: /home/orin/work/install/dynamixel_sdk/include/
[5.290s] -- Up-to-date: /home/orin/work/install/dynamixel_sdk/include//dynamixel_sdk
[5.290s] -- Up-to-date: /home/orin/work/install/dynamixel_sdk/include//dynamixel_sdk/group_sync_write.h
[5.291s] -- Up-to-date: /home/orin/work/install/dynamixel_sdk/include//dynamixel_sdk/port_handler_windows.h
[5.291s] -- Up-to-date: /home/orin/work/install/dynamixel_sdk/include//dynamixel_sdk/protocol2_packet_handler.h
[5.291s] -- Up-to-date: /home/orin/work/install/dynamixel_sdk/include//dynamixel_sdk/dynamixel_sdk.h
[5.291s] -- Up-to-date: /home/orin/work/install/dynamixel_sdk/include//dynamixel_sdk/port_handler.h
[5.291s] -- Up-to-date: /home/orin/work/install/dynamixel_sdk/include//dynamixel_sdk/port_handler_linux.h
[5.291s] -- Up-to-date: /home/orin/work/install/dynamixel_sdk/include//dynamixel_sdk/port_handler_mac.h
[5.291s] -- Up-to-date: /home/orin/work/install/dynamixel_sdk/include//dynamixel_sdk/protocol1_packet_handler.h
[5.292s] -- Up-to-date: /home/orin/work/install/dynamixel_sdk/include//dynamixel_sdk/group_bulk_read.h
[5.292s] -- Up-to-date: /home/orin/work/install/dynamixel_sdk/include//dynamixel_sdk/port_handler_arduino.h
[5.292s] -- Up-to-date: /home/orin/work/install/dynamixel_sdk/include//dynamixel_sdk/group_bulk_write.h
[5.292s] -- Up-to-date: /home/orin/work/install/dynamixel_sdk/include//dynamixel_sdk/group_sync_read.h
[5.292s] -- Up-to-date: /home/orin/work/install/dynamixel_sdk/include//dynamixel_sdk/packet_handler.h
[5.292s] -- Up-to-date: /home/orin/work/install/dynamixel_sdk/lib/libdynamixel_sdk.so
[5.292s] -- Up-to-date: /home/orin/work/install/dynamixel_sdk/share/dynamixel_sdk/environment/library_path.sh
[5.292s] -- Up-to-date: /home/orin/work/install/dynamixel_sdk/share/dynamixel_sdk/environment/library_path.dsv
[5.292s] -- Up-to-date: /home/orin/work/install/dynamixel_sdk/share/ament_index/resource_index/package_run_dependencies/dynamixel_sdk
[5.293s] -- Up-to-date: /home/orin/work/install/dynamixel_sdk/share/ament_index/resource_index/parent_prefix_path/dynamixel_sdk
[5.293s] -- Up-to-date: /home/orin/work/install/dynamixel_sdk/share/dynamixel_sdk/environment/ament_prefix_path.sh
[5.293s] -- Up-to-date: /home/orin/work/install/dynamixel_sdk/share/dynamixel_sdk/environment/ament_prefix_path.dsv
[5.293s] -- Up-to-date: /home/orin/work/install/dynamixel_sdk/share/dynamixel_sdk/environment/path.sh
[5.293s] -- Up-to-date: /home/orin/work/install/dynamixel_sdk/share/dynamixel_sdk/environment/path.dsv
[5.293s] -- Up-to-date: /home/orin/work/install/dynamixel_sdk/share/dynamixel_sdk/local_setup.bash
[5.293s] -- Up-to-date: /home/orin/work/install/dynamixel_sdk/share/dynamixel_sdk/local_setup.sh
[5.293s] -- Up-to-date: /home/orin/work/install/dynamixel_sdk/share/dynamixel_sdk/local_setup.zsh
[5.294s] -- Up-to-date: /home/orin/work/install/dynamixel_sdk/share/dynamixel_sdk/local_setup.dsv
[5.294s] -- Installing: /home/orin/work/install/dynamixel_sdk/share/dynamixel_sdk/package.dsv
[5.294s] -- Up-to-date: /home/orin/work/install/dynamixel_sdk/share/ament_index/resource_index/packages/dynamixel_sdk
[5.294s] -- Up-to-date: /home/orin/work/install/dynamixel_sdk/share/dynamixel_sdk/cmake/ament_cmake_export_include_directories-extras.cmake
[5.294s] -- Up-to-date: /home/orin/work/install/dynamixel_sdk/share/dynamixel_sdk/cmake/ament_cmake_export_libraries-extras.cmake
[5.294s] -- Up-to-date: /home/orin/work/install/dynamixel_sdk/share/dynamixel_sdk/cmake/dynamixel_sdkConfig.cmake
[5.294s] -- Up-to-date: /home/orin/work/install/dynamixel_sdk/share/dynamixel_sdk/cmake/dynamixel_sdkConfig-version.cmake
[5.294s] -- Up-to-date: /home/orin/work/install/dynamixel_sdk/share/dynamixel_sdk/package.xml
[5.748s] Invoked command in '/home/orin/work/build/dynamixel_sdk' returned '0': CMAKE_PREFIX_PATH=${CMAKE_PREFIX_PATH}:/home/orin/work/install/turtlebot3_teleop:/home/orin/work/install/turtlebot3_example:/home/orin/work/install/object_detection:/home/orin/work/install/detect_lane:/home/orin/work/install/core:/home/orin/work/install/control:/home/orin/work/install/camera:/opt/ros/humble /usr/local/bin/cmake --install /home/orin/work/build/dynamixel_sdk
