[2.274s] Invoking command in '/home/orin/work/build/detect_interfaces': CMAKE_PREFIX_PATH=${CMAKE_PREFIX_PATH}:/home/orin/work/install/core:/home/orin/work/install/turtlebot3_teleop:/home/orin/work/install/turtlebot3_example:/home/orin/work/install/object_detection:/home/orin/work/install/detect_lane:/home/orin/work/install/control:/home/orin/work/install/camera:/opt/ros/humble /usr/local/bin/cmake --build /home/orin/work/build/detect_interfaces -- -j12 -l12
[2.834s] [  3%] Built target detect_interfaces__cpp
[2.834s] [ 12%] Built target detect_interfaces__rosidl_generator_c
[2.834s] [ 12%] Built target ament_cmake_python_copy_detect_interfaces
[2.834s] [ 22%] Built target detect_interfaces__rosidl_typesupport_cpp
[2.835s] [ 32%] Built target detect_interfaces__rosidl_typesupport_introspection_c
[2.835s] [ 41%] Built target detect_interfaces__rosidl_typesupport_fastrtps_cpp
[2.835s] [ 51%] Built target detect_interfaces__rosidl_typesupport_c
[2.835s] [ 61%] Built target detect_interfaces__rosidl_typesupport_fastrtps_c
[2.835s] [ 70%] Built target detect_interfaces__rosidl_typesupport_introspection_cpp
[2.835s] [ 70%] Built target detect_interfaces
[2.835s] [ 74%] Built target detect_interfaces__py
[2.835s] [ 80%] Built target detect_interfaces__rosidl_generator_py
[2.835s] [ 87%] Built target detect_interfaces__rosidl_typesupport_introspection_c__pyext
[2.836s] [100%] Built target detect_interfaces__rosidl_typesupport_fastrtps_c__pyext
[2.836s] [100%] Built target detect_interfaces__rosidl_typesupport_c__pyext
[3.028s] running egg_info
[3.068s] writing detect_interfaces.egg-info/PKG-INFO
[3.069s] writing dependency_links to detect_interfaces.egg-info/dependency_links.txt
[3.069s] writing top-level names to detect_interfaces.egg-info/top_level.txt
[3.196s] reading manifest file 'detect_interfaces.egg-info/SOURCES.txt'
[3.197s] writing manifest file 'detect_interfaces.egg-info/SOURCES.txt'
[3.339s] [100%] Built target ament_cmake_python_build_detect_interfaces_egg
[3.568s] Invoked command in '/home/orin/work/build/detect_interfaces' returned '0': CMAKE_PREFIX_PATH=${CMAKE_PREFIX_PATH}:/home/orin/work/install/core:/home/orin/work/install/turtlebot3_teleop:/home/orin/work/install/turtlebot3_example:/home/orin/work/install/object_detection:/home/orin/work/install/detect_lane:/home/orin/work/install/control:/home/orin/work/install/camera:/opt/ros/humble /usr/local/bin/cmake --build /home/orin/work/build/detect_interfaces -- -j12 -l12
[3.572s] Invoking command in '/home/orin/work/build/detect_interfaces': CMAKE_PREFIX_PATH=${CMAKE_PREFIX_PATH}:/home/orin/work/install/core:/home/orin/work/install/turtlebot3_teleop:/home/orin/work/install/turtlebot3_example:/home/orin/work/install/object_detection:/home/orin/work/install/detect_lane:/home/orin/work/install/control:/home/orin/work/install/camera:/opt/ros/humble /usr/local/bin/cmake --install /home/orin/work/build/detect_interfaces
[3.817s] -- Install configuration: ""
[3.818s] -- Up-to-date: /home/orin/work/install/detect_interfaces/share/ament_index/resource_index/rosidl_interfaces/detect_interfaces
[3.818s] -- Up-to-date: /home/orin/work/install/detect_interfaces/include/detect_interfaces/detect_interfaces
[3.818s] -- Up-to-date: /home/orin/work/install/detect_interfaces/include/detect_interfaces/detect_interfaces/msg
[3.818s] -- Up-to-date: /home/orin/work/install/detect_interfaces/include/detect_interfaces/detect_interfaces/msg/rosidl_generator_c__visibility_control.h
[3.818s] -- Up-to-date: /home/orin/work/install/detect_interfaces/include/detect_interfaces/detect_interfaces/msg/detail
[3.818s] -- Up-to-date: /home/orin/work/install/detect_interfaces/include/detect_interfaces/detect_interfaces/msg/detail/bounding_box__functions.c
[3.818s] -- Up-to-date: /home/orin/work/install/detect_interfaces/include/detect_interfaces/detect_interfaces/msg/detail/bounding_box__functions.h
[3.819s] -- Up-to-date: /home/orin/work/install/detect_interfaces/include/detect_interfaces/detect_interfaces/msg/detail/bounding_box__type_support.h
[3.819s] -- Up-to-date: /home/orin/work/install/detect_interfaces/include/detect_interfaces/detect_interfaces/msg/detail/bounding_box__struct.h
[3.819s] -- Up-to-date: /home/orin/work/install/detect_interfaces/include/detect_interfaces/detect_interfaces/msg/bounding_box.h
[3.819s] -- Up-to-date: /home/orin/work/install/detect_interfaces/share/detect_interfaces/environment/library_path.sh
[3.819s] -- Up-to-date: /home/orin/work/install/detect_interfaces/share/detect_interfaces/environment/library_path.dsv
[3.819s] -- Up-to-date: /home/orin/work/install/detect_interfaces/lib/libdetect_interfaces__rosidl_generator_c.so
[3.819s] -- Up-to-date: /home/orin/work/install/detect_interfaces/include/detect_interfaces/detect_interfaces
[3.819s] -- Up-to-date: /home/orin/work/install/detect_interfaces/include/detect_interfaces/detect_interfaces/msg
[3.820s] -- Up-to-date: /home/orin/work/install/detect_interfaces/include/detect_interfaces/detect_interfaces/msg/detail
[3.820s] -- Up-to-date: /home/orin/work/install/detect_interfaces/include/detect_interfaces/detect_interfaces/msg/detail/bounding_box__rosidl_typesupport_fastrtps_c.h
[3.820s] -- Up-to-date: /home/orin/work/install/detect_interfaces/include/detect_interfaces/detect_interfaces/msg/rosidl_typesupport_fastrtps_c__visibility_control.h
[3.820s] -- Up-to-date: /home/orin/work/install/detect_interfaces/lib/libdetect_interfaces__rosidl_typesupport_fastrtps_c.so
[3.820s] -- Up-to-date: /home/orin/work/install/detect_interfaces/include/detect_interfaces/detect_interfaces
[3.820s] -- Up-to-date: /home/orin/work/install/detect_interfaces/include/detect_interfaces/detect_interfaces/msg
[3.820s] -- Up-to-date: /home/orin/work/install/detect_interfaces/include/detect_interfaces/detect_interfaces/msg/detail
[3.820s] -- Up-to-date: /home/orin/work/install/detect_interfaces/include/detect_interfaces/detect_interfaces/msg/detail/bounding_box__traits.hpp
[3.821s] -- Up-to-date: /home/orin/work/install/detect_interfaces/include/detect_interfaces/detect_interfaces/msg/detail/bounding_box__struct.hpp
[3.821s] -- Up-to-date: /home/orin/work/install/detect_interfaces/include/detect_interfaces/detect_interfaces/msg/detail/bounding_box__builder.hpp
[3.821s] -- Up-to-date: /home/orin/work/install/detect_interfaces/include/detect_interfaces/detect_interfaces/msg/detail/bounding_box__type_support.hpp
[3.821s] -- Up-to-date: /home/orin/work/install/detect_interfaces/include/detect_interfaces/detect_interfaces/msg/bounding_box.hpp
[3.821s] -- Up-to-date: /home/orin/work/install/detect_interfaces/include/detect_interfaces/detect_interfaces/msg/rosidl_generator_cpp__visibility_control.hpp
[3.821s] -- Up-to-date: /home/orin/work/install/detect_interfaces/include/detect_interfaces/detect_interfaces
[3.821s] -- Up-to-date: /home/orin/work/install/detect_interfaces/include/detect_interfaces/detect_interfaces/msg
[3.821s] -- Up-to-date: /home/orin/work/install/detect_interfaces/include/detect_interfaces/detect_interfaces/msg/detail
[3.821s] -- Up-to-date: /home/orin/work/install/detect_interfaces/include/detect_interfaces/detect_interfaces/msg/detail/bounding_box__rosidl_typesupport_fastrtps_cpp.hpp
[3.822s] -- Up-to-date: /home/orin/work/install/detect_interfaces/include/detect_interfaces/detect_interfaces/msg/detail/dds_fastrtps
[3.822s] -- Up-to-date: /home/orin/work/install/detect_interfaces/include/detect_interfaces/detect_interfaces/msg/rosidl_typesupport_fastrtps_cpp__visibility_control.h
[3.822s] -- Up-to-date: /home/orin/work/install/detect_interfaces/lib/libdetect_interfaces__rosidl_typesupport_fastrtps_cpp.so
[3.822s] -- Up-to-date: /home/orin/work/install/detect_interfaces/include/detect_interfaces/detect_interfaces
[3.822s] -- Up-to-date: /home/orin/work/install/detect_interfaces/include/detect_interfaces/detect_interfaces/msg
[3.822s] -- Up-to-date: /home/orin/work/install/detect_interfaces/include/detect_interfaces/detect_interfaces/msg/rosidl_typesupport_introspection_c__visibility_control.h
[3.822s] -- Up-to-date: /home/orin/work/install/detect_interfaces/include/detect_interfaces/detect_interfaces/msg/detail
[3.822s] -- Up-to-date: /home/orin/work/install/detect_interfaces/include/detect_interfaces/detect_interfaces/msg/detail/bounding_box__rosidl_typesupport_introspection_c.h
[3.823s] -- Up-to-date: /home/orin/work/install/detect_interfaces/include/detect_interfaces/detect_interfaces/msg/detail/bounding_box__type_support.c
[3.823s] -- Up-to-date: /home/orin/work/install/detect_interfaces/lib/libdetect_interfaces__rosidl_typesupport_introspection_c.so
[3.823s] -- Up-to-date: /home/orin/work/install/detect_interfaces/lib/libdetect_interfaces__rosidl_typesupport_c.so
[3.823s] -- Up-to-date: /home/orin/work/install/detect_interfaces/include/detect_interfaces/detect_interfaces
[3.823s] -- Up-to-date: /home/orin/work/install/detect_interfaces/include/detect_interfaces/detect_interfaces/msg
[3.823s] -- Up-to-date: /home/orin/work/install/detect_interfaces/include/detect_interfaces/detect_interfaces/msg/detail
[3.823s] -- Up-to-date: /home/orin/work/install/detect_interfaces/include/detect_interfaces/detect_interfaces/msg/detail/bounding_box__rosidl_typesupport_introspection_cpp.hpp
[3.823s] -- Up-to-date: /home/orin/work/install/detect_interfaces/include/detect_interfaces/detect_interfaces/msg/detail/bounding_box__type_support.cpp
[3.823s] -- Up-to-date: /home/orin/work/install/detect_interfaces/lib/libdetect_interfaces__rosidl_typesupport_introspection_cpp.so
[3.824s] -- Up-to-date: /home/orin/work/install/detect_interfaces/lib/libdetect_interfaces__rosidl_typesupport_cpp.so
[3.824s] -- Up-to-date: /home/orin/work/install/detect_interfaces/share/detect_interfaces/environment/pythonpath.sh
[3.824s] -- Up-to-date: /home/orin/work/install/detect_interfaces/share/detect_interfaces/environment/pythonpath.dsv
[3.824s] -- Up-to-date: /home/orin/work/install/detect_interfaces/local/lib/python3.10/dist-packages/detect_interfaces-0.0.0-py3.10.egg-info
[3.824s] -- Installing: /home/orin/work/install/detect_interfaces/local/lib/python3.10/dist-packages/detect_interfaces-0.0.0-py3.10.egg-info/PKG-INFO
[3.824s] -- Installing: /home/orin/work/install/detect_interfaces/local/lib/python3.10/dist-packages/detect_interfaces-0.0.0-py3.10.egg-info/top_level.txt
[3.824s] -- Installing: /home/orin/work/install/detect_interfaces/local/lib/python3.10/dist-packages/detect_interfaces-0.0.0-py3.10.egg-info/dependency_links.txt
[3.824s] -- Installing: /home/orin/work/install/detect_interfaces/local/lib/python3.10/dist-packages/detect_interfaces-0.0.0-py3.10.egg-info/SOURCES.txt
[3.825s] -- Up-to-date: /home/orin/work/install/detect_interfaces/local/lib/python3.10/dist-packages/detect_interfaces
[3.825s] -- Up-to-date: /home/orin/work/install/detect_interfaces/local/lib/python3.10/dist-packages/detect_interfaces/detect_interfaces_s__rosidl_typesupport_introspection_c.cpython-310-aarch64-linux-gnu.so
[3.825s] -- Up-to-date: /home/orin/work/install/detect_interfaces/local/lib/python3.10/dist-packages/detect_interfaces/detect_interfaces_s__rosidl_typesupport_fastrtps_c.cpython-310-aarch64-linux-gnu.so
[3.825s] -- Up-to-date: /home/orin/work/install/detect_interfaces/local/lib/python3.10/dist-packages/detect_interfaces/msg
[3.825s] -- Up-to-date: /home/orin/work/install/detect_interfaces/local/lib/python3.10/dist-packages/detect_interfaces/msg/_bounding_box_s.c
[3.825s] -- Up-to-date: /home/orin/work/install/detect_interfaces/local/lib/python3.10/dist-packages/detect_interfaces/msg/__init__.py
[3.825s] -- Up-to-date: /home/orin/work/install/detect_interfaces/local/lib/python3.10/dist-packages/detect_interfaces/msg/_bounding_box.py
[3.825s] -- Up-to-date: /home/orin/work/install/detect_interfaces/local/lib/python3.10/dist-packages/detect_interfaces/_detect_interfaces_s.ep.rosidl_typesupport_c.c
[3.825s] -- Up-to-date: /home/orin/work/install/detect_interfaces/local/lib/python3.10/dist-packages/detect_interfaces/__init__.py
[3.826s] -- Up-to-date: /home/orin/work/install/detect_interfaces/local/lib/python3.10/dist-packages/detect_interfaces/detect_interfaces_s__rosidl_typesupport_c.cpython-310-aarch64-linux-gnu.so
[3.826s] -- Up-to-date: /home/orin/work/install/detect_interfaces/local/lib/python3.10/dist-packages/detect_interfaces/libdetect_interfaces__rosidl_generator_py.so
[3.826s] -- Up-to-date: /home/orin/work/install/detect_interfaces/local/lib/python3.10/dist-packages/detect_interfaces/_detect_interfaces_s.ep.rosidl_typesupport_fastrtps_c.c
[3.826s] -- Up-to-date: /home/orin/work/install/detect_interfaces/local/lib/python3.10/dist-packages/detect_interfaces/_detect_interfaces_s.ep.rosidl_typesupport_introspection_c.c
[3.906s] Listing '/home/orin/work/install/detect_interfaces/local/lib/python3.10/dist-packages/detect_interfaces'...
[3.906s] Listing '/home/orin/work/install/detect_interfaces/local/lib/python3.10/dist-packages/detect_interfaces/msg'...
[3.935s] -- Up-to-date: /home/orin/work/install/detect_interfaces/local/lib/python3.10/dist-packages/detect_interfaces/detect_interfaces_s__rosidl_typesupport_fastrtps_c.cpython-310-aarch64-linux-gnu.so
[3.935s] -- Up-to-date: /home/orin/work/install/detect_interfaces/local/lib/python3.10/dist-packages/detect_interfaces/detect_interfaces_s__rosidl_typesupport_introspection_c.cpython-310-aarch64-linux-gnu.so
[3.935s] -- Up-to-date: /home/orin/work/install/detect_interfaces/local/lib/python3.10/dist-packages/detect_interfaces/detect_interfaces_s__rosidl_typesupport_c.cpython-310-aarch64-linux-gnu.so
[3.935s] -- Up-to-date: /home/orin/work/install/detect_interfaces/lib/libdetect_interfaces__rosidl_generator_py.so
[3.935s] -- Up-to-date: /home/orin/work/install/detect_interfaces/share/detect_interfaces/msg/BoundingBox.idl
[3.936s] -- Up-to-date: /home/orin/work/install/detect_interfaces/share/detect_interfaces/msg/BoundingBox.msg
[3.936s] -- Up-to-date: /home/orin/work/install/detect_interfaces/share/ament_index/resource_index/package_run_dependencies/detect_interfaces
[3.936s] -- Up-to-date: /home/orin/work/install/detect_interfaces/share/ament_index/resource_index/parent_prefix_path/detect_interfaces
[3.936s] -- Up-to-date: /home/orin/work/install/detect_interfaces/share/detect_interfaces/environment/ament_prefix_path.sh
[3.936s] -- Up-to-date: /home/orin/work/install/detect_interfaces/share/detect_interfaces/environment/ament_prefix_path.dsv
[3.936s] -- Up-to-date: /home/orin/work/install/detect_interfaces/share/detect_interfaces/environment/path.sh
[3.936s] -- Up-to-date: /home/orin/work/install/detect_interfaces/share/detect_interfaces/environment/path.dsv
[3.936s] -- Up-to-date: /home/orin/work/install/detect_interfaces/share/detect_interfaces/local_setup.bash
[3.937s] -- Up-to-date: /home/orin/work/install/detect_interfaces/share/detect_interfaces/local_setup.sh
[3.937s] -- Up-to-date: /home/orin/work/install/detect_interfaces/share/detect_interfaces/local_setup.zsh
[3.937s] -- Up-to-date: /home/orin/work/install/detect_interfaces/share/detect_interfaces/local_setup.dsv
[3.937s] -- Installing: /home/orin/work/install/detect_interfaces/share/detect_interfaces/package.dsv
[3.937s] -- Up-to-date: /home/orin/work/install/detect_interfaces/share/ament_index/resource_index/packages/detect_interfaces
[3.937s] -- Up-to-date: /home/orin/work/install/detect_interfaces/share/detect_interfaces/cmake/export_detect_interfaces__rosidl_generator_cExport.cmake
[3.937s] -- Up-to-date: /home/orin/work/install/detect_interfaces/share/detect_interfaces/cmake/export_detect_interfaces__rosidl_generator_cExport-noconfig.cmake
[3.937s] -- Up-to-date: /home/orin/work/install/detect_interfaces/share/detect_interfaces/cmake/export_detect_interfaces__rosidl_typesupport_fastrtps_cExport.cmake
[3.938s] -- Up-to-date: /home/orin/work/install/detect_interfaces/share/detect_interfaces/cmake/export_detect_interfaces__rosidl_typesupport_fastrtps_cExport-noconfig.cmake
[3.938s] -- Up-to-date: /home/orin/work/install/detect_interfaces/share/detect_interfaces/cmake/export_detect_interfaces__rosidl_generator_cppExport.cmake
[3.938s] -- Up-to-date: /home/orin/work/install/detect_interfaces/share/detect_interfaces/cmake/export_detect_interfaces__rosidl_typesupport_fastrtps_cppExport.cmake
[3.938s] -- Up-to-date: /home/orin/work/install/detect_interfaces/share/detect_interfaces/cmake/export_detect_interfaces__rosidl_typesupport_fastrtps_cppExport-noconfig.cmake
[3.938s] -- Up-to-date: /home/orin/work/install/detect_interfaces/share/detect_interfaces/cmake/detect_interfaces__rosidl_typesupport_introspection_cExport.cmake
[3.938s] -- Up-to-date: /home/orin/work/install/detect_interfaces/share/detect_interfaces/cmake/detect_interfaces__rosidl_typesupport_introspection_cExport-noconfig.cmake
[3.938s] -- Up-to-date: /home/orin/work/install/detect_interfaces/share/detect_interfaces/cmake/detect_interfaces__rosidl_typesupport_cExport.cmake
[3.940s] -- Up-to-date: /home/orin/work/install/detect_interfaces/share/detect_interfaces/cmake/detect_interfaces__rosidl_typesupport_cExport-noconfig.cmake
[3.941s] -- Up-to-date: /home/orin/work/install/detect_interfaces/share/detect_interfaces/cmake/detect_interfaces__rosidl_typesupport_introspection_cppExport.cmake
[3.941s] -- Up-to-date: /home/orin/work/install/detect_interfaces/share/detect_interfaces/cmake/detect_interfaces__rosidl_typesupport_introspection_cppExport-noconfig.cmake
[3.941s] -- Up-to-date: /home/orin/work/install/detect_interfaces/share/detect_interfaces/cmake/detect_interfaces__rosidl_typesupport_cppExport.cmake
[3.941s] -- Up-to-date: /home/orin/work/install/detect_interfaces/share/detect_interfaces/cmake/detect_interfaces__rosidl_typesupport_cppExport-noconfig.cmake
[3.941s] -- Up-to-date: /home/orin/work/install/detect_interfaces/share/detect_interfaces/cmake/export_detect_interfaces__rosidl_generator_pyExport.cmake
[3.941s] -- Up-to-date: /home/orin/work/install/detect_interfaces/share/detect_interfaces/cmake/export_detect_interfaces__rosidl_generator_pyExport-noconfig.cmake
[3.941s] -- Up-to-date: /home/orin/work/install/detect_interfaces/share/detect_interfaces/cmake/rosidl_cmake-extras.cmake
[3.942s] -- Up-to-date: /home/orin/work/install/detect_interfaces/share/detect_interfaces/cmake/ament_cmake_export_dependencies-extras.cmake
[3.942s] -- Up-to-date: /home/orin/work/install/detect_interfaces/share/detect_interfaces/cmake/ament_cmake_export_include_directories-extras.cmake
[3.942s] -- Up-to-date: /home/orin/work/install/detect_interfaces/share/detect_interfaces/cmake/ament_cmake_export_libraries-extras.cmake
[3.942s] -- Up-to-date: /home/orin/work/install/detect_interfaces/share/detect_interfaces/cmake/ament_cmake_export_targets-extras.cmake
[3.942s] -- Up-to-date: /home/orin/work/install/detect_interfaces/share/detect_interfaces/cmake/rosidl_cmake_export_typesupport_targets-extras.cmake
[3.942s] -- Up-to-date: /home/orin/work/install/detect_interfaces/share/detect_interfaces/cmake/rosidl_cmake_export_typesupport_libraries-extras.cmake
[3.942s] -- Up-to-date: /home/orin/work/install/detect_interfaces/share/detect_interfaces/cmake/detect_interfacesConfig.cmake
[3.942s] -- Up-to-date: /home/orin/work/install/detect_interfaces/share/detect_interfaces/cmake/detect_interfacesConfig-version.cmake
[3.943s] -- Up-to-date: /home/orin/work/install/detect_interfaces/share/detect_interfaces/package.xml
[4.662s] Invoked command in '/home/orin/work/build/detect_interfaces' returned '0': CMAKE_PREFIX_PATH=${CMAKE_PREFIX_PATH}:/home/orin/work/install/core:/home/orin/work/install/turtlebot3_teleop:/home/orin/work/install/turtlebot3_example:/home/orin/work/install/object_detection:/home/orin/work/install/detect_lane:/home/orin/work/install/control:/home/orin/work/install/camera:/opt/ros/humble /usr/local/bin/cmake --install /home/orin/work/build/detect_interfaces
