[0.186s] Invoking command in '/home/orin/work/build/turtlebot3_bringup': CMAKE_PREFIX_PATH=/home/orin/work/install/turtlebot3_node:/home/orin/work/install/turtlebot3_msgs:/home/orin/work/install/turtlebot3_description:/home/orin/work/install/dynamixel_sdk:/home/orin/work/install/turtlebot3:/home/orin/work/install/turtlebot3_bringup:/home/orin/work/install/turtlebot3_navigation2:/home/orin/work/install/turtlebot3_cartographer:/home/orin/work/install/rplidar_ros:/home/orin/work/install/dynamixel_sdk_examples:/home/orin/work/install/dynamixel_sdk_custom_interfaces:/home/orin/work/install/detect_interfaces:/home/orin/DynamixelSDK/c++/install:/home/orin/work/install/turtlebot3_teleop:/home/orin/work/install/turtlebot3_example:/home/orin/work/install/object_detection:/home/orin/work/install/detect_lane:/home/orin/work/install/core:/home/orin/work/install/control:/home/orin/work/install/camera:/opt/ros/humble LD_LIBRARY_PATH=/home/orin/work/install/turtlebot3_msgs/lib:/home/orin/work/install/dynamixel_sdk/lib:/home/orin/work/install/dynamixel_sdk_custom_interfaces/lib:/home/orin/work/install/detect_interfaces/lib:/opt/ros/humble/opt/rviz_ogre_vendor/lib:/opt/ros/humble/lib/aarch64-linux-gnu:/opt/ros/humble/lib:/usr/local/cuda/compat:/usr/local/cuda/lib64 /usr/local/bin/cmake --build /home/orin/work/build/turtlebot3_bringup -- -j12 -l12
[1.039s] Invoked command in '/home/orin/work/build/turtlebot3_bringup' returned '0': CMAKE_PREFIX_PATH=/home/orin/work/install/turtlebot3_node:/home/orin/work/install/turtlebot3_msgs:/home/orin/work/install/turtlebot3_description:/home/orin/work/install/dynamixel_sdk:/home/orin/work/install/turtlebot3:/home/orin/work/install/turtlebot3_bringup:/home/orin/work/install/turtlebot3_navigation2:/home/orin/work/install/turtlebot3_cartographer:/home/orin/work/install/rplidar_ros:/home/orin/work/install/dynamixel_sdk_examples:/home/orin/work/install/dynamixel_sdk_custom_interfaces:/home/orin/work/install/detect_interfaces:/home/orin/DynamixelSDK/c++/install:/home/orin/work/install/turtlebot3_teleop:/home/orin/work/install/turtlebot3_example:/home/orin/work/install/object_detection:/home/orin/work/install/detect_lane:/home/orin/work/install/core:/home/orin/work/install/control:/home/orin/work/install/camera:/opt/ros/humble LD_LIBRARY_PATH=/home/orin/work/install/turtlebot3_msgs/lib:/home/orin/work/install/dynamixel_sdk/lib:/home/orin/work/install/dynamixel_sdk_custom_interfaces/lib:/home/orin/work/install/detect_interfaces/lib:/opt/ros/humble/opt/rviz_ogre_vendor/lib:/opt/ros/humble/lib/aarch64-linux-gnu:/opt/ros/humble/lib:/usr/local/cuda/compat:/usr/local/cuda/lib64 /usr/local/bin/cmake --build /home/orin/work/build/turtlebot3_bringup -- -j12 -l12
[1.049s] Invoking command in '/home/orin/work/build/turtlebot3_bringup': CMAKE_PREFIX_PATH=/home/orin/work/install/turtlebot3_node:/home/orin/work/install/turtlebot3_msgs:/home/orin/work/install/turtlebot3_description:/home/orin/work/install/dynamixel_sdk:/home/orin/work/install/turtlebot3:/home/orin/work/install/turtlebot3_bringup:/home/orin/work/install/turtlebot3_navigation2:/home/orin/work/install/turtlebot3_cartographer:/home/orin/work/install/rplidar_ros:/home/orin/work/install/dynamixel_sdk_examples:/home/orin/work/install/dynamixel_sdk_custom_interfaces:/home/orin/work/install/detect_interfaces:/home/orin/DynamixelSDK/c++/install:/home/orin/work/install/turtlebot3_teleop:/home/orin/work/install/turtlebot3_example:/home/orin/work/install/object_detection:/home/orin/work/install/detect_lane:/home/orin/work/install/core:/home/orin/work/install/control:/home/orin/work/install/camera:/opt/ros/humble LD_LIBRARY_PATH=/home/orin/work/install/turtlebot3_msgs/lib:/home/orin/work/install/dynamixel_sdk/lib:/home/orin/work/install/dynamixel_sdk_custom_interfaces/lib:/home/orin/work/install/detect_interfaces/lib:/opt/ros/humble/opt/rviz_ogre_vendor/lib:/opt/ros/humble/lib/aarch64-linux-gnu:/opt/ros/humble/lib:/usr/local/cuda/compat:/usr/local/cuda/lib64 /usr/local/bin/cmake --install /home/orin/work/build/turtlebot3_bringup
[1.580s] -- Install configuration: ""
[1.580s] -- Up-to-date: /home/orin/work/install/turtlebot3_bringup/share/turtlebot3_bringup/launch
[1.580s] -- Up-to-date: /home/orin/work/install/turtlebot3_bringup/share/turtlebot3_bringup/launch/robot.launch.py
[1.581s] -- Up-to-date: /home/orin/work/install/turtlebot3_bringup/share/turtlebot3_bringup/launch/turtlebot3_state_publisher.launch.py
[1.581s] -- Up-to-date: /home/orin/work/install/turtlebot3_bringup/share/turtlebot3_bringup/launch/rviz2.launch.py
[1.582s] -- Up-to-date: /home/orin/work/install/turtlebot3_bringup/share/turtlebot3_bringup/param
[1.582s] -- Up-to-date: /home/orin/work/install/turtlebot3_bringup/share/turtlebot3_bringup/param/waffle.yaml
[1.583s] -- Up-to-date: /home/orin/work/install/turtlebot3_bringup/share/turtlebot3_bringup/param/waffle_pi.yaml
[1.583s] -- Up-to-date: /home/orin/work/install/turtlebot3_bringup/share/turtlebot3_bringup/param/burger.yaml
[1.583s] -- Up-to-date: /home/orin/work/install/turtlebot3_bringup/share/turtlebot3_bringup/script
[1.584s] -- Up-to-date: /home/orin/work/install/turtlebot3_bringup/share/turtlebot3_bringup/script/99-turtlebot3-cdc.rules
[1.584s] -- Up-to-date: /home/orin/work/install/turtlebot3_bringup/share/turtlebot3_bringup/script/create_udev_rules
[1.585s] -- Up-to-date: /home/orin/work/install/turtlebot3_bringup/share/ament_index/resource_index/package_run_dependencies/turtlebot3_bringup
[1.585s] -- Up-to-date: /home/orin/work/install/turtlebot3_bringup/share/ament_index/resource_index/parent_prefix_path/turtlebot3_bringup
[1.586s] -- Up-to-date: /home/orin/work/install/turtlebot3_bringup/share/turtlebot3_bringup/environment/ament_prefix_path.sh
[1.586s] -- Up-to-date: /home/orin/work/install/turtlebot3_bringup/share/turtlebot3_bringup/environment/ament_prefix_path.dsv
[1.587s] -- Up-to-date: /home/orin/work/install/turtlebot3_bringup/share/turtlebot3_bringup/environment/path.sh
[1.587s] -- Up-to-date: /home/orin/work/install/turtlebot3_bringup/share/turtlebot3_bringup/environment/path.dsv
[1.588s] -- Up-to-date: /home/orin/work/install/turtlebot3_bringup/share/turtlebot3_bringup/local_setup.bash
[1.588s] -- Up-to-date: /home/orin/work/install/turtlebot3_bringup/share/turtlebot3_bringup/local_setup.sh
[1.589s] -- Up-to-date: /home/orin/work/install/turtlebot3_bringup/share/turtlebot3_bringup/local_setup.zsh
[1.589s] -- Up-to-date: /home/orin/work/install/turtlebot3_bringup/share/turtlebot3_bringup/local_setup.dsv
[1.590s] -- Installing: /home/orin/work/install/turtlebot3_bringup/share/turtlebot3_bringup/package.dsv
[1.591s] -- Up-to-date: /home/orin/work/install/turtlebot3_bringup/share/ament_index/resource_index/packages/turtlebot3_bringup
[1.591s] -- Up-to-date: /home/orin/work/install/turtlebot3_bringup/share/turtlebot3_bringup/cmake/turtlebot3_bringupConfig.cmake
[1.592s] -- Up-to-date: /home/orin/work/install/turtlebot3_bringup/share/turtlebot3_bringup/cmake/turtlebot3_bringupConfig-version.cmake
[1.592s] -- Up-to-date: /home/orin/work/install/turtlebot3_bringup/share/turtlebot3_bringup/package.xml
[1.660s] Invoked command in '/home/orin/work/build/turtlebot3_bringup' returned '0': CMAKE_PREFIX_PATH=/home/orin/work/install/turtlebot3_node:/home/orin/work/install/turtlebot3_msgs:/home/orin/work/install/turtlebot3_description:/home/orin/work/install/dynamixel_sdk:/home/orin/work/install/turtlebot3:/home/orin/work/install/turtlebot3_bringup:/home/orin/work/install/turtlebot3_navigation2:/home/orin/work/install/turtlebot3_cartographer:/home/orin/work/install/rplidar_ros:/home/orin/work/install/dynamixel_sdk_examples:/home/orin/work/install/dynamixel_sdk_custom_interfaces:/home/orin/work/install/detect_interfaces:/home/orin/DynamixelSDK/c++/install:/home/orin/work/install/turtlebot3_teleop:/home/orin/work/install/turtlebot3_example:/home/orin/work/install/object_detection:/home/orin/work/install/detect_lane:/home/orin/work/install/core:/home/orin/work/install/control:/home/orin/work/install/camera:/opt/ros/humble LD_LIBRARY_PATH=/home/orin/work/install/turtlebot3_msgs/lib:/home/orin/work/install/dynamixel_sdk/lib:/home/orin/work/install/dynamixel_sdk_custom_interfaces/lib:/home/orin/work/install/detect_interfaces/lib:/opt/ros/humble/opt/rviz_ogre_vendor/lib:/opt/ros/humble/lib/aarch64-linux-gnu:/opt/ros/humble/lib:/usr/local/cuda/compat:/usr/local/cuda/lib64 /usr/local/bin/cmake --install /home/orin/work/build/turtlebot3_bringup
