[4.534s] Invoking command in '/home/orin/work/src/control': PYTHONPATH=/home/orin/work/build/control/prefix_override:/usr/lib/python3/dist-packages/colcon_core/task/python/colcon_distutils_commands:/home/orin/work/install/control/lib/python3.10/site-packages:${PYTHONPATH} /usr/bin/python3 -W ignore:setup.py install is deprecated -W ignore:easy_install command is deprecated setup.py egg_info --egg-base ../../build/control build --build-base /home/orin/work/build/control/build install --record /home/orin/work/build/control/install.log --single-version-externally-managed install_data
[4.943s] /usr/local/lib/python3.10/dist-packages/setuptools/_distutils/dist.py:261: UserWarning: Unknown distribution option: 'tests_require'
[4.943s]   warnings.warn(msg)
[5.187s] running egg_info
[5.225s] writing ../../build/control/control.egg-info/PKG-INFO
[5.227s] writing dependency_links to ../../build/control/control.egg-info/dependency_links.txt
[5.227s] writing entry points to ../../build/control/control.egg-info/entry_points.txt
[5.229s] writing requirements to ../../build/control/control.egg-info/requires.txt
[5.229s] writing top-level names to ../../build/control/control.egg-info/top_level.txt
[5.310s] reading manifest file '../../build/control/control.egg-info/SOURCES.txt'
[5.316s] writing manifest file '../../build/control/control.egg-info/SOURCES.txt'
[5.317s] running build
[5.318s] running build_py
[5.318s] copying control/control_pack.py -> /home/orin/work/build/control/build/lib/control
[5.318s] copying control/control_avoidance_v2.py -> /home/orin/work/build/control/build/lib/control
[5.319s] copying control/__init__.py -> /home/orin/work/build/control/build/lib/control
[5.319s] copying control/control_auto_avoidance.py -> /home/orin/work/build/control/build/lib/control
[5.320s] copying control/control_lane.py -> /home/orin/work/build/control/build/lib/control
[5.320s] copying control/control_avoidance.py -> /home/orin/work/build/control/build/lib/control
[5.321s] copying control/control_pack_v2.py -> /home/orin/work/build/control/build/lib/control
[5.321s] running install
[5.329s] running install_lib
[5.375s] running install_data
[5.377s] copying resource/control -> /home/orin/work/install/control/share/ament_index/resource_index/packages
[5.378s] copying package.xml -> /home/orin/work/install/control/share/control
[5.381s] copying launch/avoidance_launch.py -> /home/orin/work/install/control/share/control/launch
[5.383s] copying launch/parking_launch.py -> /home/orin/work/install/control/share/control/launch
[5.384s] running install_egg_info
[5.416s] removing '/home/orin/work/install/control/lib/python3.10/site-packages/control-0.0.0-py3.10.egg-info' (and everything under it)
[5.417s] Copying ../../build/control/control.egg-info to /home/orin/work/install/control/lib/python3.10/site-packages/control-0.0.0-py3.10.egg-info
[5.419s] running install_scripts
[5.740s] Installing control_auto_avoidance script to /home/orin/work/install/control/lib/control
[5.740s] Installing control_avoidance script to /home/orin/work/install/control/lib/control
[5.740s] Installing control_avoidance_2 script to /home/orin/work/install/control/lib/control
[5.741s] Installing control_lane script to /home/orin/work/install/control/lib/control
[5.741s] Installing control_pack script to /home/orin/work/install/control/lib/control
[5.741s] Installing control_pack_2 script to /home/orin/work/install/control/lib/control
[5.743s] writing list of installed files to '/home/orin/work/build/control/install.log'
[5.842s] Invoked command in '/home/orin/work/src/control' returned '0': PYTHONPATH=/home/orin/work/build/control/prefix_override:/usr/lib/python3/dist-packages/colcon_core/task/python/colcon_distutils_commands:/home/orin/work/install/control/lib/python3.10/site-packages:${PYTHONPATH} /usr/bin/python3 -W ignore:setup.py install is deprecated -W ignore:easy_install command is deprecated setup.py egg_info --egg-base ../../build/control build --build-base /home/orin/work/build/control/build install --record /home/orin/work/build/control/install.log --single-version-externally-managed install_data
