[0.155s] Invoking command in '/home/orin/work/build/dynamixel_sdk': CMAKE_PREFIX_PATH=${CMAKE_PREFIX_PATH}:/home/orin/work/install/turtlebot3_teleop:/home/orin/work/install/turtlebot3_example:/home/orin/work/install/object_detection:/home/orin/work/install/detect_lane:/home/orin/work/install/control:/home/orin/work/install/camera:/opt/ros/humble /usr/local/bin/cmake --build /home/orin/work/build/dynamixel_sdk -- -j12 -l12
[2.299s] [100%] Built target dynamixel_sdk
[3.029s] Invoked command in '/home/orin/work/build/dynamixel_sdk' returned '0': CMAKE_PREFIX_PATH=${CMAKE_PREFIX_PATH}:/home/orin/work/install/turtlebot3_teleop:/home/orin/work/install/turtlebot3_example:/home/orin/work/install/object_detection:/home/orin/work/install/detect_lane:/home/orin/work/install/control:/home/orin/work/install/camera:/opt/ros/humble /usr/local/bin/cmake --build /home/orin/work/build/dynamixel_sdk -- -j12 -l12
[3.032s] Invoking command in '/home/orin/work/build/dynamixel_sdk': CMAKE_PREFIX_PATH=${CMAKE_PREFIX_PATH}:/home/orin/work/install/turtlebot3_teleop:/home/orin/work/install/turtlebot3_example:/home/orin/work/install/object_detection:/home/orin/work/install/detect_lane:/home/orin/work/install/control:/home/orin/work/install/camera:/opt/ros/humble /usr/local/bin/cmake --install /home/orin/work/build/dynamixel_sdk
[3.234s] -- Install configuration: ""
[3.234s] -- Up-to-date: /home/orin/work/install/dynamixel_sdk/include/
[3.236s] -- Up-to-date: /home/orin/work/install/dynamixel_sdk/include//dynamixel_sdk
[3.236s] -- Up-to-date: /home/orin/work/install/dynamixel_sdk/include//dynamixel_sdk/group_sync_write.h
[3.237s] -- Up-to-date: /home/orin/work/install/dynamixel_sdk/include//dynamixel_sdk/port_handler_windows.h
[3.246s] -- Up-to-date: /home/orin/work/install/dynamixel_sdk/include//dynamixel_sdk/protocol2_packet_handler.h
[3.250s] -- Up-to-date: /home/orin/work/install/dynamixel_sdk/include//dynamixel_sdk/dynamixel_sdk.h
[3.254s] -- Up-to-date: /home/orin/work/install/dynamixel_sdk/include//dynamixel_sdk/port_handler.h
[3.270s] -- Up-to-date: /home/orin/work/install/dynamixel_sdk/include//dynamixel_sdk/port_handler_linux.h
[3.270s] -- Up-to-date: /home/orin/work/install/dynamixel_sdk/include//dynamixel_sdk/port_handler_mac.h
[3.271s] -- Up-to-date: /home/orin/work/install/dynamixel_sdk/include//dynamixel_sdk/protocol1_packet_handler.h
[3.272s] -- Up-to-date: /home/orin/work/install/dynamixel_sdk/include//dynamixel_sdk/group_bulk_read.h
[3.280s] -- Up-to-date: /home/orin/work/install/dynamixel_sdk/include//dynamixel_sdk/port_handler_arduino.h
[3.281s] -- Up-to-date: /home/orin/work/install/dynamixel_sdk/include//dynamixel_sdk/group_bulk_write.h
[3.281s] -- Up-to-date: /home/orin/work/install/dynamixel_sdk/include//dynamixel_sdk/group_sync_read.h
[3.282s] -- Up-to-date: /home/orin/work/install/dynamixel_sdk/include//dynamixel_sdk/packet_handler.h
[3.284s] -- Up-to-date: /home/orin/work/install/dynamixel_sdk/lib/libdynamixel_sdk.so
[3.284s] -- Up-to-date: /home/orin/work/install/dynamixel_sdk/share/dynamixel_sdk/environment/library_path.sh
[3.285s] -- Up-to-date: /home/orin/work/install/dynamixel_sdk/share/dynamixel_sdk/environment/library_path.dsv
[3.287s] -- Up-to-date: /home/orin/work/install/dynamixel_sdk/share/ament_index/resource_index/package_run_dependencies/dynamixel_sdk
[3.287s] -- Up-to-date: /home/orin/work/install/dynamixel_sdk/share/ament_index/resource_index/parent_prefix_path/dynamixel_sdk
[3.288s] -- Up-to-date: /home/orin/work/install/dynamixel_sdk/share/dynamixel_sdk/environment/ament_prefix_path.sh
[3.288s] -- Up-to-date: /home/orin/work/install/dynamixel_sdk/share/dynamixel_sdk/environment/ament_prefix_path.dsv
[3.288s] -- Up-to-date: /home/orin/work/install/dynamixel_sdk/share/dynamixel_sdk/environment/path.sh
[3.288s] -- Up-to-date: /home/orin/work/install/dynamixel_sdk/share/dynamixel_sdk/environment/path.dsv
[3.288s] -- Up-to-date: /home/orin/work/install/dynamixel_sdk/share/dynamixel_sdk/local_setup.bash
[3.290s] -- Up-to-date: /home/orin/work/install/dynamixel_sdk/share/dynamixel_sdk/local_setup.sh
[3.290s] -- Up-to-date: /home/orin/work/install/dynamixel_sdk/share/dynamixel_sdk/local_setup.zsh
[3.290s] -- Up-to-date: /home/orin/work/install/dynamixel_sdk/share/dynamixel_sdk/local_setup.dsv
[3.292s] -- Installing: /home/orin/work/install/dynamixel_sdk/share/dynamixel_sdk/package.dsv
[3.294s] -- Up-to-date: /home/orin/work/install/dynamixel_sdk/share/ament_index/resource_index/packages/dynamixel_sdk
[3.295s] -- Up-to-date: /home/orin/work/install/dynamixel_sdk/share/dynamixel_sdk/cmake/ament_cmake_export_include_directories-extras.cmake
[3.295s] -- Up-to-date: /home/orin/work/install/dynamixel_sdk/share/dynamixel_sdk/cmake/ament_cmake_export_libraries-extras.cmake
[3.295s] -- Up-to-date: /home/orin/work/install/dynamixel_sdk/share/dynamixel_sdk/cmake/dynamixel_sdkConfig.cmake
[3.296s] -- Up-to-date: /home/orin/work/install/dynamixel_sdk/share/dynamixel_sdk/cmake/dynamixel_sdkConfig-version.cmake
[3.297s] -- Up-to-date: /home/orin/work/install/dynamixel_sdk/share/dynamixel_sdk/package.xml
[3.513s] Invoked command in '/home/orin/work/build/dynamixel_sdk' returned '0': CMAKE_PREFIX_PATH=${CMAKE_PREFIX_PATH}:/home/orin/work/install/turtlebot3_teleop:/home/orin/work/install/turtlebot3_example:/home/orin/work/install/object_detection:/home/orin/work/install/detect_lane:/home/orin/work/install/control:/home/orin/work/install/camera:/opt/ros/humble /usr/local/bin/cmake --install /home/orin/work/build/dynamixel_sdk
