[5.323s] Invoking command in '/home/orin/work/src/turtlebot3/turtlebot3_teleop': PYTHONPATH=/home/orin/work/build/turtlebot3_teleop/prefix_override:/usr/lib/python3/dist-packages/colcon_core/task/python/colcon_distutils_commands:/home/orin/work/install/turtlebot3_teleop/lib/python3.10/site-packages:${PYTHONPATH} /usr/bin/python3 -W ignore:setup.py install is deprecated -W ignore:easy_install command is deprecated setup.py egg_info --egg-base ../../../build/turtlebot3_teleop build --build-base /home/orin/work/build/turtlebot3_teleop/build install --record /home/orin/work/build/turtlebot3_teleop/install.log --single-version-externally-managed install_data
[5.829s] /usr/local/lib/python3.10/dist-packages/setuptools/_distutils/dist.py:261: UserWarning: Unknown distribution option: 'tests_require'
[5.829s]   warnings.warn(msg)
[6.120s] running egg_info
[6.164s] writing ../../../build/turtlebot3_teleop/turtlebot3_teleop.egg-info/PKG-INFO
[6.166s] writing dependency_links to ../../../build/turtlebot3_teleop/turtlebot3_teleop.egg-info/dependency_links.txt
[6.166s] writing entry points to ../../../build/turtlebot3_teleop/turtlebot3_teleop.egg-info/entry_points.txt
[6.168s] writing requirements to ../../../build/turtlebot3_teleop/turtlebot3_teleop.egg-info/requires.txt
[6.168s] writing top-level names to ../../../build/turtlebot3_teleop/turtlebot3_teleop.egg-info/top_level.txt
[6.258s] reading manifest file '../../../build/turtlebot3_teleop/turtlebot3_teleop.egg-info/SOURCES.txt'
[6.261s] writing manifest file '../../../build/turtlebot3_teleop/turtlebot3_teleop.egg-info/SOURCES.txt'
[6.261s] running build
[6.262s] running build_py
[6.264s] copying turtlebot3_teleop/__init__.py -> /home/orin/work/build/turtlebot3_teleop/build/lib/turtlebot3_teleop
[6.264s] copying turtlebot3_teleop/script/__init__.py -> /home/orin/work/build/turtlebot3_teleop/build/lib/turtlebot3_teleop/script
[6.267s] copying turtlebot3_teleop/script/teleop_keyboard.py -> /home/orin/work/build/turtlebot3_teleop/build/lib/turtlebot3_teleop/script
[6.272s] running install
[6.286s] running install_lib
[6.323s] running install_data
[6.324s] copying resource/turtlebot3_teleop -> /home/orin/work/install/turtlebot3_teleop/share/ament_index/resource_index/packages
[6.324s] copying package.xml -> /home/orin/work/install/turtlebot3_teleop/share/turtlebot3_teleop
[6.325s] running install_egg_info
[6.371s] removing '/home/orin/work/install/turtlebot3_teleop/lib/python3.10/site-packages/turtlebot3_teleop-2.1.5-py3.10.egg-info' (and everything under it)
[6.373s] Copying ../../../build/turtlebot3_teleop/turtlebot3_teleop.egg-info to /home/orin/work/install/turtlebot3_teleop/lib/python3.10/site-packages/turtlebot3_teleop-2.1.5-py3.10.egg-info
[6.376s] running install_scripts
[6.720s] Installing teleop_keyboard script to /home/orin/work/install/turtlebot3_teleop/lib/turtlebot3_teleop
[6.722s] writing list of installed files to '/home/orin/work/build/turtlebot3_teleop/install.log'
[6.851s] Invoked command in '/home/orin/work/src/turtlebot3/turtlebot3_teleop' returned '0': PYTHONPATH=/home/orin/work/build/turtlebot3_teleop/prefix_override:/usr/lib/python3/dist-packages/colcon_core/task/python/colcon_distutils_commands:/home/orin/work/install/turtlebot3_teleop/lib/python3.10/site-packages:${PYTHONPATH} /usr/bin/python3 -W ignore:setup.py install is deprecated -W ignore:easy_install command is deprecated setup.py egg_info --egg-base ../../../build/turtlebot3_teleop build --build-base /home/orin/work/build/turtlebot3_teleop/build install --record /home/orin/work/build/turtlebot3_teleop/install.log --single-version-externally-managed install_data
