[0.170s] Invoking command in '/home/orin/work/build/dynamixel_sdk': CMAKE_PREFIX_PATH=${CMAKE_PREFIX_PATH}:/home/orin/work/install/turtlebot3_teleop:/home/orin/work/install/turtlebot3_example:/home/orin/work/install/object_detection:/home/orin/work/install/detect_lane:/home/orin/work/install/core:/home/orin/work/install/control:/home/orin/work/install/camera:/opt/ros/humble /usr/local/bin/cmake --build /home/orin/work/build/dynamixel_sdk -- -j12 -l12
[2.265s] [100%] Built target dynamixel_sdk
[2.973s] Invoked command in '/home/orin/work/build/dynamixel_sdk' returned '0': CMAKE_PREFIX_PATH=${CMAKE_PREFIX_PATH}:/home/orin/work/install/turtlebot3_teleop:/home/orin/work/install/turtlebot3_example:/home/orin/work/install/object_detection:/home/orin/work/install/detect_lane:/home/orin/work/install/core:/home/orin/work/install/control:/home/orin/work/install/camera:/opt/ros/humble /usr/local/bin/cmake --build /home/orin/work/build/dynamixel_sdk -- -j12 -l12
[2.977s] Invoking command in '/home/orin/work/build/dynamixel_sdk': CMAKE_PREFIX_PATH=${CMAKE_PREFIX_PATH}:/home/orin/work/install/turtlebot3_teleop:/home/orin/work/install/turtlebot3_example:/home/orin/work/install/object_detection:/home/orin/work/install/detect_lane:/home/orin/work/install/core:/home/orin/work/install/control:/home/orin/work/install/camera:/opt/ros/humble /usr/local/bin/cmake --install /home/orin/work/build/dynamixel_sdk
[3.162s] -- Install configuration: ""
[3.162s] -- Up-to-date: /home/orin/work/install/dynamixel_sdk/include/
[3.163s] -- Up-to-date: /home/orin/work/install/dynamixel_sdk/include//dynamixel_sdk
[3.163s] -- Up-to-date: /home/orin/work/install/dynamixel_sdk/include//dynamixel_sdk/group_sync_write.h
[3.163s] -- Up-to-date: /home/orin/work/install/dynamixel_sdk/include//dynamixel_sdk/port_handler_windows.h
[3.163s] -- Up-to-date: /home/orin/work/install/dynamixel_sdk/include//dynamixel_sdk/protocol2_packet_handler.h
[3.164s] -- Up-to-date: /home/orin/work/install/dynamixel_sdk/include//dynamixel_sdk/dynamixel_sdk.h
[3.165s] -- Up-to-date: /home/orin/work/install/dynamixel_sdk/include//dynamixel_sdk/port_handler.h
[3.169s] -- Up-to-date: /home/orin/work/install/dynamixel_sdk/include//dynamixel_sdk/port_handler_linux.h
[3.169s] -- Up-to-date: /home/orin/work/install/dynamixel_sdk/include//dynamixel_sdk/port_handler_mac.h
[3.169s] -- Up-to-date: /home/orin/work/install/dynamixel_sdk/include//dynamixel_sdk/protocol1_packet_handler.h
[3.169s] -- Up-to-date: /home/orin/work/install/dynamixel_sdk/include//dynamixel_sdk/group_bulk_read.h
[3.169s] -- Up-to-date: /home/orin/work/install/dynamixel_sdk/include//dynamixel_sdk/port_handler_arduino.h
[3.169s] -- Up-to-date: /home/orin/work/install/dynamixel_sdk/include//dynamixel_sdk/group_bulk_write.h
[3.170s] -- Up-to-date: /home/orin/work/install/dynamixel_sdk/include//dynamixel_sdk/group_sync_read.h
[3.170s] -- Up-to-date: /home/orin/work/install/dynamixel_sdk/include//dynamixel_sdk/packet_handler.h
[3.172s] -- Up-to-date: /home/orin/work/install/dynamixel_sdk/lib/libdynamixel_sdk.so
[3.172s] -- Up-to-date: /home/orin/work/install/dynamixel_sdk/share/dynamixel_sdk/environment/library_path.sh
[3.173s] -- Up-to-date: /home/orin/work/install/dynamixel_sdk/share/dynamixel_sdk/environment/library_path.dsv
[3.173s] -- Up-to-date: /home/orin/work/install/dynamixel_sdk/share/ament_index/resource_index/package_run_dependencies/dynamixel_sdk
[3.174s] -- Up-to-date: /home/orin/work/install/dynamixel_sdk/share/ament_index/resource_index/parent_prefix_path/dynamixel_sdk
[3.174s] -- Up-to-date: /home/orin/work/install/dynamixel_sdk/share/dynamixel_sdk/environment/ament_prefix_path.sh
[3.175s] -- Up-to-date: /home/orin/work/install/dynamixel_sdk/share/dynamixel_sdk/environment/ament_prefix_path.dsv
[3.175s] -- Up-to-date: /home/orin/work/install/dynamixel_sdk/share/dynamixel_sdk/environment/path.sh
[3.176s] -- Up-to-date: /home/orin/work/install/dynamixel_sdk/share/dynamixel_sdk/environment/path.dsv
[3.176s] -- Up-to-date: /home/orin/work/install/dynamixel_sdk/share/dynamixel_sdk/local_setup.bash
[3.176s] -- Up-to-date: /home/orin/work/install/dynamixel_sdk/share/dynamixel_sdk/local_setup.sh
[3.176s] -- Up-to-date: /home/orin/work/install/dynamixel_sdk/share/dynamixel_sdk/local_setup.zsh
[3.177s] -- Up-to-date: /home/orin/work/install/dynamixel_sdk/share/dynamixel_sdk/local_setup.dsv
[3.177s] -- Installing: /home/orin/work/install/dynamixel_sdk/share/dynamixel_sdk/package.dsv
[3.177s] -- Up-to-date: /home/orin/work/install/dynamixel_sdk/share/ament_index/resource_index/packages/dynamixel_sdk
[3.178s] -- Up-to-date: /home/orin/work/install/dynamixel_sdk/share/dynamixel_sdk/cmake/ament_cmake_export_include_directories-extras.cmake
[3.179s] -- Up-to-date: /home/orin/work/install/dynamixel_sdk/share/dynamixel_sdk/cmake/ament_cmake_export_libraries-extras.cmake
[3.179s] -- Up-to-date: /home/orin/work/install/dynamixel_sdk/share/dynamixel_sdk/cmake/dynamixel_sdkConfig.cmake
[3.179s] -- Up-to-date: /home/orin/work/install/dynamixel_sdk/share/dynamixel_sdk/cmake/dynamixel_sdkConfig-version.cmake
[3.180s] -- Up-to-date: /home/orin/work/install/dynamixel_sdk/share/dynamixel_sdk/package.xml
[3.421s] Invoked command in '/home/orin/work/build/dynamixel_sdk' returned '0': CMAKE_PREFIX_PATH=${CMAKE_PREFIX_PATH}:/home/orin/work/install/turtlebot3_teleop:/home/orin/work/install/turtlebot3_example:/home/orin/work/install/object_detection:/home/orin/work/install/detect_lane:/home/orin/work/install/core:/home/orin/work/install/control:/home/orin/work/install/camera:/opt/ros/humble /usr/local/bin/cmake --install /home/orin/work/build/dynamixel_sdk
