[0.183s] Invoking command in '/home/orin/test_ws/src/build/dynamixel_sdk': /usr/bin/cmake /home/orin/test_ws/src/utils/DynamixelSDK/dynamixel_sdk -DCMAKE_INSTALL_PREFIX=/home/orin/test_ws/src/install/dynamixel_sdk
[2.638s] CMake Error at CMakeLists.txt:18 (find_package):
[2.640s]   By not providing "Findament_cmake.cmake" in CMAKE_MODULE_PATH this project
[2.641s]   has asked CMake to find a package configuration file provided by
[2.643s]   "ament_cmake", but CMake did not find one.
[2.644s] 
[2.645s]   Could not find a package configuration file provided by "ament_cmake" with
[2.645s]   any of the following names:
[2.646s] 
[2.646s]     ament_cmakeConfig.cmake
[2.647s]     ament_cmake-config.cmake
[2.647s] 
[2.648s]   Add the installation prefix of "ament_cmake" to CMAKE_PREFIX_PATH or set
[2.649s]   "ament_cmake_DIR" to a directory containing one of the above files.  If
[2.649s]   "ament_cmake" provides a separate development package or SDK, be sure it
[2.650s]   has been installed.
[2.650s] 
[2.651s] 
[2.655s] -- The C compiler identification is GNU 9.4.0
[2.655s] -- The CXX compiler identification is GNU 9.4.0
[2.656s] -- Check for working C compiler: /usr/bin/cc
[2.656s] -- Check for working C compiler: /usr/bin/cc -- works
[2.656s] -- Detecting C compiler ABI info
[2.656s] -- Detecting C compiler ABI info - done
[2.656s] -- Detecting C compile features
[2.656s] -- Detecting C compile features - done
[2.656s] -- Check for working CXX compiler: /usr/bin/c++
[2.656s] -- Check for working CXX compiler: /usr/bin/c++ -- works
[2.657s] -- Detecting CXX compiler ABI info
[2.657s] -- Detecting CXX compiler ABI info - done
[2.657s] -- Detecting CXX compile features
[2.657s] -- Detecting CXX compile features - done
[2.657s] -- Configuring incomplete, errors occurred!
[2.657s] See also "/home/orin/test_ws/src/build/dynamixel_sdk/CMakeFiles/CMakeOutput.log".
[2.774s] Invoked command in '/home/orin/test_ws/src/build/dynamixel_sdk' returned '1': /usr/bin/cmake /home/orin/test_ws/src/utils/DynamixelSDK/dynamixel_sdk -DCMAKE_INSTALL_PREFIX=/home/orin/test_ws/src/install/dynamixel_sdk
