[5.348s] Invoking command in '/home/orin/work/core': PYTHONPATH=/home/orin/work/build/core/prefix_override:/usr/lib/python3/dist-packages/colcon_core/task/python/colcon_distutils_commands:/home/orin/work/install/core/lib/python3.10/site-packages:${PYTHONPATH} /usr/bin/python3 -W ignore:setup.py install is deprecated -W ignore:easy_install command is deprecated setup.py egg_info --egg-base ../build/core build --build-base /home/orin/work/build/core/build install --record /home/orin/work/build/core/install.log --single-version-externally-managed install_data
[5.906s] /usr/local/lib/python3.10/dist-packages/setuptools/_distutils/dist.py:261: UserWarning: Unknown distribution option: 'tests_require'
[5.906s]   warnings.warn(msg)
[6.178s] running egg_info
[6.224s] writing ../build/core/core.egg-info/PKG-INFO
[6.224s] writing dependency_links to ../build/core/core.egg-info/dependency_links.txt
[6.224s] writing entry points to ../build/core/core.egg-info/entry_points.txt
[6.224s] writing requirements to ../build/core/core.egg-info/requires.txt
[6.224s] writing top-level names to ../build/core/core.egg-info/top_level.txt
[6.303s] reading manifest file '../build/core/core.egg-info/SOURCES.txt'
[6.306s] writing manifest file '../build/core/core.egg-info/SOURCES.txt'
[6.310s] running build
[6.311s] running build_py
[6.311s] copying core/__init__.py -> /home/orin/work/build/core/build/lib/core
[6.312s] copying core/core.py -> /home/orin/work/build/core/build/lib/core
[6.313s] running install
[6.323s] running install_lib
[6.368s] running install_data
[6.372s] copying resource/core -> /home/orin/work/install/core/share/ament_index/resource_index/packages
[6.373s] copying package.xml -> /home/orin/work/install/core/share/core
[6.374s] copying launch/calibration_launch.py -> /home/orin/work/install/core/share/core/launch
[6.375s] copying launch/core_launch.py -> /home/orin/work/install/core/share/core/launch
[6.376s] running install_egg_info
[6.423s] removing '/home/orin/work/install/core/lib/python3.10/site-packages/core-0.0.0-py3.10.egg-info' (and everything under it)
[6.424s] Copying ../build/core/core.egg-info to /home/orin/work/install/core/lib/python3.10/site-packages/core-0.0.0-py3.10.egg-info
[6.424s] running install_scripts
[6.762s] Installing core script to /home/orin/work/install/core/lib/core
[6.764s] writing list of installed files to '/home/orin/work/build/core/install.log'
[6.873s] Invoked command in '/home/orin/work/core' returned '0': PYTHONPATH=/home/orin/work/build/core/prefix_override:/usr/lib/python3/dist-packages/colcon_core/task/python/colcon_distutils_commands:/home/orin/work/install/core/lib/python3.10/site-packages:${PYTHONPATH} /usr/bin/python3 -W ignore:setup.py install is deprecated -W ignore:easy_install command is deprecated setup.py egg_info --egg-base ../build/core build --build-base /home/orin/work/build/core/build install --record /home/orin/work/build/core/install.log --single-version-externally-managed install_data
