[0.162s] Invoking command in '/home/orin/work/build/turtlebot3_cartographer': CMAKE_PREFIX_PATH=${CMAKE_PREFIX_PATH}:/home/orin/work/install/turtlebot3_teleop:/home/orin/work/install/turtlebot3_example:/home/orin/work/install/object_detection:/home/orin/work/install/detect_lane:/home/orin/work/install/core:/home/orin/work/install/control:/home/orin/work/install/camera:/opt/ros/humble /usr/local/bin/cmake --build /home/orin/work/build/turtlebot3_cartographer -- -j12 -l12
[2.883s] Invoked command in '/home/orin/work/build/turtlebot3_cartographer' returned '0': CMAKE_PREFIX_PATH=${CMAKE_PREFIX_PATH}:/home/orin/work/install/turtlebot3_teleop:/home/orin/work/install/turtlebot3_example:/home/orin/work/install/object_detection:/home/orin/work/install/detect_lane:/home/orin/work/install/core:/home/orin/work/install/control:/home/orin/work/install/camera:/opt/ros/humble /usr/local/bin/cmake --build /home/orin/work/build/turtlebot3_cartographer -- -j12 -l12
[3.074s] Invoking command in '/home/orin/work/build/turtlebot3_cartographer': CMAKE_PREFIX_PATH=${CMAKE_PREFIX_PATH}:/home/orin/work/install/turtlebot3_teleop:/home/orin/work/install/turtlebot3_example:/home/orin/work/install/object_detection:/home/orin/work/install/detect_lane:/home/orin/work/install/core:/home/orin/work/install/control:/home/orin/work/install/camera:/opt/ros/humble /usr/local/bin/cmake --install /home/orin/work/build/turtlebot3_cartographer
[3.283s] -- Install configuration: ""
[3.283s] -- Up-to-date: /home/orin/work/install/turtlebot3_cartographer/share/turtlebot3_cartographer/config
[3.283s] -- Up-to-date: /home/orin/work/install/turtlebot3_cartographer/share/turtlebot3_cartographer/config/turtlebot3_lds_2d.lua
[3.283s] -- Up-to-date: /home/orin/work/install/turtlebot3_cartographer/share/turtlebot3_cartographer/launch
[3.283s] -- Up-to-date: /home/orin/work/install/turtlebot3_cartographer/share/turtlebot3_cartographer/launch/cartographer.launch.py
[3.284s] -- Up-to-date: /home/orin/work/install/turtlebot3_cartographer/share/turtlebot3_cartographer/launch/occupancy_grid.launch.py
[3.284s] -- Up-to-date: /home/orin/work/install/turtlebot3_cartographer/share/turtlebot3_cartographer/rviz
[3.284s] -- Up-to-date: /home/orin/work/install/turtlebot3_cartographer/share/turtlebot3_cartographer/rviz/tb3_cartographer.rviz
[3.284s] -- Up-to-date: /home/orin/work/install/turtlebot3_cartographer/share/ament_index/resource_index/package_run_dependencies/turtlebot3_cartographer
[3.284s] -- Up-to-date: /home/orin/work/install/turtlebot3_cartographer/share/ament_index/resource_index/parent_prefix_path/turtlebot3_cartographer
[3.284s] -- Up-to-date: /home/orin/work/install/turtlebot3_cartographer/share/turtlebot3_cartographer/environment/ament_prefix_path.sh
[3.284s] -- Up-to-date: /home/orin/work/install/turtlebot3_cartographer/share/turtlebot3_cartographer/environment/ament_prefix_path.dsv
[3.285s] -- Up-to-date: /home/orin/work/install/turtlebot3_cartographer/share/turtlebot3_cartographer/environment/path.sh
[3.285s] -- Up-to-date: /home/orin/work/install/turtlebot3_cartographer/share/turtlebot3_cartographer/environment/path.dsv
[3.285s] -- Up-to-date: /home/orin/work/install/turtlebot3_cartographer/share/turtlebot3_cartographer/local_setup.bash
[3.285s] -- Up-to-date: /home/orin/work/install/turtlebot3_cartographer/share/turtlebot3_cartographer/local_setup.sh
[3.285s] -- Up-to-date: /home/orin/work/install/turtlebot3_cartographer/share/turtlebot3_cartographer/local_setup.zsh
[3.285s] -- Up-to-date: /home/orin/work/install/turtlebot3_cartographer/share/turtlebot3_cartographer/local_setup.dsv
[3.285s] -- Installing: /home/orin/work/install/turtlebot3_cartographer/share/turtlebot3_cartographer/package.dsv
[3.285s] -- Up-to-date: /home/orin/work/install/turtlebot3_cartographer/share/ament_index/resource_index/packages/turtlebot3_cartographer
[3.286s] -- Up-to-date: /home/orin/work/install/turtlebot3_cartographer/share/turtlebot3_cartographer/cmake/turtlebot3_cartographerConfig.cmake
[3.286s] -- Up-to-date: /home/orin/work/install/turtlebot3_cartographer/share/turtlebot3_cartographer/cmake/turtlebot3_cartographerConfig-version.cmake
[3.286s] -- Up-to-date: /home/orin/work/install/turtlebot3_cartographer/share/turtlebot3_cartographer/package.xml
[3.462s] Invoked command in '/home/orin/work/build/turtlebot3_cartographer' returned '0': CMAKE_PREFIX_PATH=${CMAKE_PREFIX_PATH}:/home/orin/work/install/turtlebot3_teleop:/home/orin/work/install/turtlebot3_example:/home/orin/work/install/object_detection:/home/orin/work/install/detect_lane:/home/orin/work/install/core:/home/orin/work/install/control:/home/orin/work/install/camera:/opt/ros/humble /usr/local/bin/cmake --install /home/orin/work/build/turtlebot3_cartographer
