[0.154s] Invoking command in '/home/orin/work/build/turtlebot3_bringup': CMAKE_PREFIX_PATH=/home/orin/work/install/turtlebot3_node:/home/orin/work/install/turtlebot3_msgs:/home/orin/work/install/turtlebot3_description:/home/orin/work/install/dynamixel_sdk:/home/orin/work/install/turtlebot3:/home/orin/work/install/turtlebot3_bringup:/home/orin/work/install/turtlebot3_navigation2:/home/orin/work/install/turtlebot3_cartographer:/home/orin/work/install/rplidar_ros:/home/orin/work/install/dynamixel_sdk_examples:/home/orin/work/install/dynamixel_sdk_custom_interfaces:/home/orin/work/install/detect_interfaces:/home/orin/DynamixelSDK/c++/install:/home/orin/work/install/turtlebot3_teleop:/home/orin/work/install/turtlebot3_example:/home/orin/work/install/object_detection:/home/orin/work/install/detect_lane:/home/orin/work/install/core:/home/orin/work/install/control:/home/orin/work/install/camera:/opt/ros/humble LD_LIBRARY_PATH=/home/orin/work/install/turtlebot3_msgs/lib:/home/orin/work/install/dynamixel_sdk/lib:/home/orin/work/install/dynamixel_sdk_custom_interfaces/lib:/home/orin/work/install/detect_interfaces/lib:/opt/ros/humble/opt/rviz_ogre_vendor/lib:/opt/ros/humble/lib/aarch64-linux-gnu:/opt/ros/humble/lib:/usr/local/cuda/compat:/usr/local/cuda/lib64 /usr/local/bin/cmake --build /home/orin/work/build/turtlebot3_bringup -- -j12 -l12
[0.489s] Invoked command in '/home/orin/work/build/turtlebot3_bringup' returned '0': CMAKE_PREFIX_PATH=/home/orin/work/install/turtlebot3_node:/home/orin/work/install/turtlebot3_msgs:/home/orin/work/install/turtlebot3_description:/home/orin/work/install/dynamixel_sdk:/home/orin/work/install/turtlebot3:/home/orin/work/install/turtlebot3_bringup:/home/orin/work/install/turtlebot3_navigation2:/home/orin/work/install/turtlebot3_cartographer:/home/orin/work/install/rplidar_ros:/home/orin/work/install/dynamixel_sdk_examples:/home/orin/work/install/dynamixel_sdk_custom_interfaces:/home/orin/work/install/detect_interfaces:/home/orin/DynamixelSDK/c++/install:/home/orin/work/install/turtlebot3_teleop:/home/orin/work/install/turtlebot3_example:/home/orin/work/install/object_detection:/home/orin/work/install/detect_lane:/home/orin/work/install/core:/home/orin/work/install/control:/home/orin/work/install/camera:/opt/ros/humble LD_LIBRARY_PATH=/home/orin/work/install/turtlebot3_msgs/lib:/home/orin/work/install/dynamixel_sdk/lib:/home/orin/work/install/dynamixel_sdk_custom_interfaces/lib:/home/orin/work/install/detect_interfaces/lib:/opt/ros/humble/opt/rviz_ogre_vendor/lib:/opt/ros/humble/lib/aarch64-linux-gnu:/opt/ros/humble/lib:/usr/local/cuda/compat:/usr/local/cuda/lib64 /usr/local/bin/cmake --build /home/orin/work/build/turtlebot3_bringup -- -j12 -l12
[0.491s] Invoking command in '/home/orin/work/build/turtlebot3_bringup': CMAKE_PREFIX_PATH=/home/orin/work/install/turtlebot3_node:/home/orin/work/install/turtlebot3_msgs:/home/orin/work/install/turtlebot3_description:/home/orin/work/install/dynamixel_sdk:/home/orin/work/install/turtlebot3:/home/orin/work/install/turtlebot3_bringup:/home/orin/work/install/turtlebot3_navigation2:/home/orin/work/install/turtlebot3_cartographer:/home/orin/work/install/rplidar_ros:/home/orin/work/install/dynamixel_sdk_examples:/home/orin/work/install/dynamixel_sdk_custom_interfaces:/home/orin/work/install/detect_interfaces:/home/orin/DynamixelSDK/c++/install:/home/orin/work/install/turtlebot3_teleop:/home/orin/work/install/turtlebot3_example:/home/orin/work/install/object_detection:/home/orin/work/install/detect_lane:/home/orin/work/install/core:/home/orin/work/install/control:/home/orin/work/install/camera:/opt/ros/humble LD_LIBRARY_PATH=/home/orin/work/install/turtlebot3_msgs/lib:/home/orin/work/install/dynamixel_sdk/lib:/home/orin/work/install/dynamixel_sdk_custom_interfaces/lib:/home/orin/work/install/detect_interfaces/lib:/opt/ros/humble/opt/rviz_ogre_vendor/lib:/opt/ros/humble/lib/aarch64-linux-gnu:/opt/ros/humble/lib:/usr/local/cuda/compat:/usr/local/cuda/lib64 /usr/local/bin/cmake --install /home/orin/work/build/turtlebot3_bringup
[0.706s] -- Install configuration: ""
[0.706s] -- Up-to-date: /home/orin/work/install/turtlebot3_bringup/share/turtlebot3_bringup/launch
[0.706s] -- Up-to-date: /home/orin/work/install/turtlebot3_bringup/share/turtlebot3_bringup/launch/robot.launch.py
[0.707s] -- Up-to-date: /home/orin/work/install/turtlebot3_bringup/share/turtlebot3_bringup/launch/turtlebot3_state_publisher.launch.py
[0.707s] -- Up-to-date: /home/orin/work/install/turtlebot3_bringup/share/turtlebot3_bringup/launch/rviz2.launch.py
[0.707s] -- Up-to-date: /home/orin/work/install/turtlebot3_bringup/share/turtlebot3_bringup/param
[0.707s] -- Up-to-date: /home/orin/work/install/turtlebot3_bringup/share/turtlebot3_bringup/param/waffle.yaml
[0.708s] -- Up-to-date: /home/orin/work/install/turtlebot3_bringup/share/turtlebot3_bringup/param/waffle_pi.yaml
[0.708s] -- Up-to-date: /home/orin/work/install/turtlebot3_bringup/share/turtlebot3_bringup/param/burger.yaml
[0.708s] -- Up-to-date: /home/orin/work/install/turtlebot3_bringup/share/turtlebot3_bringup/script
[0.708s] -- Up-to-date: /home/orin/work/install/turtlebot3_bringup/share/turtlebot3_bringup/script/99-turtlebot3-cdc.rules
[0.708s] -- Up-to-date: /home/orin/work/install/turtlebot3_bringup/share/turtlebot3_bringup/script/create_udev_rules
[0.709s] -- Up-to-date: /home/orin/work/install/turtlebot3_bringup/share/ament_index/resource_index/package_run_dependencies/turtlebot3_bringup
[0.709s] -- Up-to-date: /home/orin/work/install/turtlebot3_bringup/share/ament_index/resource_index/parent_prefix_path/turtlebot3_bringup
[0.710s] -- Up-to-date: /home/orin/work/install/turtlebot3_bringup/share/turtlebot3_bringup/environment/ament_prefix_path.sh
[0.710s] -- Up-to-date: /home/orin/work/install/turtlebot3_bringup/share/turtlebot3_bringup/environment/ament_prefix_path.dsv
[0.710s] -- Up-to-date: /home/orin/work/install/turtlebot3_bringup/share/turtlebot3_bringup/environment/path.sh
[0.711s] -- Up-to-date: /home/orin/work/install/turtlebot3_bringup/share/turtlebot3_bringup/environment/path.dsv
[0.711s] -- Up-to-date: /home/orin/work/install/turtlebot3_bringup/share/turtlebot3_bringup/local_setup.bash
[0.711s] -- Up-to-date: /home/orin/work/install/turtlebot3_bringup/share/turtlebot3_bringup/local_setup.sh
[0.711s] -- Up-to-date: /home/orin/work/install/turtlebot3_bringup/share/turtlebot3_bringup/local_setup.zsh
[0.712s] -- Up-to-date: /home/orin/work/install/turtlebot3_bringup/share/turtlebot3_bringup/local_setup.dsv
[0.712s] -- Installing: /home/orin/work/install/turtlebot3_bringup/share/turtlebot3_bringup/package.dsv
[0.752s] -- Up-to-date: /home/orin/work/install/turtlebot3_bringup/share/ament_index/resource_index/packages/turtlebot3_bringup
[0.752s] -- Up-to-date: /home/orin/work/install/turtlebot3_bringup/share/turtlebot3_bringup/cmake/turtlebot3_bringupConfig.cmake
[0.752s] -- Up-to-date: /home/orin/work/install/turtlebot3_bringup/share/turtlebot3_bringup/cmake/turtlebot3_bringupConfig-version.cmake
[0.752s] -- Up-to-date: /home/orin/work/install/turtlebot3_bringup/share/turtlebot3_bringup/package.xml
[0.798s] Invoked command in '/home/orin/work/build/turtlebot3_bringup' returned '0': CMAKE_PREFIX_PATH=/home/orin/work/install/turtlebot3_node:/home/orin/work/install/turtlebot3_msgs:/home/orin/work/install/turtlebot3_description:/home/orin/work/install/dynamixel_sdk:/home/orin/work/install/turtlebot3:/home/orin/work/install/turtlebot3_bringup:/home/orin/work/install/turtlebot3_navigation2:/home/orin/work/install/turtlebot3_cartographer:/home/orin/work/install/rplidar_ros:/home/orin/work/install/dynamixel_sdk_examples:/home/orin/work/install/dynamixel_sdk_custom_interfaces:/home/orin/work/install/detect_interfaces:/home/orin/DynamixelSDK/c++/install:/home/orin/work/install/turtlebot3_teleop:/home/orin/work/install/turtlebot3_example:/home/orin/work/install/object_detection:/home/orin/work/install/detect_lane:/home/orin/work/install/core:/home/orin/work/install/control:/home/orin/work/install/camera:/opt/ros/humble LD_LIBRARY_PATH=/home/orin/work/install/turtlebot3_msgs/lib:/home/orin/work/install/dynamixel_sdk/lib:/home/orin/work/install/dynamixel_sdk_custom_interfaces/lib:/home/orin/work/install/detect_interfaces/lib:/opt/ros/humble/opt/rviz_ogre_vendor/lib:/opt/ros/humble/lib/aarch64-linux-gnu:/opt/ros/humble/lib:/usr/local/cuda/compat:/usr/local/cuda/lib64 /usr/local/bin/cmake --install /home/orin/work/build/turtlebot3_bringup
