[5.288s] Invoking command in '/home/orin/work/src/control': PYTHONPATH=/home/orin/work/build/control/prefix_override:/usr/lib/python3/dist-packages/colcon_core/task/python/colcon_distutils_commands:/home/orin/work/install/control/lib/python3.10/site-packages:${PYTHONPATH} /usr/bin/python3 -W ignore:setup.py install is deprecated -W ignore:easy_install command is deprecated setup.py egg_info --egg-base ../../build/control build --build-base /home/orin/work/build/control/build install --record /home/orin/work/build/control/install.log --single-version-externally-managed install_data
[5.702s] /usr/local/lib/python3.10/dist-packages/setuptools/_distutils/dist.py:261: UserWarning: Unknown distribution option: 'tests_require'
[5.703s]   warnings.warn(msg)
[5.939s] running egg_info
[5.981s] writing ../../build/control/control.egg-info/PKG-INFO
[5.983s] writing dependency_links to ../../build/control/control.egg-info/dependency_links.txt
[5.984s] writing entry points to ../../build/control/control.egg-info/entry_points.txt
[5.985s] writing requirements to ../../build/control/control.egg-info/requires.txt
[5.985s] writing top-level names to ../../build/control/control.egg-info/top_level.txt
[6.072s] reading manifest file '../../build/control/control.egg-info/SOURCES.txt'
[6.072s] writing manifest file '../../build/control/control.egg-info/SOURCES.txt'
[6.075s] running build
[6.075s] running build_py
[6.080s] copying control/control_pack.py -> /home/orin/work/build/control/build/lib/control
[6.081s] copying control/control_avoidance_v2.py -> /home/orin/work/build/control/build/lib/control
[6.081s] copying control/__init__.py -> /home/orin/work/build/control/build/lib/control
[6.082s] copying control/control_auto_avoidance.py -> /home/orin/work/build/control/build/lib/control
[6.082s] copying control/control_lane.py -> /home/orin/work/build/control/build/lib/control
[6.082s] copying control/control_avoidance.py -> /home/orin/work/build/control/build/lib/control
[6.083s] copying control/control_pack_v2.py -> /home/orin/work/build/control/build/lib/control
[6.086s] running install
[6.094s] running install_lib
[6.136s] copying /home/orin/work/build/control/build/lib/control/control_auto_avoidance.py -> /home/orin/work/install/control/lib/python3.10/site-packages/control
[6.138s] byte-compiling /home/orin/work/install/control/lib/python3.10/site-packages/control/control_auto_avoidance.py to control_auto_avoidance.cpython-310.pyc
[6.144s] running install_data
[6.144s] copying resource/control -> /home/orin/work/install/control/share/ament_index/resource_index/packages
[6.144s] copying package.xml -> /home/orin/work/install/control/share/control
[6.146s] copying launch/avoidance_launch.py -> /home/orin/work/install/control/share/control/launch
[6.146s] copying launch/parking_launch.py -> /home/orin/work/install/control/share/control/launch
[6.146s] running install_egg_info
[6.188s] removing '/home/orin/work/install/control/lib/python3.10/site-packages/control-0.0.0-py3.10.egg-info' (and everything under it)
[6.193s] Copying ../../build/control/control.egg-info to /home/orin/work/install/control/lib/python3.10/site-packages/control-0.0.0-py3.10.egg-info
[6.198s] running install_scripts
[6.525s] Installing control_auto_avoidance script to /home/orin/work/install/control/lib/control
[6.526s] Installing control_avoidance script to /home/orin/work/install/control/lib/control
[6.527s] Installing control_avoidance_2 script to /home/orin/work/install/control/lib/control
[6.528s] Installing control_lane script to /home/orin/work/install/control/lib/control
[6.528s] Installing control_pack script to /home/orin/work/install/control/lib/control
[6.529s] Installing control_pack_2 script to /home/orin/work/install/control/lib/control
[6.530s] writing list of installed files to '/home/orin/work/build/control/install.log'
[6.631s] Invoked command in '/home/orin/work/src/control' returned '0': PYTHONPATH=/home/orin/work/build/control/prefix_override:/usr/lib/python3/dist-packages/colcon_core/task/python/colcon_distutils_commands:/home/orin/work/install/control/lib/python3.10/site-packages:${PYTHONPATH} /usr/bin/python3 -W ignore:setup.py install is deprecated -W ignore:easy_install command is deprecated setup.py egg_info --egg-base ../../build/control build --build-base /home/orin/work/build/control/build install --record /home/orin/work/build/control/install.log --single-version-externally-managed install_data
