[9.354s] Invoking command in '/home/orin/work/src/detect/detect_lane': PYTHONPATH=/home/orin/work/build/detect_lane/prefix_override:/usr/lib/python3/dist-packages/colcon_core/task/python/colcon_distutils_commands:/home/orin/work/install/detect_lane/lib/python3.10/site-packages:${PYTHONPATH} /usr/bin/python3 -W ignore:setup.py install is deprecated -W ignore:easy_install command is deprecated setup.py egg_info --egg-base ../../../build/detect_lane build --build-base /home/orin/work/build/detect_lane/build install --record /home/orin/work/build/detect_lane/install.log --single-version-externally-managed install_data
[10.241s] /usr/local/lib/python3.10/dist-packages/setuptools/_distutils/dist.py:261: UserWarning: Unknown distribution option: 'tests_require'
[10.241s]   warnings.warn(msg)
[10.942s] running egg_info
[11.043s] writing ../../../build/detect_lane/detect_lane.egg-info/PKG-INFO
[11.051s] writing dependency_links to ../../../build/detect_lane/detect_lane.egg-info/dependency_links.txt
[11.054s] writing entry points to ../../../build/detect_lane/detect_lane.egg-info/entry_points.txt
[11.062s] writing requirements to ../../../build/detect_lane/detect_lane.egg-info/requires.txt
[11.063s] writing top-level names to ../../../build/detect_lane/detect_lane.egg-info/top_level.txt
[11.329s] reading manifest file '../../../build/detect_lane/detect_lane.egg-info/SOURCES.txt'
[11.351s] writing manifest file '../../../build/detect_lane/detect_lane.egg-info/SOURCES.txt'
[11.352s] running build
[11.352s] running build_py
[11.353s] copying detect_lane/camera_red_green_light.py -> /home/orin/work/build/detect_lane/build/lib/detect_lane
[11.353s] copying detect_lane/key_pub_signs.py -> /home/orin/work/build/detect_lane/build/lib/detect_lane
[11.354s] copying detect_lane/__init__.py -> /home/orin/work/build/detect_lane/build/lib/detect_lane
[11.354s] copying detect_lane/detect_lane.py -> /home/orin/work/build/detect_lane/build/lib/detect_lane
[11.354s] copying detect_lane/hsv_traffic_light.py -> /home/orin/work/build/detect_lane/build/lib/detect_lane
[11.355s] copying detect_lane/hsv_param_adjustment.py -> /home/orin/work/build/detect_lane/build/lib/detect_lane
[11.355s] copying detect_lane/detect_traffic.py -> /home/orin/work/build/detect_lane/build/lib/detect_lane
[11.356s] copying detect_lane/detect_parking_grid.py -> /home/orin/work/build/detect_lane/build/lib/detect_lane
[11.379s] running install
[11.417s] running install_lib
[11.562s] running install_data
[11.566s] copying resource/detect_lane -> /home/orin/work/install/detect_lane/share/ament_index/resource_index/packages
[11.570s] copying package.xml -> /home/orin/work/install/detect_lane/share/detect_lane
[11.571s] copying launch/detect_traffic_launch.py -> /home/orin/work/install/detect_lane/share/detect_lane/launch
[11.572s] copying launch/detect_lane_launch.py -> /home/orin/work/install/detect_lane/share/detect_lane/launch
[11.572s] copying config/hsv_parameters_default.yaml -> /home/orin/work/install/detect_lane/share/detect_lane/config
[11.573s] copying config/hsv_parameters_tr_own.yaml -> /home/orin/work/install/detect_lane/share/detect_lane/config
[11.573s] copying config/hsv_parameters_own.yaml -> /home/orin/work/install/detect_lane/share/detect_lane/config
[11.573s] copying config/hsv_parameters_own (copy).yaml -> /home/orin/work/install/detect_lane/share/detect_lane/config
[11.574s] copying config/calibration_mode.rviz -> /home/orin/work/install/detect_lane/share/detect_lane/config
[11.574s] copying config/lane_mode.rviz -> /home/orin/work/install/detect_lane/share/detect_lane/config
[11.575s] running install_egg_info
[11.784s] removing '/home/orin/work/install/detect_lane/lib/python3.10/site-packages/detect_lane-0.0.0-py3.10.egg-info' (and everything under it)
[11.784s] Copying ../../../build/detect_lane/detect_lane.egg-info to /home/orin/work/install/detect_lane/lib/python3.10/site-packages/detect_lane-0.0.0-py3.10.egg-info
[11.840s] running install_scripts
[12.639s] Installing detect_lane script to /home/orin/work/install/detect_lane/lib/detect_lane
[12.639s] Installing detect_parking_grid script to /home/orin/work/install/detect_lane/lib/detect_lane
[12.639s] Installing detect_traffic script to /home/orin/work/install/detect_lane/lib/detect_lane
[12.639s] Installing hsv_param_adjustment script to /home/orin/work/install/detect_lane/lib/detect_lane
[12.639s] Installing hsv_traffic_light script to /home/orin/work/install/detect_lane/lib/detect_lane
[12.639s] Installing key_pub_signs script to /home/orin/work/install/detect_lane/lib/detect_lane
[12.639s] writing list of installed files to '/home/orin/work/build/detect_lane/install.log'
[12.808s] Invoked command in '/home/orin/work/src/detect/detect_lane' returned '0': PYTHONPATH=/home/orin/work/build/detect_lane/prefix_override:/usr/lib/python3/dist-packages/colcon_core/task/python/colcon_distutils_commands:/home/orin/work/install/detect_lane/lib/python3.10/site-packages:${PYTHONPATH} /usr/bin/python3 -W ignore:setup.py install is deprecated -W ignore:easy_install command is deprecated setup.py egg_info --egg-base ../../../build/detect_lane build --build-base /home/orin/work/build/detect_lane/build install --record /home/orin/work/build/detect_lane/install.log --single-version-externally-managed install_data
