[0.132s] Invoking command in '/home/orin/work/build/turtlebot3_node': CMAKE_PREFIX_PATH=/home/orin/work/install/turtlebot3_msgs:/home/orin/work/install/dynamixel_sdk:/home/orin/work/install/turtlebot3:/home/orin/work/install/turtlebot3_bringup:/home/orin/work/install/turtlebot3_node:/home/orin/work/install/turtlebot3_navigation2:/home/orin/work/install/turtlebot3_description:/home/orin/work/install/turtlebot3_cartographer:/home/orin/work/install/rplidar_ros:/home/orin/work/install/dynamixel_sdk_examples:/home/orin/work/install/dynamixel_sdk_custom_interfaces:/home/orin/work/install/detect_interfaces:/home/orin/DynamixelSDK/c++/install:/home/orin/work/install/turtlebot3_teleop:/home/orin/work/install/turtlebot3_example:/home/orin/work/install/object_detection:/home/orin/work/install/detect_lane:/home/orin/work/install/core:/home/orin/work/install/control:/home/orin/work/install/camera:/opt/ros/humble LD_LIBRARY_PATH=/home/orin/work/install/turtlebot3_msgs/lib:/home/orin/work/install/dynamixel_sdk/lib:/home/orin/work/install/dynamixel_sdk_custom_interfaces/lib:/home/orin/work/install/detect_interfaces/lib:/opt/ros/humble/opt/rviz_ogre_vendor/lib:/opt/ros/humble/lib/aarch64-linux-gnu:/opt/ros/humble/lib:/usr/local/cuda/compat:/usr/local/cuda/lib64 /usr/local/bin/cmake --build /home/orin/work/build/turtlebot3_node -- -j12 -l12
[0.717s] [ 85%] Built target turtlebot3_node_lib
[0.718s] [100%] Built target turtlebot3_ros
[0.758s] Invoked command in '/home/orin/work/build/turtlebot3_node' returned '0': CMAKE_PREFIX_PATH=/home/orin/work/install/turtlebot3_msgs:/home/orin/work/install/dynamixel_sdk:/home/orin/work/install/turtlebot3:/home/orin/work/install/turtlebot3_bringup:/home/orin/work/install/turtlebot3_node:/home/orin/work/install/turtlebot3_navigation2:/home/orin/work/install/turtlebot3_description:/home/orin/work/install/turtlebot3_cartographer:/home/orin/work/install/rplidar_ros:/home/orin/work/install/dynamixel_sdk_examples:/home/orin/work/install/dynamixel_sdk_custom_interfaces:/home/orin/work/install/detect_interfaces:/home/orin/DynamixelSDK/c++/install:/home/orin/work/install/turtlebot3_teleop:/home/orin/work/install/turtlebot3_example:/home/orin/work/install/object_detection:/home/orin/work/install/detect_lane:/home/orin/work/install/core:/home/orin/work/install/control:/home/orin/work/install/camera:/opt/ros/humble LD_LIBRARY_PATH=/home/orin/work/install/turtlebot3_msgs/lib:/home/orin/work/install/dynamixel_sdk/lib:/home/orin/work/install/dynamixel_sdk_custom_interfaces/lib:/home/orin/work/install/detect_interfaces/lib:/opt/ros/humble/opt/rviz_ogre_vendor/lib:/opt/ros/humble/lib/aarch64-linux-gnu:/opt/ros/humble/lib:/usr/local/cuda/compat:/usr/local/cuda/lib64 /usr/local/bin/cmake --build /home/orin/work/build/turtlebot3_node -- -j12 -l12
[0.759s] Invoking command in '/home/orin/work/build/turtlebot3_node': CMAKE_PREFIX_PATH=/home/orin/work/install/turtlebot3_msgs:/home/orin/work/install/dynamixel_sdk:/home/orin/work/install/turtlebot3:/home/orin/work/install/turtlebot3_bringup:/home/orin/work/install/turtlebot3_node:/home/orin/work/install/turtlebot3_navigation2:/home/orin/work/install/turtlebot3_description:/home/orin/work/install/turtlebot3_cartographer:/home/orin/work/install/rplidar_ros:/home/orin/work/install/dynamixel_sdk_examples:/home/orin/work/install/dynamixel_sdk_custom_interfaces:/home/orin/work/install/detect_interfaces:/home/orin/DynamixelSDK/c++/install:/home/orin/work/install/turtlebot3_teleop:/home/orin/work/install/turtlebot3_example:/home/orin/work/install/object_detection:/home/orin/work/install/detect_lane:/home/orin/work/install/core:/home/orin/work/install/control:/home/orin/work/install/camera:/opt/ros/humble LD_LIBRARY_PATH=/home/orin/work/install/turtlebot3_msgs/lib:/home/orin/work/install/dynamixel_sdk/lib:/home/orin/work/install/dynamixel_sdk_custom_interfaces/lib:/home/orin/work/install/detect_interfaces/lib:/opt/ros/humble/opt/rviz_ogre_vendor/lib:/opt/ros/humble/lib/aarch64-linux-gnu:/opt/ros/humble/lib:/usr/local/cuda/compat:/usr/local/cuda/lib64 /usr/local/bin/cmake --install /home/orin/work/build/turtlebot3_node
[0.932s] -- Install configuration: ""
[0.932s] -- Up-to-date: /home/orin/work/install/turtlebot3_node/share/turtlebot3_node/param
[0.934s] -- Up-to-date: /home/orin/work/install/turtlebot3_node/share/turtlebot3_node/param/waffle.yaml
[0.934s] -- Up-to-date: /home/orin/work/install/turtlebot3_node/share/turtlebot3_node/param/waffle_pi.yaml
[0.935s] -- Up-to-date: /home/orin/work/install/turtlebot3_node/share/turtlebot3_node/param/burger.yaml
[0.939s] -- Up-to-date: /home/orin/work/install/turtlebot3_node/lib/turtlebot3_node/turtlebot3_ros
[0.939s] -- Up-to-date: /home/orin/work/install/turtlebot3_node/share/ament_index/resource_index/package_run_dependencies/turtlebot3_node
[0.939s] -- Up-to-date: /home/orin/work/install/turtlebot3_node/share/ament_index/resource_index/parent_prefix_path/turtlebot3_node
[0.940s] -- Up-to-date: /home/orin/work/install/turtlebot3_node/share/turtlebot3_node/environment/ament_prefix_path.sh
[0.945s] -- Up-to-date: /home/orin/work/install/turtlebot3_node/share/turtlebot3_node/environment/ament_prefix_path.dsv
[0.947s] -- Up-to-date: /home/orin/work/install/turtlebot3_node/share/turtlebot3_node/environment/path.sh
[0.948s] -- Up-to-date: /home/orin/work/install/turtlebot3_node/share/turtlebot3_node/environment/path.dsv
[0.949s] -- Up-to-date: /home/orin/work/install/turtlebot3_node/share/turtlebot3_node/local_setup.bash
[0.950s] -- Up-to-date: /home/orin/work/install/turtlebot3_node/share/turtlebot3_node/local_setup.sh
[0.951s] -- Up-to-date: /home/orin/work/install/turtlebot3_node/share/turtlebot3_node/local_setup.zsh
[0.952s] -- Up-to-date: /home/orin/work/install/turtlebot3_node/share/turtlebot3_node/local_setup.dsv
[0.953s] -- Installing: /home/orin/work/install/turtlebot3_node/share/turtlebot3_node/package.dsv
[0.954s] -- Up-to-date: /home/orin/work/install/turtlebot3_node/share/ament_index/resource_index/packages/turtlebot3_node
[0.955s] -- Up-to-date: /home/orin/work/install/turtlebot3_node/share/turtlebot3_node/cmake/ament_cmake_export_include_directories-extras.cmake
[0.956s] -- Up-to-date: /home/orin/work/install/turtlebot3_node/share/turtlebot3_node/cmake/turtlebot3_nodeConfig.cmake
[0.958s] -- Up-to-date: /home/orin/work/install/turtlebot3_node/share/turtlebot3_node/cmake/turtlebot3_nodeConfig-version.cmake
[0.963s] -- Up-to-date: /home/orin/work/install/turtlebot3_node/share/turtlebot3_node/package.xml
[1.006s] Invoked command in '/home/orin/work/build/turtlebot3_node' returned '0': CMAKE_PREFIX_PATH=/home/orin/work/install/turtlebot3_msgs:/home/orin/work/install/dynamixel_sdk:/home/orin/work/install/turtlebot3:/home/orin/work/install/turtlebot3_bringup:/home/orin/work/install/turtlebot3_node:/home/orin/work/install/turtlebot3_navigation2:/home/orin/work/install/turtlebot3_description:/home/orin/work/install/turtlebot3_cartographer:/home/orin/work/install/rplidar_ros:/home/orin/work/install/dynamixel_sdk_examples:/home/orin/work/install/dynamixel_sdk_custom_interfaces:/home/orin/work/install/detect_interfaces:/home/orin/DynamixelSDK/c++/install:/home/orin/work/install/turtlebot3_teleop:/home/orin/work/install/turtlebot3_example:/home/orin/work/install/object_detection:/home/orin/work/install/detect_lane:/home/orin/work/install/core:/home/orin/work/install/control:/home/orin/work/install/camera:/opt/ros/humble LD_LIBRARY_PATH=/home/orin/work/install/turtlebot3_msgs/lib:/home/orin/work/install/dynamixel_sdk/lib:/home/orin/work/install/dynamixel_sdk_custom_interfaces/lib:/home/orin/work/install/detect_interfaces/lib:/opt/ros/humble/opt/rviz_ogre_vendor/lib:/opt/ros/humble/lib/aarch64-linux-gnu:/opt/ros/humble/lib:/usr/local/cuda/compat:/usr/local/cuda/lib64 /usr/local/bin/cmake --install /home/orin/work/build/turtlebot3_node
