[0.118s] Invoking command in '/home/orin/work/build/dynamixel_sdk': CMAKE_PREFIX_PATH=${CMAKE_PREFIX_PATH}:/home/orin/work/install/turtlebot3_teleop:/home/orin/work/install/turtlebot3_example:/home/orin/work/install/object_detection:/home/orin/work/install/detect_lane:/home/orin/work/install/control:/home/orin/work/install/camera:/opt/ros/humble /usr/local/bin/cmake /home/orin/work/src/utils/DynamixelSDK/dynamixel_sdk -DCMAKE_INSTALL_PREFIX=/home/orin/work/install/dynamixel_sdk
[2.276s] -- The C compiler identification is GNU 11.4.0
[2.277s] -- The CXX compiler identification is GNU 11.4.0
[2.278s] -- Detecting C compiler ABI info
[2.279s] -- Detecting C compiler ABI info - done
[2.279s] -- Check for working C compiler: /usr/bin/cc - skipped
[2.279s] -- Detecting C compile features
[2.279s] -- Detecting C compile features - done
[2.280s] -- Detecting CXX compiler ABI info
[2.280s] -- Detecting CXX compiler ABI info - done
[2.280s] -- Check for working CXX compiler: /usr/bin/c++ - skipped
[2.280s] -- Detecting CXX compile features
[2.280s] -- Detecting CXX compile features - done
[2.280s] -- Found ament_cmake: 1.3.11 (/opt/ros/humble/share/ament_cmake/cmake)
[2.280s] -- Found Python3: /usr/local/bin/python3 (found version "3.10.12") found components: Interpreter
[2.280s] -- Configuring done (1.4s)
[2.280s] -- Generating done (0.0s)
[2.281s] -- Build files have been written to: /home/orin/work/build/dynamixel_sdk
[2.781s] Invoked command in '/home/orin/work/build/dynamixel_sdk' returned '0': CMAKE_PREFIX_PATH=${CMAKE_PREFIX_PATH}:/home/orin/work/install/turtlebot3_teleop:/home/orin/work/install/turtlebot3_example:/home/orin/work/install/object_detection:/home/orin/work/install/detect_lane:/home/orin/work/install/control:/home/orin/work/install/camera:/opt/ros/humble /usr/local/bin/cmake /home/orin/work/src/utils/DynamixelSDK/dynamixel_sdk -DCMAKE_INSTALL_PREFIX=/home/orin/work/install/dynamixel_sdk
[2.785s] Invoking command in '/home/orin/work/build/dynamixel_sdk': CMAKE_PREFIX_PATH=${CMAKE_PREFIX_PATH}:/home/orin/work/install/turtlebot3_teleop:/home/orin/work/install/turtlebot3_example:/home/orin/work/install/object_detection:/home/orin/work/install/detect_lane:/home/orin/work/install/control:/home/orin/work/install/camera:/opt/ros/humble /usr/local/bin/cmake --build /home/orin/work/build/dynamixel_sdk -- -j12 -l12
[3.062s] [ 10%] [32mBuilding CXX object CMakeFiles/dynamixel_sdk.dir/src/dynamixel_sdk/packet_handler.cpp.o[0m
[3.080s] [ 20%] [32mBuilding CXX object CMakeFiles/dynamixel_sdk.dir/src/dynamixel_sdk/protocol1_packet_handler.cpp.o[0m
[3.087s] [ 30%] [32mBuilding CXX object CMakeFiles/dynamixel_sdk.dir/src/dynamixel_sdk/group_sync_read.cpp.o[0m
[3.102s] [ 40%] [32mBuilding CXX object CMakeFiles/dynamixel_sdk.dir/src/dynamixel_sdk/protocol2_packet_handler.cpp.o[0m
[3.104s] [ 50%] [32mBuilding CXX object CMakeFiles/dynamixel_sdk.dir/src/dynamixel_sdk/group_sync_write.cpp.o[0m
[3.196s] [ 60%] [32mBuilding CXX object CMakeFiles/dynamixel_sdk.dir/src/dynamixel_sdk/group_bulk_read.cpp.o[0m
[3.216s] [ 70%] [32mBuilding CXX object CMakeFiles/dynamixel_sdk.dir/src/dynamixel_sdk/group_bulk_write.cpp.o[0m
[3.240s] [ 80%] [32mBuilding CXX object CMakeFiles/dynamixel_sdk.dir/src/dynamixel_sdk/port_handler.cpp.o[0m
[3.289s] [ 90%] [32mBuilding CXX object CMakeFiles/dynamixel_sdk.dir/src/dynamixel_sdk/port_handler_linux.cpp.o[0m
[4.778s] [100%] [32m[1mLinking CXX shared library libdynamixel_sdk.so[0m
[4.968s] [100%] Built target dynamixel_sdk
[5.021s] Invoked command in '/home/orin/work/build/dynamixel_sdk' returned '0': CMAKE_PREFIX_PATH=${CMAKE_PREFIX_PATH}:/home/orin/work/install/turtlebot3_teleop:/home/orin/work/install/turtlebot3_example:/home/orin/work/install/object_detection:/home/orin/work/install/detect_lane:/home/orin/work/install/control:/home/orin/work/install/camera:/opt/ros/humble /usr/local/bin/cmake --build /home/orin/work/build/dynamixel_sdk -- -j12 -l12
[5.022s] Invoking command in '/home/orin/work/build/dynamixel_sdk': CMAKE_PREFIX_PATH=${CMAKE_PREFIX_PATH}:/home/orin/work/install/turtlebot3_teleop:/home/orin/work/install/turtlebot3_example:/home/orin/work/install/object_detection:/home/orin/work/install/detect_lane:/home/orin/work/install/control:/home/orin/work/install/camera:/opt/ros/humble /usr/local/bin/cmake --install /home/orin/work/build/dynamixel_sdk
[5.797s] -- Install configuration: ""
[5.797s] -- Installing: /home/orin/work/install/dynamixel_sdk/include/
[5.797s] -- Installing: /home/orin/work/install/dynamixel_sdk/include//dynamixel_sdk
[5.797s] -- Installing: /home/orin/work/install/dynamixel_sdk/include//dynamixel_sdk/group_sync_write.h
[5.797s] -- Installing: /home/orin/work/install/dynamixel_sdk/include//dynamixel_sdk/port_handler_windows.h
[5.797s] -- Installing: /home/orin/work/install/dynamixel_sdk/include//dynamixel_sdk/protocol2_packet_handler.h
[5.798s] -- Installing: /home/orin/work/install/dynamixel_sdk/include//dynamixel_sdk/dynamixel_sdk.h
[5.798s] -- Installing: /home/orin/work/install/dynamixel_sdk/include//dynamixel_sdk/port_handler.h
[5.798s] -- Installing: /home/orin/work/install/dynamixel_sdk/include//dynamixel_sdk/port_handler_linux.h
[5.798s] -- Installing: /home/orin/work/install/dynamixel_sdk/include//dynamixel_sdk/port_handler_mac.h
[5.798s] -- Installing: /home/orin/work/install/dynamixel_sdk/include//dynamixel_sdk/protocol1_packet_handler.h
[5.798s] -- Installing: /home/orin/work/install/dynamixel_sdk/include//dynamixel_sdk/group_bulk_read.h
[5.798s] -- Installing: /home/orin/work/install/dynamixel_sdk/include//dynamixel_sdk/port_handler_arduino.h
[5.798s] -- Installing: /home/orin/work/install/dynamixel_sdk/include//dynamixel_sdk/group_bulk_write.h
[5.799s] -- Installing: /home/orin/work/install/dynamixel_sdk/include//dynamixel_sdk/group_sync_read.h
[5.799s] -- Installing: /home/orin/work/install/dynamixel_sdk/include//dynamixel_sdk/packet_handler.h
[5.799s] -- Installing: /home/orin/work/install/dynamixel_sdk/lib/libdynamixel_sdk.so
[5.799s] -- Installing: /home/orin/work/install/dynamixel_sdk/share/dynamixel_sdk/environment/library_path.sh
[5.799s] -- Installing: /home/orin/work/install/dynamixel_sdk/share/dynamixel_sdk/environment/library_path.dsv
[5.799s] -- Installing: /home/orin/work/install/dynamixel_sdk/share/ament_index/resource_index/package_run_dependencies/dynamixel_sdk
[5.799s] -- Installing: /home/orin/work/install/dynamixel_sdk/share/ament_index/resource_index/parent_prefix_path/dynamixel_sdk
[5.800s] -- Installing: /home/orin/work/install/dynamixel_sdk/share/dynamixel_sdk/environment/ament_prefix_path.sh
[5.800s] -- Installing: /home/orin/work/install/dynamixel_sdk/share/dynamixel_sdk/environment/ament_prefix_path.dsv
[5.800s] -- Installing: /home/orin/work/install/dynamixel_sdk/share/dynamixel_sdk/environment/path.sh
[5.800s] -- Installing: /home/orin/work/install/dynamixel_sdk/share/dynamixel_sdk/environment/path.dsv
[5.800s] -- Installing: /home/orin/work/install/dynamixel_sdk/share/dynamixel_sdk/local_setup.bash
[5.800s] -- Installing: /home/orin/work/install/dynamixel_sdk/share/dynamixel_sdk/local_setup.sh
[5.800s] -- Installing: /home/orin/work/install/dynamixel_sdk/share/dynamixel_sdk/local_setup.zsh
[5.800s] -- Installing: /home/orin/work/install/dynamixel_sdk/share/dynamixel_sdk/local_setup.dsv
[5.801s] -- Installing: /home/orin/work/install/dynamixel_sdk/share/dynamixel_sdk/package.dsv
[5.801s] -- Installing: /home/orin/work/install/dynamixel_sdk/share/ament_index/resource_index/packages/dynamixel_sdk
[5.801s] -- Installing: /home/orin/work/install/dynamixel_sdk/share/dynamixel_sdk/cmake/ament_cmake_export_include_directories-extras.cmake
[5.801s] -- Installing: /home/orin/work/install/dynamixel_sdk/share/dynamixel_sdk/cmake/ament_cmake_export_libraries-extras.cmake
[5.801s] -- Installing: /home/orin/work/install/dynamixel_sdk/share/dynamixel_sdk/cmake/dynamixel_sdkConfig.cmake
[5.801s] -- Installing: /home/orin/work/install/dynamixel_sdk/share/dynamixel_sdk/cmake/dynamixel_sdkConfig-version.cmake
[5.801s] -- Installing: /home/orin/work/install/dynamixel_sdk/share/dynamixel_sdk/package.xml
[5.805s] Invoked command in '/home/orin/work/build/dynamixel_sdk' returned '0': CMAKE_PREFIX_PATH=${CMAKE_PREFIX_PATH}:/home/orin/work/install/turtlebot3_teleop:/home/orin/work/install/turtlebot3_example:/home/orin/work/install/object_detection:/home/orin/work/install/detect_lane:/home/orin/work/install/control:/home/orin/work/install/camera:/opt/ros/humble /usr/local/bin/cmake --install /home/orin/work/build/dynamixel_sdk
