[0.183s] Invoking command in '/home/orin/work/build/turtlebot3_msgs': CMAKE_PREFIX_PATH=${CMAKE_PREFIX_PATH}:/home/orin/work/install/turtlebot3_teleop:/home/orin/work/install/turtlebot3_example:/home/orin/work/install/object_detection:/home/orin/work/install/detect_lane:/home/orin/work/install/core:/home/orin/work/install/control:/home/orin/work/install/camera:/opt/ros/humble /usr/local/bin/cmake --build /home/orin/work/build/turtlebot3_msgs -- -j12 -l12
[3.007s] [ 11%] Built target turtlebot3_msgs__rosidl_generator_c
[3.010s] [ 11%] Built target ament_cmake_python_copy_turtlebot3_msgs
[3.011s] [ 12%] Built target turtlebot3_msgs__cpp
[3.014s] [ 23%] Built target turtlebot3_msgs__rosidl_typesupport_introspection_c
[3.014s] [ 45%] Built target turtlebot3_msgs__rosidl_typesupport_cpp
[3.015s] [ 59%] Built target turtlebot3_msgs__rosidl_typesupport_introspection_cpp
[3.016s] [ 60%] Built target turtlebot3_msgs__rosidl_typesupport_c
[3.016s] [ 78%] Built target turtlebot3_msgs__rosidl_typesupport_fastrtps_c
[3.017s] [ 80%] Built target turtlebot3_msgs__rosidl_typesupport_fastrtps_cpp
[3.017s] [ 80%] Built target turtlebot3_msgs
[3.022s] [ 81%] Built target turtlebot3_msgs__py
[3.023s] [ 91%] Built target turtlebot3_msgs__rosidl_generator_py
[3.024s] [ 94%] Built target turtlebot3_msgs__rosidl_typesupport_introspection_c__pyext
[3.024s] [ 97%] Built target turtlebot3_msgs__rosidl_typesupport_c__pyext
[3.025s] [100%] Built target turtlebot3_msgs__rosidl_typesupport_fastrtps_c__pyext
[3.025s] running egg_info
[3.026s] writing turtlebot3_msgs.egg-info/PKG-INFO
[3.028s] writing dependency_links to turtlebot3_msgs.egg-info/dependency_links.txt
[3.029s] writing top-level names to turtlebot3_msgs.egg-info/top_level.txt
[3.029s] reading manifest file 'turtlebot3_msgs.egg-info/SOURCES.txt'
[3.030s] writing manifest file 'turtlebot3_msgs.egg-info/SOURCES.txt'
[3.030s] [100%] Built target ament_cmake_python_build_turtlebot3_msgs_egg
[3.252s] Invoked command in '/home/orin/work/build/turtlebot3_msgs' returned '0': CMAKE_PREFIX_PATH=${CMAKE_PREFIX_PATH}:/home/orin/work/install/turtlebot3_teleop:/home/orin/work/install/turtlebot3_example:/home/orin/work/install/object_detection:/home/orin/work/install/detect_lane:/home/orin/work/install/core:/home/orin/work/install/control:/home/orin/work/install/camera:/opt/ros/humble /usr/local/bin/cmake --build /home/orin/work/build/turtlebot3_msgs -- -j12 -l12
[3.256s] Invoking command in '/home/orin/work/build/turtlebot3_msgs': CMAKE_PREFIX_PATH=${CMAKE_PREFIX_PATH}:/home/orin/work/install/turtlebot3_teleop:/home/orin/work/install/turtlebot3_example:/home/orin/work/install/object_detection:/home/orin/work/install/detect_lane:/home/orin/work/install/core:/home/orin/work/install/control:/home/orin/work/install/camera:/opt/ros/humble /usr/local/bin/cmake --install /home/orin/work/build/turtlebot3_msgs
[3.471s] -- Install configuration: ""
[3.471s] -- Up-to-date: /home/orin/work/install/turtlebot3_msgs/share/ament_index/resource_index/rosidl_interfaces/turtlebot3_msgs
[3.471s] -- Up-to-date: /home/orin/work/install/turtlebot3_msgs/include/turtlebot3_msgs/turtlebot3_msgs
[3.472s] -- Up-to-date: /home/orin/work/install/turtlebot3_msgs/include/turtlebot3_msgs/turtlebot3_msgs/msg
[3.472s] -- Up-to-date: /home/orin/work/install/turtlebot3_msgs/include/turtlebot3_msgs/turtlebot3_msgs/msg/rosidl_generator_c__visibility_control.h
[3.472s] -- Up-to-date: /home/orin/work/install/turtlebot3_msgs/include/turtlebot3_msgs/turtlebot3_msgs/msg/version_info.h
[3.473s] -- Up-to-date: /home/orin/work/install/turtlebot3_msgs/include/turtlebot3_msgs/turtlebot3_msgs/msg/detail
[3.473s] -- Up-to-date: /home/orin/work/install/turtlebot3_msgs/include/turtlebot3_msgs/turtlebot3_msgs/msg/detail/version_info__type_support.h
[3.473s] -- Up-to-date: /home/orin/work/install/turtlebot3_msgs/include/turtlebot3_msgs/turtlebot3_msgs/msg/detail/sound__struct.h
[3.473s] -- Up-to-date: /home/orin/work/install/turtlebot3_msgs/include/turtlebot3_msgs/turtlebot3_msgs/msg/detail/sound__functions.h
[3.474s] -- Up-to-date: /home/orin/work/install/turtlebot3_msgs/include/turtlebot3_msgs/turtlebot3_msgs/msg/detail/sensor_state__functions.h
[3.474s] -- Up-to-date: /home/orin/work/install/turtlebot3_msgs/include/turtlebot3_msgs/turtlebot3_msgs/msg/detail/sound__functions.c
[3.474s] -- Up-to-date: /home/orin/work/install/turtlebot3_msgs/include/turtlebot3_msgs/turtlebot3_msgs/msg/detail/version_info__functions.c
[3.474s] -- Up-to-date: /home/orin/work/install/turtlebot3_msgs/include/turtlebot3_msgs/turtlebot3_msgs/msg/detail/sound__type_support.h
[3.475s] -- Up-to-date: /home/orin/work/install/turtlebot3_msgs/include/turtlebot3_msgs/turtlebot3_msgs/msg/detail/sensor_state__functions.c
[3.475s] -- Up-to-date: /home/orin/work/install/turtlebot3_msgs/include/turtlebot3_msgs/turtlebot3_msgs/msg/detail/sensor_state__struct.h
[3.475s] -- Up-to-date: /home/orin/work/install/turtlebot3_msgs/include/turtlebot3_msgs/turtlebot3_msgs/msg/detail/sensor_state__type_support.h
[3.475s] -- Up-to-date: /home/orin/work/install/turtlebot3_msgs/include/turtlebot3_msgs/turtlebot3_msgs/msg/detail/version_info__struct.h
[3.475s] -- Up-to-date: /home/orin/work/install/turtlebot3_msgs/include/turtlebot3_msgs/turtlebot3_msgs/msg/detail/version_info__functions.h
[3.475s] -- Up-to-date: /home/orin/work/install/turtlebot3_msgs/include/turtlebot3_msgs/turtlebot3_msgs/msg/sensor_state.h
[3.475s] -- Up-to-date: /home/orin/work/install/turtlebot3_msgs/include/turtlebot3_msgs/turtlebot3_msgs/msg/sound.h
[3.476s] -- Up-to-date: /home/orin/work/install/turtlebot3_msgs/include/turtlebot3_msgs/turtlebot3_msgs/action
[3.476s] -- Up-to-date: /home/orin/work/install/turtlebot3_msgs/include/turtlebot3_msgs/turtlebot3_msgs/action/patrol.h
[3.476s] -- Up-to-date: /home/orin/work/install/turtlebot3_msgs/include/turtlebot3_msgs/turtlebot3_msgs/action/detail
[3.476s] -- Up-to-date: /home/orin/work/install/turtlebot3_msgs/include/turtlebot3_msgs/turtlebot3_msgs/action/detail/patrol__functions.h
[3.476s] -- Up-to-date: /home/orin/work/install/turtlebot3_msgs/include/turtlebot3_msgs/turtlebot3_msgs/action/detail/patrol__functions.c
[3.476s] -- Up-to-date: /home/orin/work/install/turtlebot3_msgs/include/turtlebot3_msgs/turtlebot3_msgs/action/detail/patrol__struct.h
[3.477s] -- Up-to-date: /home/orin/work/install/turtlebot3_msgs/include/turtlebot3_msgs/turtlebot3_msgs/action/detail/patrol__type_support.h
[3.477s] -- Up-to-date: /home/orin/work/install/turtlebot3_msgs/include/turtlebot3_msgs/turtlebot3_msgs/srv
[3.477s] -- Up-to-date: /home/orin/work/install/turtlebot3_msgs/include/turtlebot3_msgs/turtlebot3_msgs/srv/dqn.h
[3.477s] -- Up-to-date: /home/orin/work/install/turtlebot3_msgs/include/turtlebot3_msgs/turtlebot3_msgs/srv/detail
[3.477s] -- Up-to-date: /home/orin/work/install/turtlebot3_msgs/include/turtlebot3_msgs/turtlebot3_msgs/srv/detail/dqn__functions.c
[3.478s] -- Up-to-date: /home/orin/work/install/turtlebot3_msgs/include/turtlebot3_msgs/turtlebot3_msgs/srv/detail/sound__struct.h
[3.478s] -- Up-to-date: /home/orin/work/install/turtlebot3_msgs/include/turtlebot3_msgs/turtlebot3_msgs/srv/detail/sound__functions.h
[3.478s] -- Up-to-date: /home/orin/work/install/turtlebot3_msgs/include/turtlebot3_msgs/turtlebot3_msgs/srv/detail/sound__functions.c
[3.478s] -- Up-to-date: /home/orin/work/install/turtlebot3_msgs/include/turtlebot3_msgs/turtlebot3_msgs/srv/detail/sound__type_support.h
[3.478s] -- Up-to-date: /home/orin/work/install/turtlebot3_msgs/include/turtlebot3_msgs/turtlebot3_msgs/srv/detail/dqn__struct.h
[3.479s] -- Up-to-date: /home/orin/work/install/turtlebot3_msgs/include/turtlebot3_msgs/turtlebot3_msgs/srv/detail/dqn__type_support.h
[3.479s] -- Up-to-date: /home/orin/work/install/turtlebot3_msgs/include/turtlebot3_msgs/turtlebot3_msgs/srv/detail/dqn__functions.h
[3.479s] -- Up-to-date: /home/orin/work/install/turtlebot3_msgs/include/turtlebot3_msgs/turtlebot3_msgs/srv/sound.h
[3.479s] -- Up-to-date: /home/orin/work/install/turtlebot3_msgs/share/turtlebot3_msgs/environment/library_path.sh
[3.479s] -- Up-to-date: /home/orin/work/install/turtlebot3_msgs/share/turtlebot3_msgs/environment/library_path.dsv
[3.479s] -- Up-to-date: /home/orin/work/install/turtlebot3_msgs/lib/libturtlebot3_msgs__rosidl_generator_c.so
[3.479s] -- Up-to-date: /home/orin/work/install/turtlebot3_msgs/include/turtlebot3_msgs/turtlebot3_msgs
[3.480s] -- Up-to-date: /home/orin/work/install/turtlebot3_msgs/include/turtlebot3_msgs/turtlebot3_msgs/msg
[3.480s] -- Up-to-date: /home/orin/work/install/turtlebot3_msgs/include/turtlebot3_msgs/turtlebot3_msgs/msg/detail
[3.480s] -- Up-to-date: /home/orin/work/install/turtlebot3_msgs/include/turtlebot3_msgs/turtlebot3_msgs/msg/detail/sound__rosidl_typesupport_fastrtps_c.h
[3.480s] -- Up-to-date: /home/orin/work/install/turtlebot3_msgs/include/turtlebot3_msgs/turtlebot3_msgs/msg/detail/version_info__rosidl_typesupport_fastrtps_c.h
[3.488s] -- Up-to-date: /home/orin/work/install/turtlebot3_msgs/include/turtlebot3_msgs/turtlebot3_msgs/msg/detail/sensor_state__rosidl_typesupport_fastrtps_c.h
[3.488s] -- Up-to-date: /home/orin/work/install/turtlebot3_msgs/include/turtlebot3_msgs/turtlebot3_msgs/msg/rosidl_typesupport_fastrtps_c__visibility_control.h
[3.489s] -- Up-to-date: /home/orin/work/install/turtlebot3_msgs/include/turtlebot3_msgs/turtlebot3_msgs/action
[3.489s] -- Up-to-date: /home/orin/work/install/turtlebot3_msgs/include/turtlebot3_msgs/turtlebot3_msgs/action/detail
[3.489s] -- Up-to-date: /home/orin/work/install/turtlebot3_msgs/include/turtlebot3_msgs/turtlebot3_msgs/action/detail/patrol__rosidl_typesupport_fastrtps_c.h
[3.489s] -- Up-to-date: /home/orin/work/install/turtlebot3_msgs/include/turtlebot3_msgs/turtlebot3_msgs/srv
[3.489s] -- Up-to-date: /home/orin/work/install/turtlebot3_msgs/include/turtlebot3_msgs/turtlebot3_msgs/srv/detail
[3.489s] -- Up-to-date: /home/orin/work/install/turtlebot3_msgs/include/turtlebot3_msgs/turtlebot3_msgs/srv/detail/sound__rosidl_typesupport_fastrtps_c.h
[3.489s] -- Up-to-date: /home/orin/work/install/turtlebot3_msgs/include/turtlebot3_msgs/turtlebot3_msgs/srv/detail/dqn__rosidl_typesupport_fastrtps_c.h
[3.490s] -- Up-to-date: /home/orin/work/install/turtlebot3_msgs/lib/libturtlebot3_msgs__rosidl_typesupport_fastrtps_c.so
[3.490s] -- Up-to-date: /home/orin/work/install/turtlebot3_msgs/include/turtlebot3_msgs/turtlebot3_msgs
[3.490s] -- Up-to-date: /home/orin/work/install/turtlebot3_msgs/include/turtlebot3_msgs/turtlebot3_msgs/msg
[3.490s] -- Up-to-date: /home/orin/work/install/turtlebot3_msgs/include/turtlebot3_msgs/turtlebot3_msgs/msg/sensor_state.hpp
[3.490s] -- Up-to-date: /home/orin/work/install/turtlebot3_msgs/include/turtlebot3_msgs/turtlebot3_msgs/msg/detail
[3.491s] -- Up-to-date: /home/orin/work/install/turtlebot3_msgs/include/turtlebot3_msgs/turtlebot3_msgs/msg/detail/sensor_state__builder.hpp
[3.491s] -- Up-to-date: /home/orin/work/install/turtlebot3_msgs/include/turtlebot3_msgs/turtlebot3_msgs/msg/detail/version_info__type_support.hpp
[3.491s] -- Up-to-date: /home/orin/work/install/turtlebot3_msgs/include/turtlebot3_msgs/turtlebot3_msgs/msg/detail/sound__builder.hpp
[3.492s] -- Up-to-date: /home/orin/work/install/turtlebot3_msgs/include/turtlebot3_msgs/turtlebot3_msgs/msg/detail/sensor_state__struct.hpp
[3.492s] -- Up-to-date: /home/orin/work/install/turtlebot3_msgs/include/turtlebot3_msgs/turtlebot3_msgs/msg/detail/version_info__struct.hpp
[3.492s] -- Up-to-date: /home/orin/work/install/turtlebot3_msgs/include/turtlebot3_msgs/turtlebot3_msgs/msg/detail/version_info__traits.hpp
[3.492s] -- Up-to-date: /home/orin/work/install/turtlebot3_msgs/include/turtlebot3_msgs/turtlebot3_msgs/msg/detail/version_info__builder.hpp
[3.492s] -- Up-to-date: /home/orin/work/install/turtlebot3_msgs/include/turtlebot3_msgs/turtlebot3_msgs/msg/detail/sound__struct.hpp
[3.493s] -- Up-to-date: /home/orin/work/install/turtlebot3_msgs/include/turtlebot3_msgs/turtlebot3_msgs/msg/detail/sensor_state__type_support.hpp
[3.493s] -- Up-to-date: /home/orin/work/install/turtlebot3_msgs/include/turtlebot3_msgs/turtlebot3_msgs/msg/detail/sensor_state__traits.hpp
[3.493s] -- Up-to-date: /home/orin/work/install/turtlebot3_msgs/include/turtlebot3_msgs/turtlebot3_msgs/msg/detail/sound__type_support.hpp
[3.493s] -- Up-to-date: /home/orin/work/install/turtlebot3_msgs/include/turtlebot3_msgs/turtlebot3_msgs/msg/detail/sound__traits.hpp
[3.493s] -- Up-to-date: /home/orin/work/install/turtlebot3_msgs/include/turtlebot3_msgs/turtlebot3_msgs/msg/rosidl_generator_cpp__visibility_control.hpp
[3.494s] -- Up-to-date: /home/orin/work/install/turtlebot3_msgs/include/turtlebot3_msgs/turtlebot3_msgs/msg/sound.hpp
[3.494s] -- Up-to-date: /home/orin/work/install/turtlebot3_msgs/include/turtlebot3_msgs/turtlebot3_msgs/msg/version_info.hpp
[3.494s] -- Up-to-date: /home/orin/work/install/turtlebot3_msgs/include/turtlebot3_msgs/turtlebot3_msgs/action
[3.494s] -- Up-to-date: /home/orin/work/install/turtlebot3_msgs/include/turtlebot3_msgs/turtlebot3_msgs/action/detail
[3.494s] -- Up-to-date: /home/orin/work/install/turtlebot3_msgs/include/turtlebot3_msgs/turtlebot3_msgs/action/detail/patrol__type_support.hpp
[3.495s] -- Up-to-date: /home/orin/work/install/turtlebot3_msgs/include/turtlebot3_msgs/turtlebot3_msgs/action/detail/patrol__traits.hpp
[3.495s] -- Up-to-date: /home/orin/work/install/turtlebot3_msgs/include/turtlebot3_msgs/turtlebot3_msgs/action/detail/patrol__struct.hpp
[3.495s] -- Up-to-date: /home/orin/work/install/turtlebot3_msgs/include/turtlebot3_msgs/turtlebot3_msgs/action/detail/patrol__builder.hpp
[3.495s] -- Up-to-date: /home/orin/work/install/turtlebot3_msgs/include/turtlebot3_msgs/turtlebot3_msgs/action/patrol.hpp
[3.496s] -- Up-to-date: /home/orin/work/install/turtlebot3_msgs/include/turtlebot3_msgs/turtlebot3_msgs/srv
[3.496s] -- Up-to-date: /home/orin/work/install/turtlebot3_msgs/include/turtlebot3_msgs/turtlebot3_msgs/srv/dqn.hpp
[3.496s] -- Up-to-date: /home/orin/work/install/turtlebot3_msgs/include/turtlebot3_msgs/turtlebot3_msgs/srv/detail
[3.496s] -- Up-to-date: /home/orin/work/install/turtlebot3_msgs/include/turtlebot3_msgs/turtlebot3_msgs/srv/detail/sound__builder.hpp
[3.496s] -- Up-to-date: /home/orin/work/install/turtlebot3_msgs/include/turtlebot3_msgs/turtlebot3_msgs/srv/detail/dqn__builder.hpp
[3.496s] -- Up-to-date: /home/orin/work/install/turtlebot3_msgs/include/turtlebot3_msgs/turtlebot3_msgs/srv/detail/dqn__traits.hpp
[3.496s] -- Up-to-date: /home/orin/work/install/turtlebot3_msgs/include/turtlebot3_msgs/turtlebot3_msgs/srv/detail/dqn__struct.hpp
[3.497s] -- Up-to-date: /home/orin/work/install/turtlebot3_msgs/include/turtlebot3_msgs/turtlebot3_msgs/srv/detail/sound__struct.hpp
[3.497s] -- Up-to-date: /home/orin/work/install/turtlebot3_msgs/include/turtlebot3_msgs/turtlebot3_msgs/srv/detail/dqn__type_support.hpp
[3.497s] -- Up-to-date: /home/orin/work/install/turtlebot3_msgs/include/turtlebot3_msgs/turtlebot3_msgs/srv/detail/sound__type_support.hpp
[3.497s] -- Up-to-date: /home/orin/work/install/turtlebot3_msgs/include/turtlebot3_msgs/turtlebot3_msgs/srv/detail/sound__traits.hpp
[3.497s] -- Up-to-date: /home/orin/work/install/turtlebot3_msgs/include/turtlebot3_msgs/turtlebot3_msgs/srv/sound.hpp
[3.497s] -- Up-to-date: /home/orin/work/install/turtlebot3_msgs/include/turtlebot3_msgs/turtlebot3_msgs
[3.498s] -- Up-to-date: /home/orin/work/install/turtlebot3_msgs/include/turtlebot3_msgs/turtlebot3_msgs/msg
[3.498s] -- Up-to-date: /home/orin/work/install/turtlebot3_msgs/include/turtlebot3_msgs/turtlebot3_msgs/msg/detail
[3.498s] -- Up-to-date: /home/orin/work/install/turtlebot3_msgs/include/turtlebot3_msgs/turtlebot3_msgs/msg/detail/sound__rosidl_typesupport_fastrtps_cpp.hpp
[3.505s] -- Up-to-date: /home/orin/work/install/turtlebot3_msgs/include/turtlebot3_msgs/turtlebot3_msgs/msg/detail/version_info__rosidl_typesupport_fastrtps_cpp.hpp
[3.506s] -- Up-to-date: /home/orin/work/install/turtlebot3_msgs/include/turtlebot3_msgs/turtlebot3_msgs/msg/detail/dds_fastrtps
[3.506s] -- Up-to-date: /home/orin/work/install/turtlebot3_msgs/include/turtlebot3_msgs/turtlebot3_msgs/msg/detail/sensor_state__rosidl_typesupport_fastrtps_cpp.hpp
[3.506s] -- Up-to-date: /home/orin/work/install/turtlebot3_msgs/include/turtlebot3_msgs/turtlebot3_msgs/msg/rosidl_typesupport_fastrtps_cpp__visibility_control.h
[3.506s] -- Up-to-date: /home/orin/work/install/turtlebot3_msgs/include/turtlebot3_msgs/turtlebot3_msgs/action
[3.507s] -- Up-to-date: /home/orin/work/install/turtlebot3_msgs/include/turtlebot3_msgs/turtlebot3_msgs/action/detail
[3.507s] -- Up-to-date: /home/orin/work/install/turtlebot3_msgs/include/turtlebot3_msgs/turtlebot3_msgs/action/detail/patrol__rosidl_typesupport_fastrtps_cpp.hpp
[3.507s] -- Up-to-date: /home/orin/work/install/turtlebot3_msgs/include/turtlebot3_msgs/turtlebot3_msgs/action/detail/dds_fastrtps
[3.507s] -- Up-to-date: /home/orin/work/install/turtlebot3_msgs/include/turtlebot3_msgs/turtlebot3_msgs/srv
[3.508s] -- Up-to-date: /home/orin/work/install/turtlebot3_msgs/include/turtlebot3_msgs/turtlebot3_msgs/srv/detail
[3.508s] -- Up-to-date: /home/orin/work/install/turtlebot3_msgs/include/turtlebot3_msgs/turtlebot3_msgs/srv/detail/sound__rosidl_typesupport_fastrtps_cpp.hpp
[3.508s] -- Up-to-date: /home/orin/work/install/turtlebot3_msgs/include/turtlebot3_msgs/turtlebot3_msgs/srv/detail/dds_fastrtps
[3.508s] -- Up-to-date: /home/orin/work/install/turtlebot3_msgs/include/turtlebot3_msgs/turtlebot3_msgs/srv/detail/dqn__rosidl_typesupport_fastrtps_cpp.hpp
[3.530s] -- Up-to-date: /home/orin/work/install/turtlebot3_msgs/lib/libturtlebot3_msgs__rosidl_typesupport_fastrtps_cpp.so
[3.530s] -- Up-to-date: /home/orin/work/install/turtlebot3_msgs/include/turtlebot3_msgs/turtlebot3_msgs
[3.530s] -- Up-to-date: /home/orin/work/install/turtlebot3_msgs/include/turtlebot3_msgs/turtlebot3_msgs/msg
[3.530s] -- Up-to-date: /home/orin/work/install/turtlebot3_msgs/include/turtlebot3_msgs/turtlebot3_msgs/msg/rosidl_typesupport_introspection_c__visibility_control.h
[3.531s] -- Up-to-date: /home/orin/work/install/turtlebot3_msgs/include/turtlebot3_msgs/turtlebot3_msgs/msg/detail
[3.531s] -- Up-to-date: /home/orin/work/install/turtlebot3_msgs/include/turtlebot3_msgs/turtlebot3_msgs/msg/detail/sensor_state__type_support.c
[3.531s] -- Up-to-date: /home/orin/work/install/turtlebot3_msgs/include/turtlebot3_msgs/turtlebot3_msgs/msg/detail/sensor_state__rosidl_typesupport_introspection_c.h
[3.531s] -- Up-to-date: /home/orin/work/install/turtlebot3_msgs/include/turtlebot3_msgs/turtlebot3_msgs/msg/detail/version_info__type_support.c
[3.531s] -- Up-to-date: /home/orin/work/install/turtlebot3_msgs/include/turtlebot3_msgs/turtlebot3_msgs/msg/detail/version_info__rosidl_typesupport_introspection_c.h
[3.531s] -- Up-to-date: /home/orin/work/install/turtlebot3_msgs/include/turtlebot3_msgs/turtlebot3_msgs/msg/detail/sound__rosidl_typesupport_introspection_c.h
[3.531s] -- Up-to-date: /home/orin/work/install/turtlebot3_msgs/include/turtlebot3_msgs/turtlebot3_msgs/msg/detail/sound__type_support.c
[3.532s] -- Up-to-date: /home/orin/work/install/turtlebot3_msgs/include/turtlebot3_msgs/turtlebot3_msgs/action
[3.532s] -- Up-to-date: /home/orin/work/install/turtlebot3_msgs/include/turtlebot3_msgs/turtlebot3_msgs/action/detail
[3.532s] -- Up-to-date: /home/orin/work/install/turtlebot3_msgs/include/turtlebot3_msgs/turtlebot3_msgs/action/detail/patrol__type_support.c
[3.532s] -- Up-to-date: /home/orin/work/install/turtlebot3_msgs/include/turtlebot3_msgs/turtlebot3_msgs/action/detail/patrol__rosidl_typesupport_introspection_c.h
[3.532s] -- Up-to-date: /home/orin/work/install/turtlebot3_msgs/include/turtlebot3_msgs/turtlebot3_msgs/srv
[3.532s] -- Up-to-date: /home/orin/work/install/turtlebot3_msgs/include/turtlebot3_msgs/turtlebot3_msgs/srv/detail
[3.532s] -- Up-to-date: /home/orin/work/install/turtlebot3_msgs/include/turtlebot3_msgs/turtlebot3_msgs/srv/detail/dqn__type_support.c
[3.533s] -- Up-to-date: /home/orin/work/install/turtlebot3_msgs/include/turtlebot3_msgs/turtlebot3_msgs/srv/detail/sound__rosidl_typesupport_introspection_c.h
[3.533s] -- Up-to-date: /home/orin/work/install/turtlebot3_msgs/include/turtlebot3_msgs/turtlebot3_msgs/srv/detail/dqn__rosidl_typesupport_introspection_c.h
[3.533s] -- Up-to-date: /home/orin/work/install/turtlebot3_msgs/include/turtlebot3_msgs/turtlebot3_msgs/srv/detail/sound__type_support.c
[3.534s] -- Up-to-date: /home/orin/work/install/turtlebot3_msgs/lib/libturtlebot3_msgs__rosidl_typesupport_introspection_c.so
[3.558s] -- Up-to-date: /home/orin/work/install/turtlebot3_msgs/lib/libturtlebot3_msgs__rosidl_typesupport_c.so
[3.558s] -- Up-to-date: /home/orin/work/install/turtlebot3_msgs/include/turtlebot3_msgs/turtlebot3_msgs
[3.558s] -- Up-to-date: /home/orin/work/install/turtlebot3_msgs/include/turtlebot3_msgs/turtlebot3_msgs/msg
[3.558s] -- Up-to-date: /home/orin/work/install/turtlebot3_msgs/include/turtlebot3_msgs/turtlebot3_msgs/msg/detail
[3.558s] -- Up-to-date: /home/orin/work/install/turtlebot3_msgs/include/turtlebot3_msgs/turtlebot3_msgs/msg/detail/version_info__rosidl_typesupport_introspection_cpp.hpp
[3.559s] -- Up-to-date: /home/orin/work/install/turtlebot3_msgs/include/turtlebot3_msgs/turtlebot3_msgs/msg/detail/sound__rosidl_typesupport_introspection_cpp.hpp
[3.559s] -- Up-to-date: /home/orin/work/install/turtlebot3_msgs/include/turtlebot3_msgs/turtlebot3_msgs/msg/detail/sensor_state__type_support.cpp
[3.559s] -- Up-to-date: /home/orin/work/install/turtlebot3_msgs/include/turtlebot3_msgs/turtlebot3_msgs/msg/detail/version_info__type_support.cpp
[3.559s] -- Up-to-date: /home/orin/work/install/turtlebot3_msgs/include/turtlebot3_msgs/turtlebot3_msgs/msg/detail/sensor_state__rosidl_typesupport_introspection_cpp.hpp
[3.559s] -- Up-to-date: /home/orin/work/install/turtlebot3_msgs/include/turtlebot3_msgs/turtlebot3_msgs/msg/detail/sound__type_support.cpp
[3.559s] -- Up-to-date: /home/orin/work/install/turtlebot3_msgs/include/turtlebot3_msgs/turtlebot3_msgs/action
[3.559s] -- Up-to-date: /home/orin/work/install/turtlebot3_msgs/include/turtlebot3_msgs/turtlebot3_msgs/action/detail
[3.559s] -- Up-to-date: /home/orin/work/install/turtlebot3_msgs/include/turtlebot3_msgs/turtlebot3_msgs/action/detail/patrol__type_support.cpp
[3.560s] -- Up-to-date: /home/orin/work/install/turtlebot3_msgs/include/turtlebot3_msgs/turtlebot3_msgs/action/detail/patrol__rosidl_typesupport_introspection_cpp.hpp
[3.560s] -- Up-to-date: /home/orin/work/install/turtlebot3_msgs/include/turtlebot3_msgs/turtlebot3_msgs/srv
[3.573s] -- Up-to-date: /home/orin/work/install/turtlebot3_msgs/include/turtlebot3_msgs/turtlebot3_msgs/srv/detail
[3.573s] -- Up-to-date: /home/orin/work/install/turtlebot3_msgs/include/turtlebot3_msgs/turtlebot3_msgs/srv/detail/dqn__rosidl_typesupport_introspection_cpp.hpp
[3.573s] -- Up-to-date: /home/orin/work/install/turtlebot3_msgs/include/turtlebot3_msgs/turtlebot3_msgs/srv/detail/sound__rosidl_typesupport_introspection_cpp.hpp
[3.573s] -- Up-to-date: /home/orin/work/install/turtlebot3_msgs/include/turtlebot3_msgs/turtlebot3_msgs/srv/detail/sound__type_support.cpp
[3.573s] -- Up-to-date: /home/orin/work/install/turtlebot3_msgs/include/turtlebot3_msgs/turtlebot3_msgs/srv/detail/dqn__type_support.cpp
[3.573s] -- Up-to-date: /home/orin/work/install/turtlebot3_msgs/lib/libturtlebot3_msgs__rosidl_typesupport_introspection_cpp.so
[3.574s] -- Up-to-date: /home/orin/work/install/turtlebot3_msgs/lib/libturtlebot3_msgs__rosidl_typesupport_cpp.so
[3.574s] -- Up-to-date: /home/orin/work/install/turtlebot3_msgs/share/turtlebot3_msgs/environment/pythonpath.sh
[3.574s] -- Up-to-date: /home/orin/work/install/turtlebot3_msgs/share/turtlebot3_msgs/environment/pythonpath.dsv
[3.574s] -- Up-to-date: /home/orin/work/install/turtlebot3_msgs/local/lib/python3.10/dist-packages/turtlebot3_msgs-2.2.3-py3.10.egg-info
[3.574s] -- Installing: /home/orin/work/install/turtlebot3_msgs/local/lib/python3.10/dist-packages/turtlebot3_msgs-2.2.3-py3.10.egg-info/PKG-INFO
[3.575s] -- Installing: /home/orin/work/install/turtlebot3_msgs/local/lib/python3.10/dist-packages/turtlebot3_msgs-2.2.3-py3.10.egg-info/top_level.txt
[3.575s] -- Installing: /home/orin/work/install/turtlebot3_msgs/local/lib/python3.10/dist-packages/turtlebot3_msgs-2.2.3-py3.10.egg-info/dependency_links.txt
[3.575s] -- Installing: /home/orin/work/install/turtlebot3_msgs/local/lib/python3.10/dist-packages/turtlebot3_msgs-2.2.3-py3.10.egg-info/SOURCES.txt
[3.576s] -- Up-to-date: /home/orin/work/install/turtlebot3_msgs/local/lib/python3.10/dist-packages/turtlebot3_msgs
[3.585s] -- Up-to-date: /home/orin/work/install/turtlebot3_msgs/local/lib/python3.10/dist-packages/turtlebot3_msgs/turtlebot3_msgs_s__rosidl_typesupport_fastrtps_c.cpython-310-aarch64-linux-gnu.so
[3.585s] -- Up-to-date: /home/orin/work/install/turtlebot3_msgs/local/lib/python3.10/dist-packages/turtlebot3_msgs/libturtlebot3_msgs__rosidl_generator_py.so
[3.585s] -- Up-to-date: /home/orin/work/install/turtlebot3_msgs/local/lib/python3.10/dist-packages/turtlebot3_msgs/_turtlebot3_msgs_s.ep.rosidl_typesupport_fastrtps_c.c
[3.585s] -- Up-to-date: /home/orin/work/install/turtlebot3_msgs/local/lib/python3.10/dist-packages/turtlebot3_msgs/turtlebot3_msgs_s__rosidl_typesupport_c.cpython-310-aarch64-linux-gnu.so
[3.585s] -- Up-to-date: /home/orin/work/install/turtlebot3_msgs/local/lib/python3.10/dist-packages/turtlebot3_msgs/msg
[3.586s] -- Up-to-date: /home/orin/work/install/turtlebot3_msgs/local/lib/python3.10/dist-packages/turtlebot3_msgs/msg/_sensor_state.py
[3.586s] -- Up-to-date: /home/orin/work/install/turtlebot3_msgs/local/lib/python3.10/dist-packages/turtlebot3_msgs/msg/_version_info.py
[3.586s] -- Up-to-date: /home/orin/work/install/turtlebot3_msgs/local/lib/python3.10/dist-packages/turtlebot3_msgs/msg/_sensor_state_s.c
[3.586s] -- Up-to-date: /home/orin/work/install/turtlebot3_msgs/local/lib/python3.10/dist-packages/turtlebot3_msgs/msg/__init__.py
[3.586s] -- Up-to-date: /home/orin/work/install/turtlebot3_msgs/local/lib/python3.10/dist-packages/turtlebot3_msgs/msg/_sound.py
[3.586s] -- Up-to-date: /home/orin/work/install/turtlebot3_msgs/local/lib/python3.10/dist-packages/turtlebot3_msgs/msg/_version_info_s.c
[3.586s] -- Up-to-date: /home/orin/work/install/turtlebot3_msgs/local/lib/python3.10/dist-packages/turtlebot3_msgs/msg/_sound_s.c
[3.586s] -- Up-to-date: /home/orin/work/install/turtlebot3_msgs/local/lib/python3.10/dist-packages/turtlebot3_msgs/_turtlebot3_msgs_s.ep.rosidl_typesupport_c.c
[3.587s] -- Up-to-date: /home/orin/work/install/turtlebot3_msgs/local/lib/python3.10/dist-packages/turtlebot3_msgs/__init__.py
[3.587s] -- Up-to-date: /home/orin/work/install/turtlebot3_msgs/local/lib/python3.10/dist-packages/turtlebot3_msgs/action
[3.587s] -- Up-to-date: /home/orin/work/install/turtlebot3_msgs/local/lib/python3.10/dist-packages/turtlebot3_msgs/action/__init__.py
[3.587s] -- Up-to-date: /home/orin/work/install/turtlebot3_msgs/local/lib/python3.10/dist-packages/turtlebot3_msgs/action/_patrol_s.c
[3.587s] -- Up-to-date: /home/orin/work/install/turtlebot3_msgs/local/lib/python3.10/dist-packages/turtlebot3_msgs/action/_patrol.py
[3.587s] -- Up-to-date: /home/orin/work/install/turtlebot3_msgs/local/lib/python3.10/dist-packages/turtlebot3_msgs/srv
[3.587s] -- Up-to-date: /home/orin/work/install/turtlebot3_msgs/local/lib/python3.10/dist-packages/turtlebot3_msgs/srv/__init__.py
[3.587s] -- Up-to-date: /home/orin/work/install/turtlebot3_msgs/local/lib/python3.10/dist-packages/turtlebot3_msgs/srv/_sound.py
[3.588s] -- Up-to-date: /home/orin/work/install/turtlebot3_msgs/local/lib/python3.10/dist-packages/turtlebot3_msgs/srv/_dqn.py
[3.588s] -- Up-to-date: /home/orin/work/install/turtlebot3_msgs/local/lib/python3.10/dist-packages/turtlebot3_msgs/srv/_dqn_s.c
[3.627s] -- Up-to-date: /home/orin/work/install/turtlebot3_msgs/local/lib/python3.10/dist-packages/turtlebot3_msgs/srv/_sound_s.c
[3.631s] -- Up-to-date: /home/orin/work/install/turtlebot3_msgs/local/lib/python3.10/dist-packages/turtlebot3_msgs/_turtlebot3_msgs_s.ep.rosidl_typesupport_introspection_c.c
[3.632s] -- Up-to-date: /home/orin/work/install/turtlebot3_msgs/local/lib/python3.10/dist-packages/turtlebot3_msgs/turtlebot3_msgs_s__rosidl_typesupport_introspection_c.cpython-310-aarch64-linux-gnu.so
[3.749s] Listing '/home/orin/work/install/turtlebot3_msgs/local/lib/python3.10/dist-packages/turtlebot3_msgs'...
[3.750s] Listing '/home/orin/work/install/turtlebot3_msgs/local/lib/python3.10/dist-packages/turtlebot3_msgs/action'...
[3.750s] Listing '/home/orin/work/install/turtlebot3_msgs/local/lib/python3.10/dist-packages/turtlebot3_msgs/msg'...
[3.750s] Listing '/home/orin/work/install/turtlebot3_msgs/local/lib/python3.10/dist-packages/turtlebot3_msgs/srv'...
[3.750s] -- Up-to-date: /home/orin/work/install/turtlebot3_msgs/local/lib/python3.10/dist-packages/turtlebot3_msgs/turtlebot3_msgs_s__rosidl_typesupport_fastrtps_c.cpython-310-aarch64-linux-gnu.so
[3.750s] -- Up-to-date: /home/orin/work/install/turtlebot3_msgs/local/lib/python3.10/dist-packages/turtlebot3_msgs/turtlebot3_msgs_s__rosidl_typesupport_introspection_c.cpython-310-aarch64-linux-gnu.so
[3.750s] -- Up-to-date: /home/orin/work/install/turtlebot3_msgs/local/lib/python3.10/dist-packages/turtlebot3_msgs/turtlebot3_msgs_s__rosidl_typesupport_c.cpython-310-aarch64-linux-gnu.so
[3.750s] -- Up-to-date: /home/orin/work/install/turtlebot3_msgs/lib/libturtlebot3_msgs__rosidl_generator_py.so
[3.751s] -- Up-to-date: /home/orin/work/install/turtlebot3_msgs/share/turtlebot3_msgs/msg/SensorState.idl
[3.751s] -- Up-to-date: /home/orin/work/install/turtlebot3_msgs/share/turtlebot3_msgs/msg/Sound.idl
[3.751s] -- Up-to-date: /home/orin/work/install/turtlebot3_msgs/share/turtlebot3_msgs/msg/VersionInfo.idl
[3.751s] -- Up-to-date: /home/orin/work/install/turtlebot3_msgs/share/turtlebot3_msgs/srv/Sound.idl
[3.762s] -- Up-to-date: /home/orin/work/install/turtlebot3_msgs/share/turtlebot3_msgs/srv/Dqn.idl
[3.762s] -- Up-to-date: /home/orin/work/install/turtlebot3_msgs/share/turtlebot3_msgs/action/Patrol.idl
[3.763s] -- Up-to-date: /home/orin/work/install/turtlebot3_msgs/share/turtlebot3_msgs/msg/SensorState.msg
[3.763s] -- Up-to-date: /home/orin/work/install/turtlebot3_msgs/share/turtlebot3_msgs/msg/Sound.msg
[3.763s] -- Up-to-date: /home/orin/work/install/turtlebot3_msgs/share/turtlebot3_msgs/msg/VersionInfo.msg
[3.764s] -- Up-to-date: /home/orin/work/install/turtlebot3_msgs/share/turtlebot3_msgs/srv/Sound.srv
[3.764s] -- Up-to-date: /home/orin/work/install/turtlebot3_msgs/share/turtlebot3_msgs/srv/Sound_Request.msg
[3.765s] -- Up-to-date: /home/orin/work/install/turtlebot3_msgs/share/turtlebot3_msgs/srv/Sound_Response.msg
[3.765s] -- Up-to-date: /home/orin/work/install/turtlebot3_msgs/share/turtlebot3_msgs/srv/Dqn.srv
[3.765s] -- Up-to-date: /home/orin/work/install/turtlebot3_msgs/share/turtlebot3_msgs/srv/Dqn_Request.msg
[3.766s] -- Up-to-date: /home/orin/work/install/turtlebot3_msgs/share/turtlebot3_msgs/srv/Dqn_Response.msg
[3.766s] -- Up-to-date: /home/orin/work/install/turtlebot3_msgs/share/turtlebot3_msgs/action/Patrol.action
[3.767s] -- Up-to-date: /home/orin/work/install/turtlebot3_msgs/share/ament_index/resource_index/package_run_dependencies/turtlebot3_msgs
[3.767s] -- Up-to-date: /home/orin/work/install/turtlebot3_msgs/share/ament_index/resource_index/parent_prefix_path/turtlebot3_msgs
[3.767s] -- Up-to-date: /home/orin/work/install/turtlebot3_msgs/share/turtlebot3_msgs/environment/ament_prefix_path.sh
[3.768s] -- Up-to-date: /home/orin/work/install/turtlebot3_msgs/share/turtlebot3_msgs/environment/ament_prefix_path.dsv
[3.768s] -- Up-to-date: /home/orin/work/install/turtlebot3_msgs/share/turtlebot3_msgs/environment/path.sh
[3.768s] -- Up-to-date: /home/orin/work/install/turtlebot3_msgs/share/turtlebot3_msgs/environment/path.dsv
[3.768s] -- Up-to-date: /home/orin/work/install/turtlebot3_msgs/share/turtlebot3_msgs/local_setup.bash
[3.769s] -- Up-to-date: /home/orin/work/install/turtlebot3_msgs/share/turtlebot3_msgs/local_setup.sh
[3.769s] -- Up-to-date: /home/orin/work/install/turtlebot3_msgs/share/turtlebot3_msgs/local_setup.zsh
[3.770s] -- Up-to-date: /home/orin/work/install/turtlebot3_msgs/share/turtlebot3_msgs/local_setup.dsv
[3.770s] -- Installing: /home/orin/work/install/turtlebot3_msgs/share/turtlebot3_msgs/package.dsv
[3.770s] -- Up-to-date: /home/orin/work/install/turtlebot3_msgs/share/ament_index/resource_index/packages/turtlebot3_msgs
[3.771s] -- Up-to-date: /home/orin/work/install/turtlebot3_msgs/share/turtlebot3_msgs/cmake/export_turtlebot3_msgs__rosidl_generator_cExport.cmake
[3.772s] -- Up-to-date: /home/orin/work/install/turtlebot3_msgs/share/turtlebot3_msgs/cmake/export_turtlebot3_msgs__rosidl_generator_cExport-noconfig.cmake
[3.781s] -- Up-to-date: /home/orin/work/install/turtlebot3_msgs/share/turtlebot3_msgs/cmake/export_turtlebot3_msgs__rosidl_typesupport_fastrtps_cExport.cmake
[3.781s] -- Up-to-date: /home/orin/work/install/turtlebot3_msgs/share/turtlebot3_msgs/cmake/export_turtlebot3_msgs__rosidl_typesupport_fastrtps_cExport-noconfig.cmake
[3.782s] -- Up-to-date: /home/orin/work/install/turtlebot3_msgs/share/turtlebot3_msgs/cmake/export_turtlebot3_msgs__rosidl_generator_cppExport.cmake
[3.782s] -- Up-to-date: /home/orin/work/install/turtlebot3_msgs/share/turtlebot3_msgs/cmake/export_turtlebot3_msgs__rosidl_typesupport_fastrtps_cppExport.cmake
[3.783s] -- Up-to-date: /home/orin/work/install/turtlebot3_msgs/share/turtlebot3_msgs/cmake/export_turtlebot3_msgs__rosidl_typesupport_fastrtps_cppExport-noconfig.cmake
[3.783s] -- Up-to-date: /home/orin/work/install/turtlebot3_msgs/share/turtlebot3_msgs/cmake/turtlebot3_msgs__rosidl_typesupport_introspection_cExport.cmake
[3.784s] -- Up-to-date: /home/orin/work/install/turtlebot3_msgs/share/turtlebot3_msgs/cmake/turtlebot3_msgs__rosidl_typesupport_introspection_cExport-noconfig.cmake
[3.784s] -- Up-to-date: /home/orin/work/install/turtlebot3_msgs/share/turtlebot3_msgs/cmake/turtlebot3_msgs__rosidl_typesupport_cExport.cmake
[3.784s] -- Up-to-date: /home/orin/work/install/turtlebot3_msgs/share/turtlebot3_msgs/cmake/turtlebot3_msgs__rosidl_typesupport_cExport-noconfig.cmake
[3.785s] -- Up-to-date: /home/orin/work/install/turtlebot3_msgs/share/turtlebot3_msgs/cmake/turtlebot3_msgs__rosidl_typesupport_introspection_cppExport.cmake
[3.785s] -- Up-to-date: /home/orin/work/install/turtlebot3_msgs/share/turtlebot3_msgs/cmake/turtlebot3_msgs__rosidl_typesupport_introspection_cppExport-noconfig.cmake
[3.786s] -- Up-to-date: /home/orin/work/install/turtlebot3_msgs/share/turtlebot3_msgs/cmake/turtlebot3_msgs__rosidl_typesupport_cppExport.cmake
[3.786s] -- Up-to-date: /home/orin/work/install/turtlebot3_msgs/share/turtlebot3_msgs/cmake/turtlebot3_msgs__rosidl_typesupport_cppExport-noconfig.cmake
[3.786s] -- Up-to-date: /home/orin/work/install/turtlebot3_msgs/share/turtlebot3_msgs/cmake/export_turtlebot3_msgs__rosidl_generator_pyExport.cmake
[3.787s] -- Up-to-date: /home/orin/work/install/turtlebot3_msgs/share/turtlebot3_msgs/cmake/export_turtlebot3_msgs__rosidl_generator_pyExport-noconfig.cmake
[3.788s] -- Up-to-date: /home/orin/work/install/turtlebot3_msgs/share/turtlebot3_msgs/cmake/rosidl_cmake-extras.cmake
[3.788s] -- Up-to-date: /home/orin/work/install/turtlebot3_msgs/share/turtlebot3_msgs/cmake/ament_cmake_export_dependencies-extras.cmake
[3.789s] -- Up-to-date: /home/orin/work/install/turtlebot3_msgs/share/turtlebot3_msgs/cmake/ament_cmake_export_include_directories-extras.cmake
[3.789s] -- Up-to-date: /home/orin/work/install/turtlebot3_msgs/share/turtlebot3_msgs/cmake/ament_cmake_export_libraries-extras.cmake
[3.789s] -- Up-to-date: /home/orin/work/install/turtlebot3_msgs/share/turtlebot3_msgs/cmake/ament_cmake_export_targets-extras.cmake
[3.790s] -- Up-to-date: /home/orin/work/install/turtlebot3_msgs/share/turtlebot3_msgs/cmake/rosidl_cmake_export_typesupport_targets-extras.cmake
[3.790s] -- Up-to-date: /home/orin/work/install/turtlebot3_msgs/share/turtlebot3_msgs/cmake/rosidl_cmake_export_typesupport_libraries-extras.cmake
[3.791s] -- Up-to-date: /home/orin/work/install/turtlebot3_msgs/share/turtlebot3_msgs/cmake/turtlebot3_msgsConfig.cmake
[3.791s] -- Up-to-date: /home/orin/work/install/turtlebot3_msgs/share/turtlebot3_msgs/cmake/turtlebot3_msgsConfig-version.cmake
[3.791s] -- Up-to-date: /home/orin/work/install/turtlebot3_msgs/share/turtlebot3_msgs/package.xml
[4.071s] Invoked command in '/home/orin/work/build/turtlebot3_msgs' returned '0': CMAKE_PREFIX_PATH=${CMAKE_PREFIX_PATH}:/home/orin/work/install/turtlebot3_teleop:/home/orin/work/install/turtlebot3_example:/home/orin/work/install/object_detection:/home/orin/work/install/detect_lane:/home/orin/work/install/core:/home/orin/work/install/control:/home/orin/work/install/camera:/opt/ros/humble /usr/local/bin/cmake --install /home/orin/work/build/turtlebot3_msgs
