/usr/local/lib/python3.10/dist-packages/setuptools/_distutils/dist.py:261: UserWarning: Unknown distribution option: 'tests_require'
  warnings.warn(msg)
running egg_info
writing ../build/core/core.egg-info/PKG-INFO
writing dependency_links to ../build/core/core.egg-info/dependency_links.txt
writing entry points to ../build/core/core.egg-info/entry_points.txt
writing requirements to ../build/core/core.egg-info/requires.txt
writing top-level names to ../build/core/core.egg-info/top_level.txt
reading manifest file '../build/core/core.egg-info/SOURCES.txt'
writing manifest file '../build/core/core.egg-info/SOURCES.txt'
running build
running build_py
copying core/__init__.py -> /home/orin/work/build/core/build/lib/core
copying core/core.py -> /home/orin/work/build/core/build/lib/core
running install
running install_lib
running install_data
copying resource/core -> /home/orin/work/install/core/share/ament_index/resource_index/packages
copying package.xml -> /home/orin/work/install/core/share/core
copying launch/calibration_launch.py -> /home/orin/work/install/core/share/core/launch
copying launch/core_launch.py -> /home/orin/work/install/core/share/core/launch
running install_egg_info
removing '/home/orin/work/install/core/lib/python3.10/site-packages/core-0.0.0-py3.10.egg-info' (and everything under it)
Copying ../build/core/core.egg-info to /home/orin/work/install/core/lib/python3.10/site-packages/core-0.0.0-py3.10.egg-info
running install_scripts
Installing core script to /home/orin/work/install/core/lib/core
writing list of installed files to '/home/orin/work/build/core/install.log'
