[5.334s] Invoking command in '/home/orin/work/core': PYTHONPATH=/home/orin/work/build/core/prefix_override:/usr/lib/python3/dist-packages/colcon_core/task/python/colcon_distutils_commands:/home/orin/work/install/core/lib/python3.10/site-packages:${PYTHONPATH} /usr/bin/python3 -W ignore:setup.py install is deprecated -W ignore:easy_install command is deprecated setup.py egg_info --egg-base ../build/core build --build-base /home/orin/work/build/core/build install --record /home/orin/work/build/core/install.log --single-version-externally-managed install_data
[5.745s] /usr/local/lib/python3.10/dist-packages/setuptools/_distutils/dist.py:261: UserWarning: Unknown distribution option: 'tests_require'
[5.746s]   warnings.warn(msg)
[6.002s] running egg_info
[6.059s] writing ../build/core/core.egg-info/PKG-INFO
[6.066s] writing dependency_links to ../build/core/core.egg-info/dependency_links.txt
[6.067s] writing entry points to ../build/core/core.egg-info/entry_points.txt
[6.067s] writing requirements to ../build/core/core.egg-info/requires.txt
[6.070s] writing top-level names to ../build/core/core.egg-info/top_level.txt
[6.157s] reading manifest file '../build/core/core.egg-info/SOURCES.txt'
[6.159s] writing manifest file '../build/core/core.egg-info/SOURCES.txt'
[6.161s] running build
[6.161s] running build_py
[6.161s] copying core/__init__.py -> /home/orin/work/build/core/build/lib/core
[6.162s] copying core/core.py -> /home/orin/work/build/core/build/lib/core
[6.162s] running install
[6.177s] running install_lib
[6.214s] running install_data
[6.216s] copying resource/core -> /home/orin/work/install/core/share/ament_index/resource_index/packages
[6.216s] copying package.xml -> /home/orin/work/install/core/share/core
[6.217s] copying launch/calibration_launch.py -> /home/orin/work/install/core/share/core/launch
[6.217s] copying launch/core_launch.py -> /home/orin/work/install/core/share/core/launch
[6.218s] running install_egg_info
[6.262s] removing '/home/orin/work/install/core/lib/python3.10/site-packages/core-0.0.0-py3.10.egg-info' (and everything under it)
[6.263s] Copying ../build/core/core.egg-info to /home/orin/work/install/core/lib/python3.10/site-packages/core-0.0.0-py3.10.egg-info
[6.267s] running install_scripts
[6.580s] Installing core script to /home/orin/work/install/core/lib/core
[6.581s] writing list of installed files to '/home/orin/work/build/core/install.log'
[6.680s] Invoked command in '/home/orin/work/core' returned '0': PYTHONPATH=/home/orin/work/build/core/prefix_override:/usr/lib/python3/dist-packages/colcon_core/task/python/colcon_distutils_commands:/home/orin/work/install/core/lib/python3.10/site-packages:${PYTHONPATH} /usr/bin/python3 -W ignore:setup.py install is deprecated -W ignore:easy_install command is deprecated setup.py egg_info --egg-base ../build/core build --build-base /home/orin/work/build/core/build install --record /home/orin/work/build/core/install.log --single-version-externally-managed install_data
