[5.154s] Invoking command in '/home/orin/work/src/control': PYTHONPATH=/home/orin/work/build/control/prefix_override:/usr/lib/python3/dist-packages/colcon_core/task/python/colcon_distutils_commands:/home/orin/work/install/control/lib/python3.10/site-packages:${PYTHONPATH} /usr/bin/python3 -W ignore:setup.py install is deprecated -W ignore:easy_install command is deprecated setup.py egg_info --egg-base ../../build/control build --build-base /home/orin/work/build/control/build install --record /home/orin/work/build/control/install.log --single-version-externally-managed install_data
[5.589s] /usr/local/lib/python3.10/dist-packages/setuptools/_distutils/dist.py:261: UserWarning: Unknown distribution option: 'tests_require'
[5.589s]   warnings.warn(msg)
[5.856s] running egg_info
[5.904s] writing ../../build/control/control.egg-info/PKG-INFO
[5.906s] writing dependency_links to ../../build/control/control.egg-info/dependency_links.txt
[5.906s] writing entry points to ../../build/control/control.egg-info/entry_points.txt
[5.907s] writing requirements to ../../build/control/control.egg-info/requires.txt
[5.907s] writing top-level names to ../../build/control/control.egg-info/top_level.txt
[6.000s] reading manifest file '../../build/control/control.egg-info/SOURCES.txt'
[6.001s] writing manifest file '../../build/control/control.egg-info/SOURCES.txt'
[6.001s] running build
[6.001s] running build_py
[6.002s] copying control/control_pack.py -> /home/orin/work/build/control/build/lib/control
[6.002s] copying control/control_avoidance_v2.py -> /home/orin/work/build/control/build/lib/control
[6.002s] copying control/__init__.py -> /home/orin/work/build/control/build/lib/control
[6.002s] copying control/control_auto_avoidance.py -> /home/orin/work/build/control/build/lib/control
[6.002s] copying control/control_lane.py -> /home/orin/work/build/control/build/lib/control
[6.003s] copying control/control_avoidance.py -> /home/orin/work/build/control/build/lib/control
[6.003s] copying control/control_pack_v2.py -> /home/orin/work/build/control/build/lib/control
[6.005s] running install
[6.036s] running install_lib
[6.057s] running install_data
[6.057s] copying resource/control -> /home/orin/work/install/control/share/ament_index/resource_index/packages
[6.058s] copying package.xml -> /home/orin/work/install/control/share/control
[6.059s] copying launch/avoidance_launch.py -> /home/orin/work/install/control/share/control/launch
[6.060s] copying launch/parking_launch.py -> /home/orin/work/install/control/share/control/launch
[6.061s] running install_egg_info
[6.105s] removing '/home/orin/work/install/control/lib/python3.10/site-packages/control-0.0.0-py3.10.egg-info' (and everything under it)
[6.105s] Copying ../../build/control/control.egg-info to /home/orin/work/install/control/lib/python3.10/site-packages/control-0.0.0-py3.10.egg-info
[6.109s] running install_scripts
[6.451s] Installing control_auto_avoidance script to /home/orin/work/install/control/lib/control
[6.451s] Installing control_avoidance script to /home/orin/work/install/control/lib/control
[6.452s] Installing control_avoidance_2 script to /home/orin/work/install/control/lib/control
[6.452s] Installing control_lane script to /home/orin/work/install/control/lib/control
[6.452s] Installing control_pack script to /home/orin/work/install/control/lib/control
[6.453s] Installing control_pack_2 script to /home/orin/work/install/control/lib/control
[6.454s] writing list of installed files to '/home/orin/work/build/control/install.log'
[6.564s] Invoked command in '/home/orin/work/src/control' returned '0': PYTHONPATH=/home/orin/work/build/control/prefix_override:/usr/lib/python3/dist-packages/colcon_core/task/python/colcon_distutils_commands:/home/orin/work/install/control/lib/python3.10/site-packages:${PYTHONPATH} /usr/bin/python3 -W ignore:setup.py install is deprecated -W ignore:easy_install command is deprecated setup.py egg_info --egg-base ../../build/control build --build-base /home/orin/work/build/control/build install --record /home/orin/work/build/control/install.log --single-version-externally-managed install_data
