[1.861s] Invoking command in '/home/orin/work/src/turtlebot3/turtlebot3_example': CMAKE_PREFIX_PATH=/home/orin/work/install/turtlebot3_msgs:/home/orin/work/install/turtlebot3:/home/orin/work/install/turtlebot3_bringup:/home/orin/work/install/turtlebot3_node:/home/orin/work/install/turtlebot3_navigation2:/home/orin/work/install/turtlebot3_description:/home/orin/work/install/turtlebot3_cartographer:/home/orin/work/install/rplidar_ros:/home/orin/work/install/dynamixel_sdk_examples:/home/orin/work/install/dynamixel_sdk_custom_interfaces:/home/orin/work/install/dynamixel_sdk:/home/orin/work/install/detect_interfaces:/home/orin/DynamixelSDK/c++/install LD_LIBRARY_PATH=/home/orin/work/install/turtlebot3_msgs/lib:/home/orin/work/install/dynamixel_sdk_custom_interfaces/lib:/home/orin/work/install/dynamixel_sdk/lib:/home/orin/work/install/detect_interfaces/lib:/opt/ros/humble/opt/rviz_ogre_vendor/lib:/opt/ros/humble/lib/aarch64-linux-gnu:/opt/ros/humble/lib:/usr/local/cuda/compat:/usr/local/cuda/lib64 PYTHONPATH=/home/orin/work/build/turtlebot3_example/prefix_override:/usr/lib/python3/dist-packages/colcon_core/task/python/colcon_distutils_commands:/home/orin/work/install/turtlebot3_example/lib/python3.10/site-packages:${PYTHONPATH} /usr/bin/python3 -W ignore:setup.py install is deprecated -W ignore:easy_install command is deprecated setup.py egg_info --egg-base ../../../build/turtlebot3_example build --build-base /home/orin/work/build/turtlebot3_example/build install --record /home/orin/work/build/turtlebot3_example/install.log --single-version-externally-managed install_data
[2.435s] running egg_info
[2.436s] creating ../../../build/turtlebot3_example/turtlebot3_example.egg-info
[2.470s] writing ../../../build/turtlebot3_example/turtlebot3_example.egg-info/PKG-INFO
[2.471s] writing dependency_links to ../../../build/turtlebot3_example/turtlebot3_example.egg-info/dependency_links.txt
[2.472s] writing entry points to ../../../build/turtlebot3_example/turtlebot3_example.egg-info/entry_points.txt
[2.472s] writing requirements to ../../../build/turtlebot3_example/turtlebot3_example.egg-info/requires.txt
[2.472s] writing top-level names to ../../../build/turtlebot3_example/turtlebot3_example.egg-info/top_level.txt
[2.473s] writing manifest file '../../../build/turtlebot3_example/turtlebot3_example.egg-info/SOURCES.txt'
[2.549s] reading manifest file '../../../build/turtlebot3_example/turtlebot3_example.egg-info/SOURCES.txt'
[2.551s] writing manifest file '../../../build/turtlebot3_example/turtlebot3_example.egg-info/SOURCES.txt'
[2.551s] running build
[2.551s] running build_py
[2.552s] creating /home/orin/work/build/turtlebot3_example/build/lib/turtlebot3_example
[2.552s] copying turtlebot3_example/__init__.py -> /home/orin/work/build/turtlebot3_example/build/lib/turtlebot3_example
[2.553s] creating /home/orin/work/build/turtlebot3_example/build/lib/turtlebot3_example/turtlebot3_position_control
[2.553s] copying turtlebot3_example/turtlebot3_position_control/__init__.py -> /home/orin/work/build/turtlebot3_example/build/lib/turtlebot3_example/turtlebot3_position_control
[2.554s] copying turtlebot3_example/turtlebot3_position_control/main.py -> /home/orin/work/build/turtlebot3_example/build/lib/turtlebot3_example/turtlebot3_position_control
[2.554s] copying turtlebot3_example/turtlebot3_position_control/turtlebot3_position_control.py -> /home/orin/work/build/turtlebot3_example/build/lib/turtlebot3_example/turtlebot3_position_control
[2.554s] copying turtlebot3_example/turtlebot3_position_control/turtlebot3_path.py -> /home/orin/work/build/turtlebot3_example/build/lib/turtlebot3_example/turtlebot3_position_control
[2.555s] creating /home/orin/work/build/turtlebot3_example/build/lib/turtlebot3_example/turtlebot3_patrol_server
[2.555s] copying turtlebot3_example/turtlebot3_patrol_server/__init__.py -> /home/orin/work/build/turtlebot3_example/build/lib/turtlebot3_example/turtlebot3_patrol_server
[2.556s] copying turtlebot3_example/turtlebot3_patrol_server/main.py -> /home/orin/work/build/turtlebot3_example/build/lib/turtlebot3_example/turtlebot3_patrol_server
[2.556s] copying turtlebot3_example/turtlebot3_patrol_server/turtlebot3_patrol_server.py -> /home/orin/work/build/turtlebot3_example/build/lib/turtlebot3_example/turtlebot3_patrol_server
[2.556s] copying turtlebot3_example/turtlebot3_patrol_server/turtlebot3_path.py -> /home/orin/work/build/turtlebot3_example/build/lib/turtlebot3_example/turtlebot3_patrol_server
[2.557s] creating /home/orin/work/build/turtlebot3_example/build/lib/turtlebot3_example/turtlebot3_patrol_client
[2.557s] copying turtlebot3_example/turtlebot3_patrol_client/__init__.py -> /home/orin/work/build/turtlebot3_example/build/lib/turtlebot3_example/turtlebot3_patrol_client
[2.557s] copying turtlebot3_example/turtlebot3_patrol_client/turtlebot3_patrol_client.py -> /home/orin/work/build/turtlebot3_example/build/lib/turtlebot3_example/turtlebot3_patrol_client
[2.558s] copying turtlebot3_example/turtlebot3_patrol_client/main.py -> /home/orin/work/build/turtlebot3_example/build/lib/turtlebot3_example/turtlebot3_patrol_client
[2.558s] creating /home/orin/work/build/turtlebot3_example/build/lib/turtlebot3_example/turtlebot3_obstacle_detection
[2.559s] copying turtlebot3_example/turtlebot3_obstacle_detection/__init__.py -> /home/orin/work/build/turtlebot3_example/build/lib/turtlebot3_example/turtlebot3_obstacle_detection
[2.559s] copying turtlebot3_example/turtlebot3_obstacle_detection/main.py -> /home/orin/work/build/turtlebot3_example/build/lib/turtlebot3_example/turtlebot3_obstacle_detection
[2.559s] copying turtlebot3_example/turtlebot3_obstacle_detection/turtlebot3_obstacle_detection.py -> /home/orin/work/build/turtlebot3_example/build/lib/turtlebot3_example/turtlebot3_obstacle_detection
[2.561s] running install
[2.571s] running install_lib
[2.608s] creating /home/orin/work/install/turtlebot3_example/lib/python3.10/site-packages/turtlebot3_example
[2.608s] creating /home/orin/work/install/turtlebot3_example/lib/python3.10/site-packages/turtlebot3_example/turtlebot3_position_control
[2.609s] copying /home/orin/work/build/turtlebot3_example/build/lib/turtlebot3_example/turtlebot3_position_control/__init__.py -> /home/orin/work/install/turtlebot3_example/lib/python3.10/site-packages/turtlebot3_example/turtlebot3_position_control
[2.609s] copying /home/orin/work/build/turtlebot3_example/build/lib/turtlebot3_example/turtlebot3_position_control/main.py -> /home/orin/work/install/turtlebot3_example/lib/python3.10/site-packages/turtlebot3_example/turtlebot3_position_control
[2.609s] copying /home/orin/work/build/turtlebot3_example/build/lib/turtlebot3_example/turtlebot3_position_control/turtlebot3_position_control.py -> /home/orin/work/install/turtlebot3_example/lib/python3.10/site-packages/turtlebot3_example/turtlebot3_position_control
[2.610s] copying /home/orin/work/build/turtlebot3_example/build/lib/turtlebot3_example/turtlebot3_position_control/turtlebot3_path.py -> /home/orin/work/install/turtlebot3_example/lib/python3.10/site-packages/turtlebot3_example/turtlebot3_position_control
[2.610s] copying /home/orin/work/build/turtlebot3_example/build/lib/turtlebot3_example/__init__.py -> /home/orin/work/install/turtlebot3_example/lib/python3.10/site-packages/turtlebot3_example
[2.610s] creating /home/orin/work/install/turtlebot3_example/lib/python3.10/site-packages/turtlebot3_example/turtlebot3_patrol_server
[2.611s] copying /home/orin/work/build/turtlebot3_example/build/lib/turtlebot3_example/turtlebot3_patrol_server/__init__.py -> /home/orin/work/install/turtlebot3_example/lib/python3.10/site-packages/turtlebot3_example/turtlebot3_patrol_server
[2.611s] copying /home/orin/work/build/turtlebot3_example/build/lib/turtlebot3_example/turtlebot3_patrol_server/main.py -> /home/orin/work/install/turtlebot3_example/lib/python3.10/site-packages/turtlebot3_example/turtlebot3_patrol_server
[2.611s] copying /home/orin/work/build/turtlebot3_example/build/lib/turtlebot3_example/turtlebot3_patrol_server/turtlebot3_patrol_server.py -> /home/orin/work/install/turtlebot3_example/lib/python3.10/site-packages/turtlebot3_example/turtlebot3_patrol_server
[2.612s] copying /home/orin/work/build/turtlebot3_example/build/lib/turtlebot3_example/turtlebot3_patrol_server/turtlebot3_path.py -> /home/orin/work/install/turtlebot3_example/lib/python3.10/site-packages/turtlebot3_example/turtlebot3_patrol_server
[2.612s] creating /home/orin/work/install/turtlebot3_example/lib/python3.10/site-packages/turtlebot3_example/turtlebot3_patrol_client
[2.613s] copying /home/orin/work/build/turtlebot3_example/build/lib/turtlebot3_example/turtlebot3_patrol_client/__init__.py -> /home/orin/work/install/turtlebot3_example/lib/python3.10/site-packages/turtlebot3_example/turtlebot3_patrol_client
[2.613s] copying /home/orin/work/build/turtlebot3_example/build/lib/turtlebot3_example/turtlebot3_patrol_client/turtlebot3_patrol_client.py -> /home/orin/work/install/turtlebot3_example/lib/python3.10/site-packages/turtlebot3_example/turtlebot3_patrol_client
[2.613s] copying /home/orin/work/build/turtlebot3_example/build/lib/turtlebot3_example/turtlebot3_patrol_client/main.py -> /home/orin/work/install/turtlebot3_example/lib/python3.10/site-packages/turtlebot3_example/turtlebot3_patrol_client
[2.614s] creating /home/orin/work/install/turtlebot3_example/lib/python3.10/site-packages/turtlebot3_example/turtlebot3_obstacle_detection
[2.614s] copying /home/orin/work/build/turtlebot3_example/build/lib/turtlebot3_example/turtlebot3_obstacle_detection/__init__.py -> /home/orin/work/install/turtlebot3_example/lib/python3.10/site-packages/turtlebot3_example/turtlebot3_obstacle_detection
[2.614s] copying /home/orin/work/build/turtlebot3_example/build/lib/turtlebot3_example/turtlebot3_obstacle_detection/main.py -> /home/orin/work/install/turtlebot3_example/lib/python3.10/site-packages/turtlebot3_example/turtlebot3_obstacle_detection
[2.615s] copying /home/orin/work/build/turtlebot3_example/build/lib/turtlebot3_example/turtlebot3_obstacle_detection/turtlebot3_obstacle_detection.py -> /home/orin/work/install/turtlebot3_example/lib/python3.10/site-packages/turtlebot3_example/turtlebot3_obstacle_detection
[2.616s] byte-compiling /home/orin/work/install/turtlebot3_example/lib/python3.10/site-packages/turtlebot3_example/turtlebot3_position_control/__init__.py to __init__.cpython-310.pyc
[2.617s] byte-compiling /home/orin/work/install/turtlebot3_example/lib/python3.10/site-packages/turtlebot3_example/turtlebot3_position_control/main.py to main.cpython-310.pyc
[2.617s] byte-compiling /home/orin/work/install/turtlebot3_example/lib/python3.10/site-packages/turtlebot3_example/turtlebot3_position_control/turtlebot3_position_control.py to turtlebot3_position_control.cpython-310.pyc
[2.619s] byte-compiling /home/orin/work/install/turtlebot3_example/lib/python3.10/site-packages/turtlebot3_example/turtlebot3_position_control/turtlebot3_path.py to turtlebot3_path.cpython-310.pyc
[2.620s] byte-compiling /home/orin/work/install/turtlebot3_example/lib/python3.10/site-packages/turtlebot3_example/__init__.py to __init__.cpython-310.pyc
[2.621s] byte-compiling /home/orin/work/install/turtlebot3_example/lib/python3.10/site-packages/turtlebot3_example/turtlebot3_patrol_server/__init__.py to __init__.cpython-310.pyc
[2.621s] byte-compiling /home/orin/work/install/turtlebot3_example/lib/python3.10/site-packages/turtlebot3_example/turtlebot3_patrol_server/main.py to main.cpython-310.pyc
[2.622s] byte-compiling /home/orin/work/install/turtlebot3_example/lib/python3.10/site-packages/turtlebot3_example/turtlebot3_patrol_server/turtlebot3_patrol_server.py to turtlebot3_patrol_server.cpython-310.pyc
[2.623s] byte-compiling /home/orin/work/install/turtlebot3_example/lib/python3.10/site-packages/turtlebot3_example/turtlebot3_patrol_server/turtlebot3_path.py to turtlebot3_path.cpython-310.pyc
[2.624s] byte-compiling /home/orin/work/install/turtlebot3_example/lib/python3.10/site-packages/turtlebot3_example/turtlebot3_patrol_client/__init__.py to __init__.cpython-310.pyc
[2.624s] byte-compiling /home/orin/work/install/turtlebot3_example/lib/python3.10/site-packages/turtlebot3_example/turtlebot3_patrol_client/turtlebot3_patrol_client.py to turtlebot3_patrol_client.cpython-310.pyc
[2.625s] byte-compiling /home/orin/work/install/turtlebot3_example/lib/python3.10/site-packages/turtlebot3_example/turtlebot3_patrol_client/main.py to main.cpython-310.pyc
[2.626s] byte-compiling /home/orin/work/install/turtlebot3_example/lib/python3.10/site-packages/turtlebot3_example/turtlebot3_obstacle_detection/__init__.py to __init__.cpython-310.pyc
[2.626s] byte-compiling /home/orin/work/install/turtlebot3_example/lib/python3.10/site-packages/turtlebot3_example/turtlebot3_obstacle_detection/main.py to main.cpython-310.pyc
[2.627s] byte-compiling /home/orin/work/install/turtlebot3_example/lib/python3.10/site-packages/turtlebot3_example/turtlebot3_obstacle_detection/turtlebot3_obstacle_detection.py to turtlebot3_obstacle_detection.cpython-310.pyc
[2.628s] running install_data
[2.629s] creating /home/orin/work/install/turtlebot3_example/share/ament_index/resource_index/packages
[2.629s] copying resource/turtlebot3_example -> /home/orin/work/install/turtlebot3_example/share/ament_index/resource_index/packages
[2.630s] copying package.xml -> /home/orin/work/install/turtlebot3_example/share/turtlebot3_example
[2.630s] running install_egg_info
[2.670s] Copying ../../../build/turtlebot3_example/turtlebot3_example.egg-info to /home/orin/work/install/turtlebot3_example/lib/python3.10/site-packages/turtlebot3_example-2.1.5-py3.10.egg-info
[2.672s] running install_scripts
[2.969s] Installing turtlebot3_obstacle_detection script to /home/orin/work/install/turtlebot3_example/lib/turtlebot3_example
[2.969s] Installing turtlebot3_patrol_client script to /home/orin/work/install/turtlebot3_example/lib/turtlebot3_example
[2.969s] Installing turtlebot3_patrol_server script to /home/orin/work/install/turtlebot3_example/lib/turtlebot3_example
[2.970s] Installing turtlebot3_position_control script to /home/orin/work/install/turtlebot3_example/lib/turtlebot3_example
[2.971s] writing list of installed files to '/home/orin/work/build/turtlebot3_example/install.log'
[3.049s] Invoked command in '/home/orin/work/src/turtlebot3/turtlebot3_example' returned '0': CMAKE_PREFIX_PATH=/home/orin/work/install/turtlebot3_msgs:/home/orin/work/install/turtlebot3:/home/orin/work/install/turtlebot3_bringup:/home/orin/work/install/turtlebot3_node:/home/orin/work/install/turtlebot3_navigation2:/home/orin/work/install/turtlebot3_description:/home/orin/work/install/turtlebot3_cartographer:/home/orin/work/install/rplidar_ros:/home/orin/work/install/dynamixel_sdk_examples:/home/orin/work/install/dynamixel_sdk_custom_interfaces:/home/orin/work/install/dynamixel_sdk:/home/orin/work/install/detect_interfaces:/home/orin/DynamixelSDK/c++/install LD_LIBRARY_PATH=/home/orin/work/install/turtlebot3_msgs/lib:/home/orin/work/install/dynamixel_sdk_custom_interfaces/lib:/home/orin/work/install/dynamixel_sdk/lib:/home/orin/work/install/detect_interfaces/lib:/opt/ros/humble/opt/rviz_ogre_vendor/lib:/opt/ros/humble/lib/aarch64-linux-gnu:/opt/ros/humble/lib:/usr/local/cuda/compat:/usr/local/cuda/lib64 PYTHONPATH=/home/orin/work/build/turtlebot3_example/prefix_override:/usr/lib/python3/dist-packages/colcon_core/task/python/colcon_distutils_commands:/home/orin/work/install/turtlebot3_example/lib/python3.10/site-packages:${PYTHONPATH} /usr/bin/python3 -W ignore:setup.py install is deprecated -W ignore:easy_install command is deprecated setup.py egg_info --egg-base ../../../build/turtlebot3_example build --build-base /home/orin/work/build/turtlebot3_example/build install --record /home/orin/work/build/turtlebot3_example/install.log --single-version-externally-managed install_data
