[5.355s] Invoking command in '/home/orin/work/core': PYTHONPATH=/home/orin/work/build/core/prefix_override:/usr/lib/python3/dist-packages/colcon_core/task/python/colcon_distutils_commands:/home/orin/work/install/core/lib/python3.10/site-packages:${PYTHONPATH} /usr/bin/python3 -W ignore:setup.py install is deprecated -W ignore:easy_install command is deprecated setup.py egg_info --egg-base ../build/core build --build-base /home/orin/work/build/core/build install --record /home/orin/work/build/core/install.log --single-version-externally-managed install_data
[5.828s] /usr/local/lib/python3.10/dist-packages/setuptools/_distutils/dist.py:261: UserWarning: Unknown distribution option: 'tests_require'
[5.828s]   warnings.warn(msg)
[6.079s] running egg_info
[6.114s] writing ../build/core/core.egg-info/PKG-INFO
[6.115s] writing dependency_links to ../build/core/core.egg-info/dependency_links.txt
[6.118s] writing entry points to ../build/core/core.egg-info/entry_points.txt
[6.119s] writing requirements to ../build/core/core.egg-info/requires.txt
[6.120s] writing top-level names to ../build/core/core.egg-info/top_level.txt
[6.200s] reading manifest file '../build/core/core.egg-info/SOURCES.txt'
[6.203s] writing manifest file '../build/core/core.egg-info/SOURCES.txt'
[6.207s] running build
[6.207s] running build_py
[6.208s] copying core/__init__.py -> /home/orin/work/build/core/build/lib/core
[6.208s] copying core/core.py -> /home/orin/work/build/core/build/lib/core
[6.211s] running install
[6.229s] running install_lib
[6.266s] running install_data
[6.267s] copying resource/core -> /home/orin/work/install/core/share/ament_index/resource_index/packages
[6.268s] copying package.xml -> /home/orin/work/install/core/share/core
[6.269s] copying launch/calibration_launch.py -> /home/orin/work/install/core/share/core/launch
[6.269s] copying launch/core_launch.py -> /home/orin/work/install/core/share/core/launch
[6.270s] running install_egg_info
[6.317s] removing '/home/orin/work/install/core/lib/python3.10/site-packages/core-0.0.0-py3.10.egg-info' (and everything under it)
[6.319s] Copying ../build/core/core.egg-info to /home/orin/work/install/core/lib/python3.10/site-packages/core-0.0.0-py3.10.egg-info
[6.320s] running install_scripts
[6.640s] Installing core script to /home/orin/work/install/core/lib/core
[6.641s] writing list of installed files to '/home/orin/work/build/core/install.log'
[6.758s] Invoked command in '/home/orin/work/core' returned '0': PYTHONPATH=/home/orin/work/build/core/prefix_override:/usr/lib/python3/dist-packages/colcon_core/task/python/colcon_distutils_commands:/home/orin/work/install/core/lib/python3.10/site-packages:${PYTHONPATH} /usr/bin/python3 -W ignore:setup.py install is deprecated -W ignore:easy_install command is deprecated setup.py egg_info --egg-base ../build/core build --build-base /home/orin/work/build/core/build install --record /home/orin/work/build/core/install.log --single-version-externally-managed install_data
