[9.368s] Invoking command in '/home/orin/work/core': PYTHONPATH=/home/orin/work/build/core/prefix_override:/usr/lib/python3/dist-packages/colcon_core/task/python/colcon_distutils_commands:/home/orin/work/install/core/lib/python3.10/site-packages:${PYTHONPATH} /usr/bin/python3 -W ignore:setup.py install is deprecated -W ignore:easy_install command is deprecated setup.py egg_info --egg-base ../build/core build --build-base /home/orin/work/build/core/build install --record /home/orin/work/build/core/install.log --single-version-externally-managed install_data
[10.284s] /usr/local/lib/python3.10/dist-packages/setuptools/_distutils/dist.py:261: UserWarning: Unknown distribution option: 'tests_require'
[10.284s]   warnings.warn(msg)
[10.843s] running egg_info
[10.927s] writing ../build/core/core.egg-info/PKG-INFO
[10.931s] writing dependency_links to ../build/core/core.egg-info/dependency_links.txt
[10.932s] writing entry points to ../build/core/core.egg-info/entry_points.txt
[10.932s] writing requirements to ../build/core/core.egg-info/requires.txt
[10.933s] writing top-level names to ../build/core/core.egg-info/top_level.txt
[11.194s] reading manifest file '../build/core/core.egg-info/SOURCES.txt'
[11.198s] writing manifest file '../build/core/core.egg-info/SOURCES.txt'
[11.208s] running build
[11.208s] running build_py
[11.211s] copying core/__init__.py -> /home/orin/work/build/core/build/lib/core
[11.213s] copying core/core.py -> /home/orin/work/build/core/build/lib/core
[11.215s] running install
[11.254s] running install_lib
[11.390s] running install_data
[11.392s] copying resource/core -> /home/orin/work/install/core/share/ament_index/resource_index/packages
[11.396s] copying package.xml -> /home/orin/work/install/core/share/core
[11.399s] copying launch/calibration_launch.py -> /home/orin/work/install/core/share/core/launch
[11.402s] copying launch/core_launch.py -> /home/orin/work/install/core/share/core/launch
[11.406s] running install_egg_info
[11.628s] removing '/home/orin/work/install/core/lib/python3.10/site-packages/core-0.0.0-py3.10.egg-info' (and everything under it)
[11.629s] Copying ../build/core/core.egg-info to /home/orin/work/install/core/lib/python3.10/site-packages/core-0.0.0-py3.10.egg-info
[11.631s] running install_scripts
[12.866s] Installing core script to /home/orin/work/install/core/lib/core
[12.867s] writing list of installed files to '/home/orin/work/build/core/install.log'
[13.136s] Invoked command in '/home/orin/work/core' returned '0': PYTHONPATH=/home/orin/work/build/core/prefix_override:/usr/lib/python3/dist-packages/colcon_core/task/python/colcon_distutils_commands:/home/orin/work/install/core/lib/python3.10/site-packages:${PYTHONPATH} /usr/bin/python3 -W ignore:setup.py install is deprecated -W ignore:easy_install command is deprecated setup.py egg_info --egg-base ../build/core build --build-base /home/orin/work/build/core/build install --record /home/orin/work/build/core/install.log --single-version-externally-managed install_data
