[0.160s] Invoking command in '/home/orin/work/build/turtlebot3_msgs': CMAKE_PREFIX_PATH=${CMAKE_PREFIX_PATH}:/home/orin/work/install/turtlebot3_teleop:/home/orin/work/install/turtlebot3_example:/home/orin/work/install/object_detection:/home/orin/work/install/detect_lane:/home/orin/work/install/control:/home/orin/work/install/camera:/opt/ros/humble /usr/local/bin/cmake --build /home/orin/work/build/turtlebot3_msgs -- -j12 -l12
[2.945s] [  1%] Built target turtlebot3_msgs__cpp
[2.947s] [ 12%] Built target turtlebot3_msgs__rosidl_generator_c
[2.948s] [ 12%] Built target ament_cmake_python_copy_turtlebot3_msgs
[2.949s] [ 28%] Built target turtlebot3_msgs__rosidl_typesupport_introspection_cpp
[2.950s] [ 35%] Built target turtlebot3_msgs__rosidl_typesupport_c
[2.950s] [ 46%] Built target turtlebot3_msgs__rosidl_typesupport_fastrtps_cpp
[2.951s] [ 57%] Built target turtlebot3_msgs__rosidl_typesupport_cpp
[2.951s] [ 69%] Built target turtlebot3_msgs__rosidl_typesupport_introspection_c
[2.952s] [ 80%] Built target turtlebot3_msgs__rosidl_typesupport_fastrtps_c
[2.952s] [ 80%] Built target turtlebot3_msgs
[2.953s] [ 81%] Built target turtlebot3_msgs__py
[2.954s] [ 91%] Built target turtlebot3_msgs__rosidl_generator_py
[2.955s] [ 94%] Built target turtlebot3_msgs__rosidl_typesupport_introspection_c__pyext
[2.955s] [ 97%] Built target turtlebot3_msgs__rosidl_typesupport_fastrtps_c__pyext
[2.956s] [100%] Built target turtlebot3_msgs__rosidl_typesupport_c__pyext
[2.956s] running egg_info
[2.957s] writing turtlebot3_msgs.egg-info/PKG-INFO
[2.958s] writing dependency_links to turtlebot3_msgs.egg-info/dependency_links.txt
[2.959s] writing top-level names to turtlebot3_msgs.egg-info/top_level.txt
[2.959s] reading manifest file 'turtlebot3_msgs.egg-info/SOURCES.txt'
[2.959s] writing manifest file 'turtlebot3_msgs.egg-info/SOURCES.txt'
[2.959s] [100%] Built target ament_cmake_python_build_turtlebot3_msgs_egg
[3.196s] Invoked command in '/home/orin/work/build/turtlebot3_msgs' returned '0': CMAKE_PREFIX_PATH=${CMAKE_PREFIX_PATH}:/home/orin/work/install/turtlebot3_teleop:/home/orin/work/install/turtlebot3_example:/home/orin/work/install/object_detection:/home/orin/work/install/detect_lane:/home/orin/work/install/control:/home/orin/work/install/camera:/opt/ros/humble /usr/local/bin/cmake --build /home/orin/work/build/turtlebot3_msgs -- -j12 -l12
[3.200s] Invoking command in '/home/orin/work/build/turtlebot3_msgs': CMAKE_PREFIX_PATH=${CMAKE_PREFIX_PATH}:/home/orin/work/install/turtlebot3_teleop:/home/orin/work/install/turtlebot3_example:/home/orin/work/install/object_detection:/home/orin/work/install/detect_lane:/home/orin/work/install/control:/home/orin/work/install/camera:/opt/ros/humble /usr/local/bin/cmake --install /home/orin/work/build/turtlebot3_msgs
[3.491s] -- Install configuration: ""
[3.492s] -- Up-to-date: /home/orin/work/install/turtlebot3_msgs/share/ament_index/resource_index/rosidl_interfaces/turtlebot3_msgs
[3.492s] -- Up-to-date: /home/orin/work/install/turtlebot3_msgs/include/turtlebot3_msgs/turtlebot3_msgs
[3.493s] -- Up-to-date: /home/orin/work/install/turtlebot3_msgs/include/turtlebot3_msgs/turtlebot3_msgs/msg
[3.493s] -- Up-to-date: /home/orin/work/install/turtlebot3_msgs/include/turtlebot3_msgs/turtlebot3_msgs/msg/rosidl_generator_c__visibility_control.h
[3.493s] -- Up-to-date: /home/orin/work/install/turtlebot3_msgs/include/turtlebot3_msgs/turtlebot3_msgs/msg/version_info.h
[3.494s] -- Up-to-date: /home/orin/work/install/turtlebot3_msgs/include/turtlebot3_msgs/turtlebot3_msgs/msg/detail
[3.494s] -- Up-to-date: /home/orin/work/install/turtlebot3_msgs/include/turtlebot3_msgs/turtlebot3_msgs/msg/detail/version_info__type_support.h
[3.496s] -- Up-to-date: /home/orin/work/install/turtlebot3_msgs/include/turtlebot3_msgs/turtlebot3_msgs/msg/detail/sound__struct.h
[3.496s] -- Up-to-date: /home/orin/work/install/turtlebot3_msgs/include/turtlebot3_msgs/turtlebot3_msgs/msg/detail/sound__functions.h
[3.497s] -- Up-to-date: /home/orin/work/install/turtlebot3_msgs/include/turtlebot3_msgs/turtlebot3_msgs/msg/detail/sensor_state__functions.h
[3.497s] -- Up-to-date: /home/orin/work/install/turtlebot3_msgs/include/turtlebot3_msgs/turtlebot3_msgs/msg/detail/sound__functions.c
[3.497s] -- Up-to-date: /home/orin/work/install/turtlebot3_msgs/include/turtlebot3_msgs/turtlebot3_msgs/msg/detail/version_info__functions.c
[3.497s] -- Up-to-date: /home/orin/work/install/turtlebot3_msgs/include/turtlebot3_msgs/turtlebot3_msgs/msg/detail/sound__type_support.h
[3.497s] -- Up-to-date: /home/orin/work/install/turtlebot3_msgs/include/turtlebot3_msgs/turtlebot3_msgs/msg/detail/sensor_state__functions.c
[3.497s] -- Up-to-date: /home/orin/work/install/turtlebot3_msgs/include/turtlebot3_msgs/turtlebot3_msgs/msg/detail/sensor_state__struct.h
[3.498s] -- Up-to-date: /home/orin/work/install/turtlebot3_msgs/include/turtlebot3_msgs/turtlebot3_msgs/msg/detail/sensor_state__type_support.h
[3.498s] -- Up-to-date: /home/orin/work/install/turtlebot3_msgs/include/turtlebot3_msgs/turtlebot3_msgs/msg/detail/version_info__struct.h
[3.498s] -- Up-to-date: /home/orin/work/install/turtlebot3_msgs/include/turtlebot3_msgs/turtlebot3_msgs/msg/detail/version_info__functions.h
[3.498s] -- Up-to-date: /home/orin/work/install/turtlebot3_msgs/include/turtlebot3_msgs/turtlebot3_msgs/msg/sensor_state.h
[3.498s] -- Up-to-date: /home/orin/work/install/turtlebot3_msgs/include/turtlebot3_msgs/turtlebot3_msgs/msg/sound.h
[3.498s] -- Up-to-date: /home/orin/work/install/turtlebot3_msgs/include/turtlebot3_msgs/turtlebot3_msgs/action
[3.499s] -- Up-to-date: /home/orin/work/install/turtlebot3_msgs/include/turtlebot3_msgs/turtlebot3_msgs/action/patrol.h
[3.499s] -- Up-to-date: /home/orin/work/install/turtlebot3_msgs/include/turtlebot3_msgs/turtlebot3_msgs/action/detail
[3.499s] -- Up-to-date: /home/orin/work/install/turtlebot3_msgs/include/turtlebot3_msgs/turtlebot3_msgs/action/detail/patrol__functions.h
[3.499s] -- Up-to-date: /home/orin/work/install/turtlebot3_msgs/include/turtlebot3_msgs/turtlebot3_msgs/action/detail/patrol__functions.c
[3.499s] -- Up-to-date: /home/orin/work/install/turtlebot3_msgs/include/turtlebot3_msgs/turtlebot3_msgs/action/detail/patrol__struct.h
[3.499s] -- Up-to-date: /home/orin/work/install/turtlebot3_msgs/include/turtlebot3_msgs/turtlebot3_msgs/action/detail/patrol__type_support.h
[3.499s] -- Up-to-date: /home/orin/work/install/turtlebot3_msgs/include/turtlebot3_msgs/turtlebot3_msgs/srv
[3.500s] -- Up-to-date: /home/orin/work/install/turtlebot3_msgs/include/turtlebot3_msgs/turtlebot3_msgs/srv/dqn.h
[3.500s] -- Up-to-date: /home/orin/work/install/turtlebot3_msgs/include/turtlebot3_msgs/turtlebot3_msgs/srv/detail
[3.500s] -- Up-to-date: /home/orin/work/install/turtlebot3_msgs/include/turtlebot3_msgs/turtlebot3_msgs/srv/detail/dqn__functions.c
[3.500s] -- Up-to-date: /home/orin/work/install/turtlebot3_msgs/include/turtlebot3_msgs/turtlebot3_msgs/srv/detail/sound__struct.h
[3.500s] -- Up-to-date: /home/orin/work/install/turtlebot3_msgs/include/turtlebot3_msgs/turtlebot3_msgs/srv/detail/sound__functions.h
[3.500s] -- Up-to-date: /home/orin/work/install/turtlebot3_msgs/include/turtlebot3_msgs/turtlebot3_msgs/srv/detail/sound__functions.c
[3.500s] -- Up-to-date: /home/orin/work/install/turtlebot3_msgs/include/turtlebot3_msgs/turtlebot3_msgs/srv/detail/sound__type_support.h
[3.500s] -- Up-to-date: /home/orin/work/install/turtlebot3_msgs/include/turtlebot3_msgs/turtlebot3_msgs/srv/detail/dqn__struct.h
[3.500s] -- Up-to-date: /home/orin/work/install/turtlebot3_msgs/include/turtlebot3_msgs/turtlebot3_msgs/srv/detail/dqn__type_support.h
[3.501s] -- Up-to-date: /home/orin/work/install/turtlebot3_msgs/include/turtlebot3_msgs/turtlebot3_msgs/srv/detail/dqn__functions.h
[3.501s] -- Up-to-date: /home/orin/work/install/turtlebot3_msgs/include/turtlebot3_msgs/turtlebot3_msgs/srv/sound.h
[3.501s] -- Up-to-date: /home/orin/work/install/turtlebot3_msgs/share/turtlebot3_msgs/environment/library_path.sh
[3.501s] -- Up-to-date: /home/orin/work/install/turtlebot3_msgs/share/turtlebot3_msgs/environment/library_path.dsv
[3.508s] -- Up-to-date: /home/orin/work/install/turtlebot3_msgs/lib/libturtlebot3_msgs__rosidl_generator_c.so
[3.509s] -- Up-to-date: /home/orin/work/install/turtlebot3_msgs/include/turtlebot3_msgs/turtlebot3_msgs
[3.509s] -- Up-to-date: /home/orin/work/install/turtlebot3_msgs/include/turtlebot3_msgs/turtlebot3_msgs/msg
[3.509s] -- Up-to-date: /home/orin/work/install/turtlebot3_msgs/include/turtlebot3_msgs/turtlebot3_msgs/msg/detail
[3.509s] -- Up-to-date: /home/orin/work/install/turtlebot3_msgs/include/turtlebot3_msgs/turtlebot3_msgs/msg/detail/sound__rosidl_typesupport_fastrtps_c.h
[3.510s] -- Up-to-date: /home/orin/work/install/turtlebot3_msgs/include/turtlebot3_msgs/turtlebot3_msgs/msg/detail/version_info__rosidl_typesupport_fastrtps_c.h
[3.510s] -- Up-to-date: /home/orin/work/install/turtlebot3_msgs/include/turtlebot3_msgs/turtlebot3_msgs/msg/detail/sensor_state__rosidl_typesupport_fastrtps_c.h
[3.510s] -- Up-to-date: /home/orin/work/install/turtlebot3_msgs/include/turtlebot3_msgs/turtlebot3_msgs/msg/rosidl_typesupport_fastrtps_c__visibility_control.h
[3.510s] -- Up-to-date: /home/orin/work/install/turtlebot3_msgs/include/turtlebot3_msgs/turtlebot3_msgs/action
[3.510s] -- Up-to-date: /home/orin/work/install/turtlebot3_msgs/include/turtlebot3_msgs/turtlebot3_msgs/action/detail
[3.510s] -- Up-to-date: /home/orin/work/install/turtlebot3_msgs/include/turtlebot3_msgs/turtlebot3_msgs/action/detail/patrol__rosidl_typesupport_fastrtps_c.h
[3.510s] -- Up-to-date: /home/orin/work/install/turtlebot3_msgs/include/turtlebot3_msgs/turtlebot3_msgs/srv
[3.510s] -- Up-to-date: /home/orin/work/install/turtlebot3_msgs/include/turtlebot3_msgs/turtlebot3_msgs/srv/detail
[3.511s] -- Up-to-date: /home/orin/work/install/turtlebot3_msgs/include/turtlebot3_msgs/turtlebot3_msgs/srv/detail/sound__rosidl_typesupport_fastrtps_c.h
[3.511s] -- Up-to-date: /home/orin/work/install/turtlebot3_msgs/include/turtlebot3_msgs/turtlebot3_msgs/srv/detail/dqn__rosidl_typesupport_fastrtps_c.h
[3.511s] -- Up-to-date: /home/orin/work/install/turtlebot3_msgs/lib/libturtlebot3_msgs__rosidl_typesupport_fastrtps_c.so
[3.511s] -- Up-to-date: /home/orin/work/install/turtlebot3_msgs/include/turtlebot3_msgs/turtlebot3_msgs
[3.512s] -- Up-to-date: /home/orin/work/install/turtlebot3_msgs/include/turtlebot3_msgs/turtlebot3_msgs/msg
[3.512s] -- Up-to-date: /home/orin/work/install/turtlebot3_msgs/include/turtlebot3_msgs/turtlebot3_msgs/msg/sensor_state.hpp
[3.512s] -- Up-to-date: /home/orin/work/install/turtlebot3_msgs/include/turtlebot3_msgs/turtlebot3_msgs/msg/detail
[3.512s] -- Up-to-date: /home/orin/work/install/turtlebot3_msgs/include/turtlebot3_msgs/turtlebot3_msgs/msg/detail/sensor_state__builder.hpp
[3.513s] -- Up-to-date: /home/orin/work/install/turtlebot3_msgs/include/turtlebot3_msgs/turtlebot3_msgs/msg/detail/version_info__type_support.hpp
[3.513s] -- Up-to-date: /home/orin/work/install/turtlebot3_msgs/include/turtlebot3_msgs/turtlebot3_msgs/msg/detail/sound__builder.hpp
[3.513s] -- Up-to-date: /home/orin/work/install/turtlebot3_msgs/include/turtlebot3_msgs/turtlebot3_msgs/msg/detail/sensor_state__struct.hpp
[3.514s] -- Up-to-date: /home/orin/work/install/turtlebot3_msgs/include/turtlebot3_msgs/turtlebot3_msgs/msg/detail/version_info__struct.hpp
[3.514s] -- Up-to-date: /home/orin/work/install/turtlebot3_msgs/include/turtlebot3_msgs/turtlebot3_msgs/msg/detail/version_info__traits.hpp
[3.514s] -- Up-to-date: /home/orin/work/install/turtlebot3_msgs/include/turtlebot3_msgs/turtlebot3_msgs/msg/detail/version_info__builder.hpp
[3.515s] -- Up-to-date: /home/orin/work/install/turtlebot3_msgs/include/turtlebot3_msgs/turtlebot3_msgs/msg/detail/sound__struct.hpp
[3.515s] -- Up-to-date: /home/orin/work/install/turtlebot3_msgs/include/turtlebot3_msgs/turtlebot3_msgs/msg/detail/sensor_state__type_support.hpp
[3.517s] -- Up-to-date: /home/orin/work/install/turtlebot3_msgs/include/turtlebot3_msgs/turtlebot3_msgs/msg/detail/sensor_state__traits.hpp
[3.517s] -- Up-to-date: /home/orin/work/install/turtlebot3_msgs/include/turtlebot3_msgs/turtlebot3_msgs/msg/detail/sound__type_support.hpp
[3.517s] -- Up-to-date: /home/orin/work/install/turtlebot3_msgs/include/turtlebot3_msgs/turtlebot3_msgs/msg/detail/sound__traits.hpp
[3.518s] -- Up-to-date: /home/orin/work/install/turtlebot3_msgs/include/turtlebot3_msgs/turtlebot3_msgs/msg/rosidl_generator_cpp__visibility_control.hpp
[3.518s] -- Up-to-date: /home/orin/work/install/turtlebot3_msgs/include/turtlebot3_msgs/turtlebot3_msgs/msg/sound.hpp
[3.518s] -- Up-to-date: /home/orin/work/install/turtlebot3_msgs/include/turtlebot3_msgs/turtlebot3_msgs/msg/version_info.hpp
[3.518s] -- Up-to-date: /home/orin/work/install/turtlebot3_msgs/include/turtlebot3_msgs/turtlebot3_msgs/action
[3.519s] -- Up-to-date: /home/orin/work/install/turtlebot3_msgs/include/turtlebot3_msgs/turtlebot3_msgs/action/detail
[3.519s] -- Up-to-date: /home/orin/work/install/turtlebot3_msgs/include/turtlebot3_msgs/turtlebot3_msgs/action/detail/patrol__type_support.hpp
[3.520s] -- Up-to-date: /home/orin/work/install/turtlebot3_msgs/include/turtlebot3_msgs/turtlebot3_msgs/action/detail/patrol__traits.hpp
[3.520s] -- Up-to-date: /home/orin/work/install/turtlebot3_msgs/include/turtlebot3_msgs/turtlebot3_msgs/action/detail/patrol__struct.hpp
[3.520s] -- Up-to-date: /home/orin/work/install/turtlebot3_msgs/include/turtlebot3_msgs/turtlebot3_msgs/action/detail/patrol__builder.hpp
[3.520s] -- Up-to-date: /home/orin/work/install/turtlebot3_msgs/include/turtlebot3_msgs/turtlebot3_msgs/action/patrol.hpp
[3.521s] -- Up-to-date: /home/orin/work/install/turtlebot3_msgs/include/turtlebot3_msgs/turtlebot3_msgs/srv
[3.521s] -- Up-to-date: /home/orin/work/install/turtlebot3_msgs/include/turtlebot3_msgs/turtlebot3_msgs/srv/dqn.hpp
[3.521s] -- Up-to-date: /home/orin/work/install/turtlebot3_msgs/include/turtlebot3_msgs/turtlebot3_msgs/srv/detail
[3.521s] -- Up-to-date: /home/orin/work/install/turtlebot3_msgs/include/turtlebot3_msgs/turtlebot3_msgs/srv/detail/sound__builder.hpp
[3.521s] -- Up-to-date: /home/orin/work/install/turtlebot3_msgs/include/turtlebot3_msgs/turtlebot3_msgs/srv/detail/dqn__builder.hpp
[3.521s] -- Up-to-date: /home/orin/work/install/turtlebot3_msgs/include/turtlebot3_msgs/turtlebot3_msgs/srv/detail/dqn__traits.hpp
[3.522s] -- Up-to-date: /home/orin/work/install/turtlebot3_msgs/include/turtlebot3_msgs/turtlebot3_msgs/srv/detail/dqn__struct.hpp
[3.522s] -- Up-to-date: /home/orin/work/install/turtlebot3_msgs/include/turtlebot3_msgs/turtlebot3_msgs/srv/detail/sound__struct.hpp
[3.522s] -- Up-to-date: /home/orin/work/install/turtlebot3_msgs/include/turtlebot3_msgs/turtlebot3_msgs/srv/detail/dqn__type_support.hpp
[3.522s] -- Up-to-date: /home/orin/work/install/turtlebot3_msgs/include/turtlebot3_msgs/turtlebot3_msgs/srv/detail/sound__type_support.hpp
[3.522s] -- Up-to-date: /home/orin/work/install/turtlebot3_msgs/include/turtlebot3_msgs/turtlebot3_msgs/srv/detail/sound__traits.hpp
[3.522s] -- Up-to-date: /home/orin/work/install/turtlebot3_msgs/include/turtlebot3_msgs/turtlebot3_msgs/srv/sound.hpp
[3.523s] -- Up-to-date: /home/orin/work/install/turtlebot3_msgs/include/turtlebot3_msgs/turtlebot3_msgs
[3.523s] -- Up-to-date: /home/orin/work/install/turtlebot3_msgs/include/turtlebot3_msgs/turtlebot3_msgs/msg
[3.523s] -- Up-to-date: /home/orin/work/install/turtlebot3_msgs/include/turtlebot3_msgs/turtlebot3_msgs/msg/detail
[3.524s] -- Up-to-date: /home/orin/work/install/turtlebot3_msgs/include/turtlebot3_msgs/turtlebot3_msgs/msg/detail/sound__rosidl_typesupport_fastrtps_cpp.hpp
[3.524s] -- Up-to-date: /home/orin/work/install/turtlebot3_msgs/include/turtlebot3_msgs/turtlebot3_msgs/msg/detail/version_info__rosidl_typesupport_fastrtps_cpp.hpp
[3.524s] -- Up-to-date: /home/orin/work/install/turtlebot3_msgs/include/turtlebot3_msgs/turtlebot3_msgs/msg/detail/dds_fastrtps
[3.524s] -- Up-to-date: /home/orin/work/install/turtlebot3_msgs/include/turtlebot3_msgs/turtlebot3_msgs/msg/detail/sensor_state__rosidl_typesupport_fastrtps_cpp.hpp
[3.524s] -- Up-to-date: /home/orin/work/install/turtlebot3_msgs/include/turtlebot3_msgs/turtlebot3_msgs/msg/rosidl_typesupport_fastrtps_cpp__visibility_control.h
[3.525s] -- Up-to-date: /home/orin/work/install/turtlebot3_msgs/include/turtlebot3_msgs/turtlebot3_msgs/action
[3.525s] -- Up-to-date: /home/orin/work/install/turtlebot3_msgs/include/turtlebot3_msgs/turtlebot3_msgs/action/detail
[3.525s] -- Up-to-date: /home/orin/work/install/turtlebot3_msgs/include/turtlebot3_msgs/turtlebot3_msgs/action/detail/patrol__rosidl_typesupport_fastrtps_cpp.hpp
[3.525s] -- Up-to-date: /home/orin/work/install/turtlebot3_msgs/include/turtlebot3_msgs/turtlebot3_msgs/action/detail/dds_fastrtps
[3.525s] -- Up-to-date: /home/orin/work/install/turtlebot3_msgs/include/turtlebot3_msgs/turtlebot3_msgs/srv
[3.525s] -- Up-to-date: /home/orin/work/install/turtlebot3_msgs/include/turtlebot3_msgs/turtlebot3_msgs/srv/detail
[3.526s] -- Up-to-date: /home/orin/work/install/turtlebot3_msgs/include/turtlebot3_msgs/turtlebot3_msgs/srv/detail/sound__rosidl_typesupport_fastrtps_cpp.hpp
[3.526s] -- Up-to-date: /home/orin/work/install/turtlebot3_msgs/include/turtlebot3_msgs/turtlebot3_msgs/srv/detail/dds_fastrtps
[3.526s] -- Up-to-date: /home/orin/work/install/turtlebot3_msgs/include/turtlebot3_msgs/turtlebot3_msgs/srv/detail/dqn__rosidl_typesupport_fastrtps_cpp.hpp
[3.526s] -- Up-to-date: /home/orin/work/install/turtlebot3_msgs/lib/libturtlebot3_msgs__rosidl_typesupport_fastrtps_cpp.so
[3.526s] -- Up-to-date: /home/orin/work/install/turtlebot3_msgs/include/turtlebot3_msgs/turtlebot3_msgs
[3.526s] -- Up-to-date: /home/orin/work/install/turtlebot3_msgs/include/turtlebot3_msgs/turtlebot3_msgs/msg
[3.526s] -- Up-to-date: /home/orin/work/install/turtlebot3_msgs/include/turtlebot3_msgs/turtlebot3_msgs/msg/rosidl_typesupport_introspection_c__visibility_control.h
[3.526s] -- Up-to-date: /home/orin/work/install/turtlebot3_msgs/include/turtlebot3_msgs/turtlebot3_msgs/msg/detail
[3.527s] -- Up-to-date: /home/orin/work/install/turtlebot3_msgs/include/turtlebot3_msgs/turtlebot3_msgs/msg/detail/sensor_state__type_support.c
[3.527s] -- Up-to-date: /home/orin/work/install/turtlebot3_msgs/include/turtlebot3_msgs/turtlebot3_msgs/msg/detail/sensor_state__rosidl_typesupport_introspection_c.h
[3.527s] -- Up-to-date: /home/orin/work/install/turtlebot3_msgs/include/turtlebot3_msgs/turtlebot3_msgs/msg/detail/version_info__type_support.c
[3.527s] -- Up-to-date: /home/orin/work/install/turtlebot3_msgs/include/turtlebot3_msgs/turtlebot3_msgs/msg/detail/version_info__rosidl_typesupport_introspection_c.h
[3.527s] -- Up-to-date: /home/orin/work/install/turtlebot3_msgs/include/turtlebot3_msgs/turtlebot3_msgs/msg/detail/sound__rosidl_typesupport_introspection_c.h
[3.527s] -- Up-to-date: /home/orin/work/install/turtlebot3_msgs/include/turtlebot3_msgs/turtlebot3_msgs/msg/detail/sound__type_support.c
[3.533s] -- Up-to-date: /home/orin/work/install/turtlebot3_msgs/include/turtlebot3_msgs/turtlebot3_msgs/action
[3.534s] -- Up-to-date: /home/orin/work/install/turtlebot3_msgs/include/turtlebot3_msgs/turtlebot3_msgs/action/detail
[3.535s] -- Up-to-date: /home/orin/work/install/turtlebot3_msgs/include/turtlebot3_msgs/turtlebot3_msgs/action/detail/patrol__type_support.c
[3.535s] -- Up-to-date: /home/orin/work/install/turtlebot3_msgs/include/turtlebot3_msgs/turtlebot3_msgs/action/detail/patrol__rosidl_typesupport_introspection_c.h
[3.535s] -- Up-to-date: /home/orin/work/install/turtlebot3_msgs/include/turtlebot3_msgs/turtlebot3_msgs/srv
[3.535s] -- Up-to-date: /home/orin/work/install/turtlebot3_msgs/include/turtlebot3_msgs/turtlebot3_msgs/srv/detail
[3.535s] -- Up-to-date: /home/orin/work/install/turtlebot3_msgs/include/turtlebot3_msgs/turtlebot3_msgs/srv/detail/dqn__type_support.c
[3.535s] -- Up-to-date: /home/orin/work/install/turtlebot3_msgs/include/turtlebot3_msgs/turtlebot3_msgs/srv/detail/sound__rosidl_typesupport_introspection_c.h
[3.535s] -- Up-to-date: /home/orin/work/install/turtlebot3_msgs/include/turtlebot3_msgs/turtlebot3_msgs/srv/detail/dqn__rosidl_typesupport_introspection_c.h
[3.535s] -- Up-to-date: /home/orin/work/install/turtlebot3_msgs/include/turtlebot3_msgs/turtlebot3_msgs/srv/detail/sound__type_support.c
[3.536s] -- Up-to-date: /home/orin/work/install/turtlebot3_msgs/lib/libturtlebot3_msgs__rosidl_typesupport_introspection_c.so
[3.536s] -- Up-to-date: /home/orin/work/install/turtlebot3_msgs/lib/libturtlebot3_msgs__rosidl_typesupport_c.so
[3.536s] -- Up-to-date: /home/orin/work/install/turtlebot3_msgs/include/turtlebot3_msgs/turtlebot3_msgs
[3.536s] -- Up-to-date: /home/orin/work/install/turtlebot3_msgs/include/turtlebot3_msgs/turtlebot3_msgs/msg
[3.539s] -- Up-to-date: /home/orin/work/install/turtlebot3_msgs/include/turtlebot3_msgs/turtlebot3_msgs/msg/detail
[3.539s] -- Up-to-date: /home/orin/work/install/turtlebot3_msgs/include/turtlebot3_msgs/turtlebot3_msgs/msg/detail/version_info__rosidl_typesupport_introspection_cpp.hpp
[3.544s] -- Up-to-date: /home/orin/work/install/turtlebot3_msgs/include/turtlebot3_msgs/turtlebot3_msgs/msg/detail/sound__rosidl_typesupport_introspection_cpp.hpp
[3.545s] -- Up-to-date: /home/orin/work/install/turtlebot3_msgs/include/turtlebot3_msgs/turtlebot3_msgs/msg/detail/sensor_state__type_support.cpp
[3.545s] -- Up-to-date: /home/orin/work/install/turtlebot3_msgs/include/turtlebot3_msgs/turtlebot3_msgs/msg/detail/version_info__type_support.cpp
[3.545s] -- Up-to-date: /home/orin/work/install/turtlebot3_msgs/include/turtlebot3_msgs/turtlebot3_msgs/msg/detail/sensor_state__rosidl_typesupport_introspection_cpp.hpp
[3.545s] -- Up-to-date: /home/orin/work/install/turtlebot3_msgs/include/turtlebot3_msgs/turtlebot3_msgs/msg/detail/sound__type_support.cpp
[3.545s] -- Up-to-date: /home/orin/work/install/turtlebot3_msgs/include/turtlebot3_msgs/turtlebot3_msgs/action
[3.545s] -- Up-to-date: /home/orin/work/install/turtlebot3_msgs/include/turtlebot3_msgs/turtlebot3_msgs/action/detail
[3.546s] -- Up-to-date: /home/orin/work/install/turtlebot3_msgs/include/turtlebot3_msgs/turtlebot3_msgs/action/detail/patrol__type_support.cpp
[3.546s] -- Up-to-date: /home/orin/work/install/turtlebot3_msgs/include/turtlebot3_msgs/turtlebot3_msgs/action/detail/patrol__rosidl_typesupport_introspection_cpp.hpp
[3.546s] -- Up-to-date: /home/orin/work/install/turtlebot3_msgs/include/turtlebot3_msgs/turtlebot3_msgs/srv
[3.547s] -- Up-to-date: /home/orin/work/install/turtlebot3_msgs/include/turtlebot3_msgs/turtlebot3_msgs/srv/detail
[3.547s] -- Up-to-date: /home/orin/work/install/turtlebot3_msgs/include/turtlebot3_msgs/turtlebot3_msgs/srv/detail/dqn__rosidl_typesupport_introspection_cpp.hpp
[3.547s] -- Up-to-date: /home/orin/work/install/turtlebot3_msgs/include/turtlebot3_msgs/turtlebot3_msgs/srv/detail/sound__rosidl_typesupport_introspection_cpp.hpp
[3.547s] -- Up-to-date: /home/orin/work/install/turtlebot3_msgs/include/turtlebot3_msgs/turtlebot3_msgs/srv/detail/sound__type_support.cpp
[3.547s] -- Up-to-date: /home/orin/work/install/turtlebot3_msgs/include/turtlebot3_msgs/turtlebot3_msgs/srv/detail/dqn__type_support.cpp
[3.547s] -- Up-to-date: /home/orin/work/install/turtlebot3_msgs/lib/libturtlebot3_msgs__rosidl_typesupport_introspection_cpp.so
[3.548s] -- Up-to-date: /home/orin/work/install/turtlebot3_msgs/lib/libturtlebot3_msgs__rosidl_typesupport_cpp.so
[3.548s] -- Up-to-date: /home/orin/work/install/turtlebot3_msgs/share/turtlebot3_msgs/environment/pythonpath.sh
[3.548s] -- Up-to-date: /home/orin/work/install/turtlebot3_msgs/share/turtlebot3_msgs/environment/pythonpath.dsv
[3.548s] -- Up-to-date: /home/orin/work/install/turtlebot3_msgs/local/lib/python3.10/dist-packages/turtlebot3_msgs-2.2.3-py3.10.egg-info
[3.548s] -- Installing: /home/orin/work/install/turtlebot3_msgs/local/lib/python3.10/dist-packages/turtlebot3_msgs-2.2.3-py3.10.egg-info/PKG-INFO
[3.548s] -- Installing: /home/orin/work/install/turtlebot3_msgs/local/lib/python3.10/dist-packages/turtlebot3_msgs-2.2.3-py3.10.egg-info/top_level.txt
[3.548s] -- Installing: /home/orin/work/install/turtlebot3_msgs/local/lib/python3.10/dist-packages/turtlebot3_msgs-2.2.3-py3.10.egg-info/dependency_links.txt
[3.548s] -- Installing: /home/orin/work/install/turtlebot3_msgs/local/lib/python3.10/dist-packages/turtlebot3_msgs-2.2.3-py3.10.egg-info/SOURCES.txt
[3.548s] -- Up-to-date: /home/orin/work/install/turtlebot3_msgs/local/lib/python3.10/dist-packages/turtlebot3_msgs
[3.549s] -- Up-to-date: /home/orin/work/install/turtlebot3_msgs/local/lib/python3.10/dist-packages/turtlebot3_msgs/turtlebot3_msgs_s__rosidl_typesupport_fastrtps_c.cpython-310-aarch64-linux-gnu.so
[3.549s] -- Up-to-date: /home/orin/work/install/turtlebot3_msgs/local/lib/python3.10/dist-packages/turtlebot3_msgs/libturtlebot3_msgs__rosidl_generator_py.so
[3.549s] -- Up-to-date: /home/orin/work/install/turtlebot3_msgs/local/lib/python3.10/dist-packages/turtlebot3_msgs/_turtlebot3_msgs_s.ep.rosidl_typesupport_fastrtps_c.c
[3.549s] -- Up-to-date: /home/orin/work/install/turtlebot3_msgs/local/lib/python3.10/dist-packages/turtlebot3_msgs/turtlebot3_msgs_s__rosidl_typesupport_c.cpython-310-aarch64-linux-gnu.so
[3.549s] -- Up-to-date: /home/orin/work/install/turtlebot3_msgs/local/lib/python3.10/dist-packages/turtlebot3_msgs/msg
[3.549s] -- Up-to-date: /home/orin/work/install/turtlebot3_msgs/local/lib/python3.10/dist-packages/turtlebot3_msgs/msg/_sensor_state.py
[3.549s] -- Up-to-date: /home/orin/work/install/turtlebot3_msgs/local/lib/python3.10/dist-packages/turtlebot3_msgs/msg/_version_info.py
[3.549s] -- Up-to-date: /home/orin/work/install/turtlebot3_msgs/local/lib/python3.10/dist-packages/turtlebot3_msgs/msg/_sensor_state_s.c
[3.550s] -- Up-to-date: /home/orin/work/install/turtlebot3_msgs/local/lib/python3.10/dist-packages/turtlebot3_msgs/msg/__init__.py
[3.550s] -- Up-to-date: /home/orin/work/install/turtlebot3_msgs/local/lib/python3.10/dist-packages/turtlebot3_msgs/msg/_sound.py
[3.550s] -- Up-to-date: /home/orin/work/install/turtlebot3_msgs/local/lib/python3.10/dist-packages/turtlebot3_msgs/msg/_version_info_s.c
[3.550s] -- Up-to-date: /home/orin/work/install/turtlebot3_msgs/local/lib/python3.10/dist-packages/turtlebot3_msgs/msg/_sound_s.c
[3.550s] -- Up-to-date: /home/orin/work/install/turtlebot3_msgs/local/lib/python3.10/dist-packages/turtlebot3_msgs/_turtlebot3_msgs_s.ep.rosidl_typesupport_c.c
[3.551s] -- Up-to-date: /home/orin/work/install/turtlebot3_msgs/local/lib/python3.10/dist-packages/turtlebot3_msgs/__init__.py
[3.551s] -- Up-to-date: /home/orin/work/install/turtlebot3_msgs/local/lib/python3.10/dist-packages/turtlebot3_msgs/action
[3.551s] -- Up-to-date: /home/orin/work/install/turtlebot3_msgs/local/lib/python3.10/dist-packages/turtlebot3_msgs/action/__init__.py
[3.551s] -- Up-to-date: /home/orin/work/install/turtlebot3_msgs/local/lib/python3.10/dist-packages/turtlebot3_msgs/action/_patrol_s.c
[3.551s] -- Up-to-date: /home/orin/work/install/turtlebot3_msgs/local/lib/python3.10/dist-packages/turtlebot3_msgs/action/_patrol.py
[3.551s] -- Up-to-date: /home/orin/work/install/turtlebot3_msgs/local/lib/python3.10/dist-packages/turtlebot3_msgs/srv
[3.551s] -- Up-to-date: /home/orin/work/install/turtlebot3_msgs/local/lib/python3.10/dist-packages/turtlebot3_msgs/srv/__init__.py
[3.552s] -- Up-to-date: /home/orin/work/install/turtlebot3_msgs/local/lib/python3.10/dist-packages/turtlebot3_msgs/srv/_sound.py
[3.552s] -- Up-to-date: /home/orin/work/install/turtlebot3_msgs/local/lib/python3.10/dist-packages/turtlebot3_msgs/srv/_dqn.py
[3.552s] -- Up-to-date: /home/orin/work/install/turtlebot3_msgs/local/lib/python3.10/dist-packages/turtlebot3_msgs/srv/_dqn_s.c
[3.552s] -- Up-to-date: /home/orin/work/install/turtlebot3_msgs/local/lib/python3.10/dist-packages/turtlebot3_msgs/srv/_sound_s.c
[3.552s] -- Up-to-date: /home/orin/work/install/turtlebot3_msgs/local/lib/python3.10/dist-packages/turtlebot3_msgs/_turtlebot3_msgs_s.ep.rosidl_typesupport_introspection_c.c
[3.552s] -- Up-to-date: /home/orin/work/install/turtlebot3_msgs/local/lib/python3.10/dist-packages/turtlebot3_msgs/turtlebot3_msgs_s__rosidl_typesupport_introspection_c.cpython-310-aarch64-linux-gnu.so
[3.650s] Listing '/home/orin/work/install/turtlebot3_msgs/local/lib/python3.10/dist-packages/turtlebot3_msgs'...
[3.650s] Listing '/home/orin/work/install/turtlebot3_msgs/local/lib/python3.10/dist-packages/turtlebot3_msgs/action'...
[3.650s] Listing '/home/orin/work/install/turtlebot3_msgs/local/lib/python3.10/dist-packages/turtlebot3_msgs/msg'...
[3.652s] Listing '/home/orin/work/install/turtlebot3_msgs/local/lib/python3.10/dist-packages/turtlebot3_msgs/srv'...
[3.668s] -- Up-to-date: /home/orin/work/install/turtlebot3_msgs/local/lib/python3.10/dist-packages/turtlebot3_msgs/turtlebot3_msgs_s__rosidl_typesupport_fastrtps_c.cpython-310-aarch64-linux-gnu.so
[3.670s] -- Up-to-date: /home/orin/work/install/turtlebot3_msgs/local/lib/python3.10/dist-packages/turtlebot3_msgs/turtlebot3_msgs_s__rosidl_typesupport_introspection_c.cpython-310-aarch64-linux-gnu.so
[3.672s] -- Up-to-date: /home/orin/work/install/turtlebot3_msgs/local/lib/python3.10/dist-packages/turtlebot3_msgs/turtlebot3_msgs_s__rosidl_typesupport_c.cpython-310-aarch64-linux-gnu.so
[3.673s] -- Up-to-date: /home/orin/work/install/turtlebot3_msgs/lib/libturtlebot3_msgs__rosidl_generator_py.so
[3.674s] -- Up-to-date: /home/orin/work/install/turtlebot3_msgs/share/turtlebot3_msgs/msg/SensorState.idl
[3.674s] -- Up-to-date: /home/orin/work/install/turtlebot3_msgs/share/turtlebot3_msgs/msg/Sound.idl
[3.675s] -- Up-to-date: /home/orin/work/install/turtlebot3_msgs/share/turtlebot3_msgs/msg/VersionInfo.idl
[3.675s] -- Up-to-date: /home/orin/work/install/turtlebot3_msgs/share/turtlebot3_msgs/srv/Sound.idl
[3.676s] -- Up-to-date: /home/orin/work/install/turtlebot3_msgs/share/turtlebot3_msgs/srv/Dqn.idl
[3.683s] -- Up-to-date: /home/orin/work/install/turtlebot3_msgs/share/turtlebot3_msgs/action/Patrol.idl
[3.683s] -- Up-to-date: /home/orin/work/install/turtlebot3_msgs/share/turtlebot3_msgs/msg/SensorState.msg
[3.684s] -- Up-to-date: /home/orin/work/install/turtlebot3_msgs/share/turtlebot3_msgs/msg/Sound.msg
[3.686s] -- Up-to-date: /home/orin/work/install/turtlebot3_msgs/share/turtlebot3_msgs/msg/VersionInfo.msg
[3.686s] -- Up-to-date: /home/orin/work/install/turtlebot3_msgs/share/turtlebot3_msgs/srv/Sound.srv
[3.687s] -- Up-to-date: /home/orin/work/install/turtlebot3_msgs/share/turtlebot3_msgs/srv/Sound_Request.msg
[3.687s] -- Up-to-date: /home/orin/work/install/turtlebot3_msgs/share/turtlebot3_msgs/srv/Sound_Response.msg
[3.688s] -- Up-to-date: /home/orin/work/install/turtlebot3_msgs/share/turtlebot3_msgs/srv/Dqn.srv
[3.688s] -- Up-to-date: /home/orin/work/install/turtlebot3_msgs/share/turtlebot3_msgs/srv/Dqn_Request.msg
[3.688s] -- Up-to-date: /home/orin/work/install/turtlebot3_msgs/share/turtlebot3_msgs/srv/Dqn_Response.msg
[3.689s] -- Up-to-date: /home/orin/work/install/turtlebot3_msgs/share/turtlebot3_msgs/action/Patrol.action
[3.689s] -- Up-to-date: /home/orin/work/install/turtlebot3_msgs/share/ament_index/resource_index/package_run_dependencies/turtlebot3_msgs
[3.690s] -- Up-to-date: /home/orin/work/install/turtlebot3_msgs/share/ament_index/resource_index/parent_prefix_path/turtlebot3_msgs
[3.690s] -- Up-to-date: /home/orin/work/install/turtlebot3_msgs/share/turtlebot3_msgs/environment/ament_prefix_path.sh
[3.690s] -- Up-to-date: /home/orin/work/install/turtlebot3_msgs/share/turtlebot3_msgs/environment/ament_prefix_path.dsv
[3.690s] -- Up-to-date: /home/orin/work/install/turtlebot3_msgs/share/turtlebot3_msgs/environment/path.sh
[3.690s] -- Up-to-date: /home/orin/work/install/turtlebot3_msgs/share/turtlebot3_msgs/environment/path.dsv
[3.690s] -- Up-to-date: /home/orin/work/install/turtlebot3_msgs/share/turtlebot3_msgs/local_setup.bash
[3.690s] -- Up-to-date: /home/orin/work/install/turtlebot3_msgs/share/turtlebot3_msgs/local_setup.sh
[3.691s] -- Up-to-date: /home/orin/work/install/turtlebot3_msgs/share/turtlebot3_msgs/local_setup.zsh
[3.691s] -- Up-to-date: /home/orin/work/install/turtlebot3_msgs/share/turtlebot3_msgs/local_setup.dsv
[3.691s] -- Installing: /home/orin/work/install/turtlebot3_msgs/share/turtlebot3_msgs/package.dsv
[3.691s] -- Up-to-date: /home/orin/work/install/turtlebot3_msgs/share/ament_index/resource_index/packages/turtlebot3_msgs
[3.691s] -- Up-to-date: /home/orin/work/install/turtlebot3_msgs/share/turtlebot3_msgs/cmake/export_turtlebot3_msgs__rosidl_generator_cExport.cmake
[3.691s] -- Up-to-date: /home/orin/work/install/turtlebot3_msgs/share/turtlebot3_msgs/cmake/export_turtlebot3_msgs__rosidl_generator_cExport-noconfig.cmake
[3.691s] -- Up-to-date: /home/orin/work/install/turtlebot3_msgs/share/turtlebot3_msgs/cmake/export_turtlebot3_msgs__rosidl_typesupport_fastrtps_cExport.cmake
[3.692s] -- Up-to-date: /home/orin/work/install/turtlebot3_msgs/share/turtlebot3_msgs/cmake/export_turtlebot3_msgs__rosidl_typesupport_fastrtps_cExport-noconfig.cmake
[3.693s] -- Up-to-date: /home/orin/work/install/turtlebot3_msgs/share/turtlebot3_msgs/cmake/export_turtlebot3_msgs__rosidl_generator_cppExport.cmake
[3.693s] -- Up-to-date: /home/orin/work/install/turtlebot3_msgs/share/turtlebot3_msgs/cmake/export_turtlebot3_msgs__rosidl_typesupport_fastrtps_cppExport.cmake
[3.693s] -- Up-to-date: /home/orin/work/install/turtlebot3_msgs/share/turtlebot3_msgs/cmake/export_turtlebot3_msgs__rosidl_typesupport_fastrtps_cppExport-noconfig.cmake
[3.693s] -- Up-to-date: /home/orin/work/install/turtlebot3_msgs/share/turtlebot3_msgs/cmake/turtlebot3_msgs__rosidl_typesupport_introspection_cExport.cmake
[3.694s] -- Up-to-date: /home/orin/work/install/turtlebot3_msgs/share/turtlebot3_msgs/cmake/turtlebot3_msgs__rosidl_typesupport_introspection_cExport-noconfig.cmake
[3.694s] -- Up-to-date: /home/orin/work/install/turtlebot3_msgs/share/turtlebot3_msgs/cmake/turtlebot3_msgs__rosidl_typesupport_cExport.cmake
[3.694s] -- Up-to-date: /home/orin/work/install/turtlebot3_msgs/share/turtlebot3_msgs/cmake/turtlebot3_msgs__rosidl_typesupport_cExport-noconfig.cmake
[3.695s] -- Up-to-date: /home/orin/work/install/turtlebot3_msgs/share/turtlebot3_msgs/cmake/turtlebot3_msgs__rosidl_typesupport_introspection_cppExport.cmake
[3.695s] -- Up-to-date: /home/orin/work/install/turtlebot3_msgs/share/turtlebot3_msgs/cmake/turtlebot3_msgs__rosidl_typesupport_introspection_cppExport-noconfig.cmake
[3.695s] -- Up-to-date: /home/orin/work/install/turtlebot3_msgs/share/turtlebot3_msgs/cmake/turtlebot3_msgs__rosidl_typesupport_cppExport.cmake
[3.696s] -- Up-to-date: /home/orin/work/install/turtlebot3_msgs/share/turtlebot3_msgs/cmake/turtlebot3_msgs__rosidl_typesupport_cppExport-noconfig.cmake
[3.696s] -- Up-to-date: /home/orin/work/install/turtlebot3_msgs/share/turtlebot3_msgs/cmake/export_turtlebot3_msgs__rosidl_generator_pyExport.cmake
[3.696s] -- Up-to-date: /home/orin/work/install/turtlebot3_msgs/share/turtlebot3_msgs/cmake/export_turtlebot3_msgs__rosidl_generator_pyExport-noconfig.cmake
[3.696s] -- Up-to-date: /home/orin/work/install/turtlebot3_msgs/share/turtlebot3_msgs/cmake/rosidl_cmake-extras.cmake
[3.697s] -- Up-to-date: /home/orin/work/install/turtlebot3_msgs/share/turtlebot3_msgs/cmake/ament_cmake_export_dependencies-extras.cmake
[3.697s] -- Up-to-date: /home/orin/work/install/turtlebot3_msgs/share/turtlebot3_msgs/cmake/ament_cmake_export_include_directories-extras.cmake
[3.697s] -- Up-to-date: /home/orin/work/install/turtlebot3_msgs/share/turtlebot3_msgs/cmake/ament_cmake_export_libraries-extras.cmake
[3.698s] -- Up-to-date: /home/orin/work/install/turtlebot3_msgs/share/turtlebot3_msgs/cmake/ament_cmake_export_targets-extras.cmake
[3.698s] -- Up-to-date: /home/orin/work/install/turtlebot3_msgs/share/turtlebot3_msgs/cmake/rosidl_cmake_export_typesupport_targets-extras.cmake
[3.699s] -- Up-to-date: /home/orin/work/install/turtlebot3_msgs/share/turtlebot3_msgs/cmake/rosidl_cmake_export_typesupport_libraries-extras.cmake
[3.700s] -- Up-to-date: /home/orin/work/install/turtlebot3_msgs/share/turtlebot3_msgs/cmake/turtlebot3_msgsConfig.cmake
[3.700s] -- Up-to-date: /home/orin/work/install/turtlebot3_msgs/share/turtlebot3_msgs/cmake/turtlebot3_msgsConfig-version.cmake
[3.700s] -- Up-to-date: /home/orin/work/install/turtlebot3_msgs/share/turtlebot3_msgs/package.xml
[3.800s] Invoked command in '/home/orin/work/build/turtlebot3_msgs' returned '0': CMAKE_PREFIX_PATH=${CMAKE_PREFIX_PATH}:/home/orin/work/install/turtlebot3_teleop:/home/orin/work/install/turtlebot3_example:/home/orin/work/install/object_detection:/home/orin/work/install/detect_lane:/home/orin/work/install/control:/home/orin/work/install/camera:/opt/ros/humble /usr/local/bin/cmake --install /home/orin/work/build/turtlebot3_msgs
