[9.405s] Invoking command in '/home/orin/work/src/control': PYTHONPATH=/home/orin/work/build/control/prefix_override:/usr/lib/python3/dist-packages/colcon_core/task/python/colcon_distutils_commands:/home/orin/work/install/control/lib/python3.10/site-packages:${PYTHONPATH} /usr/bin/python3 -W ignore:setup.py install is deprecated -W ignore:easy_install command is deprecated setup.py egg_info --egg-base ../../build/control build --build-base /home/orin/work/build/control/build install --record /home/orin/work/build/control/install.log --single-version-externally-managed install_data
[10.256s] /usr/local/lib/python3.10/dist-packages/setuptools/_distutils/dist.py:261: UserWarning: Unknown distribution option: 'tests_require'
[10.256s]   warnings.warn(msg)
[11.080s] running egg_info
[11.192s] writing ../../build/control/control.egg-info/PKG-INFO
[11.193s] writing dependency_links to ../../build/control/control.egg-info/dependency_links.txt
[11.206s] writing entry points to ../../build/control/control.egg-info/entry_points.txt
[11.206s] writing requirements to ../../build/control/control.egg-info/requires.txt
[11.207s] writing top-level names to ../../build/control/control.egg-info/top_level.txt
[11.501s] reading manifest file '../../build/control/control.egg-info/SOURCES.txt'
[11.515s] writing manifest file '../../build/control/control.egg-info/SOURCES.txt'
[11.517s] running build
[11.517s] running build_py
[11.527s] copying control/control_pack.py -> /home/orin/work/build/control/build/lib/control
[11.527s] copying control/control_avoidance_v2.py -> /home/orin/work/build/control/build/lib/control
[11.528s] copying control/__init__.py -> /home/orin/work/build/control/build/lib/control
[11.528s] copying control/control_auto_avoidance.py -> /home/orin/work/build/control/build/lib/control
[11.529s] copying control/control_lane.py -> /home/orin/work/build/control/build/lib/control
[11.534s] copying control/control_avoidance.py -> /home/orin/work/build/control/build/lib/control
[11.540s] copying control/control_pack_v2.py -> /home/orin/work/build/control/build/lib/control
[11.541s] running install
[11.575s] running install_lib
[11.809s] running install_data
[11.810s] copying resource/control -> /home/orin/work/install/control/share/ament_index/resource_index/packages
[11.810s] copying package.xml -> /home/orin/work/install/control/share/control
[11.824s] copying launch/avoidance_launch.py -> /home/orin/work/install/control/share/control/launch
[11.825s] copying launch/parking_launch.py -> /home/orin/work/install/control/share/control/launch
[11.826s] running install_egg_info
[12.028s] removing '/home/orin/work/install/control/lib/python3.10/site-packages/control-0.0.0-py3.10.egg-info' (and everything under it)
[12.028s] Copying ../../build/control/control.egg-info to /home/orin/work/install/control/lib/python3.10/site-packages/control-0.0.0-py3.10.egg-info
[12.031s] running install_scripts
[12.889s] Installing control_auto_avoidance script to /home/orin/work/install/control/lib/control
[12.890s] Installing control_avoidance script to /home/orin/work/install/control/lib/control
[12.890s] Installing control_avoidance_2 script to /home/orin/work/install/control/lib/control
[12.890s] Installing control_lane script to /home/orin/work/install/control/lib/control
[12.890s] Installing control_pack script to /home/orin/work/install/control/lib/control
[12.891s] Installing control_pack_2 script to /home/orin/work/install/control/lib/control
[12.892s] writing list of installed files to '/home/orin/work/build/control/install.log'
[13.119s] Invoked command in '/home/orin/work/src/control' returned '0': PYTHONPATH=/home/orin/work/build/control/prefix_override:/usr/lib/python3/dist-packages/colcon_core/task/python/colcon_distutils_commands:/home/orin/work/install/control/lib/python3.10/site-packages:${PYTHONPATH} /usr/bin/python3 -W ignore:setup.py install is deprecated -W ignore:easy_install command is deprecated setup.py egg_info --egg-base ../../build/control build --build-base /home/orin/work/build/control/build install --record /home/orin/work/build/control/install.log --single-version-externally-managed install_data
