[0.106s] Invoking command in '/home/orin/work/build/turtlebot3_cartographer': CMAKE_PREFIX_PATH=${CMAKE_PREFIX_PATH}:/home/orin/work/install/turtlebot3_teleop:/home/orin/work/install/turtlebot3_example:/home/orin/work/install/object_detection:/home/orin/work/install/detect_lane:/home/orin/work/install/control:/home/orin/work/install/camera:/opt/ros/humble /usr/local/bin/cmake /home/orin/work/src/turtlebot3/turtlebot3_cartographer -DCMAKE_INSTALL_PREFIX=/home/orin/work/install/turtlebot3_cartographer
[2.260s] -- The C compiler identification is GNU 11.4.0
[2.260s] -- The CXX compiler identification is GNU 11.4.0
[2.260s] -- Detecting C compiler ABI info
[2.260s] -- Detecting C compiler ABI info - done
[2.260s] -- Check for working C compiler: /usr/bin/cc - skipped
[2.260s] -- Detecting C compile features
[2.261s] -- Detecting C compile features - done
[2.261s] -- Detecting CXX compiler ABI info
[2.261s] -- Detecting CXX compiler ABI info - done
[2.261s] -- Check for working CXX compiler: /usr/bin/c++ - skipped
[2.261s] -- Detecting CXX compile features
[2.261s] -- Detecting CXX compile features - done
[2.261s] -- Found ament_cmake: 1.3.11 (/opt/ros/humble/share/ament_cmake/cmake)
[2.262s] -- Found Python3: /usr/local/bin/python3 (found version "3.10.12") found components: Interpreter
[2.262s] -- Configuring done (1.4s)
[2.262s] -- Generating done (0.0s)
[2.262s] -- Build files have been written to: /home/orin/work/build/turtlebot3_cartographer
[2.754s] Invoked command in '/home/orin/work/build/turtlebot3_cartographer' returned '0': CMAKE_PREFIX_PATH=${CMAKE_PREFIX_PATH}:/home/orin/work/install/turtlebot3_teleop:/home/orin/work/install/turtlebot3_example:/home/orin/work/install/object_detection:/home/orin/work/install/detect_lane:/home/orin/work/install/control:/home/orin/work/install/camera:/opt/ros/humble /usr/local/bin/cmake /home/orin/work/src/turtlebot3/turtlebot3_cartographer -DCMAKE_INSTALL_PREFIX=/home/orin/work/install/turtlebot3_cartographer
[2.757s] Invoking command in '/home/orin/work/build/turtlebot3_cartographer': CMAKE_PREFIX_PATH=${CMAKE_PREFIX_PATH}:/home/orin/work/install/turtlebot3_teleop:/home/orin/work/install/turtlebot3_example:/home/orin/work/install/object_detection:/home/orin/work/install/detect_lane:/home/orin/work/install/control:/home/orin/work/install/camera:/opt/ros/humble /usr/local/bin/cmake --build /home/orin/work/build/turtlebot3_cartographer -- -j12 -l12
[3.026s] Invoked command in '/home/orin/work/build/turtlebot3_cartographer' returned '0': CMAKE_PREFIX_PATH=${CMAKE_PREFIX_PATH}:/home/orin/work/install/turtlebot3_teleop:/home/orin/work/install/turtlebot3_example:/home/orin/work/install/object_detection:/home/orin/work/install/detect_lane:/home/orin/work/install/control:/home/orin/work/install/camera:/opt/ros/humble /usr/local/bin/cmake --build /home/orin/work/build/turtlebot3_cartographer -- -j12 -l12
[3.411s] Invoking command in '/home/orin/work/build/turtlebot3_cartographer': CMAKE_PREFIX_PATH=${CMAKE_PREFIX_PATH}:/home/orin/work/install/turtlebot3_teleop:/home/orin/work/install/turtlebot3_example:/home/orin/work/install/object_detection:/home/orin/work/install/detect_lane:/home/orin/work/install/control:/home/orin/work/install/camera:/opt/ros/humble /usr/local/bin/cmake --install /home/orin/work/build/turtlebot3_cartographer
[3.766s] -- Install configuration: ""
[3.767s] -- Installing: /home/orin/work/install/turtlebot3_cartographer/share/turtlebot3_cartographer/config
[3.767s] -- Installing: /home/orin/work/install/turtlebot3_cartographer/share/turtlebot3_cartographer/config/turtlebot3_lds_2d.lua
[3.768s] -- Installing: /home/orin/work/install/turtlebot3_cartographer/share/turtlebot3_cartographer/launch
[3.768s] -- Installing: /home/orin/work/install/turtlebot3_cartographer/share/turtlebot3_cartographer/launch/cartographer.launch.py
[3.768s] -- Installing: /home/orin/work/install/turtlebot3_cartographer/share/turtlebot3_cartographer/launch/occupancy_grid.launch.py
[3.768s] -- Installing: /home/orin/work/install/turtlebot3_cartographer/share/turtlebot3_cartographer/rviz
[3.769s] -- Installing: /home/orin/work/install/turtlebot3_cartographer/share/turtlebot3_cartographer/rviz/tb3_cartographer.rviz
[3.769s] -- Installing: /home/orin/work/install/turtlebot3_cartographer/share/ament_index/resource_index/package_run_dependencies/turtlebot3_cartographer
[3.770s] -- Installing: /home/orin/work/install/turtlebot3_cartographer/share/ament_index/resource_index/parent_prefix_path/turtlebot3_cartographer
[3.771s] -- Installing: /home/orin/work/install/turtlebot3_cartographer/share/turtlebot3_cartographer/environment/ament_prefix_path.sh
[3.771s] -- Installing: /home/orin/work/install/turtlebot3_cartographer/share/turtlebot3_cartographer/environment/ament_prefix_path.dsv
[3.772s] -- Installing: /home/orin/work/install/turtlebot3_cartographer/share/turtlebot3_cartographer/environment/path.sh
[3.772s] -- Installing: /home/orin/work/install/turtlebot3_cartographer/share/turtlebot3_cartographer/environment/path.dsv
[3.773s] -- Installing: /home/orin/work/install/turtlebot3_cartographer/share/turtlebot3_cartographer/local_setup.bash
[3.773s] -- Installing: /home/orin/work/install/turtlebot3_cartographer/share/turtlebot3_cartographer/local_setup.sh
[3.773s] -- Installing: /home/orin/work/install/turtlebot3_cartographer/share/turtlebot3_cartographer/local_setup.zsh
[3.774s] -- Installing: /home/orin/work/install/turtlebot3_cartographer/share/turtlebot3_cartographer/local_setup.dsv
[3.774s] -- Installing: /home/orin/work/install/turtlebot3_cartographer/share/turtlebot3_cartographer/package.dsv
[3.775s] -- Installing: /home/orin/work/install/turtlebot3_cartographer/share/ament_index/resource_index/packages/turtlebot3_cartographer
[3.775s] -- Installing: /home/orin/work/install/turtlebot3_cartographer/share/turtlebot3_cartographer/cmake/turtlebot3_cartographerConfig.cmake
[3.776s] -- Installing: /home/orin/work/install/turtlebot3_cartographer/share/turtlebot3_cartographer/cmake/turtlebot3_cartographerConfig-version.cmake
[3.776s] -- Installing: /home/orin/work/install/turtlebot3_cartographer/share/turtlebot3_cartographer/package.xml
[3.848s] Invoked command in '/home/orin/work/build/turtlebot3_cartographer' returned '0': CMAKE_PREFIX_PATH=${CMAKE_PREFIX_PATH}:/home/orin/work/install/turtlebot3_teleop:/home/orin/work/install/turtlebot3_example:/home/orin/work/install/object_detection:/home/orin/work/install/detect_lane:/home/orin/work/install/control:/home/orin/work/install/camera:/opt/ros/humble /usr/local/bin/cmake --install /home/orin/work/build/turtlebot3_cartographer
