[9.436s] Invoking command in '/home/orin/work/src/camera': PYTHONPATH=/home/orin/work/build/camera/prefix_override:/usr/lib/python3/dist-packages/colcon_core/task/python/colcon_distutils_commands:/home/orin/work/install/camera/lib/python3.10/site-packages:${PYTHONPATH} /usr/bin/python3 -W ignore:setup.py install is deprecated -W ignore:easy_install command is deprecated setup.py egg_info --egg-base ../../build/camera build --build-base /home/orin/work/build/camera/build install --record /home/orin/work/build/camera/install.log --single-version-externally-managed install_data
[10.330s] /usr/local/lib/python3.10/dist-packages/setuptools/_distutils/dist.py:261: UserWarning: Unknown distribution option: 'tests_require'
[10.330s]   warnings.warn(msg)
[10.935s] running egg_info
[10.988s] writing ../../build/camera/camera.egg-info/PKG-INFO
[10.991s] writing dependency_links to ../../build/camera/camera.egg-info/dependency_links.txt
[10.992s] writing entry points to ../../build/camera/camera.egg-info/entry_points.txt
[10.992s] writing requirements to ../../build/camera/camera.egg-info/requires.txt
[10.992s] writing top-level names to ../../build/camera/camera.egg-info/top_level.txt
[11.182s] reading manifest file '../../build/camera/camera.egg-info/SOURCES.txt'
[11.214s] writing manifest file '../../build/camera/camera.egg-info/SOURCES.txt'
[11.214s] running build
[11.214s] running build_py
[11.215s] copying camera/take_image.py -> /home/orin/work/build/camera/build/lib/camera
[11.215s] copying camera/video_pub.py -> /home/orin/work/build/camera/build/lib/camera
[11.216s] copying camera/image_pub.py -> /home/orin/work/build/camera/build/lib/camera
[11.216s] copying camera/__init__.py -> /home/orin/work/build/camera/build/lib/camera
[11.216s] copying camera/camera.py -> /home/orin/work/build/camera/build/lib/camera
[11.217s] copying camera/H65_camera.py -> /home/orin/work/build/camera/build/lib/camera
[11.217s] copying camera/camera_compress.py -> /home/orin/work/build/camera/build/lib/camera
[11.218s] running install
[11.229s] running install_lib
[11.323s] running install_data
[11.324s] copying resource/camera -> /home/orin/work/install/camera/share/ament_index/resource_index/packages
[11.326s] copying package.xml -> /home/orin/work/install/camera/share/camera
[11.331s] running install_egg_info
[11.421s] removing '/home/orin/work/install/camera/lib/python3.10/site-packages/camera-0.0.0-py3.10.egg-info' (and everything under it)
[11.422s] Copying ../../build/camera/camera.egg-info to /home/orin/work/install/camera/lib/python3.10/site-packages/camera-0.0.0-py3.10.egg-info
[11.427s] running install_scripts
[12.293s] Installing H65_camera script to /home/orin/work/install/camera/lib/camera
[12.322s] Installing camera script to /home/orin/work/install/camera/lib/camera
[12.322s] Installing camera_compress script to /home/orin/work/install/camera/lib/camera
[12.322s] Installing image_pub script to /home/orin/work/install/camera/lib/camera
[12.322s] Installing take_image script to /home/orin/work/install/camera/lib/camera
[12.322s] Installing video_pub script to /home/orin/work/install/camera/lib/camera
[12.322s] writing list of installed files to '/home/orin/work/build/camera/install.log'
[12.524s] Invoked command in '/home/orin/work/src/camera' returned '0': PYTHONPATH=/home/orin/work/build/camera/prefix_override:/usr/lib/python3/dist-packages/colcon_core/task/python/colcon_distutils_commands:/home/orin/work/install/camera/lib/python3.10/site-packages:${PYTHONPATH} /usr/bin/python3 -W ignore:setup.py install is deprecated -W ignore:easy_install command is deprecated setup.py egg_info --egg-base ../../build/camera build --build-base /home/orin/work/build/camera/build install --record /home/orin/work/build/camera/install.log --single-version-externally-managed install_data
