[0.246s] Invoking command in '/home/orin/work/build/turtlebot3_navigation2': CMAKE_PREFIX_PATH=${CMAKE_PREFIX_PATH}:/home/orin/work/install/turtlebot3_teleop:/home/orin/work/install/turtlebot3_example:/home/orin/work/install/object_detection:/home/orin/work/install/detect_lane:/home/orin/work/install/core:/home/orin/work/install/control:/home/orin/work/install/camera:/opt/ros/humble /usr/local/bin/cmake --build /home/orin/work/build/turtlebot3_navigation2 -- -j12 -l12
[5.075s] Invoked command in '/home/orin/work/build/turtlebot3_navigation2' returned '0': CMAKE_PREFIX_PATH=${CMAKE_PREFIX_PATH}:/home/orin/work/install/turtlebot3_teleop:/home/orin/work/install/turtlebot3_example:/home/orin/work/install/object_detection:/home/orin/work/install/detect_lane:/home/orin/work/install/core:/home/orin/work/install/control:/home/orin/work/install/camera:/opt/ros/humble /usr/local/bin/cmake --build /home/orin/work/build/turtlebot3_navigation2 -- -j12 -l12
[5.076s] Invoking command in '/home/orin/work/build/turtlebot3_navigation2': CMAKE_PREFIX_PATH=${CMAKE_PREFIX_PATH}:/home/orin/work/install/turtlebot3_teleop:/home/orin/work/install/turtlebot3_example:/home/orin/work/install/object_detection:/home/orin/work/install/detect_lane:/home/orin/work/install/core:/home/orin/work/install/control:/home/orin/work/install/camera:/opt/ros/humble /usr/local/bin/cmake --install /home/orin/work/build/turtlebot3_navigation2
[5.971s] -- Install configuration: ""
[5.971s] -- Up-to-date: /home/orin/work/install/turtlebot3_navigation2/share/turtlebot3_navigation2/launch
[5.971s] -- Up-to-date: /home/orin/work/install/turtlebot3_navigation2/share/turtlebot3_navigation2/launch/navigation2.launch.py
[5.971s] -- Up-to-date: /home/orin/work/install/turtlebot3_navigation2/share/turtlebot3_navigation2/map
[5.972s] -- Up-to-date: /home/orin/work/install/turtlebot3_navigation2/share/turtlebot3_navigation2/map/map.pgm
[5.972s] -- Up-to-date: /home/orin/work/install/turtlebot3_navigation2/share/turtlebot3_navigation2/map/map.yaml
[5.972s] -- Up-to-date: /home/orin/work/install/turtlebot3_navigation2/share/turtlebot3_navigation2/param
[5.972s] -- Up-to-date: /home/orin/work/install/turtlebot3_navigation2/share/turtlebot3_navigation2/param/waffle.yaml
[5.972s] -- Up-to-date: /home/orin/work/install/turtlebot3_navigation2/share/turtlebot3_navigation2/param/waffle_pi.yaml
[5.973s] -- Up-to-date: /home/orin/work/install/turtlebot3_navigation2/share/turtlebot3_navigation2/param/burger.yaml
[5.973s] -- Up-to-date: /home/orin/work/install/turtlebot3_navigation2/share/turtlebot3_navigation2/rviz
[5.973s] -- Up-to-date: /home/orin/work/install/turtlebot3_navigation2/share/turtlebot3_navigation2/rviz/tb3_navigation2.rviz
[5.973s] -- Up-to-date: /home/orin/work/install/turtlebot3_navigation2/share/ament_index/resource_index/package_run_dependencies/turtlebot3_navigation2
[5.973s] -- Up-to-date: /home/orin/work/install/turtlebot3_navigation2/share/ament_index/resource_index/parent_prefix_path/turtlebot3_navigation2
[5.973s] -- Up-to-date: /home/orin/work/install/turtlebot3_navigation2/share/turtlebot3_navigation2/environment/ament_prefix_path.sh
[5.974s] -- Up-to-date: /home/orin/work/install/turtlebot3_navigation2/share/turtlebot3_navigation2/environment/ament_prefix_path.dsv
[5.974s] -- Up-to-date: /home/orin/work/install/turtlebot3_navigation2/share/turtlebot3_navigation2/environment/path.sh
[5.974s] -- Up-to-date: /home/orin/work/install/turtlebot3_navigation2/share/turtlebot3_navigation2/environment/path.dsv
[5.974s] -- Up-to-date: /home/orin/work/install/turtlebot3_navigation2/share/turtlebot3_navigation2/local_setup.bash
[5.974s] -- Up-to-date: /home/orin/work/install/turtlebot3_navigation2/share/turtlebot3_navigation2/local_setup.sh
[5.974s] -- Up-to-date: /home/orin/work/install/turtlebot3_navigation2/share/turtlebot3_navigation2/local_setup.zsh
[5.974s] -- Up-to-date: /home/orin/work/install/turtlebot3_navigation2/share/turtlebot3_navigation2/local_setup.dsv
[5.974s] -- Installing: /home/orin/work/install/turtlebot3_navigation2/share/turtlebot3_navigation2/package.dsv
[5.975s] -- Up-to-date: /home/orin/work/install/turtlebot3_navigation2/share/ament_index/resource_index/packages/turtlebot3_navigation2
[5.975s] -- Up-to-date: /home/orin/work/install/turtlebot3_navigation2/share/turtlebot3_navigation2/cmake/turtlebot3_navigation2Config.cmake
[5.975s] -- Up-to-date: /home/orin/work/install/turtlebot3_navigation2/share/turtlebot3_navigation2/cmake/turtlebot3_navigation2Config-version.cmake
[5.975s] -- Up-to-date: /home/orin/work/install/turtlebot3_navigation2/share/turtlebot3_navigation2/package.xml
[6.610s] Invoked command in '/home/orin/work/build/turtlebot3_navigation2' returned '0': CMAKE_PREFIX_PATH=${CMAKE_PREFIX_PATH}:/home/orin/work/install/turtlebot3_teleop:/home/orin/work/install/turtlebot3_example:/home/orin/work/install/object_detection:/home/orin/work/install/detect_lane:/home/orin/work/install/core:/home/orin/work/install/control:/home/orin/work/install/camera:/opt/ros/humble /usr/local/bin/cmake --install /home/orin/work/build/turtlebot3_navigation2
