/usr/local/lib/python3.10/dist-packages/setuptools/_distutils/dist.py:261: UserWarning: Unknown distribution option: 'tests_require'
  warnings.warn(msg)
running egg_info
writing ../../../build/detect_lane/detect_lane.egg-info/PKG-INFO
writing dependency_links to ../../../build/detect_lane/detect_lane.egg-info/dependency_links.txt
writing entry points to ../../../build/detect_lane/detect_lane.egg-info/entry_points.txt
writing requirements to ../../../build/detect_lane/detect_lane.egg-info/requires.txt
writing top-level names to ../../../build/detect_lane/detect_lane.egg-info/top_level.txt
reading manifest file '../../../build/detect_lane/detect_lane.egg-info/SOURCES.txt'
writing manifest file '../../../build/detect_lane/detect_lane.egg-info/SOURCES.txt'
running build
running build_py
copying detect_lane/camera_red_green_light.py -> /home/orin/work/build/detect_lane/build/lib/detect_lane
copying detect_lane/key_pub_signs.py -> /home/orin/work/build/detect_lane/build/lib/detect_lane
copying detect_lane/__init__.py -> /home/orin/work/build/detect_lane/build/lib/detect_lane
copying detect_lane/detect_lane.py -> /home/orin/work/build/detect_lane/build/lib/detect_lane
copying detect_lane/hsv_traffic_light.py -> /home/orin/work/build/detect_lane/build/lib/detect_lane
copying detect_lane/hsv_param_adjustment.py -> /home/orin/work/build/detect_lane/build/lib/detect_lane
copying detect_lane/detect_traffic.py -> /home/orin/work/build/detect_lane/build/lib/detect_lane
copying detect_lane/detect_parking_grid.py -> /home/orin/work/build/detect_lane/build/lib/detect_lane
running install
running install_lib
running install_data
copying resource/detect_lane -> /home/orin/work/install/detect_lane/share/ament_index/resource_index/packages
copying package.xml -> /home/orin/work/install/detect_lane/share/detect_lane
copying launch/detect_traffic_launch.py -> /home/orin/work/install/detect_lane/share/detect_lane/launch
copying launch/detect_lane_launch.py -> /home/orin/work/install/detect_lane/share/detect_lane/launch
copying config/hsv_parameters_default.yaml -> /home/orin/work/install/detect_lane/share/detect_lane/config
copying config/hsv_parameters_tr_own.yaml -> /home/orin/work/install/detect_lane/share/detect_lane/config
copying config/hsv_parameters_own.yaml -> /home/orin/work/install/detect_lane/share/detect_lane/config
copying config/hsv_parameters_own (copy).yaml -> /home/orin/work/install/detect_lane/share/detect_lane/config
copying config/calibration_mode.rviz -> /home/orin/work/install/detect_lane/share/detect_lane/config
copying config/lane_mode.rviz -> /home/orin/work/install/detect_lane/share/detect_lane/config
running install_egg_info
removing '/home/orin/work/install/detect_lane/lib/python3.10/site-packages/detect_lane-0.0.0-py3.10.egg-info' (and everything under it)
Copying ../../../build/detect_lane/detect_lane.egg-info to /home/orin/work/install/detect_lane/lib/python3.10/site-packages/detect_lane-0.0.0-py3.10.egg-info
running install_scripts
Installing detect_lane script to /home/orin/work/install/detect_lane/lib/detect_lane
Installing detect_parking_grid script to /home/orin/work/install/detect_lane/lib/detect_lane
Installing detect_traffic script to /home/orin/work/install/detect_lane/lib/detect_lane
Installing hsv_param_adjustment script to /home/orin/work/install/detect_lane/lib/detect_lane
Installing hsv_traffic_light script to /home/orin/work/install/detect_lane/lib/detect_lane
Installing key_pub_signs script to /home/orin/work/install/detect_lane/lib/detect_lane
writing list of installed files to '/home/orin/work/build/detect_lane/install.log'
