[2.453s] Invoking command in '/home/orin/work/src/detect/object_detection': PYTHONPATH=/home/orin/work/build/object_detection/prefix_override:/usr/lib/python3/dist-packages/colcon_core/task/python/colcon_distutils_commands:/home/orin/work/install/object_detection/lib/python3.10/site-packages:${PYTHONPATH} /usr/bin/python3 -W ignore:setup.py install is deprecated -W ignore:easy_install command is deprecated setup.py egg_info --egg-base ../../../build/object_detection build --build-base /home/orin/work/build/object_detection/build install --record /home/orin/work/build/object_detection/install.log --single-version-externally-managed install_data
[2.875s] /usr/local/lib/python3.10/dist-packages/setuptools/_distutils/dist.py:261: UserWarning: Unknown distribution option: 'tests_require'
[2.875s]   warnings.warn(msg)
[3.117s] running egg_info
[3.154s] writing ../../../build/object_detection/object_detection.egg-info/PKG-INFO
[3.156s] writing dependency_links to ../../../build/object_detection/object_detection.egg-info/dependency_links.txt
[3.157s] writing entry points to ../../../build/object_detection/object_detection.egg-info/entry_points.txt
[3.157s] writing requirements to ../../../build/object_detection/object_detection.egg-info/requires.txt
[3.157s] writing top-level names to ../../../build/object_detection/object_detection.egg-info/top_level.txt
[3.240s] reading manifest file '../../../build/object_detection/object_detection.egg-info/SOURCES.txt'
[3.244s] writing manifest file '../../../build/object_detection/object_detection.egg-info/SOURCES.txt'
[3.244s] running build
[3.245s] running build_py
[3.246s] copying object_detection/__init__.py -> /home/orin/work/build/object_detection/build/lib/object_detection
[3.246s] copying object_detection/object_detection.py -> /home/orin/work/build/object_detection/build/lib/object_detection
[3.247s] running install
[3.258s] running install_lib
[3.299s] running install_data
[3.300s] copying resource/object_detection -> /home/orin/work/install/object_detection/share/ament_index/resource_index/packages
[3.300s] copying package.xml -> /home/orin/work/install/object_detection/share/object_detection
[3.301s] copying launch/object_detection_launch.py -> /home/orin/work/install/object_detection/share/object_detection/launch
[3.302s] copying weights/yolov7-tiny.pt -> /home/orin/work/install/object_detection/share/object_detection/weights
[3.334s] copying weights/yolov7.pt -> /home/orin/work/install/object_detection/share/object_detection/weights
[3.499s] copying weights/best.pt -> /home/orin/work/install/object_detection/share/object_detection/weights
[3.660s] copying weights/sign.pt -> /home/orin/work/install/object_detection/share/object_detection/weights
[3.822s] copying models/experimental.py -> /home/orin/work/install/object_detection/lib/object_detection/models
[3.823s] copying models/common.py -> /home/orin/work/install/object_detection/lib/object_detection/models
[3.824s] copying models/yolo.py -> /home/orin/work/install/object_detection/lib/object_detection/models
[3.825s] copying utils/general.py -> /home/orin/work/install/object_detection/lib/object_detection/utils
[3.825s] copying utils/torch_utils.py -> /home/orin/work/install/object_detection/lib/object_detection/utils
[3.826s] copying utils/plots.py -> /home/orin/work/install/object_detection/lib/object_detection/utils
[3.827s] copying utils/datasets.py -> /home/orin/work/install/object_detection/lib/object_detection/utils
[3.827s] copying utils/google_utils.py -> /home/orin/work/install/object_detection/lib/object_detection/utils
[3.828s] copying utils/activations.py -> /home/orin/work/install/object_detection/lib/object_detection/utils
[3.828s] copying utils/add_nms.py -> /home/orin/work/install/object_detection/lib/object_detection/utils
[3.829s] copying utils/autoanchor.py -> /home/orin/work/install/object_detection/lib/object_detection/utils
[3.829s] copying utils/loss.py -> /home/orin/work/install/object_detection/lib/object_detection/utils
[3.830s] copying utils/metrics.py -> /home/orin/work/install/object_detection/lib/object_detection/utils
[3.831s] running install_egg_info
[3.871s] removing '/home/orin/work/install/object_detection/lib/python3.10/site-packages/object_detection-0.0.0-py3.10.egg-info' (and everything under it)
[3.872s] Copying ../../../build/object_detection/object_detection.egg-info to /home/orin/work/install/object_detection/lib/python3.10/site-packages/object_detection-0.0.0-py3.10.egg-info
[3.874s] running install_scripts
[4.174s] Installing object_detection script to /home/orin/work/install/object_detection/lib/object_detection
[4.175s] writing list of installed files to '/home/orin/work/build/object_detection/install.log'
[4.265s] Invoked command in '/home/orin/work/src/detect/object_detection' returned '0': PYTHONPATH=/home/orin/work/build/object_detection/prefix_override:/usr/lib/python3/dist-packages/colcon_core/task/python/colcon_distutils_commands:/home/orin/work/install/object_detection/lib/python3.10/site-packages:${PYTHONPATH} /usr/bin/python3 -W ignore:setup.py install is deprecated -W ignore:easy_install command is deprecated setup.py egg_info --egg-base ../../../build/object_detection build --build-base /home/orin/work/build/object_detection/build install --record /home/orin/work/build/object_detection/install.log --single-version-externally-managed install_data
