[3.785s] Invoking command in '/home/orin/work/src/detect/object_detection': PYTHONPATH=/home/orin/work/build/object_detection/prefix_override:/usr/lib/python3/dist-packages/colcon_core/task/python/colcon_distutils_commands:/home/orin/work/install/object_detection/lib/python3.10/site-packages:${PYTHONPATH} /usr/bin/python3 -W ignore:setup.py install is deprecated -W ignore:easy_install command is deprecated setup.py egg_info --egg-base ../../../build/object_detection build --build-base /home/orin/work/build/object_detection/build install --record /home/orin/work/build/object_detection/install.log --single-version-externally-managed install_data
[4.538s] /usr/local/lib/python3.10/dist-packages/setuptools/_distutils/dist.py:261: UserWarning: Unknown distribution option: 'tests_require'
[4.538s]   warnings.warn(msg)
[4.784s] running egg_info
[4.822s] writing ../../../build/object_detection/object_detection.egg-info/PKG-INFO
[4.823s] writing dependency_links to ../../../build/object_detection/object_detection.egg-info/dependency_links.txt
[4.824s] writing entry points to ../../../build/object_detection/object_detection.egg-info/entry_points.txt
[4.824s] writing requirements to ../../../build/object_detection/object_detection.egg-info/requires.txt
[4.824s] writing top-level names to ../../../build/object_detection/object_detection.egg-info/top_level.txt
[4.904s] reading manifest file '../../../build/object_detection/object_detection.egg-info/SOURCES.txt'
[4.908s] writing manifest file '../../../build/object_detection/object_detection.egg-info/SOURCES.txt'
[4.908s] running build
[4.909s] running build_py
[4.909s] copying object_detection/__init__.py -> /home/orin/work/build/object_detection/build/lib/object_detection
[4.910s] copying object_detection/object_detection.py -> /home/orin/work/build/object_detection/build/lib/object_detection
[4.911s] running install
[4.921s] running install_lib
[4.961s] running install_data
[4.962s] copying resource/object_detection -> /home/orin/work/install/object_detection/share/ament_index/resource_index/packages
[4.963s] copying package.xml -> /home/orin/work/install/object_detection/share/object_detection
[4.964s] copying launch/object_detection_launch.py -> /home/orin/work/install/object_detection/share/object_detection/launch
[4.965s] copying weights/yolov7-tiny.pt -> /home/orin/work/install/object_detection/share/object_detection/weights
[4.995s] copying weights/yolov7.pt -> /home/orin/work/install/object_detection/share/object_detection/weights
[5.144s] copying weights/best.pt -> /home/orin/work/install/object_detection/share/object_detection/weights
[5.283s] copying weights/sign.pt -> /home/orin/work/install/object_detection/share/object_detection/weights
[5.466s] copying models/experimental.py -> /home/orin/work/install/object_detection/lib/object_detection/models
[5.467s] copying models/common.py -> /home/orin/work/install/object_detection/lib/object_detection/models
[5.467s] copying models/yolo.py -> /home/orin/work/install/object_detection/lib/object_detection/models
[5.472s] copying utils/general.py -> /home/orin/work/install/object_detection/lib/object_detection/utils
[5.472s] copying utils/torch_utils.py -> /home/orin/work/install/object_detection/lib/object_detection/utils
[5.472s] copying utils/plots.py -> /home/orin/work/install/object_detection/lib/object_detection/utils
[5.472s] copying utils/datasets.py -> /home/orin/work/install/object_detection/lib/object_detection/utils
[5.472s] copying utils/google_utils.py -> /home/orin/work/install/object_detection/lib/object_detection/utils
[5.472s] copying utils/activations.py -> /home/orin/work/install/object_detection/lib/object_detection/utils
[5.472s] copying utils/add_nms.py -> /home/orin/work/install/object_detection/lib/object_detection/utils
[5.474s] copying utils/autoanchor.py -> /home/orin/work/install/object_detection/lib/object_detection/utils
[5.474s] copying utils/loss.py -> /home/orin/work/install/object_detection/lib/object_detection/utils
[5.474s] copying utils/metrics.py -> /home/orin/work/install/object_detection/lib/object_detection/utils
[5.474s] running install_egg_info
[5.532s] removing '/home/orin/work/install/object_detection/lib/python3.10/site-packages/object_detection-0.0.0-py3.10.egg-info' (and everything under it)
[5.533s] Copying ../../../build/object_detection/object_detection.egg-info to /home/orin/work/install/object_detection/lib/python3.10/site-packages/object_detection-0.0.0-py3.10.egg-info
[5.537s] running install_scripts
[5.874s] Installing object_detection script to /home/orin/work/install/object_detection/lib/object_detection
[5.875s] writing list of installed files to '/home/orin/work/build/object_detection/install.log'
[5.958s] Invoked command in '/home/orin/work/src/detect/object_detection' returned '0': PYTHONPATH=/home/orin/work/build/object_detection/prefix_override:/usr/lib/python3/dist-packages/colcon_core/task/python/colcon_distutils_commands:/home/orin/work/install/object_detection/lib/python3.10/site-packages:${PYTHONPATH} /usr/bin/python3 -W ignore:setup.py install is deprecated -W ignore:easy_install command is deprecated setup.py egg_info --egg-base ../../../build/object_detection build --build-base /home/orin/work/build/object_detection/build install --record /home/orin/work/build/object_detection/install.log --single-version-externally-managed install_data
