[0.034s] Invoking command in '/home/orin/work/build/turtlebot3_bringup': AMENT_PREFIX_PATH=/home/orin/work/install/turtlebot3_node:${AMENT_PREFIX_PATH} CMAKE_PREFIX_PATH=/home/orin/work/install/turtlebot3_node:/home/orin/work/install/turtlebot3_msgs:/home/orin/work/install/turtlebot3_description:/home/orin/work/install/dynamixel_sdk:/home/orin/work/install/turtlebot3:/home/orin/work/install/turtlebot3_bringup:/home/orin/work/install/turtlebot3_navigation2:/home/orin/work/install/turtlebot3_cartographer:/home/orin/work/install/rplidar_ros:/home/orin/work/install/dynamixel_sdk_examples:/home/orin/work/install/dynamixel_sdk_custom_interfaces:/home/orin/work/install/detect_interfaces:/home/orin/DynamixelSDK/c++/install:/home/orin/work/install/turtlebot3_teleop:/home/orin/work/install/turtlebot3_example:/home/orin/work/install/object_detection:/home/orin/work/install/detect_lane:/home/orin/work/install/control:/home/orin/work/install/camera:/opt/ros/humble LD_LIBRARY_PATH=/home/orin/work/install/turtlebot3_msgs/lib:/home/orin/work/install/dynamixel_sdk/lib:/home/orin/work/install/dynamixel_sdk_custom_interfaces/lib:/home/orin/work/install/detect_interfaces/lib:/opt/ros/humble/opt/rviz_ogre_vendor/lib:/opt/ros/humble/lib/aarch64-linux-gnu:/opt/ros/humble/lib:/usr/local/cuda/compat:/usr/local/cuda/lib64 /usr/local/bin/cmake /home/orin/work/src/turtlebot3/turtlebot3_bringup -DCMAKE_INSTALL_PREFIX=/home/orin/work/install/turtlebot3_bringup
[0.290s] -- The C compiler identification is GNU 11.4.0
[0.405s] -- The CXX compiler identification is GNU 11.4.0
[0.435s] -- Detecting C compiler ABI info
[0.561s] -- Detecting C compiler ABI info - done
[0.591s] -- Check for working C compiler: /usr/bin/cc - skipped
[0.591s] -- Detecting C compile features
[0.592s] -- Detecting C compile features - done
[0.601s] -- Detecting CXX compiler ABI info
[0.740s] -- Detecting CXX compiler ABI info - done
[0.770s] -- Check for working CXX compiler: /usr/bin/c++ - skipped
[0.770s] -- Detecting CXX compile features
[0.772s] -- Detecting CXX compile features - done
[0.781s] -- Found ament_cmake: 1.3.11 (/opt/ros/humble/share/ament_cmake/cmake)
[1.109s] -- Found Python3: /usr/local/bin/python3 (found version "3.10.12") found components: Interpreter
[1.509s] -- Configuring done (1.3s)
[1.519s] -- Generating done (0.0s)
[1.521s] -- Build files have been written to: /home/orin/work/build/turtlebot3_bringup
[1.561s] Invoked command in '/home/orin/work/build/turtlebot3_bringup' returned '0': AMENT_PREFIX_PATH=/home/orin/work/install/turtlebot3_node:${AMENT_PREFIX_PATH} CMAKE_PREFIX_PATH=/home/orin/work/install/turtlebot3_node:/home/orin/work/install/turtlebot3_msgs:/home/orin/work/install/turtlebot3_description:/home/orin/work/install/dynamixel_sdk:/home/orin/work/install/turtlebot3:/home/orin/work/install/turtlebot3_bringup:/home/orin/work/install/turtlebot3_navigation2:/home/orin/work/install/turtlebot3_cartographer:/home/orin/work/install/rplidar_ros:/home/orin/work/install/dynamixel_sdk_examples:/home/orin/work/install/dynamixel_sdk_custom_interfaces:/home/orin/work/install/detect_interfaces:/home/orin/DynamixelSDK/c++/install:/home/orin/work/install/turtlebot3_teleop:/home/orin/work/install/turtlebot3_example:/home/orin/work/install/object_detection:/home/orin/work/install/detect_lane:/home/orin/work/install/control:/home/orin/work/install/camera:/opt/ros/humble LD_LIBRARY_PATH=/home/orin/work/install/turtlebot3_msgs/lib:/home/orin/work/install/dynamixel_sdk/lib:/home/orin/work/install/dynamixel_sdk_custom_interfaces/lib:/home/orin/work/install/detect_interfaces/lib:/opt/ros/humble/opt/rviz_ogre_vendor/lib:/opt/ros/humble/lib/aarch64-linux-gnu:/opt/ros/humble/lib:/usr/local/cuda/compat:/usr/local/cuda/lib64 /usr/local/bin/cmake /home/orin/work/src/turtlebot3/turtlebot3_bringup -DCMAKE_INSTALL_PREFIX=/home/orin/work/install/turtlebot3_bringup
[1.565s] Invoking command in '/home/orin/work/build/turtlebot3_bringup': AMENT_PREFIX_PATH=/home/orin/work/install/turtlebot3_node:${AMENT_PREFIX_PATH} CMAKE_PREFIX_PATH=/home/orin/work/install/turtlebot3_node:/home/orin/work/install/turtlebot3_msgs:/home/orin/work/install/turtlebot3_description:/home/orin/work/install/dynamixel_sdk:/home/orin/work/install/turtlebot3:/home/orin/work/install/turtlebot3_bringup:/home/orin/work/install/turtlebot3_navigation2:/home/orin/work/install/turtlebot3_cartographer:/home/orin/work/install/rplidar_ros:/home/orin/work/install/dynamixel_sdk_examples:/home/orin/work/install/dynamixel_sdk_custom_interfaces:/home/orin/work/install/detect_interfaces:/home/orin/DynamixelSDK/c++/install:/home/orin/work/install/turtlebot3_teleop:/home/orin/work/install/turtlebot3_example:/home/orin/work/install/object_detection:/home/orin/work/install/detect_lane:/home/orin/work/install/control:/home/orin/work/install/camera:/opt/ros/humble LD_LIBRARY_PATH=/home/orin/work/install/turtlebot3_msgs/lib:/home/orin/work/install/dynamixel_sdk/lib:/home/orin/work/install/dynamixel_sdk_custom_interfaces/lib:/home/orin/work/install/detect_interfaces/lib:/opt/ros/humble/opt/rviz_ogre_vendor/lib:/opt/ros/humble/lib/aarch64-linux-gnu:/opt/ros/humble/lib:/usr/local/cuda/compat:/usr/local/cuda/lib64 /usr/local/bin/cmake --build /home/orin/work/build/turtlebot3_bringup -- -j12 -l12
[1.780s] Invoked command in '/home/orin/work/build/turtlebot3_bringup' returned '0': AMENT_PREFIX_PATH=/home/orin/work/install/turtlebot3_node:${AMENT_PREFIX_PATH} CMAKE_PREFIX_PATH=/home/orin/work/install/turtlebot3_node:/home/orin/work/install/turtlebot3_msgs:/home/orin/work/install/turtlebot3_description:/home/orin/work/install/dynamixel_sdk:/home/orin/work/install/turtlebot3:/home/orin/work/install/turtlebot3_bringup:/home/orin/work/install/turtlebot3_navigation2:/home/orin/work/install/turtlebot3_cartographer:/home/orin/work/install/rplidar_ros:/home/orin/work/install/dynamixel_sdk_examples:/home/orin/work/install/dynamixel_sdk_custom_interfaces:/home/orin/work/install/detect_interfaces:/home/orin/DynamixelSDK/c++/install:/home/orin/work/install/turtlebot3_teleop:/home/orin/work/install/turtlebot3_example:/home/orin/work/install/object_detection:/home/orin/work/install/detect_lane:/home/orin/work/install/control:/home/orin/work/install/camera:/opt/ros/humble LD_LIBRARY_PATH=/home/orin/work/install/turtlebot3_msgs/lib:/home/orin/work/install/dynamixel_sdk/lib:/home/orin/work/install/dynamixel_sdk_custom_interfaces/lib:/home/orin/work/install/detect_interfaces/lib:/opt/ros/humble/opt/rviz_ogre_vendor/lib:/opt/ros/humble/lib/aarch64-linux-gnu:/opt/ros/humble/lib:/usr/local/cuda/compat:/usr/local/cuda/lib64 /usr/local/bin/cmake --build /home/orin/work/build/turtlebot3_bringup -- -j12 -l12
[1.784s] Invoking command in '/home/orin/work/build/turtlebot3_bringup': AMENT_PREFIX_PATH=/home/orin/work/install/turtlebot3_node:${AMENT_PREFIX_PATH} CMAKE_PREFIX_PATH=/home/orin/work/install/turtlebot3_node:/home/orin/work/install/turtlebot3_msgs:/home/orin/work/install/turtlebot3_description:/home/orin/work/install/dynamixel_sdk:/home/orin/work/install/turtlebot3:/home/orin/work/install/turtlebot3_bringup:/home/orin/work/install/turtlebot3_navigation2:/home/orin/work/install/turtlebot3_cartographer:/home/orin/work/install/rplidar_ros:/home/orin/work/install/dynamixel_sdk_examples:/home/orin/work/install/dynamixel_sdk_custom_interfaces:/home/orin/work/install/detect_interfaces:/home/orin/DynamixelSDK/c++/install:/home/orin/work/install/turtlebot3_teleop:/home/orin/work/install/turtlebot3_example:/home/orin/work/install/object_detection:/home/orin/work/install/detect_lane:/home/orin/work/install/control:/home/orin/work/install/camera:/opt/ros/humble LD_LIBRARY_PATH=/home/orin/work/install/turtlebot3_msgs/lib:/home/orin/work/install/dynamixel_sdk/lib:/home/orin/work/install/dynamixel_sdk_custom_interfaces/lib:/home/orin/work/install/detect_interfaces/lib:/opt/ros/humble/opt/rviz_ogre_vendor/lib:/opt/ros/humble/lib/aarch64-linux-gnu:/opt/ros/humble/lib:/usr/local/cuda/compat:/usr/local/cuda/lib64 /usr/local/bin/cmake --install /home/orin/work/build/turtlebot3_bringup
[1.942s] -- Install configuration: ""
[1.942s] -- Installing: /home/orin/work/install/turtlebot3_bringup/share/turtlebot3_bringup/launch
[1.943s] -- Installing: /home/orin/work/install/turtlebot3_bringup/share/turtlebot3_bringup/launch/robot.launch.py
[1.943s] -- Installing: /home/orin/work/install/turtlebot3_bringup/share/turtlebot3_bringup/launch/turtlebot3_state_publisher.launch.py
[1.943s] -- Installing: /home/orin/work/install/turtlebot3_bringup/share/turtlebot3_bringup/launch/rviz2.launch.py
[1.943s] -- Installing: /home/orin/work/install/turtlebot3_bringup/share/turtlebot3_bringup/param
[1.943s] -- Installing: /home/orin/work/install/turtlebot3_bringup/share/turtlebot3_bringup/param/waffle.yaml
[1.944s] -- Installing: /home/orin/work/install/turtlebot3_bringup/share/turtlebot3_bringup/param/waffle_pi.yaml
[1.944s] -- Installing: /home/orin/work/install/turtlebot3_bringup/share/turtlebot3_bringup/param/burger.yaml
[1.944s] -- Installing: /home/orin/work/install/turtlebot3_bringup/share/turtlebot3_bringup/script
[1.944s] -- Installing: /home/orin/work/install/turtlebot3_bringup/share/turtlebot3_bringup/script/99-turtlebot3-cdc.rules
[1.944s] -- Installing: /home/orin/work/install/turtlebot3_bringup/share/turtlebot3_bringup/script/create_udev_rules
[1.945s] -- Installing: /home/orin/work/install/turtlebot3_bringup/share/ament_index/resource_index/package_run_dependencies/turtlebot3_bringup
[1.945s] -- Installing: /home/orin/work/install/turtlebot3_bringup/share/ament_index/resource_index/parent_prefix_path/turtlebot3_bringup
[1.946s] -- Installing: /home/orin/work/install/turtlebot3_bringup/share/turtlebot3_bringup/environment/ament_prefix_path.sh
[1.946s] -- Installing: /home/orin/work/install/turtlebot3_bringup/share/turtlebot3_bringup/environment/ament_prefix_path.dsv
[1.947s] -- Installing: /home/orin/work/install/turtlebot3_bringup/share/turtlebot3_bringup/environment/path.sh
[1.947s] -- Installing: /home/orin/work/install/turtlebot3_bringup/share/turtlebot3_bringup/environment/path.dsv
[1.947s] -- Installing: /home/orin/work/install/turtlebot3_bringup/share/turtlebot3_bringup/local_setup.bash
[1.948s] -- Installing: /home/orin/work/install/turtlebot3_bringup/share/turtlebot3_bringup/local_setup.sh
[1.948s] -- Installing: /home/orin/work/install/turtlebot3_bringup/share/turtlebot3_bringup/local_setup.zsh
[1.948s] -- Installing: /home/orin/work/install/turtlebot3_bringup/share/turtlebot3_bringup/local_setup.dsv
[1.948s] -- Installing: /home/orin/work/install/turtlebot3_bringup/share/turtlebot3_bringup/package.dsv
[1.949s] -- Installing: /home/orin/work/install/turtlebot3_bringup/share/ament_index/resource_index/packages/turtlebot3_bringup
[1.949s] -- Installing: /home/orin/work/install/turtlebot3_bringup/share/turtlebot3_bringup/cmake/turtlebot3_bringupConfig.cmake
[1.950s] -- Installing: /home/orin/work/install/turtlebot3_bringup/share/turtlebot3_bringup/cmake/turtlebot3_bringupConfig-version.cmake
[1.950s] -- Installing: /home/orin/work/install/turtlebot3_bringup/share/turtlebot3_bringup/package.xml
[1.985s] Invoked command in '/home/orin/work/build/turtlebot3_bringup' returned '0': AMENT_PREFIX_PATH=/home/orin/work/install/turtlebot3_node:${AMENT_PREFIX_PATH} CMAKE_PREFIX_PATH=/home/orin/work/install/turtlebot3_node:/home/orin/work/install/turtlebot3_msgs:/home/orin/work/install/turtlebot3_description:/home/orin/work/install/dynamixel_sdk:/home/orin/work/install/turtlebot3:/home/orin/work/install/turtlebot3_bringup:/home/orin/work/install/turtlebot3_navigation2:/home/orin/work/install/turtlebot3_cartographer:/home/orin/work/install/rplidar_ros:/home/orin/work/install/dynamixel_sdk_examples:/home/orin/work/install/dynamixel_sdk_custom_interfaces:/home/orin/work/install/detect_interfaces:/home/orin/DynamixelSDK/c++/install:/home/orin/work/install/turtlebot3_teleop:/home/orin/work/install/turtlebot3_example:/home/orin/work/install/object_detection:/home/orin/work/install/detect_lane:/home/orin/work/install/control:/home/orin/work/install/camera:/opt/ros/humble LD_LIBRARY_PATH=/home/orin/work/install/turtlebot3_msgs/lib:/home/orin/work/install/dynamixel_sdk/lib:/home/orin/work/install/dynamixel_sdk_custom_interfaces/lib:/home/orin/work/install/detect_interfaces/lib:/opt/ros/humble/opt/rviz_ogre_vendor/lib:/opt/ros/humble/lib/aarch64-linux-gnu:/opt/ros/humble/lib:/usr/local/cuda/compat:/usr/local/cuda/lib64 /usr/local/bin/cmake --install /home/orin/work/build/turtlebot3_bringup
