[4.450s] Invoking command in '/home/orin/work/src/camera': PYTHONPATH=/home/orin/work/build/camera/prefix_override:/usr/lib/python3/dist-packages/colcon_core/task/python/colcon_distutils_commands:/home/orin/work/install/camera/lib/python3.10/site-packages:${PYTHONPATH} /usr/bin/python3 -W ignore:setup.py install is deprecated -W ignore:easy_install command is deprecated setup.py egg_info --egg-base ../../build/camera build --build-base /home/orin/work/build/camera/build install --record /home/orin/work/build/camera/install.log --single-version-externally-managed install_data
[4.960s] /usr/local/lib/python3.10/dist-packages/setuptools/_distutils/dist.py:261: UserWarning: Unknown distribution option: 'tests_require'
[4.961s]   warnings.warn(msg)
[5.137s] running egg_info
[5.138s] creating ../../build/camera/camera.egg-info
[5.177s] writing ../../build/camera/camera.egg-info/PKG-INFO
[5.179s] writing dependency_links to ../../build/camera/camera.egg-info/dependency_links.txt
[5.180s] writing entry points to ../../build/camera/camera.egg-info/entry_points.txt
[5.181s] writing requirements to ../../build/camera/camera.egg-info/requires.txt
[5.181s] writing top-level names to ../../build/camera/camera.egg-info/top_level.txt
[5.182s] writing manifest file '../../build/camera/camera.egg-info/SOURCES.txt'
[5.269s] reading manifest file '../../build/camera/camera.egg-info/SOURCES.txt'
[5.271s] writing manifest file '../../build/camera/camera.egg-info/SOURCES.txt'
[5.272s] running build
[5.272s] running build_py
[5.273s] creating /home/orin/work/build/camera/build/lib/camera
[5.276s] copying camera/take_image.py -> /home/orin/work/build/camera/build/lib/camera
[5.278s] copying camera/video_pub.py -> /home/orin/work/build/camera/build/lib/camera
[5.278s] copying camera/image_pub.py -> /home/orin/work/build/camera/build/lib/camera
[5.278s] copying camera/__init__.py -> /home/orin/work/build/camera/build/lib/camera
[5.278s] copying camera/camera.py -> /home/orin/work/build/camera/build/lib/camera
[5.278s] copying camera/H65_camera.py -> /home/orin/work/build/camera/build/lib/camera
[5.279s] copying camera/camera_compress.py -> /home/orin/work/build/camera/build/lib/camera
[5.279s] running install
[5.289s] running install_lib
[5.330s] creating /home/orin/work/install/camera/lib/python3.10/site-packages/camera
[5.331s] copying /home/orin/work/build/camera/build/lib/camera/take_image.py -> /home/orin/work/install/camera/lib/python3.10/site-packages/camera
[5.331s] copying /home/orin/work/build/camera/build/lib/camera/video_pub.py -> /home/orin/work/install/camera/lib/python3.10/site-packages/camera
[5.332s] copying /home/orin/work/build/camera/build/lib/camera/image_pub.py -> /home/orin/work/install/camera/lib/python3.10/site-packages/camera
[5.332s] copying /home/orin/work/build/camera/build/lib/camera/__init__.py -> /home/orin/work/install/camera/lib/python3.10/site-packages/camera
[5.332s] copying /home/orin/work/build/camera/build/lib/camera/camera.py -> /home/orin/work/install/camera/lib/python3.10/site-packages/camera
[5.333s] copying /home/orin/work/build/camera/build/lib/camera/H65_camera.py -> /home/orin/work/install/camera/lib/python3.10/site-packages/camera
[5.333s] copying /home/orin/work/build/camera/build/lib/camera/camera_compress.py -> /home/orin/work/install/camera/lib/python3.10/site-packages/camera
[5.335s] byte-compiling /home/orin/work/install/camera/lib/python3.10/site-packages/camera/take_image.py to take_image.cpython-310.pyc
[5.337s] byte-compiling /home/orin/work/install/camera/lib/python3.10/site-packages/camera/video_pub.py to video_pub.cpython-310.pyc
[5.338s] byte-compiling /home/orin/work/install/camera/lib/python3.10/site-packages/camera/image_pub.py to image_pub.cpython-310.pyc
[5.339s] byte-compiling /home/orin/work/install/camera/lib/python3.10/site-packages/camera/__init__.py to __init__.cpython-310.pyc
[5.339s] byte-compiling /home/orin/work/install/camera/lib/python3.10/site-packages/camera/camera.py to camera.cpython-310.pyc
[5.341s] byte-compiling /home/orin/work/install/camera/lib/python3.10/site-packages/camera/H65_camera.py to H65_camera.cpython-310.pyc
[5.343s] byte-compiling /home/orin/work/install/camera/lib/python3.10/site-packages/camera/camera_compress.py to camera_compress.cpython-310.pyc
[5.344s] running install_data
[5.345s] creating /home/orin/work/install/camera/share/ament_index/resource_index/packages
[5.345s] copying resource/camera -> /home/orin/work/install/camera/share/ament_index/resource_index/packages
[5.346s] copying package.xml -> /home/orin/work/install/camera/share/camera
[5.347s] running install_egg_info
[5.393s] Copying ../../build/camera/camera.egg-info to /home/orin/work/install/camera/lib/python3.10/site-packages/camera-0.0.0-py3.10.egg-info
[5.394s] running install_scripts
[5.727s] Installing H65_camera script to /home/orin/work/install/camera/lib/camera
[5.727s] Installing camera script to /home/orin/work/install/camera/lib/camera
[5.727s] Installing camera_compress script to /home/orin/work/install/camera/lib/camera
[5.728s] Installing image_pub script to /home/orin/work/install/camera/lib/camera
[5.728s] Installing take_image script to /home/orin/work/install/camera/lib/camera
[5.728s] Installing video_pub script to /home/orin/work/install/camera/lib/camera
[5.728s] writing list of installed files to '/home/orin/work/build/camera/install.log'
[5.843s] Invoked command in '/home/orin/work/src/camera' returned '0': PYTHONPATH=/home/orin/work/build/camera/prefix_override:/usr/lib/python3/dist-packages/colcon_core/task/python/colcon_distutils_commands:/home/orin/work/install/camera/lib/python3.10/site-packages:${PYTHONPATH} /usr/bin/python3 -W ignore:setup.py install is deprecated -W ignore:easy_install command is deprecated setup.py egg_info --egg-base ../../build/camera build --build-base /home/orin/work/build/camera/build install --record /home/orin/work/build/camera/install.log --single-version-externally-managed install_data
