[5.362s] Invoking command in '/home/orin/work/core': PYTHONPATH=/home/orin/work/build/core/prefix_override:/usr/lib/python3/dist-packages/colcon_core/task/python/colcon_distutils_commands:/home/orin/work/install/core/lib/python3.10/site-packages:${PYTHONPATH} /usr/bin/python3 -W ignore:setup.py install is deprecated -W ignore:easy_install command is deprecated setup.py egg_info --egg-base ../build/core build --build-base /home/orin/work/build/core/build install --record /home/orin/work/build/core/install.log --single-version-externally-managed install_data
[5.874s] /usr/local/lib/python3.10/dist-packages/setuptools/_distutils/dist.py:261: UserWarning: Unknown distribution option: 'tests_require'
[5.874s]   warnings.warn(msg)
[6.142s] running egg_info
[6.172s] writing ../build/core/core.egg-info/PKG-INFO
[6.174s] writing dependency_links to ../build/core/core.egg-info/dependency_links.txt
[6.174s] writing entry points to ../build/core/core.egg-info/entry_points.txt
[6.175s] writing requirements to ../build/core/core.egg-info/requires.txt
[6.175s] writing top-level names to ../build/core/core.egg-info/top_level.txt
[6.260s] reading manifest file '../build/core/core.egg-info/SOURCES.txt'
[6.264s] writing manifest file '../build/core/core.egg-info/SOURCES.txt'
[6.265s] running build
[6.265s] running build_py
[6.266s] copying core/__init__.py -> /home/orin/work/build/core/build/lib/core
[6.267s] copying core/core.py -> /home/orin/work/build/core/build/lib/core
[6.267s] running install
[6.279s] running install_lib
[6.321s] running install_data
[6.321s] copying resource/core -> /home/orin/work/install/core/share/ament_index/resource_index/packages
[6.331s] copying package.xml -> /home/orin/work/install/core/share/core
[6.332s] copying launch/calibration_launch.py -> /home/orin/work/install/core/share/core/launch
[6.333s] copying launch/core_launch.py -> /home/orin/work/install/core/share/core/launch
[6.334s] running install_egg_info
[6.387s] removing '/home/orin/work/install/core/lib/python3.10/site-packages/core-0.0.0-py3.10.egg-info' (and everything under it)
[6.388s] Copying ../build/core/core.egg-info to /home/orin/work/install/core/lib/python3.10/site-packages/core-0.0.0-py3.10.egg-info
[6.391s] running install_scripts
[6.730s] Installing core script to /home/orin/work/install/core/lib/core
[6.731s] writing list of installed files to '/home/orin/work/build/core/install.log'
[6.874s] Invoked command in '/home/orin/work/core' returned '0': PYTHONPATH=/home/orin/work/build/core/prefix_override:/usr/lib/python3/dist-packages/colcon_core/task/python/colcon_distutils_commands:/home/orin/work/install/core/lib/python3.10/site-packages:${PYTHONPATH} /usr/bin/python3 -W ignore:setup.py install is deprecated -W ignore:easy_install command is deprecated setup.py egg_info --egg-base ../build/core build --build-base /home/orin/work/build/core/build install --record /home/orin/work/build/core/install.log --single-version-externally-managed install_data
