[4.350s] Invoking command in '/home/orin/work/src/control': PYTHONPATH=/home/orin/work/build/control/prefix_override:/usr/lib/python3/dist-packages/colcon_core/task/python/colcon_distutils_commands:/home/orin/work/install/control/lib/python3.10/site-packages:${PYTHONPATH} /usr/bin/python3 -W ignore:setup.py install is deprecated -W ignore:easy_install command is deprecated setup.py egg_info --egg-base ../../build/control build --build-base /home/orin/work/build/control/build install --record /home/orin/work/build/control/install.log --single-version-externally-managed install_data
[4.760s] /usr/local/lib/python3.10/dist-packages/setuptools/_distutils/dist.py:261: UserWarning: Unknown distribution option: 'tests_require'
[4.761s]   warnings.warn(msg)
[5.000s] running egg_info
[5.001s] creating ../../build/control/control.egg-info
[5.044s] writing ../../build/control/control.egg-info/PKG-INFO
[5.046s] writing dependency_links to ../../build/control/control.egg-info/dependency_links.txt
[5.048s] writing entry points to ../../build/control/control.egg-info/entry_points.txt
[5.049s] writing requirements to ../../build/control/control.egg-info/requires.txt
[5.050s] writing top-level names to ../../build/control/control.egg-info/top_level.txt
[5.050s] writing manifest file '../../build/control/control.egg-info/SOURCES.txt'
[5.133s] reading manifest file '../../build/control/control.egg-info/SOURCES.txt'
[5.136s] writing manifest file '../../build/control/control.egg-info/SOURCES.txt'
[5.137s] running build
[5.137s] running build_py
[5.139s] creating /home/orin/work/build/control/build/lib/control
[5.139s] copying control/control_pack.py -> /home/orin/work/build/control/build/lib/control
[5.139s] copying control/control_avoidance_v2.py -> /home/orin/work/build/control/build/lib/control
[5.140s] copying control/__init__.py -> /home/orin/work/build/control/build/lib/control
[5.140s] copying control/control_auto_avoidance.py -> /home/orin/work/build/control/build/lib/control
[5.140s] copying control/control_lane.py -> /home/orin/work/build/control/build/lib/control
[5.140s] copying control/control_avoidance.py -> /home/orin/work/build/control/build/lib/control
[5.141s] copying control/control_pack_v2.py -> /home/orin/work/build/control/build/lib/control
[5.142s] running install
[5.152s] running install_lib
[5.191s] creating /home/orin/work/install/control/lib/python3.10/site-packages/control
[5.191s] copying /home/orin/work/build/control/build/lib/control/control_pack.py -> /home/orin/work/install/control/lib/python3.10/site-packages/control
[5.192s] copying /home/orin/work/build/control/build/lib/control/control_avoidance_v2.py -> /home/orin/work/install/control/lib/python3.10/site-packages/control
[5.193s] copying /home/orin/work/build/control/build/lib/control/__init__.py -> /home/orin/work/install/control/lib/python3.10/site-packages/control
[5.193s] copying /home/orin/work/build/control/build/lib/control/control_auto_avoidance.py -> /home/orin/work/install/control/lib/python3.10/site-packages/control
[5.193s] copying /home/orin/work/build/control/build/lib/control/control_lane.py -> /home/orin/work/install/control/lib/python3.10/site-packages/control
[5.194s] copying /home/orin/work/build/control/build/lib/control/control_avoidance.py -> /home/orin/work/install/control/lib/python3.10/site-packages/control
[5.195s] copying /home/orin/work/build/control/build/lib/control/control_pack_v2.py -> /home/orin/work/install/control/lib/python3.10/site-packages/control
[5.199s] byte-compiling /home/orin/work/install/control/lib/python3.10/site-packages/control/control_pack.py to control_pack.cpython-310.pyc
[5.200s] byte-compiling /home/orin/work/install/control/lib/python3.10/site-packages/control/control_avoidance_v2.py to control_avoidance_v2.cpython-310.pyc
[5.201s] byte-compiling /home/orin/work/install/control/lib/python3.10/site-packages/control/__init__.py to __init__.cpython-310.pyc
[5.201s] byte-compiling /home/orin/work/install/control/lib/python3.10/site-packages/control/control_auto_avoidance.py to control_auto_avoidance.cpython-310.pyc
[5.204s] byte-compiling /home/orin/work/install/control/lib/python3.10/site-packages/control/control_lane.py to control_lane.cpython-310.pyc
[5.205s] byte-compiling /home/orin/work/install/control/lib/python3.10/site-packages/control/control_avoidance.py to control_avoidance.cpython-310.pyc
[5.210s] byte-compiling /home/orin/work/install/control/lib/python3.10/site-packages/control/control_pack_v2.py to control_pack_v2.cpython-310.pyc
[5.211s] running install_data
[5.211s] creating /home/orin/work/install/control/share/ament_index/resource_index/packages
[5.212s] copying resource/control -> /home/orin/work/install/control/share/ament_index/resource_index/packages
[5.212s] copying package.xml -> /home/orin/work/install/control/share/control
[5.213s] creating /home/orin/work/install/control/share/control/launch
[5.213s] copying launch/avoidance_launch.py -> /home/orin/work/install/control/share/control/launch
[5.213s] copying launch/parking_launch.py -> /home/orin/work/install/control/share/control/launch
[5.213s] creating /home/orin/work/install/control/share/control/config
[5.213s] running install_egg_info
[5.257s] Copying ../../build/control/control.egg-info to /home/orin/work/install/control/lib/python3.10/site-packages/control-0.0.0-py3.10.egg-info
[5.260s] running install_scripts
[5.579s] Installing control_auto_avoidance script to /home/orin/work/install/control/lib/control
[5.579s] Installing control_avoidance script to /home/orin/work/install/control/lib/control
[5.579s] Installing control_avoidance_2 script to /home/orin/work/install/control/lib/control
[5.580s] Installing control_lane script to /home/orin/work/install/control/lib/control
[5.580s] Installing control_pack script to /home/orin/work/install/control/lib/control
[5.580s] Installing control_pack_2 script to /home/orin/work/install/control/lib/control
[5.581s] writing list of installed files to '/home/orin/work/build/control/install.log'
[5.717s] Invoked command in '/home/orin/work/src/control' returned '0': PYTHONPATH=/home/orin/work/build/control/prefix_override:/usr/lib/python3/dist-packages/colcon_core/task/python/colcon_distutils_commands:/home/orin/work/install/control/lib/python3.10/site-packages:${PYTHONPATH} /usr/bin/python3 -W ignore:setup.py install is deprecated -W ignore:easy_install command is deprecated setup.py egg_info --egg-base ../../build/control build --build-base /home/orin/work/build/control/build install --record /home/orin/work/build/control/install.log --single-version-externally-managed install_data
